[35m[1mConsolidate compiler generated dependencies of target frames_publisher_node[0m
[ 25%] [32mBuilding CXX object CMakeFiles/frames_publisher_node.dir/src/frames_publisher_node.cpp.o[0m
[ 50%] [32mBuilding CXX object CMakeFiles/plots_publisher_node.dir/src/plots_publisher_node.cpp.o[0m
[ 75%] [32m[1mLinking CXX executable frames_publisher_node[0m
[100%] [32m[1mLinking CXX executable plots_publisher_node[0m
[100%] Built target frames_publisher_node
[100%] Built target plots_publisher_node
-- Install configuration: ""
-- Execute custom install script
-- Up-to-date symlink: /home/zengine/vnav_ws/src/install/two_drones_pkg/lib/two_drones_pkg/frames_publisher_node
-- Up-to-date symlink: /home/zengine/vnav_ws/src/install/two_drones_pkg/lib/two_drones_pkg/plots_publisher_node
-- Up-to-date symlink: /home/zengine/vnav_ws/src/install/two_drones_pkg/share/two_drones_pkg/mesh/quadrotor.dae
-- Up-to-date symlink: /home/zengine/vnav_ws/src/install/two_drones_pkg/share/two_drones_pkg/launch/two_drones.launch.yaml
-- Up-to-date symlink: /home/zengine/vnav_ws/src/install/two_drones_pkg/share/two_drones_pkg/config/default.rviz
-- Up-to-date symlink: /home/zengine/vnav_ws/src/install/two_drones_pkg/share/ament_index/resource_index/package_run_dependencies/two_drones_pkg
-- Up-to-date symlink: /home/zengine/vnav_ws/src/install/two_drones_pkg/share/ament_index/resource_index/parent_prefix_path/two_drones_pkg
-- Up-to-date symlink: /home/zengine/vnav_ws/src/install/two_drones_pkg/share/two_drones_pkg/environment/ament_prefix_path.sh
-- Up-to-date symlink: /home/zengine/vnav_ws/src/install/two_drones_pkg/share/two_drones_pkg/environment/ament_prefix_path.dsv
-- Up-to-date symlink: /home/zengine/vnav_ws/src/install/two_drones_pkg/share/two_drones_pkg/environment/path.sh
-- Up-to-date symlink: /home/zengine/vnav_ws/src/install/two_drones_pkg/share/two_drones_pkg/environment/path.dsv
-- Up-to-date symlink: /home/zengine/vnav_ws/src/install/two_drones_pkg/share/two_drones_pkg/local_setup.bash
-- Up-to-date symlink: /home/zengine/vnav_ws/src/install/two_drones_pkg/share/two_drones_pkg/local_setup.sh
-- Up-to-date symlink: /home/zengine/vnav_ws/src/install/two_drones_pkg/share/two_drones_pkg/local_setup.zsh
-- Up-to-date symlink: /home/zengine/vnav_ws/src/install/two_drones_pkg/share/two_drones_pkg/local_setup.dsv
-- Symlinking: /home/zengine/vnav_ws/src/install/two_drones_pkg/share/two_drones_pkg/package.dsv
-- Up-to-date symlink: /home/zengine/vnav_ws/src/install/two_drones_pkg/share/ament_index/resource_index/packages/two_drones_pkg
-- Up-to-date symlink: /home/zengine/vnav_ws/src/install/two_drones_pkg/share/two_drones_pkg/cmake/two_drones_pkgConfig.cmake
-- Up-to-date symlink: /home/zengine/vnav_ws/src/install/two_drones_pkg/share/two_drones_pkg/cmake/two_drones_pkgConfig-version.cmake
-- Up-to-date symlink: /home/zengine/vnav_ws/src/install/two_drones_pkg/share/two_drones_pkg/package.xml
