[0.009s] Invoking command in '/home/zengine/vnav_ws/src/build/mav_comm': AMENT_PREFIX_PATH=/home/zengine/vnav_ws/src/install/mav_planning_msgs:/home/zengine/vnav_ws/src/install/mav_system_msgs:/home/zengine/vnav_ws/src/install/mav_state_machine_msgs:/home/zengine/vnav_ws/src/install/mav_msgs:${AMENT_PREFIX_PATH} CMAKE_PREFIX_PATH=/home/zengine/vnav_ws/src/install/mav_planning_msgs:/home/zengine/vnav_ws/src/install/mav_system_msgs:/home/zengine/vnav_ws/src/install/mav_state_machine_msgs:/home/zengine/vnav_ws/src/install/mav_msgs:/opt/ros/humble LD_LIBRARY_PATH=/home/zengine/vnav_ws/src/install/mav_planning_msgs/lib:/home/zengine/vnav_ws/src/install/mav_system_msgs/lib:/home/zengine/vnav_ws/src/install/mav_state_machine_msgs/lib:/home/zengine/vnav_ws/src/install/mav_msgs/lib:${LD_LIBRARY_PATH} PYTHONPATH=/home/zengine/vnav_ws/src/install/mav_planning_msgs/local/lib/python3.10/dist-packages:/home/zengine/vnav_ws/src/install/mav_msgs/local/lib/python3.10/dist-packages:${PYTHONPATH} /usr/bin/cmake /home/zengine/vnav_ws/src/mav_comm/mav_comm -DCMAKE_INSTALL_PREFIX=/home/zengine/vnav_ws/src/install/mav_comm
[0.040s] -- The C compiler identification is GNU 11.4.0
[0.074s] -- The CXX compiler identification is GNU 11.4.0
[0.079s] -- Detecting C compiler ABI info
[0.120s] -- Detecting C compiler ABI info - done
[0.124s] -- Check for working C compiler: /usr/bin/cc - skipped
[0.124s] -- Detecting C compile features
[0.124s] -- Detecting C compile features - done
[0.126s] -- Detecting CXX compiler ABI info
[0.171s] -- Detecting CXX compiler ABI info - done
[0.175s] -- Check for working CXX compiler: /usr/bin/c++ - skipped
[0.175s] -- Detecting CXX compile features
[0.175s] -- Detecting CXX compile features - done
[0.176s] -- Found ament_cmake: 1.3.11 (/opt/ros/humble/share/ament_cmake/cmake)
[0.264s] -- Found Python3: /usr/bin/python3 (found version "3.10.12") found components: Interpreter 
[0.312s] -- Found mav_msgs: 3.3.3 (/home/zengine/vnav_ws/src/install/mav_msgs/share/mav_msgs/cmake)
[0.330s] -- Found rosidl_generator_c: 3.1.6 (/opt/ros/humble/share/rosidl_generator_c/cmake)
[0.332s] -- Found rosidl_adapter: 3.1.6 (/opt/ros/humble/share/rosidl_adapter/cmake)
[0.336s] -- Found rosidl_generator_cpp: 3.1.6 (/opt/ros/humble/share/rosidl_generator_cpp/cmake)
[0.342s] -- Using all available rosidl_typesupport_c: rosidl_typesupport_fastrtps_c;rosidl_typesupport_introspection_c
[0.350s] -- Using all available rosidl_typesupport_cpp: rosidl_typesupport_fastrtps_cpp;rosidl_typesupport_introspection_cpp
[0.389s] -- Found mav_planning_msgs: 3.3.3 (/home/zengine/vnav_ws/src/install/mav_planning_msgs/share/mav_planning_msgs/cmake)
[0.418s] -- Found mav_state_machine_msgs: 0.0.0 (/home/zengine/vnav_ws/src/install/mav_state_machine_msgs/share/mav_state_machine_msgs/cmake)
[0.424s] -- Found mav_system_msgs: 0.0.0 (/home/zengine/vnav_ws/src/install/mav_system_msgs/share/mav_system_msgs/cmake)
[0.465s] -- Configuring done
[0.467s] -- Generating done
[0.468s] -- Build files have been written to: /home/zengine/vnav_ws/src/build/mav_comm
[0.472s] Invoked command in '/home/zengine/vnav_ws/src/build/mav_comm' returned '0': AMENT_PREFIX_PATH=/home/zengine/vnav_ws/src/install/mav_planning_msgs:/home/zengine/vnav_ws/src/install/mav_system_msgs:/home/zengine/vnav_ws/src/install/mav_state_machine_msgs:/home/zengine/vnav_ws/src/install/mav_msgs:${AMENT_PREFIX_PATH} CMAKE_PREFIX_PATH=/home/zengine/vnav_ws/src/install/mav_planning_msgs:/home/zengine/vnav_ws/src/install/mav_system_msgs:/home/zengine/vnav_ws/src/install/mav_state_machine_msgs:/home/zengine/vnav_ws/src/install/mav_msgs:/opt/ros/humble LD_LIBRARY_PATH=/home/zengine/vnav_ws/src/install/mav_planning_msgs/lib:/home/zengine/vnav_ws/src/install/mav_system_msgs/lib:/home/zengine/vnav_ws/src/install/mav_state_machine_msgs/lib:/home/zengine/vnav_ws/src/install/mav_msgs/lib:${LD_LIBRARY_PATH} PYTHONPATH=/home/zengine/vnav_ws/src/install/mav_planning_msgs/local/lib/python3.10/dist-packages:/home/zengine/vnav_ws/src/install/mav_msgs/local/lib/python3.10/dist-packages:${PYTHONPATH} /usr/bin/cmake /home/zengine/vnav_ws/src/mav_comm/mav_comm -DCMAKE_INSTALL_PREFIX=/home/zengine/vnav_ws/src/install/mav_comm
[0.473s] Invoking command in '/home/zengine/vnav_ws/src/build/mav_comm': AMENT_PREFIX_PATH=/home/zengine/vnav_ws/src/install/mav_planning_msgs:/home/zengine/vnav_ws/src/install/mav_system_msgs:/home/zengine/vnav_ws/src/install/mav_state_machine_msgs:/home/zengine/vnav_ws/src/install/mav_msgs:${AMENT_PREFIX_PATH} CMAKE_PREFIX_PATH=/home/zengine/vnav_ws/src/install/mav_planning_msgs:/home/zengine/vnav_ws/src/install/mav_system_msgs:/home/zengine/vnav_ws/src/install/mav_state_machine_msgs:/home/zengine/vnav_ws/src/install/mav_msgs:/opt/ros/humble LD_LIBRARY_PATH=/home/zengine/vnav_ws/src/install/mav_planning_msgs/lib:/home/zengine/vnav_ws/src/install/mav_system_msgs/lib:/home/zengine/vnav_ws/src/install/mav_state_machine_msgs/lib:/home/zengine/vnav_ws/src/install/mav_msgs/lib:${LD_LIBRARY_PATH} PYTHONPATH=/home/zengine/vnav_ws/src/install/mav_planning_msgs/local/lib/python3.10/dist-packages:/home/zengine/vnav_ws/src/install/mav_msgs/local/lib/python3.10/dist-packages:${PYTHONPATH} /usr/bin/cmake --build /home/zengine/vnav_ws/src/build/mav_comm -- -j20 -l20
[0.496s] Invoked command in '/home/zengine/vnav_ws/src/build/mav_comm' returned '0': AMENT_PREFIX_PATH=/home/zengine/vnav_ws/src/install/mav_planning_msgs:/home/zengine/vnav_ws/src/install/mav_system_msgs:/home/zengine/vnav_ws/src/install/mav_state_machine_msgs:/home/zengine/vnav_ws/src/install/mav_msgs:${AMENT_PREFIX_PATH} CMAKE_PREFIX_PATH=/home/zengine/vnav_ws/src/install/mav_planning_msgs:/home/zengine/vnav_ws/src/install/mav_system_msgs:/home/zengine/vnav_ws/src/install/mav_state_machine_msgs:/home/zengine/vnav_ws/src/install/mav_msgs:/opt/ros/humble LD_LIBRARY_PATH=/home/zengine/vnav_ws/src/install/mav_planning_msgs/lib:/home/zengine/vnav_ws/src/install/mav_system_msgs/lib:/home/zengine/vnav_ws/src/install/mav_state_machine_msgs/lib:/home/zengine/vnav_ws/src/install/mav_msgs/lib:${LD_LIBRARY_PATH} PYTHONPATH=/home/zengine/vnav_ws/src/install/mav_planning_msgs/local/lib/python3.10/dist-packages:/home/zengine/vnav_ws/src/install/mav_msgs/local/lib/python3.10/dist-packages:${PYTHONPATH} /usr/bin/cmake --build /home/zengine/vnav_ws/src/build/mav_comm -- -j20 -l20
[0.497s] Invoking command in '/home/zengine/vnav_ws/src/build/mav_comm': AMENT_PREFIX_PATH=/home/zengine/vnav_ws/src/install/mav_planning_msgs:/home/zengine/vnav_ws/src/install/mav_system_msgs:/home/zengine/vnav_ws/src/install/mav_state_machine_msgs:/home/zengine/vnav_ws/src/install/mav_msgs:${AMENT_PREFIX_PATH} CMAKE_PREFIX_PATH=/home/zengine/vnav_ws/src/install/mav_planning_msgs:/home/zengine/vnav_ws/src/install/mav_system_msgs:/home/zengine/vnav_ws/src/install/mav_state_machine_msgs:/home/zengine/vnav_ws/src/install/mav_msgs:/opt/ros/humble LD_LIBRARY_PATH=/home/zengine/vnav_ws/src/install/mav_planning_msgs/lib:/home/zengine/vnav_ws/src/install/mav_system_msgs/lib:/home/zengine/vnav_ws/src/install/mav_state_machine_msgs/lib:/home/zengine/vnav_ws/src/install/mav_msgs/lib:${LD_LIBRARY_PATH} PYTHONPATH=/home/zengine/vnav_ws/src/install/mav_planning_msgs/local/lib/python3.10/dist-packages:/home/zengine/vnav_ws/src/install/mav_msgs/local/lib/python3.10/dist-packages:${PYTHONPATH} /usr/bin/cmake --install /home/zengine/vnav_ws/src/build/mav_comm
[0.502s] -- Install configuration: ""
[0.502s] -- Installing: /home/zengine/vnav_ws/src/install/mav_comm/share/ament_index/resource_index/package_run_dependencies/mav_comm
[0.502s] -- Installing: /home/zengine/vnav_ws/src/install/mav_comm/share/ament_index/resource_index/parent_prefix_path/mav_comm
[0.502s] -- Installing: /home/zengine/vnav_ws/src/install/mav_comm/share/mav_comm/environment/ament_prefix_path.sh
[0.502s] -- Installing: /home/zengine/vnav_ws/src/install/mav_comm/share/mav_comm/environment/ament_prefix_path.dsv
[0.502s] -- Installing: /home/zengine/vnav_ws/src/install/mav_comm/share/mav_comm/environment/path.sh
[0.502s] -- Installing: /home/zengine/vnav_ws/src/install/mav_comm/share/mav_comm/environment/path.dsv
[0.502s] -- Installing: /home/zengine/vnav_ws/src/install/mav_comm/share/mav_comm/local_setup.bash
[0.502s] -- Installing: /home/zengine/vnav_ws/src/install/mav_comm/share/mav_comm/local_setup.sh
[0.502s] -- Installing: /home/zengine/vnav_ws/src/install/mav_comm/share/mav_comm/local_setup.zsh
[0.502s] -- Installing: /home/zengine/vnav_ws/src/install/mav_comm/share/mav_comm/local_setup.dsv
[0.502s] -- Installing: /home/zengine/vnav_ws/src/install/mav_comm/share/mav_comm/package.dsv
[0.502s] -- Installing: /home/zengine/vnav_ws/src/install/mav_comm/share/ament_index/resource_index/packages/mav_comm
[0.502s] -- Installing: /home/zengine/vnav_ws/src/install/mav_comm/share/mav_comm/cmake/mav_commConfig.cmake
[0.502s] -- Installing: /home/zengine/vnav_ws/src/install/mav_comm/share/mav_comm/cmake/mav_commConfig-version.cmake
[0.502s] -- Installing: /home/zengine/vnav_ws/src/install/mav_comm/share/mav_comm/package.xml
[0.504s] Invoked command in '/home/zengine/vnav_ws/src/build/mav_comm' returned '0': AMENT_PREFIX_PATH=/home/zengine/vnav_ws/src/install/mav_planning_msgs:/home/zengine/vnav_ws/src/install/mav_system_msgs:/home/zengine/vnav_ws/src/install/mav_state_machine_msgs:/home/zengine/vnav_ws/src/install/mav_msgs:${AMENT_PREFIX_PATH} CMAKE_PREFIX_PATH=/home/zengine/vnav_ws/src/install/mav_planning_msgs:/home/zengine/vnav_ws/src/install/mav_system_msgs:/home/zengine/vnav_ws/src/install/mav_state_machine_msgs:/home/zengine/vnav_ws/src/install/mav_msgs:/opt/ros/humble LD_LIBRARY_PATH=/home/zengine/vnav_ws/src/install/mav_planning_msgs/lib:/home/zengine/vnav_ws/src/install/mav_system_msgs/lib:/home/zengine/vnav_ws/src/install/mav_state_machine_msgs/lib:/home/zengine/vnav_ws/src/install/mav_msgs/lib:${LD_LIBRARY_PATH} PYTHONPATH=/home/zengine/vnav_ws/src/install/mav_planning_msgs/local/lib/python3.10/dist-packages:/home/zengine/vnav_ws/src/install/mav_msgs/local/lib/python3.10/dist-packages:${PYTHONPATH} /usr/bin/cmake --install /home/zengine/vnav_ws/src/build/mav_comm
