-- The C compiler identification is GNU 11.4.0
-- The CXX compiler identification is GNU 11.4.0
-- Detecting C compiler ABI info
-- Detecting C compiler ABI info - done
-- Check for working C compiler: /usr/bin/cc - skipped
-- Detecting C compile features
-- Detecting C compile features - done
-- Detecting CXX compiler ABI info
-- Detecting CXX compiler ABI info - done
-- Check for working CXX compiler: /usr/bin/c++ - skipped
-- Detecting CXX compile features
-- Detecting CXX compile features - done
-- Found ament_cmake: 1.3.11 (/opt/ros/humble/share/ament_cmake/cmake)
-- Found Python3: /usr/bin/python3 (found version "3.10.12") found components: Interpreter 
-- Found geometry_msgs: 4.2.4 (/opt/ros/humble/share/geometry_msgs/cmake)
-- Found rosidl_generator_c: 3.1.6 (/opt/ros/humble/share/rosidl_generator_c/cmake)
-- Found rosidl_adapter: 3.1.6 (/opt/ros/humble/share/rosidl_adapter/cmake)
-- Found rosidl_generator_cpp: 3.1.6 (/opt/ros/humble/share/rosidl_generator_cpp/cmake)
-- Using all available rosidl_typesupport_c: rosidl_typesupport_fastrtps_c;rosidl_typesupport_introspection_c
-- Using all available rosidl_typesupport_cpp: rosidl_typesupport_fastrtps_cpp;rosidl_typesupport_introspection_cpp
-- Found rosidl_default_generators: 1.2.0 (/opt/ros/humble/share/rosidl_default_generators/cmake)
-- Found ament_cmake_ros: 0.10.0 (/opt/ros/humble/share/ament_cmake_ros/cmake)
-- Using all available rosidl_typesupport_c: rosidl_typesupport_fastrtps_c;rosidl_typesupport_introspection_c
-- Using all available rosidl_typesupport_cpp: rosidl_typesupport_fastrtps_cpp;rosidl_typesupport_introspection_cpp
-- Found PythonInterp: /usr/bin/python3 (found suitable version "3.10.12", minimum required is "3.6") 
-- Found python_cmake_module: 0.10.0 (/opt/ros/humble/share/python_cmake_module/cmake)
-- Found PythonLibs: /usr/lib/x86_64-linux-gnu/libpython3.10.so (found suitable version "3.10.12", minimum required is "3.5") 
-- Using PYTHON_EXECUTABLE: /usr/bin/python3
-- Using PYTHON_INCLUDE_DIRS: /usr/include/python3.10
-- Using PYTHON_LIBRARIES: /usr/lib/x86_64-linux-gnu/libpython3.10.so
-- Found PythonExtra: .so  
-- Found ament_lint_auto: 0.12.11 (/opt/ros/humble/share/ament_lint_auto/cmake)
-- Added test 'lint_cmake' to check CMake code style
-- Added test 'xmllint' to check XML markup files
-- Configuring done
-- Generating done
-- Build files have been written to: /home/zengine/vnav_ws/src/build/tesse_msgs
[  1%] [34m[1mGenerating C code for ROS interfaces[0m
[  3%] [34m[1mGenerating C++ code for ROS interfaces[0m
[  3%] Built target ament_cmake_python_copy_tesse_msgs
running egg_info
creating tesse_msgs.egg-info
writing tesse_msgs.egg-info/PKG-INFO
writing dependency_links to tesse_msgs.egg-info/dependency_links.txt
writing top-level names to tesse_msgs.egg-info/top_level.txt
writing manifest file 'tesse_msgs.egg-info/SOURCES.txt'
reading manifest file 'tesse_msgs.egg-info/SOURCES.txt'
writing manifest file 'tesse_msgs.egg-info/SOURCES.txt'
[  3%] Built target ament_cmake_python_build_tesse_msgs_egg
[  3%] Built target tesse_msgs__cpp
[  7%] [34m[1mGenerating C++ introspection for ROS interfaces[0m
[  7%] [34m[1mGenerating C++ type support dispatch for ROS interfaces[0m
[  9%] [34m[1mGenerating C++ type support for eProsima Fast-RTPS[0m
[ 10%] [32mBuilding C object CMakeFiles/tesse_msgs__rosidl_generator_c.dir/rosidl_generator_c/tesse_msgs/msg/detail/collision_stats__functions.c.o[0m
[ 14%] [32mBuilding C object CMakeFiles/tesse_msgs__rosidl_generator_c.dir/rosidl_generator_c/tesse_msgs/srv/detail/object_spawn_request_service__functions.c.o[0m
[ 14%] [32mBuilding C object CMakeFiles/tesse_msgs__rosidl_generator_c.dir/rosidl_generator_c/tesse_msgs/srv/detail/scene_request_service__functions.c.o[0m
[ 16%] [32mBuilding C object CMakeFiles/tesse_msgs__rosidl_generator_c.dir/rosidl_generator_c/tesse_msgs/srv/detail/reposition_request_service__functions.c.o[0m
[ 18%] [32m[1mLinking C shared library libtesse_msgs__rosidl_generator_c.so[0m
[ 18%] Built target tesse_msgs__rosidl_generator_c
[ 20%] [34m[1mGenerating C type support for eProsima Fast-RTPS[0m
[ 21%] [34m[1mGenerating C introspection for ROS interfaces[0m
[ 23%] [34m[1mGenerating C type support dispatch for ROS interfaces[0m
[ 25%] [32mBuilding CXX object CMakeFiles/tesse_msgs__rosidl_typesupport_introspection_cpp.dir/rosidl_typesupport_introspection_cpp/tesse_msgs/srv/detail/reposition_request_service__type_support.cpp.o[0m
[ 27%] [32mBuilding CXX object CMakeFiles/tesse_msgs__rosidl_typesupport_introspection_cpp.dir/rosidl_typesupport_introspection_cpp/tesse_msgs/srv/detail/scene_request_service__type_support.cpp.o[0m
[ 29%] [32mBuilding CXX object CMakeFiles/tesse_msgs__rosidl_typesupport_introspection_cpp.dir/rosidl_typesupport_introspection_cpp/tesse_msgs/msg/detail/collision_stats__type_support.cpp.o[0m
[ 30%] [32mBuilding CXX object CMakeFiles/tesse_msgs__rosidl_typesupport_introspection_cpp.dir/rosidl_typesupport_introspection_cpp/tesse_msgs/srv/detail/object_spawn_request_service__type_support.cpp.o[0m
[ 32%] [32mBuilding CXX object CMakeFiles/tesse_msgs__rosidl_typesupport_cpp.dir/rosidl_typesupport_cpp/tesse_msgs/srv/scene_request_service__type_support.cpp.o[0m
[ 34%] [32mBuilding CXX object CMakeFiles/tesse_msgs__rosidl_typesupport_cpp.dir/rosidl_typesupport_cpp/tesse_msgs/srv/object_spawn_request_service__type_support.cpp.o[0m
[ 36%] [32mBuilding CXX object CMakeFiles/tesse_msgs__rosidl_typesupport_cpp.dir/rosidl_typesupport_cpp/tesse_msgs/srv/reposition_request_service__type_support.cpp.o[0m
[ 38%] [32mBuilding CXX object CMakeFiles/tesse_msgs__rosidl_typesupport_cpp.dir/rosidl_typesupport_cpp/tesse_msgs/msg/collision_stats__type_support.cpp.o[0m
[ 41%] [32mBuilding CXX object CMakeFiles/tesse_msgs__rosidl_typesupport_fastrtps_cpp.dir/rosidl_typesupport_fastrtps_cpp/tesse_msgs/msg/detail/dds_fastrtps/collision_stats__type_support.cpp.o[0m
[ 41%] [32mBuilding CXX object CMakeFiles/tesse_msgs__rosidl_typesupport_fastrtps_cpp.dir/rosidl_typesupport_fastrtps_cpp/tesse_msgs/srv/detail/dds_fastrtps/reposition_request_service__type_support.cpp.o[0m
[ 43%] [32mBuilding CXX object CMakeFiles/tesse_msgs__rosidl_typesupport_fastrtps_cpp.dir/rosidl_typesupport_fastrtps_cpp/tesse_msgs/srv/detail/dds_fastrtps/object_spawn_request_service__type_support.cpp.o[0m
[ 45%] [32mBuilding CXX object CMakeFiles/tesse_msgs__rosidl_typesupport_fastrtps_cpp.dir/rosidl_typesupport_fastrtps_cpp/tesse_msgs/srv/detail/dds_fastrtps/scene_request_service__type_support.cpp.o[0m
[ 47%] [32m[1mLinking CXX shared library libtesse_msgs__rosidl_typesupport_cpp.so[0m
[ 49%] [32mBuilding CXX object CMakeFiles/tesse_msgs__rosidl_typesupport_c.dir/rosidl_typesupport_c/tesse_msgs/srv/object_spawn_request_service__type_support.cpp.o[0m
[ 50%] [32mBuilding CXX object CMakeFiles/tesse_msgs__rosidl_typesupport_c.dir/rosidl_typesupport_c/tesse_msgs/msg/collision_stats__type_support.cpp.o[0m
[ 52%] [32mBuilding CXX object CMakeFiles/tesse_msgs__rosidl_typesupport_c.dir/rosidl_typesupport_c/tesse_msgs/srv/reposition_request_service__type_support.cpp.o[0m
[ 54%] [32mBuilding CXX object CMakeFiles/tesse_msgs__rosidl_typesupport_c.dir/rosidl_typesupport_c/tesse_msgs/srv/scene_request_service__type_support.cpp.o[0m
[ 56%] [32mBuilding C object CMakeFiles/tesse_msgs__rosidl_typesupport_introspection_c.dir/rosidl_typesupport_introspection_c/tesse_msgs/msg/detail/collision_stats__type_support.c.o[0m
[ 58%] [32mBuilding C object CMakeFiles/tesse_msgs__rosidl_typesupport_introspection_c.dir/rosidl_typesupport_introspection_c/tesse_msgs/srv/detail/object_spawn_request_service__type_support.c.o[0m
[ 60%] [32mBuilding C object CMakeFiles/tesse_msgs__rosidl_typesupport_introspection_c.dir/rosidl_typesupport_introspection_c/tesse_msgs/srv/detail/scene_request_service__type_support.c.o[0m
[ 61%] [32mBuilding C object CMakeFiles/tesse_msgs__rosidl_typesupport_introspection_c.dir/rosidl_typesupport_introspection_c/tesse_msgs/srv/detail/reposition_request_service__type_support.c.o[0m
[ 61%] Built target tesse_msgs__rosidl_typesupport_cpp
[ 63%] [32m[1mLinking CXX shared library libtesse_msgs__rosidl_typesupport_c.so[0m
[ 65%] [32m[1mLinking C shared library libtesse_msgs__rosidl_typesupport_introspection_c.so[0m
[ 67%] [32mBuilding CXX object CMakeFiles/tesse_msgs__rosidl_typesupport_fastrtps_c.dir/rosidl_typesupport_fastrtps_c/tesse_msgs/srv/detail/reposition_request_service__type_support_c.cpp.o[0m
[ 69%] [32mBuilding CXX object CMakeFiles/tesse_msgs__rosidl_typesupport_fastrtps_c.dir/rosidl_typesupport_fastrtps_c/tesse_msgs/msg/detail/collision_stats__type_support_c.cpp.o[0m
[ 70%] [32mBuilding CXX object CMakeFiles/tesse_msgs__rosidl_typesupport_fastrtps_c.dir/rosidl_typesupport_fastrtps_c/tesse_msgs/srv/detail/object_spawn_request_service__type_support_c.cpp.o[0m
[ 72%] [32mBuilding CXX object CMakeFiles/tesse_msgs__rosidl_typesupport_fastrtps_c.dir/rosidl_typesupport_fastrtps_c/tesse_msgs/srv/detail/scene_request_service__type_support_c.cpp.o[0m
[ 72%] Built target tesse_msgs__rosidl_typesupport_c
[ 72%] Built target tesse_msgs__rosidl_typesupport_introspection_c
[ 74%] [32m[1mLinking CXX shared library libtesse_msgs__rosidl_typesupport_introspection_cpp.so[0m
[ 76%] [32m[1mLinking CXX shared library libtesse_msgs__rosidl_typesupport_fastrtps_cpp.so[0m
[ 76%] Built target tesse_msgs__rosidl_typesupport_fastrtps_cpp
[ 76%] Built target tesse_msgs__rosidl_typesupport_introspection_cpp
[ 78%] [32m[1mLinking CXX shared library libtesse_msgs__rosidl_typesupport_fastrtps_c.so[0m
[ 78%] Built target tesse_msgs__rosidl_typesupport_fastrtps_c
[ 78%] Built target tesse_msgs
[ 80%] [34m[1mGenerating Python code for ROS interfaces[0m
[ 80%] Built target tesse_msgs__py
[ 83%] [32mBuilding C object CMakeFiles/tesse_msgs__rosidl_generator_py.dir/rosidl_generator_py/tesse_msgs/srv/_scene_request_service_s.c.o[0m
[ 83%] [32mBuilding C object CMakeFiles/tesse_msgs__rosidl_generator_py.dir/rosidl_generator_py/tesse_msgs/srv/_reposition_request_service_s.c.o[0m
[ 85%] [32mBuilding C object CMakeFiles/tesse_msgs__rosidl_generator_py.dir/rosidl_generator_py/tesse_msgs/msg/_collision_stats_s.c.o[0m
[ 87%] [32mBuilding C object CMakeFiles/tesse_msgs__rosidl_generator_py.dir/rosidl_generator_py/tesse_msgs/srv/_object_spawn_request_service_s.c.o[0m
[ 89%] [32m[1mLinking C shared library rosidl_generator_py/tesse_msgs/libtesse_msgs__rosidl_generator_py.so[0m
[ 89%] Built target tesse_msgs__rosidl_generator_py
[ 90%] [32mBuilding C object CMakeFiles/tesse_msgs__rosidl_typesupport_c__pyext.dir/rosidl_generator_py/tesse_msgs/_tesse_msgs_s.ep.rosidl_typesupport_c.c.o[0m
[ 94%] [32mBuilding C object CMakeFiles/tesse_msgs__rosidl_typesupport_introspection_c__pyext.dir/rosidl_generator_py/tesse_msgs/_tesse_msgs_s.ep.rosidl_typesupport_introspection_c.c.o[0m
[ 94%] [32mBuilding C object CMakeFiles/tesse_msgs__rosidl_typesupport_fastrtps_c__pyext.dir/rosidl_generator_py/tesse_msgs/_tesse_msgs_s.ep.rosidl_typesupport_fastrtps_c.c.o[0m
[ 96%] [32m[1mLinking C shared library rosidl_generator_py/tesse_msgs/tesse_msgs_s__rosidl_typesupport_c.cpython-310-x86_64-linux-gnu.so[0m
[ 98%] [32m[1mLinking C shared library rosidl_generator_py/tesse_msgs/tesse_msgs_s__rosidl_typesupport_introspection_c.cpython-310-x86_64-linux-gnu.so[0m
[100%] [32m[1mLinking C shared library rosidl_generator_py/tesse_msgs/tesse_msgs_s__rosidl_typesupport_fastrtps_c.cpython-310-x86_64-linux-gnu.so[0m
[100%] Built target tesse_msgs__rosidl_typesupport_introspection_c__pyext
[100%] Built target tesse_msgs__rosidl_typesupport_c__pyext
[100%] Built target tesse_msgs__rosidl_typesupport_fastrtps_c__pyext
-- Install configuration: ""
-- Installing: /home/zengine/vnav_ws/src/install/tesse_msgs/share/ament_index/resource_index/rosidl_interfaces/tesse_msgs
-- Installing: /home/zengine/vnav_ws/src/install/tesse_msgs/include/tesse_msgs/tesse_msgs
-- Installing: /home/zengine/vnav_ws/src/install/tesse_msgs/include/tesse_msgs/tesse_msgs/srv
-- Installing: /home/zengine/vnav_ws/src/install/tesse_msgs/include/tesse_msgs/tesse_msgs/srv/object_spawn_request_service.h
-- Installing: /home/zengine/vnav_ws/src/install/tesse_msgs/include/tesse_msgs/tesse_msgs/srv/reposition_request_service.h
-- Installing: /home/zengine/vnav_ws/src/install/tesse_msgs/include/tesse_msgs/tesse_msgs/srv/detail
-- Installing: /home/zengine/vnav_ws/src/install/tesse_msgs/include/tesse_msgs/tesse_msgs/srv/detail/object_spawn_request_service__type_support.h
-- Installing: /home/zengine/vnav_ws/src/install/tesse_msgs/include/tesse_msgs/tesse_msgs/srv/detail/reposition_request_service__functions.c
-- Installing: /home/zengine/vnav_ws/src/install/tesse_msgs/include/tesse_msgs/tesse_msgs/srv/detail/scene_request_service__functions.c
-- Installing: /home/zengine/vnav_ws/src/install/tesse_msgs/include/tesse_msgs/tesse_msgs/srv/detail/object_spawn_request_service__struct.h
-- Installing: /home/zengine/vnav_ws/src/install/tesse_msgs/include/tesse_msgs/tesse_msgs/srv/detail/reposition_request_service__struct.h
-- Installing: /home/zengine/vnav_ws/src/install/tesse_msgs/include/tesse_msgs/tesse_msgs/srv/detail/object_spawn_request_service__functions.h
-- Installing: /home/zengine/vnav_ws/src/install/tesse_msgs/include/tesse_msgs/tesse_msgs/srv/detail/object_spawn_request_service__functions.c
-- Installing: /home/zengine/vnav_ws/src/install/tesse_msgs/include/tesse_msgs/tesse_msgs/srv/detail/reposition_request_service__type_support.h
-- Installing: /home/zengine/vnav_ws/src/install/tesse_msgs/include/tesse_msgs/tesse_msgs/srv/detail/scene_request_service__struct.h
-- Installing: /home/zengine/vnav_ws/src/install/tesse_msgs/include/tesse_msgs/tesse_msgs/srv/detail/scene_request_service__functions.h
-- Installing: /home/zengine/vnav_ws/src/install/tesse_msgs/include/tesse_msgs/tesse_msgs/srv/detail/reposition_request_service__functions.h
-- Installing: /home/zengine/vnav_ws/src/install/tesse_msgs/include/tesse_msgs/tesse_msgs/srv/detail/scene_request_service__type_support.h
-- Installing: /home/zengine/vnav_ws/src/install/tesse_msgs/include/tesse_msgs/tesse_msgs/srv/scene_request_service.h
-- Installing: /home/zengine/vnav_ws/src/install/tesse_msgs/include/tesse_msgs/tesse_msgs/msg
-- Installing: /home/zengine/vnav_ws/src/install/tesse_msgs/include/tesse_msgs/tesse_msgs/msg/collision_stats.h
-- Installing: /home/zengine/vnav_ws/src/install/tesse_msgs/include/tesse_msgs/tesse_msgs/msg/detail
-- Installing: /home/zengine/vnav_ws/src/install/tesse_msgs/include/tesse_msgs/tesse_msgs/msg/detail/collision_stats__struct.h
-- Installing: /home/zengine/vnav_ws/src/install/tesse_msgs/include/tesse_msgs/tesse_msgs/msg/detail/collision_stats__type_support.h
-- Installing: /home/zengine/vnav_ws/src/install/tesse_msgs/include/tesse_msgs/tesse_msgs/msg/detail/collision_stats__functions.h
-- Installing: /home/zengine/vnav_ws/src/install/tesse_msgs/include/tesse_msgs/tesse_msgs/msg/detail/collision_stats__functions.c
-- Installing: /home/zengine/vnav_ws/src/install/tesse_msgs/include/tesse_msgs/tesse_msgs/msg/rosidl_generator_c__visibility_control.h
-- Installing: /home/zengine/vnav_ws/src/install/tesse_msgs/share/tesse_msgs/environment/library_path.sh
-- Installing: /home/zengine/vnav_ws/src/install/tesse_msgs/share/tesse_msgs/environment/library_path.dsv
-- Installing: /home/zengine/vnav_ws/src/install/tesse_msgs/lib/libtesse_msgs__rosidl_generator_c.so
-- Set runtime path of "/home/zengine/vnav_ws/src/install/tesse_msgs/lib/libtesse_msgs__rosidl_generator_c.so" to ""
-- Up-to-date: /home/zengine/vnav_ws/src/install/tesse_msgs/include/tesse_msgs/tesse_msgs
-- Up-to-date: /home/zengine/vnav_ws/src/install/tesse_msgs/include/tesse_msgs/tesse_msgs/srv
-- Up-to-date: /home/zengine/vnav_ws/src/install/tesse_msgs/include/tesse_msgs/tesse_msgs/srv/detail
-- Installing: /home/zengine/vnav_ws/src/install/tesse_msgs/include/tesse_msgs/tesse_msgs/srv/detail/reposition_request_service__rosidl_typesupport_fastrtps_c.h
-- Installing: /home/zengine/vnav_ws/src/install/tesse_msgs/include/tesse_msgs/tesse_msgs/srv/detail/scene_request_service__rosidl_typesupport_fastrtps_c.h
-- Installing: /home/zengine/vnav_ws/src/install/tesse_msgs/include/tesse_msgs/tesse_msgs/srv/detail/object_spawn_request_service__rosidl_typesupport_fastrtps_c.h
-- Up-to-date: /home/zengine/vnav_ws/src/install/tesse_msgs/include/tesse_msgs/tesse_msgs/msg
-- Installing: /home/zengine/vnav_ws/src/install/tesse_msgs/include/tesse_msgs/tesse_msgs/msg/rosidl_typesupport_fastrtps_c__visibility_control.h
-- Up-to-date: /home/zengine/vnav_ws/src/install/tesse_msgs/include/tesse_msgs/tesse_msgs/msg/detail
-- Installing: /home/zengine/vnav_ws/src/install/tesse_msgs/include/tesse_msgs/tesse_msgs/msg/detail/collision_stats__rosidl_typesupport_fastrtps_c.h
-- Installing: /home/zengine/vnav_ws/src/install/tesse_msgs/lib/libtesse_msgs__rosidl_typesupport_fastrtps_c.so
-- Set runtime path of "/home/zengine/vnav_ws/src/install/tesse_msgs/lib/libtesse_msgs__rosidl_typesupport_fastrtps_c.so" to ""
-- Up-to-date: /home/zengine/vnav_ws/src/install/tesse_msgs/include/tesse_msgs/tesse_msgs
-- Up-to-date: /home/zengine/vnav_ws/src/install/tesse_msgs/include/tesse_msgs/tesse_msgs/srv
-- Up-to-date: /home/zengine/vnav_ws/src/install/tesse_msgs/include/tesse_msgs/tesse_msgs/srv/detail
-- Installing: /home/zengine/vnav_ws/src/install/tesse_msgs/include/tesse_msgs/tesse_msgs/srv/detail/reposition_request_service__struct.hpp
-- Installing: /home/zengine/vnav_ws/src/install/tesse_msgs/include/tesse_msgs/tesse_msgs/srv/detail/object_spawn_request_service__traits.hpp
-- Installing: /home/zengine/vnav_ws/src/install/tesse_msgs/include/tesse_msgs/tesse_msgs/srv/detail/object_spawn_request_service__builder.hpp
-- Installing: /home/zengine/vnav_ws/src/install/tesse_msgs/include/tesse_msgs/tesse_msgs/srv/detail/object_spawn_request_service__struct.hpp
-- Installing: /home/zengine/vnav_ws/src/install/tesse_msgs/include/tesse_msgs/tesse_msgs/srv/detail/reposition_request_service__builder.hpp
-- Installing: /home/zengine/vnav_ws/src/install/tesse_msgs/include/tesse_msgs/tesse_msgs/srv/detail/reposition_request_service__traits.hpp
-- Installing: /home/zengine/vnav_ws/src/install/tesse_msgs/include/tesse_msgs/tesse_msgs/srv/detail/reposition_request_service__type_support.hpp
-- Installing: /home/zengine/vnav_ws/src/install/tesse_msgs/include/tesse_msgs/tesse_msgs/srv/detail/scene_request_service__builder.hpp
-- Installing: /home/zengine/vnav_ws/src/install/tesse_msgs/include/tesse_msgs/tesse_msgs/srv/detail/scene_request_service__struct.hpp
-- Installing: /home/zengine/vnav_ws/src/install/tesse_msgs/include/tesse_msgs/tesse_msgs/srv/detail/scene_request_service__traits.hpp
-- Installing: /home/zengine/vnav_ws/src/install/tesse_msgs/include/tesse_msgs/tesse_msgs/srv/detail/object_spawn_request_service__type_support.hpp
-- Installing: /home/zengine/vnav_ws/src/install/tesse_msgs/include/tesse_msgs/tesse_msgs/srv/detail/scene_request_service__type_support.hpp
-- Installing: /home/zengine/vnav_ws/src/install/tesse_msgs/include/tesse_msgs/tesse_msgs/srv/scene_request_service.hpp
-- Installing: /home/zengine/vnav_ws/src/install/tesse_msgs/include/tesse_msgs/tesse_msgs/srv/reposition_request_service.hpp
-- Installing: /home/zengine/vnav_ws/src/install/tesse_msgs/include/tesse_msgs/tesse_msgs/srv/object_spawn_request_service.hpp
-- Up-to-date: /home/zengine/vnav_ws/src/install/tesse_msgs/include/tesse_msgs/tesse_msgs/msg
-- Up-to-date: /home/zengine/vnav_ws/src/install/tesse_msgs/include/tesse_msgs/tesse_msgs/msg/detail
-- Installing: /home/zengine/vnav_ws/src/install/tesse_msgs/include/tesse_msgs/tesse_msgs/msg/detail/collision_stats__traits.hpp
-- Installing: /home/zengine/vnav_ws/src/install/tesse_msgs/include/tesse_msgs/tesse_msgs/msg/detail/collision_stats__type_support.hpp
-- Installing: /home/zengine/vnav_ws/src/install/tesse_msgs/include/tesse_msgs/tesse_msgs/msg/detail/collision_stats__builder.hpp
-- Installing: /home/zengine/vnav_ws/src/install/tesse_msgs/include/tesse_msgs/tesse_msgs/msg/detail/collision_stats__struct.hpp
-- Installing: /home/zengine/vnav_ws/src/install/tesse_msgs/include/tesse_msgs/tesse_msgs/msg/collision_stats.hpp
-- Installing: /home/zengine/vnav_ws/src/install/tesse_msgs/include/tesse_msgs/tesse_msgs/msg/rosidl_generator_cpp__visibility_control.hpp
-- Up-to-date: /home/zengine/vnav_ws/src/install/tesse_msgs/include/tesse_msgs/tesse_msgs
-- Up-to-date: /home/zengine/vnav_ws/src/install/tesse_msgs/include/tesse_msgs/tesse_msgs/srv
-- Up-to-date: /home/zengine/vnav_ws/src/install/tesse_msgs/include/tesse_msgs/tesse_msgs/srv/detail
-- Installing: /home/zengine/vnav_ws/src/install/tesse_msgs/include/tesse_msgs/tesse_msgs/srv/detail/object_spawn_request_service__rosidl_typesupport_fastrtps_cpp.hpp
-- Installing: /home/zengine/vnav_ws/src/install/tesse_msgs/include/tesse_msgs/tesse_msgs/srv/detail/reposition_request_service__rosidl_typesupport_fastrtps_cpp.hpp
-- Installing: /home/zengine/vnav_ws/src/install/tesse_msgs/include/tesse_msgs/tesse_msgs/srv/detail/dds_fastrtps
-- Installing: /home/zengine/vnav_ws/src/install/tesse_msgs/include/tesse_msgs/tesse_msgs/srv/detail/scene_request_service__rosidl_typesupport_fastrtps_cpp.hpp
-- Up-to-date: /home/zengine/vnav_ws/src/install/tesse_msgs/include/tesse_msgs/tesse_msgs/msg
-- Up-to-date: /home/zengine/vnav_ws/src/install/tesse_msgs/include/tesse_msgs/tesse_msgs/msg/detail
-- Installing: /home/zengine/vnav_ws/src/install/tesse_msgs/include/tesse_msgs/tesse_msgs/msg/detail/collision_stats__rosidl_typesupport_fastrtps_cpp.hpp
-- Installing: /home/zengine/vnav_ws/src/install/tesse_msgs/include/tesse_msgs/tesse_msgs/msg/detail/dds_fastrtps
-- Installing: /home/zengine/vnav_ws/src/install/tesse_msgs/include/tesse_msgs/tesse_msgs/msg/rosidl_typesupport_fastrtps_cpp__visibility_control.h
-- Installing: /home/zengine/vnav_ws/src/install/tesse_msgs/lib/libtesse_msgs__rosidl_typesupport_fastrtps_cpp.so
-- Set runtime path of "/home/zengine/vnav_ws/src/install/tesse_msgs/lib/libtesse_msgs__rosidl_typesupport_fastrtps_cpp.so" to ""
-- Up-to-date: /home/zengine/vnav_ws/src/install/tesse_msgs/include/tesse_msgs/tesse_msgs
-- Up-to-date: /home/zengine/vnav_ws/src/install/tesse_msgs/include/tesse_msgs/tesse_msgs/srv
-- Up-to-date: /home/zengine/vnav_ws/src/install/tesse_msgs/include/tesse_msgs/tesse_msgs/srv/detail
-- Installing: /home/zengine/vnav_ws/src/install/tesse_msgs/include/tesse_msgs/tesse_msgs/srv/detail/reposition_request_service__type_support.c
-- Installing: /home/zengine/vnav_ws/src/install/tesse_msgs/include/tesse_msgs/tesse_msgs/srv/detail/scene_request_service__type_support.c
-- Installing: /home/zengine/vnav_ws/src/install/tesse_msgs/include/tesse_msgs/tesse_msgs/srv/detail/scene_request_service__rosidl_typesupport_introspection_c.h
-- Installing: /home/zengine/vnav_ws/src/install/tesse_msgs/include/tesse_msgs/tesse_msgs/srv/detail/reposition_request_service__rosidl_typesupport_introspection_c.h
-- Installing: /home/zengine/vnav_ws/src/install/tesse_msgs/include/tesse_msgs/tesse_msgs/srv/detail/object_spawn_request_service__rosidl_typesupport_introspection_c.h
-- Installing: /home/zengine/vnav_ws/src/install/tesse_msgs/include/tesse_msgs/tesse_msgs/srv/detail/object_spawn_request_service__type_support.c
-- Up-to-date: /home/zengine/vnav_ws/src/install/tesse_msgs/include/tesse_msgs/tesse_msgs/msg
-- Up-to-date: /home/zengine/vnav_ws/src/install/tesse_msgs/include/tesse_msgs/tesse_msgs/msg/detail
-- Installing: /home/zengine/vnav_ws/src/install/tesse_msgs/include/tesse_msgs/tesse_msgs/msg/detail/collision_stats__type_support.c
-- Installing: /home/zengine/vnav_ws/src/install/tesse_msgs/include/tesse_msgs/tesse_msgs/msg/detail/collision_stats__rosidl_typesupport_introspection_c.h
-- Installing: /home/zengine/vnav_ws/src/install/tesse_msgs/include/tesse_msgs/tesse_msgs/msg/rosidl_typesupport_introspection_c__visibility_control.h
-- Installing: /home/zengine/vnav_ws/src/install/tesse_msgs/lib/libtesse_msgs__rosidl_typesupport_introspection_c.so
-- Set runtime path of "/home/zengine/vnav_ws/src/install/tesse_msgs/lib/libtesse_msgs__rosidl_typesupport_introspection_c.so" to ""
-- Installing: /home/zengine/vnav_ws/src/install/tesse_msgs/lib/libtesse_msgs__rosidl_typesupport_c.so
-- Set runtime path of "/home/zengine/vnav_ws/src/install/tesse_msgs/lib/libtesse_msgs__rosidl_typesupport_c.so" to ""
-- Up-to-date: /home/zengine/vnav_ws/src/install/tesse_msgs/include/tesse_msgs/tesse_msgs
-- Up-to-date: /home/zengine/vnav_ws/src/install/tesse_msgs/include/tesse_msgs/tesse_msgs/srv
-- Up-to-date: /home/zengine/vnav_ws/src/install/tesse_msgs/include/tesse_msgs/tesse_msgs/srv/detail
-- Installing: /home/zengine/vnav_ws/src/install/tesse_msgs/include/tesse_msgs/tesse_msgs/srv/detail/reposition_request_service__type_support.cpp
-- Installing: /home/zengine/vnav_ws/src/install/tesse_msgs/include/tesse_msgs/tesse_msgs/srv/detail/object_spawn_request_service__rosidl_typesupport_introspection_cpp.hpp
-- Installing: /home/zengine/vnav_ws/src/install/tesse_msgs/include/tesse_msgs/tesse_msgs/srv/detail/scene_request_service__rosidl_typesupport_introspection_cpp.hpp
-- Installing: /home/zengine/vnav_ws/src/install/tesse_msgs/include/tesse_msgs/tesse_msgs/srv/detail/reposition_request_service__rosidl_typesupport_introspection_cpp.hpp
-- Installing: /home/zengine/vnav_ws/src/install/tesse_msgs/include/tesse_msgs/tesse_msgs/srv/detail/object_spawn_request_service__type_support.cpp
-- Installing: /home/zengine/vnav_ws/src/install/tesse_msgs/include/tesse_msgs/tesse_msgs/srv/detail/scene_request_service__type_support.cpp
-- Up-to-date: /home/zengine/vnav_ws/src/install/tesse_msgs/include/tesse_msgs/tesse_msgs/msg
-- Up-to-date: /home/zengine/vnav_ws/src/install/tesse_msgs/include/tesse_msgs/tesse_msgs/msg/detail
-- Installing: /home/zengine/vnav_ws/src/install/tesse_msgs/include/tesse_msgs/tesse_msgs/msg/detail/collision_stats__rosidl_typesupport_introspection_cpp.hpp
-- Installing: /home/zengine/vnav_ws/src/install/tesse_msgs/include/tesse_msgs/tesse_msgs/msg/detail/collision_stats__type_support.cpp
-- Installing: /home/zengine/vnav_ws/src/install/tesse_msgs/lib/libtesse_msgs__rosidl_typesupport_introspection_cpp.so
-- Set runtime path of "/home/zengine/vnav_ws/src/install/tesse_msgs/lib/libtesse_msgs__rosidl_typesupport_introspection_cpp.so" to ""
-- Installing: /home/zengine/vnav_ws/src/install/tesse_msgs/lib/libtesse_msgs__rosidl_typesupport_cpp.so
-- Set runtime path of "/home/zengine/vnav_ws/src/install/tesse_msgs/lib/libtesse_msgs__rosidl_typesupport_cpp.so" to ""
-- Installing: /home/zengine/vnav_ws/src/install/tesse_msgs/share/tesse_msgs/environment/pythonpath.sh
-- Installing: /home/zengine/vnav_ws/src/install/tesse_msgs/share/tesse_msgs/environment/pythonpath.dsv
-- Installing: /home/zengine/vnav_ws/src/install/tesse_msgs/local/lib/python3.10/dist-packages/tesse_msgs-0.0.0-py3.10.egg-info
-- Installing: /home/zengine/vnav_ws/src/install/tesse_msgs/local/lib/python3.10/dist-packages/tesse_msgs-0.0.0-py3.10.egg-info/SOURCES.txt
-- Installing: /home/zengine/vnav_ws/src/install/tesse_msgs/local/lib/python3.10/dist-packages/tesse_msgs-0.0.0-py3.10.egg-info/PKG-INFO
-- Installing: /home/zengine/vnav_ws/src/install/tesse_msgs/local/lib/python3.10/dist-packages/tesse_msgs-0.0.0-py3.10.egg-info/top_level.txt
-- Installing: /home/zengine/vnav_ws/src/install/tesse_msgs/local/lib/python3.10/dist-packages/tesse_msgs-0.0.0-py3.10.egg-info/dependency_links.txt
-- Installing: /home/zengine/vnav_ws/src/install/tesse_msgs/local/lib/python3.10/dist-packages/tesse_msgs
-- Installing: /home/zengine/vnav_ws/src/install/tesse_msgs/local/lib/python3.10/dist-packages/tesse_msgs/libtesse_msgs__rosidl_generator_py.so
-- Installing: /home/zengine/vnav_ws/src/install/tesse_msgs/local/lib/python3.10/dist-packages/tesse_msgs/tesse_msgs_s__rosidl_typesupport_fastrtps_c.cpython-310-x86_64-linux-gnu.so
-- Installing: /home/zengine/vnav_ws/src/install/tesse_msgs/local/lib/python3.10/dist-packages/tesse_msgs/__init__.py
-- Installing: /home/zengine/vnav_ws/src/install/tesse_msgs/local/lib/python3.10/dist-packages/tesse_msgs/tesse_msgs_s__rosidl_typesupport_c.cpython-310-x86_64-linux-gnu.so
-- Installing: /home/zengine/vnav_ws/src/install/tesse_msgs/local/lib/python3.10/dist-packages/tesse_msgs/srv
-- Installing: /home/zengine/vnav_ws/src/install/tesse_msgs/local/lib/python3.10/dist-packages/tesse_msgs/srv/_object_spawn_request_service.py
-- Installing: /home/zengine/vnav_ws/src/install/tesse_msgs/local/lib/python3.10/dist-packages/tesse_msgs/srv/__init__.py
-- Installing: /home/zengine/vnav_ws/src/install/tesse_msgs/local/lib/python3.10/dist-packages/tesse_msgs/srv/_object_spawn_request_service_s.c
-- Installing: /home/zengine/vnav_ws/src/install/tesse_msgs/local/lib/python3.10/dist-packages/tesse_msgs/srv/_reposition_request_service_s.c
-- Installing: /home/zengine/vnav_ws/src/install/tesse_msgs/local/lib/python3.10/dist-packages/tesse_msgs/srv/_scene_request_service_s.c
-- Installing: /home/zengine/vnav_ws/src/install/tesse_msgs/local/lib/python3.10/dist-packages/tesse_msgs/srv/_scene_request_service.py
-- Installing: /home/zengine/vnav_ws/src/install/tesse_msgs/local/lib/python3.10/dist-packages/tesse_msgs/srv/_reposition_request_service.py
-- Installing: /home/zengine/vnav_ws/src/install/tesse_msgs/local/lib/python3.10/dist-packages/tesse_msgs/msg
-- Installing: /home/zengine/vnav_ws/src/install/tesse_msgs/local/lib/python3.10/dist-packages/tesse_msgs/msg/_collision_stats.py
-- Installing: /home/zengine/vnav_ws/src/install/tesse_msgs/local/lib/python3.10/dist-packages/tesse_msgs/msg/__init__.py
-- Installing: /home/zengine/vnav_ws/src/install/tesse_msgs/local/lib/python3.10/dist-packages/tesse_msgs/msg/_collision_stats_s.c
-- Installing: /home/zengine/vnav_ws/src/install/tesse_msgs/local/lib/python3.10/dist-packages/tesse_msgs/_tesse_msgs_s.ep.rosidl_typesupport_fastrtps_c.c
-- Installing: /home/zengine/vnav_ws/src/install/tesse_msgs/local/lib/python3.10/dist-packages/tesse_msgs/tesse_msgs_s__rosidl_typesupport_introspection_c.cpython-310-x86_64-linux-gnu.so
-- Installing: /home/zengine/vnav_ws/src/install/tesse_msgs/local/lib/python3.10/dist-packages/tesse_msgs/_tesse_msgs_s.ep.rosidl_typesupport_introspection_c.c
-- Installing: /home/zengine/vnav_ws/src/install/tesse_msgs/local/lib/python3.10/dist-packages/tesse_msgs/_tesse_msgs_s.ep.rosidl_typesupport_c.c
Listing '/home/zengine/vnav_ws/src/install/tesse_msgs/local/lib/python3.10/dist-packages/tesse_msgs'...
Compiling '/home/zengine/vnav_ws/src/install/tesse_msgs/local/lib/python3.10/dist-packages/tesse_msgs/__init__.py'...
Listing '/home/zengine/vnav_ws/src/install/tesse_msgs/local/lib/python3.10/dist-packages/tesse_msgs/msg'...
Compiling '/home/zengine/vnav_ws/src/install/tesse_msgs/local/lib/python3.10/dist-packages/tesse_msgs/msg/__init__.py'...
Compiling '/home/zengine/vnav_ws/src/install/tesse_msgs/local/lib/python3.10/dist-packages/tesse_msgs/msg/_collision_stats.py'...
Listing '/home/zengine/vnav_ws/src/install/tesse_msgs/local/lib/python3.10/dist-packages/tesse_msgs/srv'...
Compiling '/home/zengine/vnav_ws/src/install/tesse_msgs/local/lib/python3.10/dist-packages/tesse_msgs/srv/__init__.py'...
Compiling '/home/zengine/vnav_ws/src/install/tesse_msgs/local/lib/python3.10/dist-packages/tesse_msgs/srv/_object_spawn_request_service.py'...
Compiling '/home/zengine/vnav_ws/src/install/tesse_msgs/local/lib/python3.10/dist-packages/tesse_msgs/srv/_reposition_request_service.py'...
Compiling '/home/zengine/vnav_ws/src/install/tesse_msgs/local/lib/python3.10/dist-packages/tesse_msgs/srv/_scene_request_service.py'...
-- Installing: /home/zengine/vnav_ws/src/install/tesse_msgs/local/lib/python3.10/dist-packages/tesse_msgs/tesse_msgs_s__rosidl_typesupport_fastrtps_c.cpython-310-x86_64-linux-gnu.so
-- Set runtime path of "/home/zengine/vnav_ws/src/install/tesse_msgs/local/lib/python3.10/dist-packages/tesse_msgs/tesse_msgs_s__rosidl_typesupport_fastrtps_c.cpython-310-x86_64-linux-gnu.so" to ""
-- Installing: /home/zengine/vnav_ws/src/install/tesse_msgs/local/lib/python3.10/dist-packages/tesse_msgs/tesse_msgs_s__rosidl_typesupport_introspection_c.cpython-310-x86_64-linux-gnu.so
-- Set runtime path of "/home/zengine/vnav_ws/src/install/tesse_msgs/local/lib/python3.10/dist-packages/tesse_msgs/tesse_msgs_s__rosidl_typesupport_introspection_c.cpython-310-x86_64-linux-gnu.so" to ""
-- Installing: /home/zengine/vnav_ws/src/install/tesse_msgs/local/lib/python3.10/dist-packages/tesse_msgs/tesse_msgs_s__rosidl_typesupport_c.cpython-310-x86_64-linux-gnu.so
-- Set runtime path of "/home/zengine/vnav_ws/src/install/tesse_msgs/local/lib/python3.10/dist-packages/tesse_msgs/tesse_msgs_s__rosidl_typesupport_c.cpython-310-x86_64-linux-gnu.so" to ""
-- Installing: /home/zengine/vnav_ws/src/install/tesse_msgs/lib/libtesse_msgs__rosidl_generator_py.so
-- Set runtime path of "/home/zengine/vnav_ws/src/install/tesse_msgs/lib/libtesse_msgs__rosidl_generator_py.so" to ""
-- Installing: /home/zengine/vnav_ws/src/install/tesse_msgs/share/tesse_msgs/msg/CollisionStats.idl
-- Installing: /home/zengine/vnav_ws/src/install/tesse_msgs/share/tesse_msgs/srv/ObjectSpawnRequestService.idl
-- Installing: /home/zengine/vnav_ws/src/install/tesse_msgs/share/tesse_msgs/srv/RepositionRequestService.idl
-- Installing: /home/zengine/vnav_ws/src/install/tesse_msgs/share/tesse_msgs/srv/SceneRequestService.idl
-- Installing: /home/zengine/vnav_ws/src/install/tesse_msgs/share/tesse_msgs/msg/CollisionStats.msg
-- Installing: /home/zengine/vnav_ws/src/install/tesse_msgs/share/tesse_msgs/srv/ObjectSpawnRequestService.srv
-- Installing: /home/zengine/vnav_ws/src/install/tesse_msgs/share/tesse_msgs/srv/ObjectSpawnRequestService_Request.msg
-- Installing: /home/zengine/vnav_ws/src/install/tesse_msgs/share/tesse_msgs/srv/ObjectSpawnRequestService_Response.msg
-- Installing: /home/zengine/vnav_ws/src/install/tesse_msgs/share/tesse_msgs/srv/RepositionRequestService.srv
-- Installing: /home/zengine/vnav_ws/src/install/tesse_msgs/share/tesse_msgs/srv/RepositionRequestService_Request.msg
-- Installing: /home/zengine/vnav_ws/src/install/tesse_msgs/share/tesse_msgs/srv/RepositionRequestService_Response.msg
-- Installing: /home/zengine/vnav_ws/src/install/tesse_msgs/share/tesse_msgs/srv/SceneRequestService.srv
-- Installing: /home/zengine/vnav_ws/src/install/tesse_msgs/share/tesse_msgs/srv/SceneRequestService_Request.msg
-- Installing: /home/zengine/vnav_ws/src/install/tesse_msgs/share/tesse_msgs/srv/SceneRequestService_Response.msg
-- Installing: /home/zengine/vnav_ws/src/install/tesse_msgs/share/ament_index/resource_index/package_run_dependencies/tesse_msgs
-- Installing: /home/zengine/vnav_ws/src/install/tesse_msgs/share/ament_index/resource_index/parent_prefix_path/tesse_msgs
-- Installing: /home/zengine/vnav_ws/src/install/tesse_msgs/share/tesse_msgs/environment/ament_prefix_path.sh
-- Installing: /home/zengine/vnav_ws/src/install/tesse_msgs/share/tesse_msgs/environment/ament_prefix_path.dsv
-- Installing: /home/zengine/vnav_ws/src/install/tesse_msgs/share/tesse_msgs/environment/path.sh
-- Installing: /home/zengine/vnav_ws/src/install/tesse_msgs/share/tesse_msgs/environment/path.dsv
-- Installing: /home/zengine/vnav_ws/src/install/tesse_msgs/share/tesse_msgs/local_setup.bash
-- Installing: /home/zengine/vnav_ws/src/install/tesse_msgs/share/tesse_msgs/local_setup.sh
-- Installing: /home/zengine/vnav_ws/src/install/tesse_msgs/share/tesse_msgs/local_setup.zsh
-- Installing: /home/zengine/vnav_ws/src/install/tesse_msgs/share/tesse_msgs/local_setup.dsv
-- Installing: /home/zengine/vnav_ws/src/install/tesse_msgs/share/tesse_msgs/package.dsv
-- Installing: /home/zengine/vnav_ws/src/install/tesse_msgs/share/ament_index/resource_index/packages/tesse_msgs
-- Installing: /home/zengine/vnav_ws/src/install/tesse_msgs/share/tesse_msgs/cmake/export_tesse_msgs__rosidl_generator_cExport.cmake
-- Installing: /home/zengine/vnav_ws/src/install/tesse_msgs/share/tesse_msgs/cmake/export_tesse_msgs__rosidl_generator_cExport-noconfig.cmake
-- Installing: /home/zengine/vnav_ws/src/install/tesse_msgs/share/tesse_msgs/cmake/export_tesse_msgs__rosidl_typesupport_fastrtps_cExport.cmake
-- Installing: /home/zengine/vnav_ws/src/install/tesse_msgs/share/tesse_msgs/cmake/export_tesse_msgs__rosidl_typesupport_fastrtps_cExport-noconfig.cmake
-- Installing: /home/zengine/vnav_ws/src/install/tesse_msgs/share/tesse_msgs/cmake/export_tesse_msgs__rosidl_generator_cppExport.cmake
-- Installing: /home/zengine/vnav_ws/src/install/tesse_msgs/share/tesse_msgs/cmake/export_tesse_msgs__rosidl_typesupport_fastrtps_cppExport.cmake
-- Installing: /home/zengine/vnav_ws/src/install/tesse_msgs/share/tesse_msgs/cmake/export_tesse_msgs__rosidl_typesupport_fastrtps_cppExport-noconfig.cmake
-- Installing: /home/zengine/vnav_ws/src/install/tesse_msgs/share/tesse_msgs/cmake/tesse_msgs__rosidl_typesupport_introspection_cExport.cmake
-- Installing: /home/zengine/vnav_ws/src/install/tesse_msgs/share/tesse_msgs/cmake/tesse_msgs__rosidl_typesupport_introspection_cExport-noconfig.cmake
-- Installing: /home/zengine/vnav_ws/src/install/tesse_msgs/share/tesse_msgs/cmake/tesse_msgs__rosidl_typesupport_cExport.cmake
-- Installing: /home/zengine/vnav_ws/src/install/tesse_msgs/share/tesse_msgs/cmake/tesse_msgs__rosidl_typesupport_cExport-noconfig.cmake
-- Installing: /home/zengine/vnav_ws/src/install/tesse_msgs/share/tesse_msgs/cmake/tesse_msgs__rosidl_typesupport_introspection_cppExport.cmake
-- Installing: /home/zengine/vnav_ws/src/install/tesse_msgs/share/tesse_msgs/cmake/tesse_msgs__rosidl_typesupport_introspection_cppExport-noconfig.cmake
-- Installing: /home/zengine/vnav_ws/src/install/tesse_msgs/share/tesse_msgs/cmake/tesse_msgs__rosidl_typesupport_cppExport.cmake
-- Installing: /home/zengine/vnav_ws/src/install/tesse_msgs/share/tesse_msgs/cmake/tesse_msgs__rosidl_typesupport_cppExport-noconfig.cmake
-- Installing: /home/zengine/vnav_ws/src/install/tesse_msgs/share/tesse_msgs/cmake/export_tesse_msgs__rosidl_generator_pyExport.cmake
-- Installing: /home/zengine/vnav_ws/src/install/tesse_msgs/share/tesse_msgs/cmake/export_tesse_msgs__rosidl_generator_pyExport-noconfig.cmake
-- Installing: /home/zengine/vnav_ws/src/install/tesse_msgs/share/tesse_msgs/cmake/rosidl_cmake-extras.cmake
-- Installing: /home/zengine/vnav_ws/src/install/tesse_msgs/share/tesse_msgs/cmake/ament_cmake_export_dependencies-extras.cmake
-- Installing: /home/zengine/vnav_ws/src/install/tesse_msgs/share/tesse_msgs/cmake/ament_cmake_export_include_directories-extras.cmake
-- Installing: /home/zengine/vnav_ws/src/install/tesse_msgs/share/tesse_msgs/cmake/ament_cmake_export_libraries-extras.cmake
-- Installing: /home/zengine/vnav_ws/src/install/tesse_msgs/share/tesse_msgs/cmake/ament_cmake_export_targets-extras.cmake
-- Installing: /home/zengine/vnav_ws/src/install/tesse_msgs/share/tesse_msgs/cmake/rosidl_cmake_export_typesupport_targets-extras.cmake
-- Installing: /home/zengine/vnav_ws/src/install/tesse_msgs/share/tesse_msgs/cmake/rosidl_cmake_export_typesupport_libraries-extras.cmake
-- Installing: /home/zengine/vnav_ws/src/install/tesse_msgs/share/tesse_msgs/cmake/tesse_msgsConfig.cmake
-- Installing: /home/zengine/vnav_ws/src/install/tesse_msgs/share/tesse_msgs/cmake/tesse_msgsConfig-version.cmake
-- Installing: /home/zengine/vnav_ws/src/install/tesse_msgs/share/tesse_msgs/package.xml
