[0.005s] Invoking command in '/home/zengine/vnav_ws/src/build/controller_pkg': AMENT_PREFIX_PATH=/home/zengine/vnav_ws/src/install/mav_msgs:${AMENT_PREFIX_PATH} CMAKE_PREFIX_PATH=/home/zengine/vnav_ws/src/install/mav_msgs:/opt/ros/humble LD_LIBRARY_PATH=/home/zengine/vnav_ws/src/install/mav_msgs/lib:${LD_LIBRARY_PATH} PYTHONPATH=/home/zengine/vnav_ws/src/install/mav_msgs/local/lib/python3.10/dist-packages:${PYTHONPATH} /usr/bin/cmake /home/zengine/vnav_ws/src/lab3/lab3/controller_pkg -DCMAKE_INSTALL_PREFIX=/home/zengine/vnav_ws/src/install/controller_pkg
[0.067s] -- The C compiler identification is GNU 11.4.0
[0.119s] -- The CXX compiler identification is GNU 11.4.0
[0.125s] -- Detecting C compiler ABI info
[0.185s] -- Detecting C compiler ABI info - done
[0.195s] -- Check for working C compiler: /usr/bin/cc - skipped
[0.195s] -- Detecting C compile features
[0.196s] -- Detecting C compile features - done
[0.199s] -- Detecting CXX compiler ABI info
[0.264s] -- Detecting CXX compiler ABI info - done
[0.270s] -- Check for working CXX compiler: /usr/bin/c++ - skipped
[0.270s] -- Detecting CXX compile features
[0.270s] -- Detecting CXX compile features - done
[0.271s] -- Found ament_cmake: 1.3.11 (/opt/ros/humble/share/ament_cmake/cmake)
[0.365s] -- Found Python3: /usr/bin/python3 (found version "3.10.12") found components: Interpreter 
[0.437s] -- Found rclcpp: 16.0.11 (/opt/ros/humble/share/rclcpp/cmake)
[0.460s] -- Found rosidl_generator_c: 3.1.6 (/opt/ros/humble/share/rosidl_generator_c/cmake)
[0.462s] -- Found rosidl_adapter: 3.1.6 (/opt/ros/humble/share/rosidl_adapter/cmake)
[0.466s] -- Found rosidl_generator_cpp: 3.1.6 (/opt/ros/humble/share/rosidl_generator_cpp/cmake)
[0.471s] -- Using all available rosidl_typesupport_c: rosidl_typesupport_fastrtps_c;rosidl_typesupport_introspection_c
[0.479s] -- Using all available rosidl_typesupport_cpp: rosidl_typesupport_fastrtps_cpp;rosidl_typesupport_introspection_cpp
[0.545s] -- Found rmw_implementation_cmake: 6.1.2 (/opt/ros/humble/share/rmw_implementation_cmake/cmake)
[0.571s] -- Found rmw_fastrtps_cpp: 6.2.7 (/opt/ros/humble/share/rmw_fastrtps_cpp/cmake)
[0.771s] -- Found OpenSSL: /usr/lib/x86_64-linux-gnu/libcrypto.so (found version "3.0.2")  
[0.791s] -- Found FastRTPS: /opt/ros/humble/include  
[0.816s] -- Using RMW implementation 'rmw_fastrtps_cpp' as default
[0.861s] -- Looking for pthread.h
[0.913s] -- Looking for pthread.h - found
[0.913s] -- Performing Test CMAKE_HAVE_LIBC_PTHREAD
[0.958s] -- Performing Test CMAKE_HAVE_LIBC_PTHREAD - Success
[0.958s] -- Found Threads: TRUE  
[1.049s] -- Found mav_msgs: 3.3.3 (/home/zengine/vnav_ws/src/install/mav_msgs/share/mav_msgs/cmake)
[1.075s] -- Found trajectory_msgs: 4.2.4 (/opt/ros/humble/share/trajectory_msgs/cmake)
[1.101s] -- Found tf2_geometry_msgs: 0.25.12 (/opt/ros/humble/share/tf2_geometry_msgs/cmake)
[1.149s] -- Found eigen3_cmake_module: 0.1.1 (/opt/ros/humble/share/eigen3_cmake_module/cmake)
[1.150s] -- Found Eigen3: TRUE (found version "3.4.0") 
[1.150s] -- Ensuring Eigen3 include directory is part of orocos-kdl CMake target
[1.416s] -- Found tf2_eigen: 0.25.12 (/opt/ros/humble/share/tf2_eigen/cmake)
[1.432s] -- Found ament_lint_auto: 0.12.11 (/opt/ros/humble/share/ament_lint_auto/cmake)
[1.482s] -- Added test 'cppcheck' to perform static code analysis on C / C++ code
[1.482s] -- Configured cppcheck include dirs: 
[1.482s] -- Configured cppcheck exclude dirs and/or files: 
[1.482s] -- Added test 'flake8' to check Python code syntax and style conventions
[1.482s] -- Added test 'lint_cmake' to check CMake code style
[1.482s] -- Added test 'pep257' to check Python code against some of the docstring style conventions in PEP 257
[1.483s] -- Added test 'uncrustify' to check C / C++ code style
[1.483s] -- Configured uncrustify additional arguments: 
[1.483s] -- Added test 'xmllint' to check XML markup files
[1.484s] -- Configuring done
[1.518s] -- Generating done
[1.522s] -- Build files have been written to: /home/zengine/vnav_ws/src/build/controller_pkg
[1.528s] Invoked command in '/home/zengine/vnav_ws/src/build/controller_pkg' returned '0': AMENT_PREFIX_PATH=/home/zengine/vnav_ws/src/install/mav_msgs:${AMENT_PREFIX_PATH} CMAKE_PREFIX_PATH=/home/zengine/vnav_ws/src/install/mav_msgs:/opt/ros/humble LD_LIBRARY_PATH=/home/zengine/vnav_ws/src/install/mav_msgs/lib:${LD_LIBRARY_PATH} PYTHONPATH=/home/zengine/vnav_ws/src/install/mav_msgs/local/lib/python3.10/dist-packages:${PYTHONPATH} /usr/bin/cmake /home/zengine/vnav_ws/src/lab3/lab3/controller_pkg -DCMAKE_INSTALL_PREFIX=/home/zengine/vnav_ws/src/install/controller_pkg
[1.528s] Invoking command in '/home/zengine/vnav_ws/src/build/controller_pkg': AMENT_PREFIX_PATH=/home/zengine/vnav_ws/src/install/mav_msgs:${AMENT_PREFIX_PATH} CMAKE_PREFIX_PATH=/home/zengine/vnav_ws/src/install/mav_msgs:/opt/ros/humble LD_LIBRARY_PATH=/home/zengine/vnav_ws/src/install/mav_msgs/lib:${LD_LIBRARY_PATH} PYTHONPATH=/home/zengine/vnav_ws/src/install/mav_msgs/local/lib/python3.10/dist-packages:${PYTHONPATH} /usr/bin/cmake --build /home/zengine/vnav_ws/src/build/controller_pkg -- -j20 -l20
[1.559s] [ 25%] [32mBuilding CXX object CMakeFiles/traj_publisher.dir/src/traj_publisher.cpp.o[0m
[1.559s] [ 50%] [32mBuilding CXX object CMakeFiles/controller_node.dir/src/controller_node.cpp.o[0m
[4.626s] [ 75%] [32m[1mLinking CXX executable traj_publisher[0m
[4.758s] [ 75%] Built target traj_publisher
[5.473s] [100%] [32m[1mLinking CXX executable controller_node[0m
[5.547s] [100%] Built target controller_node
[5.554s] Invoked command in '/home/zengine/vnav_ws/src/build/controller_pkg' returned '0': AMENT_PREFIX_PATH=/home/zengine/vnav_ws/src/install/mav_msgs:${AMENT_PREFIX_PATH} CMAKE_PREFIX_PATH=/home/zengine/vnav_ws/src/install/mav_msgs:/opt/ros/humble LD_LIBRARY_PATH=/home/zengine/vnav_ws/src/install/mav_msgs/lib:${LD_LIBRARY_PATH} PYTHONPATH=/home/zengine/vnav_ws/src/install/mav_msgs/local/lib/python3.10/dist-packages:${PYTHONPATH} /usr/bin/cmake --build /home/zengine/vnav_ws/src/build/controller_pkg -- -j20 -l20
[5.555s] Invoking command in '/home/zengine/vnav_ws/src/build/controller_pkg': AMENT_PREFIX_PATH=/home/zengine/vnav_ws/src/install/mav_msgs:${AMENT_PREFIX_PATH} CMAKE_PREFIX_PATH=/home/zengine/vnav_ws/src/install/mav_msgs:/opt/ros/humble LD_LIBRARY_PATH=/home/zengine/vnav_ws/src/install/mav_msgs/lib:${LD_LIBRARY_PATH} PYTHONPATH=/home/zengine/vnav_ws/src/install/mav_msgs/local/lib/python3.10/dist-packages:${PYTHONPATH} /usr/bin/cmake --install /home/zengine/vnav_ws/src/build/controller_pkg
[5.559s] -- Install configuration: ""
[5.559s] -- Installing: /home/zengine/vnav_ws/src/install/controller_pkg/lib/controller_pkg/controller_node
[5.559s] -- Set runtime path of "/home/zengine/vnav_ws/src/install/controller_pkg/lib/controller_pkg/controller_node" to ""
[5.559s] -- Installing: /home/zengine/vnav_ws/src/install/controller_pkg/lib/controller_pkg/traj_publisher
[5.560s] -- Set runtime path of "/home/zengine/vnav_ws/src/install/controller_pkg/lib/controller_pkg/traj_publisher" to ""
[5.560s] -- Installing: /home/zengine/vnav_ws/src/install/controller_pkg/share/controller_pkg/launch
[5.560s] -- Installing: /home/zengine/vnav_ws/src/install/controller_pkg/share/controller_pkg/launch/traj_tracking.launch.py
[5.560s] -- Installing: /home/zengine/vnav_ws/src/install/controller_pkg/share/controller_pkg/config
[5.560s] -- Installing: /home/zengine/vnav_ws/src/install/controller_pkg/share/controller_pkg/config/params.yaml
[5.560s] -- Installing: /home/zengine/vnav_ws/src/install/controller_pkg/share/ament_index/resource_index/package_run_dependencies/controller_pkg
[5.560s] -- Installing: /home/zengine/vnav_ws/src/install/controller_pkg/share/ament_index/resource_index/parent_prefix_path/controller_pkg
[5.560s] -- Installing: /home/zengine/vnav_ws/src/install/controller_pkg/share/controller_pkg/environment/ament_prefix_path.sh
[5.560s] -- Installing: /home/zengine/vnav_ws/src/install/controller_pkg/share/controller_pkg/environment/ament_prefix_path.dsv
[5.560s] -- Installing: /home/zengine/vnav_ws/src/install/controller_pkg/share/controller_pkg/environment/path.sh
[5.560s] -- Installing: /home/zengine/vnav_ws/src/install/controller_pkg/share/controller_pkg/environment/path.dsv
[5.560s] -- Installing: /home/zengine/vnav_ws/src/install/controller_pkg/share/controller_pkg/local_setup.bash
[5.560s] -- Installing: /home/zengine/vnav_ws/src/install/controller_pkg/share/controller_pkg/local_setup.sh
[5.560s] -- Installing: /home/zengine/vnav_ws/src/install/controller_pkg/share/controller_pkg/local_setup.zsh
[5.560s] -- Installing: /home/zengine/vnav_ws/src/install/controller_pkg/share/controller_pkg/local_setup.dsv
[5.560s] -- Installing: /home/zengine/vnav_ws/src/install/controller_pkg/share/controller_pkg/package.dsv
[5.560s] -- Installing: /home/zengine/vnav_ws/src/install/controller_pkg/share/ament_index/resource_index/packages/controller_pkg
[5.560s] -- Installing: /home/zengine/vnav_ws/src/install/controller_pkg/share/controller_pkg/cmake/controller_pkgConfig.cmake
[5.560s] -- Installing: /home/zengine/vnav_ws/src/install/controller_pkg/share/controller_pkg/cmake/controller_pkgConfig-version.cmake
[5.561s] -- Installing: /home/zengine/vnav_ws/src/install/controller_pkg/share/controller_pkg/package.xml
[5.561s] Invoked command in '/home/zengine/vnav_ws/src/build/controller_pkg' returned '0': AMENT_PREFIX_PATH=/home/zengine/vnav_ws/src/install/mav_msgs:${AMENT_PREFIX_PATH} CMAKE_PREFIX_PATH=/home/zengine/vnav_ws/src/install/mav_msgs:/opt/ros/humble LD_LIBRARY_PATH=/home/zengine/vnav_ws/src/install/mav_msgs/lib:${LD_LIBRARY_PATH} PYTHONPATH=/home/zengine/vnav_ws/src/install/mav_msgs/local/lib/python3.10/dist-packages:${PYTHONPATH} /usr/bin/cmake --install /home/zengine/vnav_ws/src/build/controller_pkg
