[0.045s] Invoking command in '/home/zengine/vnav_ws/src/build/mav_system_msgs': CMAKE_PREFIX_PATH=/opt/ros/humble /usr/bin/cmake /home/zengine/vnav_ws/src/mav_comm/mav_system_msgs -DCMAKE_INSTALL_PREFIX=/home/zengine/vnav_ws/src/install/mav_system_msgs
[2.423s] -- The C compiler identification is GNU 11.4.0
[3.064s] -- The CXX compiler identification is GNU 11.4.0
[3.125s] -- Detecting C compiler ABI info
[3.329s] -- Detecting C compiler ABI info - done
[3.335s] -- Check for working C compiler: /usr/bin/cc - skipped
[3.343s] -- Detecting C compile features
[3.355s] -- Detecting C compile features - done
[3.367s] -- Detecting CXX compiler ABI info
[3.467s] -- Detecting CXX compiler ABI info - done
[3.471s] -- Check for working CXX compiler: /usr/bin/c++ - skipped
[3.471s] -- Detecting CXX compile features
[3.471s] -- Detecting CXX compile features - done
[3.504s] -- Found std_msgs: 4.2.4 (/opt/ros/humble/share/std_msgs/cmake)
[3.880s] -- Found Python3: /usr/bin/python3 (found version "3.10.12") found components: Interpreter 
[4.464s] -- Found rosidl_generator_c: 3.1.6 (/opt/ros/humble/share/rosidl_generator_c/cmake)
[4.526s] -- Found rosidl_adapter: 3.1.6 (/opt/ros/humble/share/rosidl_adapter/cmake)
[4.679s] -- Found rosidl_generator_cpp: 3.1.6 (/opt/ros/humble/share/rosidl_generator_cpp/cmake)
[4.727s] -- Using all available rosidl_typesupport_c: rosidl_typesupport_fastrtps_c;rosidl_typesupport_introspection_c
[4.856s] -- Using all available rosidl_typesupport_cpp: rosidl_typesupport_fastrtps_cpp;rosidl_typesupport_introspection_cpp
[5.195s] -- Found ament_cmake_ros: 0.10.0 (/opt/ros/humble/share/ament_cmake_ros/cmake)
[5.454s] -- Using all available rosidl_typesupport_c: rosidl_typesupport_fastrtps_c;rosidl_typesupport_introspection_c
[5.531s] -- Using all available rosidl_typesupport_cpp: rosidl_typesupport_fastrtps_cpp;rosidl_typesupport_introspection_cpp
[5.633s] -- Configuring done
[5.657s] -- Generating done
[5.661s] -- Build files have been written to: /home/zengine/vnav_ws/src/build/mav_system_msgs
[5.665s] Invoked command in '/home/zengine/vnav_ws/src/build/mav_system_msgs' returned '0': CMAKE_PREFIX_PATH=/opt/ros/humble /usr/bin/cmake /home/zengine/vnav_ws/src/mav_comm/mav_system_msgs -DCMAKE_INSTALL_PREFIX=/home/zengine/vnav_ws/src/install/mav_system_msgs
[5.666s] Invoking command in '/home/zengine/vnav_ws/src/build/mav_system_msgs': CMAKE_PREFIX_PATH=/opt/ros/humble /usr/bin/cmake --build /home/zengine/vnav_ws/src/build/mav_system_msgs -- -j20 -l20
[5.691s] [  3%] [34m[1mGenerating C code for ROS interfaces[0m
[5.698s] [  6%] [34m[1mGenerating C++ code for ROS interfaces[0m
[6.020s] [  6%] Built target mav_system_msgs__cpp
[6.021s] [ 10%] [32mBuilding C object CMakeFiles/mav_system_msgs__rosidl_generator_c.dir/rosidl_generator_c/mav_system_msgs/msg/detail/cpu_info__functions.c.o[0m
[6.022s] [ 13%] [32mBuilding C object CMakeFiles/mav_system_msgs__rosidl_generator_c.dir/rosidl_generator_c/mav_system_msgs/msg/detail/process_info__functions.c.o[0m
[6.026s] [ 17%] [34m[1mGenerating C++ type support for eProsima Fast-RTPS[0m
[6.039s] [ 20%] [34m[1mGenerating C++ introspection for ROS interfaces[0m
[6.076s] [ 24%] [34m[1mGenerating C++ type support dispatch for ROS interfaces[0m
[6.267s] [ 27%] [32m[1mLinking C shared library libmav_system_msgs__rosidl_generator_c.so[0m
[6.343s] [ 31%] [32mBuilding CXX object CMakeFiles/mav_system_msgs__rosidl_typesupport_fastrtps_cpp.dir/rosidl_typesupport_fastrtps_cpp/mav_system_msgs/msg/detail/dds_fastrtps/cpu_info__type_support.cpp.o[0m
[6.343s] [ 34%] [32mBuilding CXX object CMakeFiles/mav_system_msgs__rosidl_typesupport_fastrtps_cpp.dir/rosidl_typesupport_fastrtps_cpp/mav_system_msgs/msg/detail/dds_fastrtps/process_info__type_support.cpp.o[0m
[6.362s] [ 34%] Built target mav_system_msgs__rosidl_generator_c
[6.371s] [ 44%] [34m[1mGenerating C type support for eProsima Fast-RTPS[0m
[6.371s] [ 44%] [34m[1mGenerating C type support dispatch for ROS interfaces[0m
[6.371s] [ 44%] [34m[1mGenerating C introspection for ROS interfaces[0m
[6.396s] [ 51%] [32mBuilding CXX object CMakeFiles/mav_system_msgs__rosidl_typesupport_cpp.dir/rosidl_typesupport_cpp/mav_system_msgs/msg/cpu_info__type_support.cpp.o[0m
[6.396s] [ 51%] [32mBuilding CXX object CMakeFiles/mav_system_msgs__rosidl_typesupport_cpp.dir/rosidl_typesupport_cpp/mav_system_msgs/msg/process_info__type_support.cpp.o[0m
[6.433s] [ 58%] [32mBuilding CXX object CMakeFiles/mav_system_msgs__rosidl_typesupport_introspection_cpp.dir/rosidl_typesupport_introspection_cpp/mav_system_msgs/msg/detail/process_info__type_support.cpp.o[0m
[6.433s] [ 58%] [32mBuilding CXX object CMakeFiles/mav_system_msgs__rosidl_typesupport_introspection_cpp.dir/rosidl_typesupport_introspection_cpp/mav_system_msgs/msg/detail/cpu_info__type_support.cpp.o[0m
[6.721s] [ 62%] [32mBuilding C object CMakeFiles/mav_system_msgs__rosidl_typesupport_introspection_c.dir/rosidl_typesupport_introspection_c/mav_system_msgs/msg/detail/cpu_info__type_support.c.o[0m
[6.727s] [ 65%] [32mBuilding C object CMakeFiles/mav_system_msgs__rosidl_typesupport_introspection_c.dir/rosidl_typesupport_introspection_c/mav_system_msgs/msg/detail/process_info__type_support.c.o[0m
[6.744s] [ 68%] [32mBuilding CXX object CMakeFiles/mav_system_msgs__rosidl_typesupport_fastrtps_c.dir/rosidl_typesupport_fastrtps_c/mav_system_msgs/msg/detail/cpu_info__type_support_c.cpp.o[0m
[6.752s] [ 72%] [32mBuilding CXX object CMakeFiles/mav_system_msgs__rosidl_typesupport_fastrtps_c.dir/rosidl_typesupport_fastrtps_c/mav_system_msgs/msg/detail/process_info__type_support_c.cpp.o[0m
[6.791s] [ 75%] [32mBuilding CXX object CMakeFiles/mav_system_msgs__rosidl_typesupport_c.dir/rosidl_typesupport_c/mav_system_msgs/msg/cpu_info__type_support.cpp.o[0m
[6.797s] [ 79%] [32mBuilding CXX object CMakeFiles/mav_system_msgs__rosidl_typesupport_c.dir/rosidl_typesupport_c/mav_system_msgs/msg/process_info__type_support.cpp.o[0m
[6.804s] [ 82%] [32m[1mLinking C shared library libmav_system_msgs__rosidl_typesupport_introspection_c.so[0m
[6.856s] [ 86%] [32m[1mLinking CXX shared library libmav_system_msgs__rosidl_typesupport_cpp.so[0m
[6.870s] [ 89%] [32m[1mLinking CXX shared library libmav_system_msgs__rosidl_typesupport_c.so[0m
[6.879s] [ 89%] Built target mav_system_msgs__rosidl_typesupport_introspection_c
[6.906s] [ 93%] [32m[1mLinking CXX shared library libmav_system_msgs__rosidl_typesupport_introspection_cpp.so[0m
[6.912s] [ 96%] [32m[1mLinking CXX shared library libmav_system_msgs__rosidl_typesupport_fastrtps_cpp.so[0m
[7.001s] [ 96%] Built target mav_system_msgs__rosidl_typesupport_c
[7.014s] [ 96%] Built target mav_system_msgs__rosidl_typesupport_cpp
[7.055s] [ 96%] Built target mav_system_msgs__rosidl_typesupport_fastrtps_cpp
[7.085s] [ 96%] Built target mav_system_msgs__rosidl_typesupport_introspection_cpp
[7.085s] [100%] [32m[1mLinking CXX shared library libmav_system_msgs__rosidl_typesupport_fastrtps_c.so[0m
[7.176s] [100%] Built target mav_system_msgs__rosidl_typesupport_fastrtps_c
[7.211s] [100%] Built target mav_system_msgs
[7.249s] Invoked command in '/home/zengine/vnav_ws/src/build/mav_system_msgs' returned '0': CMAKE_PREFIX_PATH=/opt/ros/humble /usr/bin/cmake --build /home/zengine/vnav_ws/src/build/mav_system_msgs -- -j20 -l20
[7.259s] Invoking command in '/home/zengine/vnav_ws/src/build/mav_system_msgs': CMAKE_PREFIX_PATH=/opt/ros/humble /usr/bin/cmake --install /home/zengine/vnav_ws/src/build/mav_system_msgs
[7.264s] -- Install configuration: ""
[7.264s] -- Installing: /home/zengine/vnav_ws/src/install/mav_system_msgs/share/ament_index/resource_index/rosidl_interfaces/mav_system_msgs
[7.264s] -- Installing: /home/zengine/vnav_ws/src/install/mav_system_msgs/include/mav_system_msgs/mav_system_msgs
[7.264s] -- Installing: /home/zengine/vnav_ws/src/install/mav_system_msgs/include/mav_system_msgs/mav_system_msgs/msg
[7.265s] -- Installing: /home/zengine/vnav_ws/src/install/mav_system_msgs/include/mav_system_msgs/mav_system_msgs/msg/detail
[7.265s] -- Installing: /home/zengine/vnav_ws/src/install/mav_system_msgs/include/mav_system_msgs/mav_system_msgs/msg/detail/process_info__struct.h
[7.265s] -- Installing: /home/zengine/vnav_ws/src/install/mav_system_msgs/include/mav_system_msgs/mav_system_msgs/msg/detail/process_info__functions.h
[7.265s] -- Installing: /home/zengine/vnav_ws/src/install/mav_system_msgs/include/mav_system_msgs/mav_system_msgs/msg/detail/cpu_info__type_support.h
[7.266s] -- Installing: /home/zengine/vnav_ws/src/install/mav_system_msgs/include/mav_system_msgs/mav_system_msgs/msg/detail/cpu_info__functions.c
[7.266s] -- Installing: /home/zengine/vnav_ws/src/install/mav_system_msgs/include/mav_system_msgs/mav_system_msgs/msg/detail/process_info__type_support.h
[7.266s] -- Installing: /home/zengine/vnav_ws/src/install/mav_system_msgs/include/mav_system_msgs/mav_system_msgs/msg/detail/process_info__functions.c
[7.266s] -- Installing: /home/zengine/vnav_ws/src/install/mav_system_msgs/include/mav_system_msgs/mav_system_msgs/msg/detail/cpu_info__functions.h
[7.266s] -- Installing: /home/zengine/vnav_ws/src/install/mav_system_msgs/include/mav_system_msgs/mav_system_msgs/msg/detail/cpu_info__struct.h
[7.266s] -- Installing: /home/zengine/vnav_ws/src/install/mav_system_msgs/include/mav_system_msgs/mav_system_msgs/msg/cpu_info.h
[7.266s] -- Installing: /home/zengine/vnav_ws/src/install/mav_system_msgs/include/mav_system_msgs/mav_system_msgs/msg/rosidl_generator_c__visibility_control.h
[7.266s] -- Installing: /home/zengine/vnav_ws/src/install/mav_system_msgs/include/mav_system_msgs/mav_system_msgs/msg/process_info.h
[7.266s] -- Installing: /home/zengine/vnav_ws/src/install/mav_system_msgs/share/mav_system_msgs/environment/library_path.sh
[7.266s] -- Installing: /home/zengine/vnav_ws/src/install/mav_system_msgs/share/mav_system_msgs/environment/library_path.dsv
[7.266s] -- Installing: /home/zengine/vnav_ws/src/install/mav_system_msgs/lib/libmav_system_msgs__rosidl_generator_c.so
[7.266s] -- Set runtime path of "/home/zengine/vnav_ws/src/install/mav_system_msgs/lib/libmav_system_msgs__rosidl_generator_c.so" to ""
[7.267s] -- Up-to-date: /home/zengine/vnav_ws/src/install/mav_system_msgs/include/mav_system_msgs/mav_system_msgs
[7.267s] -- Up-to-date: /home/zengine/vnav_ws/src/install/mav_system_msgs/include/mav_system_msgs/mav_system_msgs/msg
[7.267s] -- Installing: /home/zengine/vnav_ws/src/install/mav_system_msgs/include/mav_system_msgs/mav_system_msgs/msg/rosidl_typesupport_fastrtps_c__visibility_control.h
[7.267s] -- Up-to-date: /home/zengine/vnav_ws/src/install/mav_system_msgs/include/mav_system_msgs/mav_system_msgs/msg/detail
[7.267s] -- Installing: /home/zengine/vnav_ws/src/install/mav_system_msgs/include/mav_system_msgs/mav_system_msgs/msg/detail/cpu_info__rosidl_typesupport_fastrtps_c.h
[7.267s] -- Installing: /home/zengine/vnav_ws/src/install/mav_system_msgs/include/mav_system_msgs/mav_system_msgs/msg/detail/process_info__rosidl_typesupport_fastrtps_c.h
[7.267s] -- Installing: /home/zengine/vnav_ws/src/install/mav_system_msgs/lib/libmav_system_msgs__rosidl_typesupport_fastrtps_c.so
[7.267s] -- Set runtime path of "/home/zengine/vnav_ws/src/install/mav_system_msgs/lib/libmav_system_msgs__rosidl_typesupport_fastrtps_c.so" to ""
[7.267s] -- Up-to-date: /home/zengine/vnav_ws/src/install/mav_system_msgs/include/mav_system_msgs/mav_system_msgs
[7.267s] -- Up-to-date: /home/zengine/vnav_ws/src/install/mav_system_msgs/include/mav_system_msgs/mav_system_msgs/msg
[7.267s] -- Up-to-date: /home/zengine/vnav_ws/src/install/mav_system_msgs/include/mav_system_msgs/mav_system_msgs/msg/detail
[7.267s] -- Installing: /home/zengine/vnav_ws/src/install/mav_system_msgs/include/mav_system_msgs/mav_system_msgs/msg/detail/process_info__traits.hpp
[7.267s] -- Installing: /home/zengine/vnav_ws/src/install/mav_system_msgs/include/mav_system_msgs/mav_system_msgs/msg/detail/process_info__struct.hpp
[7.267s] -- Installing: /home/zengine/vnav_ws/src/install/mav_system_msgs/include/mav_system_msgs/mav_system_msgs/msg/detail/cpu_info__traits.hpp
[7.267s] -- Installing: /home/zengine/vnav_ws/src/install/mav_system_msgs/include/mav_system_msgs/mav_system_msgs/msg/detail/process_info__builder.hpp
[7.267s] -- Installing: /home/zengine/vnav_ws/src/install/mav_system_msgs/include/mav_system_msgs/mav_system_msgs/msg/detail/cpu_info__builder.hpp
[7.267s] -- Installing: /home/zengine/vnav_ws/src/install/mav_system_msgs/include/mav_system_msgs/mav_system_msgs/msg/detail/cpu_info__struct.hpp
[7.268s] -- Installing: /home/zengine/vnav_ws/src/install/mav_system_msgs/include/mav_system_msgs/mav_system_msgs/msg/detail/cpu_info__type_support.hpp
[7.268s] -- Installing: /home/zengine/vnav_ws/src/install/mav_system_msgs/include/mav_system_msgs/mav_system_msgs/msg/detail/process_info__type_support.hpp
[7.268s] -- Installing: /home/zengine/vnav_ws/src/install/mav_system_msgs/include/mav_system_msgs/mav_system_msgs/msg/rosidl_generator_cpp__visibility_control.hpp
[7.268s] -- Installing: /home/zengine/vnav_ws/src/install/mav_system_msgs/include/mav_system_msgs/mav_system_msgs/msg/cpu_info.hpp
[7.268s] -- Installing: /home/zengine/vnav_ws/src/install/mav_system_msgs/include/mav_system_msgs/mav_system_msgs/msg/process_info.hpp
[7.268s] -- Up-to-date: /home/zengine/vnav_ws/src/install/mav_system_msgs/include/mav_system_msgs/mav_system_msgs
[7.268s] -- Up-to-date: /home/zengine/vnav_ws/src/install/mav_system_msgs/include/mav_system_msgs/mav_system_msgs/msg
[7.268s] -- Up-to-date: /home/zengine/vnav_ws/src/install/mav_system_msgs/include/mav_system_msgs/mav_system_msgs/msg/detail
[7.268s] -- Installing: /home/zengine/vnav_ws/src/install/mav_system_msgs/include/mav_system_msgs/mav_system_msgs/msg/detail/process_info__rosidl_typesupport_fastrtps_cpp.hpp
[7.268s] -- Installing: /home/zengine/vnav_ws/src/install/mav_system_msgs/include/mav_system_msgs/mav_system_msgs/msg/detail/dds_fastrtps
[7.268s] -- Installing: /home/zengine/vnav_ws/src/install/mav_system_msgs/include/mav_system_msgs/mav_system_msgs/msg/detail/cpu_info__rosidl_typesupport_fastrtps_cpp.hpp
[7.268s] -- Installing: /home/zengine/vnav_ws/src/install/mav_system_msgs/include/mav_system_msgs/mav_system_msgs/msg/rosidl_typesupport_fastrtps_cpp__visibility_control.h
[7.268s] -- Installing: /home/zengine/vnav_ws/src/install/mav_system_msgs/lib/libmav_system_msgs__rosidl_typesupport_fastrtps_cpp.so
[7.268s] -- Set runtime path of "/home/zengine/vnav_ws/src/install/mav_system_msgs/lib/libmav_system_msgs__rosidl_typesupport_fastrtps_cpp.so" to ""
[7.268s] -- Up-to-date: /home/zengine/vnav_ws/src/install/mav_system_msgs/include/mav_system_msgs/mav_system_msgs
[7.268s] -- Up-to-date: /home/zengine/vnav_ws/src/install/mav_system_msgs/include/mav_system_msgs/mav_system_msgs/msg
[7.268s] -- Up-to-date: /home/zengine/vnav_ws/src/install/mav_system_msgs/include/mav_system_msgs/mav_system_msgs/msg/detail
[7.268s] -- Installing: /home/zengine/vnav_ws/src/install/mav_system_msgs/include/mav_system_msgs/mav_system_msgs/msg/detail/cpu_info__type_support.c
[7.268s] -- Installing: /home/zengine/vnav_ws/src/install/mav_system_msgs/include/mav_system_msgs/mav_system_msgs/msg/detail/process_info__type_support.c
[7.268s] -- Installing: /home/zengine/vnav_ws/src/install/mav_system_msgs/include/mav_system_msgs/mav_system_msgs/msg/detail/cpu_info__rosidl_typesupport_introspection_c.h
[7.268s] -- Installing: /home/zengine/vnav_ws/src/install/mav_system_msgs/include/mav_system_msgs/mav_system_msgs/msg/detail/process_info__rosidl_typesupport_introspection_c.h
[7.268s] -- Installing: /home/zengine/vnav_ws/src/install/mav_system_msgs/include/mav_system_msgs/mav_system_msgs/msg/rosidl_typesupport_introspection_c__visibility_control.h
[7.268s] -- Installing: /home/zengine/vnav_ws/src/install/mav_system_msgs/lib/libmav_system_msgs__rosidl_typesupport_introspection_c.so
[7.268s] -- Set runtime path of "/home/zengine/vnav_ws/src/install/mav_system_msgs/lib/libmav_system_msgs__rosidl_typesupport_introspection_c.so" to ""
[7.268s] -- Installing: /home/zengine/vnav_ws/src/install/mav_system_msgs/lib/libmav_system_msgs__rosidl_typesupport_c.so
[7.268s] -- Set runtime path of "/home/zengine/vnav_ws/src/install/mav_system_msgs/lib/libmav_system_msgs__rosidl_typesupport_c.so" to ""
[7.269s] -- Up-to-date: /home/zengine/vnav_ws/src/install/mav_system_msgs/include/mav_system_msgs/mav_system_msgs
[7.269s] -- Up-to-date: /home/zengine/vnav_ws/src/install/mav_system_msgs/include/mav_system_msgs/mav_system_msgs/msg
[7.269s] -- Up-to-date: /home/zengine/vnav_ws/src/install/mav_system_msgs/include/mav_system_msgs/mav_system_msgs/msg/detail
[7.269s] -- Installing: /home/zengine/vnav_ws/src/install/mav_system_msgs/include/mav_system_msgs/mav_system_msgs/msg/detail/process_info__type_support.cpp
[7.269s] -- Installing: /home/zengine/vnav_ws/src/install/mav_system_msgs/include/mav_system_msgs/mav_system_msgs/msg/detail/cpu_info__type_support.cpp
[7.269s] -- Installing: /home/zengine/vnav_ws/src/install/mav_system_msgs/include/mav_system_msgs/mav_system_msgs/msg/detail/process_info__rosidl_typesupport_introspection_cpp.hpp
[7.269s] -- Installing: /home/zengine/vnav_ws/src/install/mav_system_msgs/include/mav_system_msgs/mav_system_msgs/msg/detail/cpu_info__rosidl_typesupport_introspection_cpp.hpp
[7.269s] -- Installing: /home/zengine/vnav_ws/src/install/mav_system_msgs/lib/libmav_system_msgs__rosidl_typesupport_introspection_cpp.so
[7.269s] -- Set runtime path of "/home/zengine/vnav_ws/src/install/mav_system_msgs/lib/libmav_system_msgs__rosidl_typesupport_introspection_cpp.so" to ""
[7.269s] -- Installing: /home/zengine/vnav_ws/src/install/mav_system_msgs/lib/libmav_system_msgs__rosidl_typesupport_cpp.so
[7.269s] -- Set runtime path of "/home/zengine/vnav_ws/src/install/mav_system_msgs/lib/libmav_system_msgs__rosidl_typesupport_cpp.so" to ""
[7.269s] -- Installing: /home/zengine/vnav_ws/src/install/mav_system_msgs/share/mav_system_msgs/msg/CpuInfo.idl
[7.269s] -- Installing: /home/zengine/vnav_ws/src/install/mav_system_msgs/share/mav_system_msgs/msg/ProcessInfo.idl
[7.269s] -- Installing: /home/zengine/vnav_ws/src/install/mav_system_msgs/share/mav_system_msgs/msg/CpuInfo.msg
[7.269s] -- Installing: /home/zengine/vnav_ws/src/install/mav_system_msgs/share/mav_system_msgs/msg/ProcessInfo.msg
[7.269s] -- Installing: /home/zengine/vnav_ws/src/install/mav_system_msgs/share/ament_index/resource_index/package_run_dependencies/mav_system_msgs
[7.269s] -- Installing: /home/zengine/vnav_ws/src/install/mav_system_msgs/share/ament_index/resource_index/parent_prefix_path/mav_system_msgs
[7.269s] -- Installing: /home/zengine/vnav_ws/src/install/mav_system_msgs/share/mav_system_msgs/environment/ament_prefix_path.sh
[7.269s] -- Installing: /home/zengine/vnav_ws/src/install/mav_system_msgs/share/mav_system_msgs/environment/ament_prefix_path.dsv
[7.269s] -- Installing: /home/zengine/vnav_ws/src/install/mav_system_msgs/share/mav_system_msgs/environment/path.sh
[7.269s] -- Installing: /home/zengine/vnav_ws/src/install/mav_system_msgs/share/mav_system_msgs/environment/path.dsv
[7.269s] -- Installing: /home/zengine/vnav_ws/src/install/mav_system_msgs/share/mav_system_msgs/local_setup.bash
[7.269s] -- Installing: /home/zengine/vnav_ws/src/install/mav_system_msgs/share/mav_system_msgs/local_setup.sh
[7.269s] -- Installing: /home/zengine/vnav_ws/src/install/mav_system_msgs/share/mav_system_msgs/local_setup.zsh
[7.270s] -- Installing: /home/zengine/vnav_ws/src/install/mav_system_msgs/share/mav_system_msgs/local_setup.dsv
[7.270s] -- Installing: /home/zengine/vnav_ws/src/install/mav_system_msgs/share/mav_system_msgs/package.dsv
[7.270s] -- Installing: /home/zengine/vnav_ws/src/install/mav_system_msgs/share/ament_index/resource_index/packages/mav_system_msgs
[7.270s] -- Installing: /home/zengine/vnav_ws/src/install/mav_system_msgs/share/mav_system_msgs/cmake/export_mav_system_msgs__rosidl_generator_cExport.cmake
[7.270s] -- Installing: /home/zengine/vnav_ws/src/install/mav_system_msgs/share/mav_system_msgs/cmake/export_mav_system_msgs__rosidl_generator_cExport-noconfig.cmake
[7.270s] -- Installing: /home/zengine/vnav_ws/src/install/mav_system_msgs/share/mav_system_msgs/cmake/export_mav_system_msgs__rosidl_typesupport_fastrtps_cExport.cmake
[7.270s] -- Installing: /home/zengine/vnav_ws/src/install/mav_system_msgs/share/mav_system_msgs/cmake/export_mav_system_msgs__rosidl_typesupport_fastrtps_cExport-noconfig.cmake
[7.270s] -- Installing: /home/zengine/vnav_ws/src/install/mav_system_msgs/share/mav_system_msgs/cmake/export_mav_system_msgs__rosidl_generator_cppExport.cmake
[7.271s] -- Installing: /home/zengine/vnav_ws/src/install/mav_system_msgs/share/mav_system_msgs/cmake/export_mav_system_msgs__rosidl_typesupport_fastrtps_cppExport.cmake
[7.271s] -- Installing: /home/zengine/vnav_ws/src/install/mav_system_msgs/share/mav_system_msgs/cmake/export_mav_system_msgs__rosidl_typesupport_fastrtps_cppExport-noconfig.cmake
[7.271s] -- Installing: /home/zengine/vnav_ws/src/install/mav_system_msgs/share/mav_system_msgs/cmake/mav_system_msgs__rosidl_typesupport_introspection_cExport.cmake
[7.272s] -- Installing: /home/zengine/vnav_ws/src/install/mav_system_msgs/share/mav_system_msgs/cmake/mav_system_msgs__rosidl_typesupport_introspection_cExport-noconfig.cmake
[7.272s] -- Installing: /home/zengine/vnav_ws/src/install/mav_system_msgs/share/mav_system_msgs/cmake/mav_system_msgs__rosidl_typesupport_cExport.cmake
[7.272s] -- Installing: /home/zengine/vnav_ws/src/install/mav_system_msgs/share/mav_system_msgs/cmake/mav_system_msgs__rosidl_typesupport_cExport-noconfig.cmake
[7.272s] -- Installing: /home/zengine/vnav_ws/src/install/mav_system_msgs/share/mav_system_msgs/cmake/mav_system_msgs__rosidl_typesupport_introspection_cppExport.cmake
[7.272s] -- Installing: /home/zengine/vnav_ws/src/install/mav_system_msgs/share/mav_system_msgs/cmake/mav_system_msgs__rosidl_typesupport_introspection_cppExport-noconfig.cmake
[7.272s] -- Installing: /home/zengine/vnav_ws/src/install/mav_system_msgs/share/mav_system_msgs/cmake/mav_system_msgs__rosidl_typesupport_cppExport.cmake
[7.272s] -- Installing: /home/zengine/vnav_ws/src/install/mav_system_msgs/share/mav_system_msgs/cmake/mav_system_msgs__rosidl_typesupport_cppExport-noconfig.cmake
[7.272s] -- Installing: /home/zengine/vnav_ws/src/install/mav_system_msgs/share/mav_system_msgs/cmake/rosidl_cmake-extras.cmake
[7.272s] -- Installing: /home/zengine/vnav_ws/src/install/mav_system_msgs/share/mav_system_msgs/cmake/ament_cmake_export_dependencies-extras.cmake
[7.272s] -- Installing: /home/zengine/vnav_ws/src/install/mav_system_msgs/share/mav_system_msgs/cmake/ament_cmake_export_include_directories-extras.cmake
[7.272s] -- Installing: /home/zengine/vnav_ws/src/install/mav_system_msgs/share/mav_system_msgs/cmake/ament_cmake_export_libraries-extras.cmake
[7.272s] -- Installing: /home/zengine/vnav_ws/src/install/mav_system_msgs/share/mav_system_msgs/cmake/ament_cmake_export_targets-extras.cmake
[7.272s] -- Installing: /home/zengine/vnav_ws/src/install/mav_system_msgs/share/mav_system_msgs/cmake/rosidl_cmake_export_typesupport_targets-extras.cmake
[7.272s] -- Installing: /home/zengine/vnav_ws/src/install/mav_system_msgs/share/mav_system_msgs/cmake/rosidl_cmake_export_typesupport_libraries-extras.cmake
[7.272s] -- Installing: /home/zengine/vnav_ws/src/install/mav_system_msgs/share/mav_system_msgs/cmake/mav_system_msgsConfig.cmake
[7.272s] -- Installing: /home/zengine/vnav_ws/src/install/mav_system_msgs/share/mav_system_msgs/cmake/mav_system_msgsConfig-version.cmake
[7.272s] -- Installing: /home/zengine/vnav_ws/src/install/mav_system_msgs/share/mav_system_msgs/package.xml
[7.276s] Invoked command in '/home/zengine/vnav_ws/src/build/mav_system_msgs' returned '0': CMAKE_PREFIX_PATH=/opt/ros/humble /usr/bin/cmake --install /home/zengine/vnav_ws/src/build/mav_system_msgs
