-- The C compiler identification is GNU 11.4.0
-- The CXX compiler identification is GNU 11.4.0
-- Detecting C compiler ABI info
-- Detecting C compiler ABI info - done
-- Check for working C compiler: /usr/bin/cc - skipped
-- Detecting C compile features
-- Detecting C compile features - done
-- Detecting CXX compiler ABI info
-- Detecting CXX compiler ABI info - done
-- Check for working CXX compiler: /usr/bin/c++ - skipped
-- Detecting CXX compile features
-- Detecting CXX compile features - done
-- Found ament_cmake: 1.3.11 (/opt/ros/humble/share/ament_cmake/cmake)
-- Found Python3: /usr/bin/python3 (found version "3.10.12") found components: Interpreter 
-- Override CMake install command with custom implementation using symlinks instead of copying resources
-- Found rclcpp: 16.0.11 (/opt/ros/humble/share/rclcpp/cmake)
-- Found rosidl_generator_c: 3.1.6 (/opt/ros/humble/share/rosidl_generator_c/cmake)
-- Found rosidl_adapter: 3.1.6 (/opt/ros/humble/share/rosidl_adapter/cmake)
-- Found rosidl_generator_cpp: 3.1.6 (/opt/ros/humble/share/rosidl_generator_cpp/cmake)
-- Using all available rosidl_typesupport_c: rosidl_typesupport_fastrtps_c;rosidl_typesupport_introspection_c
-- Using all available rosidl_typesupport_cpp: rosidl_typesupport_fastrtps_cpp;rosidl_typesupport_introspection_cpp
-- Found rmw_implementation_cmake: 6.1.2 (/opt/ros/humble/share/rmw_implementation_cmake/cmake)
-- Found rmw_fastrtps_cpp: 6.2.7 (/opt/ros/humble/share/rmw_fastrtps_cpp/cmake)
-- Found OpenSSL: /usr/lib/x86_64-linux-gnu/libcrypto.so (found version "3.0.2")  
-- Found FastRTPS: /opt/ros/humble/include  
-- Using RMW implementation 'rmw_fastrtps_cpp' as default
-- Looking for pthread.h
-- Looking for pthread.h - found
-- Performing Test CMAKE_HAVE_LIBC_PTHREAD
-- Performing Test CMAKE_HAVE_LIBC_PTHREAD - Success
-- Found Threads: TRUE  
-- Found geometry_msgs: 4.2.4 (/opt/ros/humble/share/geometry_msgs/cmake)
-- Found visualization_msgs: 4.2.4 (/opt/ros/humble/share/visualization_msgs/cmake)
-- Found tf2: 0.25.11 (/opt/ros/humble/share/tf2/cmake)
-- Found tf2_ros: 0.25.11 (/opt/ros/humble/share/tf2_ros/cmake)
-- Configuring done
-- Generating done
-- Build files have been written to: /home/zengine/vnav_ws/src/build/two_drones_pkg
[ 25%] [32mBuilding CXX object CMakeFiles/frames_publisher_node.dir/src/frames_publisher_node.cpp.o[0m
[ 50%] [32mBuilding CXX object CMakeFiles/plots_publisher_node.dir/src/plots_publisher_node.cpp.o[0m
[ 75%] [32m[1mLinking CXX executable frames_publisher_node[0m
[ 75%] Built target frames_publisher_node
[100%] [32m[1mLinking CXX executable plots_publisher_node[0m
[100%] Built target plots_publisher_node
-- Install configuration: ""
-- Execute custom install script
-- Symlinking: /home/zengine/vnav_ws/src/install/two_drones_pkg/lib/two_drones_pkg/frames_publisher_node
-- Symlinking: /home/zengine/vnav_ws/src/install/two_drones_pkg/lib/two_drones_pkg/plots_publisher_node
-- Symlinking: /home/zengine/vnav_ws/src/install/two_drones_pkg/share/two_drones_pkg/mesh/quadrotor.dae
-- Symlinking: /home/zengine/vnav_ws/src/install/two_drones_pkg/share/two_drones_pkg/launch/two_drones.launch.yaml
-- Symlinking: /home/zengine/vnav_ws/src/install/two_drones_pkg/share/two_drones_pkg/config/default.rviz
-- Symlinking: /home/zengine/vnav_ws/src/install/two_drones_pkg/share/ament_index/resource_index/package_run_dependencies/two_drones_pkg
-- Symlinking: /home/zengine/vnav_ws/src/install/two_drones_pkg/share/ament_index/resource_index/parent_prefix_path/two_drones_pkg
-- Symlinking: /home/zengine/vnav_ws/src/install/two_drones_pkg/share/two_drones_pkg/environment/ament_prefix_path.sh
-- Symlinking: /home/zengine/vnav_ws/src/install/two_drones_pkg/share/two_drones_pkg/environment/ament_prefix_path.dsv
-- Symlinking: /home/zengine/vnav_ws/src/install/two_drones_pkg/share/two_drones_pkg/environment/path.sh
-- Symlinking: /home/zengine/vnav_ws/src/install/two_drones_pkg/share/two_drones_pkg/environment/path.dsv
-- Symlinking: /home/zengine/vnav_ws/src/install/two_drones_pkg/share/two_drones_pkg/local_setup.bash
-- Symlinking: /home/zengine/vnav_ws/src/install/two_drones_pkg/share/two_drones_pkg/local_setup.sh
-- Symlinking: /home/zengine/vnav_ws/src/install/two_drones_pkg/share/two_drones_pkg/local_setup.zsh
-- Symlinking: /home/zengine/vnav_ws/src/install/two_drones_pkg/share/two_drones_pkg/local_setup.dsv
-- Symlinking: /home/zengine/vnav_ws/src/install/two_drones_pkg/share/two_drones_pkg/package.dsv
-- Symlinking: /home/zengine/vnav_ws/src/install/two_drones_pkg/share/ament_index/resource_index/packages/two_drones_pkg
-- Symlinking: /home/zengine/vnav_ws/src/install/two_drones_pkg/share/two_drones_pkg/cmake/two_drones_pkgConfig.cmake
-- Symlinking: /home/zengine/vnav_ws/src/install/two_drones_pkg/share/two_drones_pkg/cmake/two_drones_pkgConfig-version.cmake
-- Symlinking: /home/zengine/vnav_ws/src/install/two_drones_pkg/share/two_drones_pkg/package.xml
