[0.005s] Invoking command in '/home/zengine/vnav_ws/src/build/two_drones_pkg': CMAKE_PREFIX_PATH=/opt/ros/humble /usr/bin/cmake /home/zengine/vnav_ws/src/two_drones_pkg -DAMENT_CMAKE_SYMLINK_INSTALL=1 -DCMAKE_INSTALL_PREFIX=/home/zengine/vnav_ws/src/install/two_drones_pkg
[0.355s] -- The C compiler identification is GNU 11.4.0
[0.423s] -- The CXX compiler identification is GNU 11.4.0
[0.428s] -- Detecting C compiler ABI info
[0.542s] -- Detecting C compiler ABI info - done
[0.547s] -- Check for working C compiler: /usr/bin/cc - skipped
[0.548s] -- Detecting C compile features
[0.548s] -- Detecting C compile features - done
[0.549s] -- Detecting CXX compiler ABI info
[0.645s] -- Detecting CXX compiler ABI info - done
[0.649s] -- Check for working CXX compiler: /usr/bin/c++ - skipped
[0.650s] -- Detecting CXX compile features
[0.650s] -- Detecting CXX compile features - done
[0.652s] -- Found ament_cmake: 1.3.11 (/opt/ros/humble/share/ament_cmake/cmake)
[0.782s] -- Found Python3: /usr/bin/python3 (found version "3.10.12") found components: Interpreter 
[0.832s] -- Override CMake install command with custom implementation using symlinks instead of copying resources
[0.855s] -- Found rclcpp: 16.0.11 (/opt/ros/humble/share/rclcpp/cmake)
[0.877s] -- Found rosidl_generator_c: 3.1.6 (/opt/ros/humble/share/rosidl_generator_c/cmake)
[0.879s] -- Found rosidl_adapter: 3.1.6 (/opt/ros/humble/share/rosidl_adapter/cmake)
[0.883s] -- Found rosidl_generator_cpp: 3.1.6 (/opt/ros/humble/share/rosidl_generator_cpp/cmake)
[0.888s] -- Using all available rosidl_typesupport_c: rosidl_typesupport_fastrtps_c;rosidl_typesupport_introspection_c
[0.895s] -- Using all available rosidl_typesupport_cpp: rosidl_typesupport_fastrtps_cpp;rosidl_typesupport_introspection_cpp
[0.915s] -- Found rmw_implementation_cmake: 6.1.2 (/opt/ros/humble/share/rmw_implementation_cmake/cmake)
[0.916s] -- Found rmw_fastrtps_cpp: 6.2.7 (/opt/ros/humble/share/rmw_fastrtps_cpp/cmake)
[0.962s] -- Found OpenSSL: /usr/lib/x86_64-linux-gnu/libcrypto.so (found version "3.0.2")  
[0.979s] -- Found FastRTPS: /opt/ros/humble/include  
[1.012s] -- Using RMW implementation 'rmw_fastrtps_cpp' as default
[1.016s] -- Looking for pthread.h
[1.157s] -- Looking for pthread.h - found
[1.157s] -- Performing Test CMAKE_HAVE_LIBC_PTHREAD
[1.240s] -- Performing Test CMAKE_HAVE_LIBC_PTHREAD - Success
[1.241s] -- Found Threads: TRUE  
[1.272s] -- Found geometry_msgs: 4.2.4 (/opt/ros/humble/share/geometry_msgs/cmake)
[1.278s] -- Found visualization_msgs: 4.2.4 (/opt/ros/humble/share/visualization_msgs/cmake)
[1.298s] -- Found tf2: 0.25.11 (/opt/ros/humble/share/tf2/cmake)
[1.302s] -- Found tf2_ros: 0.25.11 (/opt/ros/humble/share/tf2_ros/cmake)
[1.379s] -- Configuring done
[1.385s] -- Generating done
[1.388s] -- Build files have been written to: /home/zengine/vnav_ws/src/build/two_drones_pkg
[1.394s] Invoked command in '/home/zengine/vnav_ws/src/build/two_drones_pkg' returned '0': CMAKE_PREFIX_PATH=/opt/ros/humble /usr/bin/cmake /home/zengine/vnav_ws/src/two_drones_pkg -DAMENT_CMAKE_SYMLINK_INSTALL=1 -DCMAKE_INSTALL_PREFIX=/home/zengine/vnav_ws/src/install/two_drones_pkg
[1.395s] Invoking command in '/home/zengine/vnav_ws/src/build/two_drones_pkg': CMAKE_PREFIX_PATH=/opt/ros/humble /usr/bin/cmake --build /home/zengine/vnav_ws/src/build/two_drones_pkg -- -j20 -l20
[1.432s] [ 25%] [32mBuilding CXX object CMakeFiles/frames_publisher_node.dir/src/frames_publisher_node.cpp.o[0m
[1.433s] [ 50%] [32mBuilding CXX object CMakeFiles/plots_publisher_node.dir/src/plots_publisher_node.cpp.o[0m
[2.916s] [ 75%] [32m[1mLinking CXX executable frames_publisher_node[0m
[2.987s] [ 75%] Built target frames_publisher_node
[3.909s] [100%] [32m[1mLinking CXX executable plots_publisher_node[0m
[4.037s] [100%] Built target plots_publisher_node
[4.045s] Invoked command in '/home/zengine/vnav_ws/src/build/two_drones_pkg' returned '0': CMAKE_PREFIX_PATH=/opt/ros/humble /usr/bin/cmake --build /home/zengine/vnav_ws/src/build/two_drones_pkg -- -j20 -l20
[4.051s] Invoking command in '/home/zengine/vnav_ws/src/build/two_drones_pkg': CMAKE_PREFIX_PATH=/opt/ros/humble /usr/bin/cmake --install /home/zengine/vnav_ws/src/build/two_drones_pkg
[4.058s] -- Install configuration: ""
[4.058s] -- Execute custom install script
[4.058s] -- Symlinking: /home/zengine/vnav_ws/src/install/two_drones_pkg/lib/two_drones_pkg/frames_publisher_node
[4.065s] -- Symlinking: /home/zengine/vnav_ws/src/install/two_drones_pkg/lib/two_drones_pkg/plots_publisher_node
[4.072s] -- Symlinking: /home/zengine/vnav_ws/src/install/two_drones_pkg/share/two_drones_pkg/mesh/quadrotor.dae
[4.084s] -- Symlinking: /home/zengine/vnav_ws/src/install/two_drones_pkg/share/two_drones_pkg/launch/two_drones.launch.yaml
[4.097s] -- Symlinking: /home/zengine/vnav_ws/src/install/two_drones_pkg/share/two_drones_pkg/config/default.rviz
[4.107s] -- Symlinking: /home/zengine/vnav_ws/src/install/two_drones_pkg/share/ament_index/resource_index/package_run_dependencies/two_drones_pkg
[4.117s] -- Symlinking: /home/zengine/vnav_ws/src/install/two_drones_pkg/share/ament_index/resource_index/parent_prefix_path/two_drones_pkg
[4.127s] -- Symlinking: /home/zengine/vnav_ws/src/install/two_drones_pkg/share/two_drones_pkg/environment/ament_prefix_path.sh
[4.139s] -- Symlinking: /home/zengine/vnav_ws/src/install/two_drones_pkg/share/two_drones_pkg/environment/ament_prefix_path.dsv
[4.151s] -- Symlinking: /home/zengine/vnav_ws/src/install/two_drones_pkg/share/two_drones_pkg/environment/path.sh
[4.163s] -- Symlinking: /home/zengine/vnav_ws/src/install/two_drones_pkg/share/two_drones_pkg/environment/path.dsv
[4.171s] -- Symlinking: /home/zengine/vnav_ws/src/install/two_drones_pkg/share/two_drones_pkg/local_setup.bash
[4.175s] -- Symlinking: /home/zengine/vnav_ws/src/install/two_drones_pkg/share/two_drones_pkg/local_setup.sh
[4.180s] -- Symlinking: /home/zengine/vnav_ws/src/install/two_drones_pkg/share/two_drones_pkg/local_setup.zsh
[4.184s] -- Symlinking: /home/zengine/vnav_ws/src/install/two_drones_pkg/share/two_drones_pkg/local_setup.dsv
[4.195s] -- Symlinking: /home/zengine/vnav_ws/src/install/two_drones_pkg/share/two_drones_pkg/package.dsv
[4.206s] -- Symlinking: /home/zengine/vnav_ws/src/install/two_drones_pkg/share/ament_index/resource_index/packages/two_drones_pkg
[4.218s] -- Symlinking: /home/zengine/vnav_ws/src/install/two_drones_pkg/share/two_drones_pkg/cmake/two_drones_pkgConfig.cmake
[4.230s] -- Symlinking: /home/zengine/vnav_ws/src/install/two_drones_pkg/share/two_drones_pkg/cmake/two_drones_pkgConfig-version.cmake
[4.242s] -- Symlinking: /home/zengine/vnav_ws/src/install/two_drones_pkg/share/two_drones_pkg/package.xml
[4.258s] Invoked command in '/home/zengine/vnav_ws/src/build/two_drones_pkg' returned '0': CMAKE_PREFIX_PATH=/opt/ros/humble /usr/bin/cmake --install /home/zengine/vnav_ws/src/build/two_drones_pkg
