[1.884s] DEBUG:colcon:Command line arguments: ['/usr/bin/colcon', 'build']
[1.884s] DEBUG:colcon:Parsed command line arguments: Namespace(log_base=None, log_level=None, verb_name='build', build_base='build', install_base='install', merge_install=False, symlink_install=False, test_result_base=None, continue_on_error=False, executor='parallel', parallel_workers=20, event_handlers=None, ignore_user_meta=False, metas=['./colcon.meta'], base_paths=['.'], packages_ignore=None, packages_ignore_regex=None, paths=None, packages_up_to=None, packages_up_to_regex=None, packages_above=None, packages_above_and_dependencies=None, packages_above_depth=None, packages_select_by_dep=None, packages_skip_by_dep=None, packages_skip_up_to=None, packages_select_build_failed=False, packages_skip_build_finished=False, packages_select_test_failures=False, packages_skip_test_passed=False, packages_select=None, packages_skip=None, packages_select_regex=None, packages_skip_regex=None, packages_start=None, packages_end=None, allow_overriding=[], cmake_args=None, cmake_target=None, cmake_target_skip_unavailable=False, cmake_clean_cache=False, cmake_clean_first=False, cmake_force_configure=False, ament_cmake_args=None, catkin_cmake_args=None, catkin_skip_building_tests=False, mixin_files=None, mixin=None, verb_parser=<colcon_mixin.mixin.mixin_argument.MixinArgumentDecorator object at 0x7d5fdb64c4c0>, verb_extension=<colcon_core.verb.build.BuildVerb object at 0x7d5fdb6278b0>, main=<bound method BuildVerb.main of <colcon_core.verb.build.BuildVerb object at 0x7d5fdb6278b0>>, mixin_verb=('build',))
[4.386s] Level 1:colcon.colcon_core.package_discovery:discover_packages(colcon_meta) check parameters
[4.386s] Level 1:colcon.colcon_core.package_discovery:discover_packages(recursive) check parameters
[4.386s] Level 1:colcon.colcon_core.package_discovery:discover_packages(ignore) check parameters
[4.386s] Level 1:colcon.colcon_core.package_discovery:discover_packages(path) check parameters
[4.386s] Level 1:colcon.colcon_core.package_discovery:discover_packages(colcon_meta) discover
[4.386s] Level 1:colcon.colcon_core.package_discovery:discover_packages(recursive) discover
[4.386s] INFO:colcon.colcon_core.package_discovery:Crawling recursively for packages in '/home/zengine/vnav_ws/src'
[4.386s] Level 1:colcon.colcon_core.package_identification:_identify(.) by extensions ['ignore', 'ignore_ament_install']
[4.386s] Level 1:colcon.colcon_core.package_identification:_identify(.) by extension 'ignore'
[4.386s] Level 1:colcon.colcon_core.package_identification:_identify(.) by extension 'ignore_ament_install'
[4.386s] Level 1:colcon.colcon_core.package_identification:_identify(.) by extensions ['colcon_pkg']
[4.386s] Level 1:colcon.colcon_core.package_identification:_identify(.) by extension 'colcon_pkg'
[4.386s] Level 1:colcon.colcon_core.package_identification:_identify(.) by extensions ['colcon_meta']
[4.386s] Level 1:colcon.colcon_core.package_identification:_identify(.) by extension 'colcon_meta'
[4.386s] Level 1:colcon.colcon_core.package_identification:_identify(.) by extensions ['ros']
[4.386s] Level 1:colcon.colcon_core.package_identification:_identify(.) by extension 'ros'
[4.423s] Level 1:colcon.colcon_core.package_identification:_identify(.) by extensions ['cmake', 'python']
[4.423s] Level 1:colcon.colcon_core.package_identification:_identify(.) by extension 'cmake'
[4.423s] Level 1:colcon.colcon_core.package_identification:_identify(.) by extension 'python'
[4.423s] Level 1:colcon.colcon_core.package_identification:_identify(.) by extensions ['python_setup_py']
[4.423s] Level 1:colcon.colcon_core.package_identification:_identify(.) by extension 'python_setup_py'
[4.423s] Level 1:colcon.colcon_core.package_identification:_identify(build) by extensions ['ignore', 'ignore_ament_install']
[4.423s] Level 1:colcon.colcon_core.package_identification:_identify(build) by extension 'ignore'
[4.424s] Level 1:colcon.colcon_core.package_identification:_identify(build) ignored
[4.424s] Level 1:colcon.colcon_core.package_identification:_identify(install) by extensions ['ignore', 'ignore_ament_install']
[4.424s] Level 1:colcon.colcon_core.package_identification:_identify(install) by extension 'ignore'
[4.424s] Level 1:colcon.colcon_core.package_identification:_identify(install) ignored
[4.424s] Level 1:colcon.colcon_core.package_identification:_identify(log) by extensions ['ignore', 'ignore_ament_install']
[4.424s] Level 1:colcon.colcon_core.package_identification:_identify(log) by extension 'ignore'
[4.424s] Level 1:colcon.colcon_core.package_identification:_identify(log) ignored
[4.424s] Level 1:colcon.colcon_core.package_identification:_identify(two_drones_pkg) by extensions ['ignore', 'ignore_ament_install']
[4.424s] Level 1:colcon.colcon_core.package_identification:_identify(two_drones_pkg) by extension 'ignore'
[4.424s] Level 1:colcon.colcon_core.package_identification:_identify(two_drones_pkg) by extension 'ignore_ament_install'
[4.424s] Level 1:colcon.colcon_core.package_identification:_identify(two_drones_pkg) by extensions ['colcon_pkg']
[4.424s] Level 1:colcon.colcon_core.package_identification:_identify(two_drones_pkg) by extension 'colcon_pkg'
[4.424s] Level 1:colcon.colcon_core.package_identification:_identify(two_drones_pkg) by extensions ['colcon_meta']
[4.424s] Level 1:colcon.colcon_core.package_identification:_identify(two_drones_pkg) by extension 'colcon_meta'
[4.424s] Level 1:colcon.colcon_core.package_identification:_identify(two_drones_pkg) by extensions ['ros']
[4.424s] Level 1:colcon.colcon_core.package_identification:_identify(two_drones_pkg) by extension 'ros'
[4.453s] DEBUG:colcon.colcon_core.package_identification:Package 'two_drones_pkg' with type 'ros.ament_cmake' and name 'two_drones_pkg'
[4.453s] Level 1:colcon.colcon_core.package_discovery:discover_packages(recursive) using defaults
[4.453s] Level 1:colcon.colcon_core.package_discovery:discover_packages(ignore) discover
[4.453s] Level 1:colcon.colcon_core.package_discovery:discover_packages(ignore) using defaults
[4.453s] Level 1:colcon.colcon_core.package_discovery:discover_packages(path) discover
[4.453s] Level 1:colcon.colcon_core.package_discovery:discover_packages(path) using defaults
[4.657s] Level 1:colcon.colcon_core.package_discovery:discover_packages(prefix_path) check parameters
[4.657s] Level 1:colcon.colcon_core.package_discovery:discover_packages(prefix_path) discover
[4.666s] DEBUG:colcon.colcon_installed_package_information.package_discovery:Found 271 installed packages in /opt/ros/humble
[4.666s] Level 1:colcon.colcon_core.package_discovery:discover_packages(prefix_path) using defaults
[4.723s] Level 5:colcon.colcon_core.verb:set package 'two_drones_pkg' build argument 'cmake_args' from command line to 'None'
[4.723s] Level 5:colcon.colcon_core.verb:set package 'two_drones_pkg' build argument 'cmake_target' from command line to 'None'
[4.723s] Level 5:colcon.colcon_core.verb:set package 'two_drones_pkg' build argument 'cmake_target_skip_unavailable' from command line to 'False'
[4.723s] Level 5:colcon.colcon_core.verb:set package 'two_drones_pkg' build argument 'cmake_clean_cache' from command line to 'False'
[4.723s] Level 5:colcon.colcon_core.verb:set package 'two_drones_pkg' build argument 'cmake_clean_first' from command line to 'False'
[4.723s] Level 5:colcon.colcon_core.verb:set package 'two_drones_pkg' build argument 'cmake_force_configure' from command line to 'False'
[4.723s] Level 5:colcon.colcon_core.verb:set package 'two_drones_pkg' build argument 'ament_cmake_args' from command line to 'None'
[4.723s] Level 5:colcon.colcon_core.verb:set package 'two_drones_pkg' build argument 'catkin_cmake_args' from command line to 'None'
[4.723s] Level 5:colcon.colcon_core.verb:set package 'two_drones_pkg' build argument 'catkin_skip_building_tests' from command line to 'False'
[4.723s] DEBUG:colcon.colcon_core.verb:Building package 'two_drones_pkg' with the following arguments: {'ament_cmake_args': None, 'build_base': '/home/zengine/vnav_ws/src/build/two_drones_pkg', 'catkin_cmake_args': None, 'catkin_skip_building_tests': False, 'cmake_args': None, 'cmake_clean_cache': False, 'cmake_clean_first': False, 'cmake_force_configure': False, 'cmake_target': None, 'cmake_target_skip_unavailable': False, 'install_base': '/home/zengine/vnav_ws/src/install/two_drones_pkg', 'merge_install': False, 'path': '/home/zengine/vnav_ws/src/two_drones_pkg', 'symlink_install': False, 'test_result_base': None}
[4.724s] INFO:colcon.colcon_core.executor:Executing jobs using 'parallel' executor
[4.724s] DEBUG:colcon.colcon_parallel_executor.executor.parallel:run_until_complete
[4.735s] INFO:colcon.colcon_ros.task.ament_cmake.build:Building ROS package in '/home/zengine/vnav_ws/src/two_drones_pkg' with build type 'ament_cmake'
[4.736s] INFO:colcon.colcon_cmake.task.cmake.build:Building CMake package in '/home/zengine/vnav_ws/src/two_drones_pkg'
[4.756s] INFO:colcon.colcon_core.plugin_system:Skipping extension 'colcon_core.shell.bat': Not used on non-Windows systems
[4.757s] INFO:colcon.colcon_core.shell:Skip shell extension 'powershell' for command environment: Not usable outside of PowerShell
[4.757s] DEBUG:colcon.colcon_core.shell:Skip shell extension 'dsv' for command environment
[4.790s] DEBUG:colcon.colcon_core.event_handler.log_command:Invoking command in '/home/zengine/vnav_ws/src/build/two_drones_pkg': CMAKE_PREFIX_PATH=/opt/ros/humble /usr/bin/cmake /home/zengine/vnav_ws/src/two_drones_pkg -DCMAKE_INSTALL_PREFIX=/home/zengine/vnav_ws/src/install/two_drones_pkg
[6.489s] DEBUG:colcon.colcon_core.event_handler.log_command:Invoked command in '/home/zengine/vnav_ws/src/build/two_drones_pkg' returned '0': CMAKE_PREFIX_PATH=/opt/ros/humble /usr/bin/cmake /home/zengine/vnav_ws/src/two_drones_pkg -DCMAKE_INSTALL_PREFIX=/home/zengine/vnav_ws/src/install/two_drones_pkg
[6.490s] DEBUG:colcon.colcon_core.event_handler.log_command:Invoking command in '/home/zengine/vnav_ws/src/build/two_drones_pkg': CMAKE_PREFIX_PATH=/opt/ros/humble /usr/bin/cmake --build /home/zengine/vnav_ws/src/build/two_drones_pkg -- -j20 -l20
[10.056s] DEBUG:colcon.colcon_core.event_handler.log_command:Invoked command in '/home/zengine/vnav_ws/src/build/two_drones_pkg' returned '0': CMAKE_PREFIX_PATH=/opt/ros/humble /usr/bin/cmake --build /home/zengine/vnav_ws/src/build/two_drones_pkg -- -j20 -l20
[10.083s] DEBUG:colcon.colcon_core.event_handler.log_command:Invoking command in '/home/zengine/vnav_ws/src/build/two_drones_pkg': CMAKE_PREFIX_PATH=/opt/ros/humble /usr/bin/cmake --install /home/zengine/vnav_ws/src/build/two_drones_pkg
[10.104s] Level 1:colcon.colcon_core.environment:create_environment_scripts_only(two_drones_pkg)
[10.104s] DEBUG:colcon.colcon_core.event_handler.log_command:Invoked command in '/home/zengine/vnav_ws/src/build/two_drones_pkg' returned '0': CMAKE_PREFIX_PATH=/opt/ros/humble /usr/bin/cmake --install /home/zengine/vnav_ws/src/build/two_drones_pkg
[10.149s] Level 1:colcon.colcon_core.environment:checking '/home/zengine/vnav_ws/src/install/two_drones_pkg' for CMake module files
[10.149s] Level 1:colcon.colcon_core.environment:checking '/home/zengine/vnav_ws/src/install/two_drones_pkg' for CMake config files
[10.150s] Level 1:colcon.colcon_core.shell:create_environment_hook('two_drones_pkg', 'cmake_prefix_path')
[10.150s] INFO:colcon.colcon_core.shell:Creating environment hook '/home/zengine/vnav_ws/src/install/two_drones_pkg/share/two_drones_pkg/hook/cmake_prefix_path.ps1'
[10.161s] INFO:colcon.colcon_core.shell:Creating environment descriptor '/home/zengine/vnav_ws/src/install/two_drones_pkg/share/two_drones_pkg/hook/cmake_prefix_path.dsv'
[10.170s] INFO:colcon.colcon_core.shell:Creating environment hook '/home/zengine/vnav_ws/src/install/two_drones_pkg/share/two_drones_pkg/hook/cmake_prefix_path.sh'
[10.172s] Level 1:colcon.colcon_core.environment:checking '/home/zengine/vnav_ws/src/install/two_drones_pkg/lib'
[10.172s] Level 1:colcon.colcon_core.environment:checking '/home/zengine/vnav_ws/src/install/two_drones_pkg/bin'
[10.172s] Level 1:colcon.colcon_core.environment:checking '/home/zengine/vnav_ws/src/install/two_drones_pkg/lib/pkgconfig/two_drones_pkg.pc'
[10.173s] Level 1:colcon.colcon_core.environment:checking '/home/zengine/vnav_ws/src/install/two_drones_pkg/lib/python3.10/site-packages'
[10.173s] Level 1:colcon.colcon_core.environment:checking '/home/zengine/vnav_ws/src/install/two_drones_pkg/bin'
[10.174s] INFO:colcon.colcon_core.shell:Creating package script '/home/zengine/vnav_ws/src/install/two_drones_pkg/share/two_drones_pkg/package.ps1'
[10.175s] INFO:colcon.colcon_core.shell:Creating package descriptor '/home/zengine/vnav_ws/src/install/two_drones_pkg/share/two_drones_pkg/package.dsv'
[10.175s] INFO:colcon.colcon_core.shell:Creating package script '/home/zengine/vnav_ws/src/install/two_drones_pkg/share/two_drones_pkg/package.sh'
[10.176s] INFO:colcon.colcon_core.shell:Creating package script '/home/zengine/vnav_ws/src/install/two_drones_pkg/share/two_drones_pkg/package.bash'
[10.177s] INFO:colcon.colcon_core.shell:Creating package script '/home/zengine/vnav_ws/src/install/two_drones_pkg/share/two_drones_pkg/package.zsh'
[10.192s] Level 1:colcon.colcon_core.environment:create_file_with_runtime_dependencies(/home/zengine/vnav_ws/src/install/two_drones_pkg/share/colcon-core/packages/two_drones_pkg)
[10.192s] Level 1:colcon.colcon_core.environment:create_environment_scripts_only(two_drones_pkg)
[10.193s] Level 1:colcon.colcon_core.environment:checking '/home/zengine/vnav_ws/src/install/two_drones_pkg' for CMake module files
[10.193s] Level 1:colcon.colcon_core.environment:checking '/home/zengine/vnav_ws/src/install/two_drones_pkg' for CMake config files
[10.193s] Level 1:colcon.colcon_core.shell:create_environment_hook('two_drones_pkg', 'cmake_prefix_path')
[10.193s] INFO:colcon.colcon_core.shell:Creating environment hook '/home/zengine/vnav_ws/src/install/two_drones_pkg/share/two_drones_pkg/hook/cmake_prefix_path.ps1'
[10.194s] INFO:colcon.colcon_core.shell:Creating environment descriptor '/home/zengine/vnav_ws/src/install/two_drones_pkg/share/two_drones_pkg/hook/cmake_prefix_path.dsv'
[10.194s] INFO:colcon.colcon_core.shell:Creating environment hook '/home/zengine/vnav_ws/src/install/two_drones_pkg/share/two_drones_pkg/hook/cmake_prefix_path.sh'
[10.194s] Level 1:colcon.colcon_core.environment:checking '/home/zengine/vnav_ws/src/install/two_drones_pkg/lib'
[10.194s] Level 1:colcon.colcon_core.environment:checking '/home/zengine/vnav_ws/src/install/two_drones_pkg/bin'
[10.194s] Level 1:colcon.colcon_core.environment:checking '/home/zengine/vnav_ws/src/install/two_drones_pkg/lib/pkgconfig/two_drones_pkg.pc'
[10.194s] Level 1:colcon.colcon_core.environment:checking '/home/zengine/vnav_ws/src/install/two_drones_pkg/lib/python3.10/site-packages'
[10.195s] Level 1:colcon.colcon_core.environment:checking '/home/zengine/vnav_ws/src/install/two_drones_pkg/bin'
[10.195s] INFO:colcon.colcon_core.shell:Creating package script '/home/zengine/vnav_ws/src/install/two_drones_pkg/share/two_drones_pkg/package.ps1'
[10.195s] INFO:colcon.colcon_core.shell:Creating package descriptor '/home/zengine/vnav_ws/src/install/two_drones_pkg/share/two_drones_pkg/package.dsv'
[10.195s] INFO:colcon.colcon_core.shell:Creating package script '/home/zengine/vnav_ws/src/install/two_drones_pkg/share/two_drones_pkg/package.sh'
[10.195s] INFO:colcon.colcon_core.shell:Creating package script '/home/zengine/vnav_ws/src/install/two_drones_pkg/share/two_drones_pkg/package.bash'
[10.196s] INFO:colcon.colcon_core.shell:Creating package script '/home/zengine/vnav_ws/src/install/two_drones_pkg/share/two_drones_pkg/package.zsh'
[10.196s] Level 1:colcon.colcon_core.environment:create_file_with_runtime_dependencies(/home/zengine/vnav_ws/src/install/two_drones_pkg/share/colcon-core/packages/two_drones_pkg)
[10.196s] DEBUG:colcon.colcon_parallel_executor.executor.parallel:closing loop
[10.196s] DEBUG:colcon.colcon_parallel_executor.executor.parallel:loop closed
[10.196s] DEBUG:colcon.colcon_parallel_executor.executor.parallel:run_until_complete finished with '0'
[10.196s] DEBUG:colcon.colcon_core.event_reactor:joining thread
[10.199s] INFO:colcon.colcon_core.plugin_system:Skipping extension 'colcon_notification.desktop_notification.terminal_notifier': Not used on non-Darwin systems
[10.200s] INFO:colcon.colcon_core.plugin_system:Skipping extension 'colcon_notification.desktop_notification.win32': Not used on non-Windows systems
[10.200s] INFO:colcon.colcon_notification.desktop_notification:Sending desktop notification using 'notify2'
[10.206s] DEBUG:colcon.colcon_core.event_reactor:joined thread
[10.206s] INFO:colcon.colcon_core.shell:Creating prefix script '/home/zengine/vnav_ws/src/install/local_setup.ps1'
[10.220s] INFO:colcon.colcon_core.shell:Creating prefix util module '/home/zengine/vnav_ws/src/install/_local_setup_util_ps1.py'
[10.231s] INFO:colcon.colcon_core.shell:Creating prefix chain script '/home/zengine/vnav_ws/src/install/setup.ps1'
[10.232s] INFO:colcon.colcon_core.shell:Creating prefix script '/home/zengine/vnav_ws/src/install/local_setup.sh'
[10.232s] INFO:colcon.colcon_core.shell:Creating prefix util module '/home/zengine/vnav_ws/src/install/_local_setup_util_sh.py'
[10.233s] INFO:colcon.colcon_core.shell:Creating prefix chain script '/home/zengine/vnav_ws/src/install/setup.sh'
[10.233s] INFO:colcon.colcon_core.shell:Creating prefix script '/home/zengine/vnav_ws/src/install/local_setup.bash'
[10.234s] INFO:colcon.colcon_core.shell:Creating prefix chain script '/home/zengine/vnav_ws/src/install/setup.bash'
[10.234s] INFO:colcon.colcon_core.shell:Creating prefix script '/home/zengine/vnav_ws/src/install/local_setup.zsh'
[10.234s] INFO:colcon.colcon_core.shell:Creating prefix chain script '/home/zengine/vnav_ws/src/install/setup.zsh'
