-- Found ament_cmake: 1.3.11 (/opt/ros/humble/share/ament_cmake/cmake)
-- Override CMake install command with custom implementation using symlinks instead of copying resources
-- Found rclcpp: 16.0.11 (/opt/ros/humble/share/rclcpp/cmake)
-- Found rosidl_generator_c: 3.1.6 (/opt/ros/humble/share/rosidl_generator_c/cmake)
-- Found rosidl_adapter: 3.1.6 (/opt/ros/humble/share/rosidl_adapter/cmake)
-- Found rosidl_generator_cpp: 3.1.6 (/opt/ros/humble/share/rosidl_generator_cpp/cmake)
-- Using all available rosidl_typesupport_c: rosidl_typesupport_fastrtps_c;rosidl_typesupport_introspection_c
-- Using all available rosidl_typesupport_cpp: rosidl_typesupport_fastrtps_cpp;rosidl_typesupport_introspection_cpp
-- Found rmw_implementation_cmake: 6.1.2 (/opt/ros/humble/share/rmw_implementation_cmake/cmake)
-- Found rmw_fastrtps_cpp: 6.2.7 (/opt/ros/humble/share/rmw_fastrtps_cpp/cmake)
-- Using RMW implementation 'rmw_fastrtps_cpp' as default
-- Found geometry_msgs: 4.2.4 (/opt/ros/humble/share/geometry_msgs/cmake)
-- Found visualization_msgs: 4.2.4 (/opt/ros/humble/share/visualization_msgs/cmake)
-- Found tf2: 0.25.11 (/opt/ros/humble/share/tf2/cmake)
-- Found tf2_ros: 0.25.11 (/opt/ros/humble/share/tf2_ros/cmake)
-- Configuring done
-- Generating done
-- Build files have been written to: /home/zengine/vnav_ws/src/build/two_drones_pkg
[35m[1mConsolidate compiler generated dependencies of target frames_publisher_node[0m
[35m[1mConsolidate compiler generated dependencies of target plots_publisher_node[0m
[ 25%] [32mBuilding CXX object CMakeFiles/frames_publisher_node.dir/src/frames_publisher_node.cpp.o[0m
[ 50%] [32mBuilding CXX object CMakeFiles/plots_publisher_node.dir/src/plots_publisher_node.cpp.o[0m
[ 75%] [32m[1mLinking CXX executable frames_publisher_node[0m
[100%] [32m[1mLinking CXX executable plots_publisher_node[0m
[100%] Built target frames_publisher_node
[100%] Built target plots_publisher_node
-- Install configuration: ""
-- Execute custom install script
-- Up-to-date symlink: /home/zengine/vnav_ws/src/install/two_drones_pkg/lib/two_drones_pkg/frames_publisher_node
-- Up-to-date symlink: /home/zengine/vnav_ws/src/install/two_drones_pkg/lib/two_drones_pkg/plots_publisher_node
-- Up-to-date symlink: /home/zengine/vnav_ws/src/install/two_drones_pkg/share/two_drones_pkg/mesh/quadrotor.dae
-- Up-to-date symlink: /home/zengine/vnav_ws/src/install/two_drones_pkg/share/two_drones_pkg/launch/two_drones.launch.yaml
-- Up-to-date symlink: /home/zengine/vnav_ws/src/install/two_drones_pkg/share/two_drones_pkg/config/default.rviz
-- Up-to-date symlink: /home/zengine/vnav_ws/src/install/two_drones_pkg/share/ament_index/resource_index/package_run_dependencies/two_drones_pkg
-- Up-to-date symlink: /home/zengine/vnav_ws/src/install/two_drones_pkg/share/ament_index/resource_index/parent_prefix_path/two_drones_pkg
-- Up-to-date symlink: /home/zengine/vnav_ws/src/install/two_drones_pkg/share/two_drones_pkg/environment/ament_prefix_path.sh
-- Up-to-date symlink: /home/zengine/vnav_ws/src/install/two_drones_pkg/share/two_drones_pkg/environment/ament_prefix_path.dsv
-- Up-to-date symlink: /home/zengine/vnav_ws/src/install/two_drones_pkg/share/two_drones_pkg/environment/path.sh
-- Up-to-date symlink: /home/zengine/vnav_ws/src/install/two_drones_pkg/share/two_drones_pkg/environment/path.dsv
-- Up-to-date symlink: /home/zengine/vnav_ws/src/install/two_drones_pkg/share/two_drones_pkg/local_setup.bash
-- Up-to-date symlink: /home/zengine/vnav_ws/src/install/two_drones_pkg/share/two_drones_pkg/local_setup.sh
-- Up-to-date symlink: /home/zengine/vnav_ws/src/install/two_drones_pkg/share/two_drones_pkg/local_setup.zsh
-- Up-to-date symlink: /home/zengine/vnav_ws/src/install/two_drones_pkg/share/two_drones_pkg/local_setup.dsv
-- Symlinking: /home/zengine/vnav_ws/src/install/two_drones_pkg/share/two_drones_pkg/package.dsv
-- Up-to-date symlink: /home/zengine/vnav_ws/src/install/two_drones_pkg/share/ament_index/resource_index/packages/two_drones_pkg
-- Up-to-date symlink: /home/zengine/vnav_ws/src/install/two_drones_pkg/share/two_drones_pkg/cmake/two_drones_pkgConfig.cmake
-- Up-to-date symlink: /home/zengine/vnav_ws/src/install/two_drones_pkg/share/two_drones_pkg/cmake/two_drones_pkgConfig-version.cmake
-- Up-to-date symlink: /home/zengine/vnav_ws/src/install/two_drones_pkg/share/two_drones_pkg/package.xml
