[0.054s] Invoking command in '/home/zengine/vnav_ws/src/build/two_drones_pkg': CMAKE_PREFIX_PATH=/opt/ros/humble /usr/bin/cmake /home/zengine/vnav_ws/src/two_drones_pkg -DCMAKE_INSTALL_PREFIX=/home/zengine/vnav_ws/src/install/two_drones_pkg
[0.214s] -- Found ament_cmake: 1.3.11 (/opt/ros/humble/share/ament_cmake/cmake)
[0.500s] -- Override CMake install command with custom implementation using symlinks instead of copying resources
[0.625s] -- Found rclcpp: 16.0.11 (/opt/ros/humble/share/rclcpp/cmake)
[0.793s] -- Found rosidl_generator_c: 3.1.6 (/opt/ros/humble/share/rosidl_generator_c/cmake)
[0.800s] -- Found rosidl_adapter: 3.1.6 (/opt/ros/humble/share/rosidl_adapter/cmake)
[0.856s] -- Found rosidl_generator_cpp: 3.1.6 (/opt/ros/humble/share/rosidl_generator_cpp/cmake)
[0.941s] -- Using all available rosidl_typesupport_c: rosidl_typesupport_fastrtps_c;rosidl_typesupport_introspection_c
[0.969s] -- Using all available rosidl_typesupport_cpp: rosidl_typesupport_fastrtps_cpp;rosidl_typesupport_introspection_cpp
[1.068s] -- Found rmw_implementation_cmake: 6.1.2 (/opt/ros/humble/share/rmw_implementation_cmake/cmake)
[1.070s] -- Found rmw_fastrtps_cpp: 6.2.7 (/opt/ros/humble/share/rmw_fastrtps_cpp/cmake)
[1.224s] -- Using RMW implementation 'rmw_fastrtps_cpp' as default
[1.351s] -- Found geometry_msgs: 4.2.4 (/opt/ros/humble/share/geometry_msgs/cmake)
[1.368s] -- Found visualization_msgs: 4.2.4 (/opt/ros/humble/share/visualization_msgs/cmake)
[1.410s] -- Found tf2: 0.25.11 (/opt/ros/humble/share/tf2/cmake)
[1.441s] -- Found tf2_ros: 0.25.11 (/opt/ros/humble/share/tf2_ros/cmake)
[1.705s] -- Configuring done
[1.744s] -- Generating done
[1.747s] -- Build files have been written to: /home/zengine/vnav_ws/src/build/two_drones_pkg
[1.753s] Invoked command in '/home/zengine/vnav_ws/src/build/two_drones_pkg' returned '0': CMAKE_PREFIX_PATH=/opt/ros/humble /usr/bin/cmake /home/zengine/vnav_ws/src/two_drones_pkg -DCMAKE_INSTALL_PREFIX=/home/zengine/vnav_ws/src/install/two_drones_pkg
[1.754s] Invoking command in '/home/zengine/vnav_ws/src/build/two_drones_pkg': CMAKE_PREFIX_PATH=/opt/ros/humble /usr/bin/cmake --build /home/zengine/vnav_ws/src/build/two_drones_pkg -- -j20 -l20
[1.835s] [35m[1mConsolidate compiler generated dependencies of target frames_publisher_node[0m
[1.835s] [35m[1mConsolidate compiler generated dependencies of target plots_publisher_node[0m
[1.845s] [ 25%] [32mBuilding CXX object CMakeFiles/frames_publisher_node.dir/src/frames_publisher_node.cpp.o[0m
[1.846s] [ 50%] [32mBuilding CXX object CMakeFiles/plots_publisher_node.dir/src/plots_publisher_node.cpp.o[0m
[3.291s] [01m[K/home/zengine/vnav_ws/src/two_drones_pkg/src/frames_publisher_node.cpp:[m[K In function ‘[01m[Kint main(int, char**)[m[K’:
[3.291s] [01m[K/home/zengine/vnav_ws/src/two_drones_pkg/src/frames_publisher_node.cpp:123:11:[m[K [01;35m[Kwarning: [m[Kstatement is a reference, not call, to function ‘[01m[Krclcpp::shutdown[m[K’ [[01;35m[K]8;;https://gcc.gnu.org/onlinedocs/gcc/Warning-Options.html#index-Waddress-Waddress]8;;[m[K]
[3.291s]   123 |   [01;35m[Krclcpp::shutdown[m[K;
[3.291s]       |   [01;35m[K~~~~~~~~^~~~~~~~[m[K
[3.291s] [01m[K/home/zengine/vnav_ws/src/two_drones_pkg/src/frames_publisher_node.cpp:123:11:[m[K [01;35m[Kwarning: [m[Kstatement has no effect [[01;35m[K]8;;https://gcc.gnu.org/onlinedocs/gcc/Warning-Options.html#index-Wunused-value-Wunused-value]8;;[m[K]
[4.356s] [ 75%] [32m[1mLinking CXX executable frames_publisher_node[0m
[4.662s] [100%] [32m[1mLinking CXX executable plots_publisher_node[0m
[5.280s] [100%] Built target frames_publisher_node
[5.291s] [100%] Built target plots_publisher_node
[5.320s] Invoked command in '/home/zengine/vnav_ws/src/build/two_drones_pkg' returned '0': CMAKE_PREFIX_PATH=/opt/ros/humble /usr/bin/cmake --build /home/zengine/vnav_ws/src/build/two_drones_pkg -- -j20 -l20
[5.347s] Invoking command in '/home/zengine/vnav_ws/src/build/two_drones_pkg': CMAKE_PREFIX_PATH=/opt/ros/humble /usr/bin/cmake --install /home/zengine/vnav_ws/src/build/two_drones_pkg
[5.351s] -- Install configuration: ""
[5.351s] -- Execute custom install script
[5.357s] -- Up-to-date symlink: /home/zengine/vnav_ws/src/install/two_drones_pkg/lib/two_drones_pkg/frames_publisher_node
[5.358s] -- Up-to-date symlink: /home/zengine/vnav_ws/src/install/two_drones_pkg/lib/two_drones_pkg/plots_publisher_node
[5.358s] -- Up-to-date symlink: /home/zengine/vnav_ws/src/install/two_drones_pkg/share/two_drones_pkg/mesh/quadrotor.dae
[5.359s] -- Up-to-date symlink: /home/zengine/vnav_ws/src/install/two_drones_pkg/share/two_drones_pkg/launch/two_drones.launch.yaml
[5.359s] -- Up-to-date symlink: /home/zengine/vnav_ws/src/install/two_drones_pkg/share/two_drones_pkg/config/default.rviz
[5.359s] -- Up-to-date symlink: /home/zengine/vnav_ws/src/install/two_drones_pkg/share/ament_index/resource_index/package_run_dependencies/two_drones_pkg
[5.360s] -- Up-to-date symlink: /home/zengine/vnav_ws/src/install/two_drones_pkg/share/ament_index/resource_index/parent_prefix_path/two_drones_pkg
[5.360s] -- Up-to-date symlink: /home/zengine/vnav_ws/src/install/two_drones_pkg/share/two_drones_pkg/environment/ament_prefix_path.sh
[5.360s] -- Up-to-date symlink: /home/zengine/vnav_ws/src/install/two_drones_pkg/share/two_drones_pkg/environment/ament_prefix_path.dsv
[5.360s] -- Up-to-date symlink: /home/zengine/vnav_ws/src/install/two_drones_pkg/share/two_drones_pkg/environment/path.sh
[5.360s] -- Up-to-date symlink: /home/zengine/vnav_ws/src/install/two_drones_pkg/share/two_drones_pkg/environment/path.dsv
[5.360s] -- Up-to-date symlink: /home/zengine/vnav_ws/src/install/two_drones_pkg/share/two_drones_pkg/local_setup.bash
[5.361s] -- Up-to-date symlink: /home/zengine/vnav_ws/src/install/two_drones_pkg/share/two_drones_pkg/local_setup.sh
[5.361s] -- Up-to-date symlink: /home/zengine/vnav_ws/src/install/two_drones_pkg/share/two_drones_pkg/local_setup.zsh
[5.361s] -- Up-to-date symlink: /home/zengine/vnav_ws/src/install/two_drones_pkg/share/two_drones_pkg/local_setup.dsv
[5.361s] -- Symlinking: /home/zengine/vnav_ws/src/install/two_drones_pkg/share/two_drones_pkg/package.dsv
[5.366s] -- Up-to-date symlink: /home/zengine/vnav_ws/src/install/two_drones_pkg/share/ament_index/resource_index/packages/two_drones_pkg
[5.367s] -- Up-to-date symlink: /home/zengine/vnav_ws/src/install/two_drones_pkg/share/two_drones_pkg/cmake/two_drones_pkgConfig.cmake
[5.367s] -- Up-to-date symlink: /home/zengine/vnav_ws/src/install/two_drones_pkg/share/two_drones_pkg/cmake/two_drones_pkgConfig-version.cmake
[5.367s] -- Up-to-date symlink: /home/zengine/vnav_ws/src/install/two_drones_pkg/share/two_drones_pkg/package.xml
[5.368s] Invoked command in '/home/zengine/vnav_ws/src/build/two_drones_pkg' returned '0': CMAKE_PREFIX_PATH=/opt/ros/humble /usr/bin/cmake --install /home/zengine/vnav_ws/src/build/two_drones_pkg
