[0.046s] Invoking command in '/home/zengine/vnav_ws/src/build/mav_state_machine_msgs': CMAKE_PREFIX_PATH=/opt/ros/humble /usr/bin/cmake /home/zengine/vnav_ws/src/mav_comm/mav_state_machine_msgs -DCMAKE_INSTALL_PREFIX=/home/zengine/vnav_ws/src/install/mav_state_machine_msgs
[2.425s] -- The C compiler identification is GNU 11.4.0
[3.065s] -- The CXX compiler identification is GNU 11.4.0
[3.127s] -- Detecting C compiler ABI info
[3.334s] -- Detecting C compiler ABI info - done
[3.338s] -- Check for working C compiler: /usr/bin/cc - skipped
[3.345s] -- Detecting C compile features
[3.357s] -- Detecting C compile features - done
[3.368s] -- Detecting CXX compiler ABI info
[3.468s] -- Detecting CXX compiler ABI info - done
[3.473s] -- Check for working CXX compiler: /usr/bin/c++ - skipped
[3.473s] -- Detecting CXX compile features
[3.473s] -- Detecting CXX compile features - done
[3.590s] -- Found ament_cmake: 1.3.11 (/opt/ros/humble/share/ament_cmake/cmake)
[3.886s] -- Found Python3: /usr/bin/python3 (found version "3.10.12") found components: Interpreter 
[4.331s] -- Found std_msgs: 4.2.4 (/opt/ros/humble/share/std_msgs/cmake)
[4.465s] -- Found rosidl_generator_c: 3.1.6 (/opt/ros/humble/share/rosidl_generator_c/cmake)
[4.528s] -- Found rosidl_adapter: 3.1.6 (/opt/ros/humble/share/rosidl_adapter/cmake)
[4.680s] -- Found rosidl_generator_cpp: 3.1.6 (/opt/ros/humble/share/rosidl_generator_cpp/cmake)
[4.729s] -- Using all available rosidl_typesupport_c: rosidl_typesupport_fastrtps_c;rosidl_typesupport_introspection_c
[4.857s] -- Using all available rosidl_typesupport_cpp: rosidl_typesupport_fastrtps_cpp;rosidl_typesupport_introspection_cpp
[5.196s] -- Found ament_cmake_ros: 0.10.0 (/opt/ros/humble/share/ament_cmake_ros/cmake)
[5.455s] -- Using all available rosidl_typesupport_c: rosidl_typesupport_fastrtps_c;rosidl_typesupport_introspection_c
[5.537s] -- Using all available rosidl_typesupport_cpp: rosidl_typesupport_fastrtps_cpp;rosidl_typesupport_introspection_cpp
[5.634s] -- Configuring done
[5.659s] -- Generating done
[5.662s] -- Build files have been written to: /home/zengine/vnav_ws/src/build/mav_state_machine_msgs
[5.668s] Invoked command in '/home/zengine/vnav_ws/src/build/mav_state_machine_msgs' returned '0': CMAKE_PREFIX_PATH=/opt/ros/humble /usr/bin/cmake /home/zengine/vnav_ws/src/mav_comm/mav_state_machine_msgs -DCMAKE_INSTALL_PREFIX=/home/zengine/vnav_ws/src/install/mav_state_machine_msgs
[5.669s] Invoking command in '/home/zengine/vnav_ws/src/build/mav_state_machine_msgs': CMAKE_PREFIX_PATH=/opt/ros/humble /usr/bin/cmake --build /home/zengine/vnav_ws/src/build/mav_state_machine_msgs -- -j20 -l20
[5.692s] [  3%] [34m[1mGenerating C code for ROS interfaces[0m
[5.699s] [  6%] [34m[1mGenerating C++ code for ROS interfaces[0m
[6.024s] [  6%] Built target mav_state_machine_msgs__cpp
[6.041s] [ 10%] [34m[1mGenerating C++ introspection for ROS interfaces[0m
[6.077s] [ 13%] [34m[1mGenerating C++ type support dispatch for ROS interfaces[0m
[6.077s] [ 24%] [32mBuilding C object CMakeFiles/mav_state_machine_msgs__rosidl_generator_c.dir/rosidl_generator_c/mav_state_machine_msgs/msg/detail/start_stop_task__functions.c.o[0m
[6.077s] [ 24%] [32mBuilding C object CMakeFiles/mav_state_machine_msgs__rosidl_generator_c.dir/rosidl_generator_c/mav_state_machine_msgs/srv/detail/run_task_service__functions.c.o[0m
[6.077s] [ 24%] [34m[1mGenerating C++ type support for eProsima Fast-RTPS[0m
[6.257s] [ 27%] [32m[1mLinking C shared library libmav_state_machine_msgs__rosidl_generator_c.so[0m
[6.363s] [ 27%] Built target mav_state_machine_msgs__rosidl_generator_c
[6.372s] [ 37%] [34m[1mGenerating C type support dispatch for ROS interfaces[0m
[6.372s] [ 37%] [34m[1mGenerating C introspection for ROS interfaces[0m
[6.372s] [ 37%] [34m[1mGenerating C type support for eProsima Fast-RTPS[0m
[6.402s] [ 41%] [32mBuilding CXX object CMakeFiles/mav_state_machine_msgs__rosidl_typesupport_cpp.dir/rosidl_typesupport_cpp/mav_state_machine_msgs/msg/start_stop_task__type_support.cpp.o[0m
[6.402s] [ 44%] [32mBuilding CXX object CMakeFiles/mav_state_machine_msgs__rosidl_typesupport_cpp.dir/rosidl_typesupport_cpp/mav_state_machine_msgs/srv/run_task_service__type_support.cpp.o[0m
[6.415s] [ 48%] [32mBuilding CXX object CMakeFiles/mav_state_machine_msgs__rosidl_typesupport_fastrtps_cpp.dir/rosidl_typesupport_fastrtps_cpp/mav_state_machine_msgs/msg/detail/dds_fastrtps/start_stop_task__type_support.cpp.o[0m
[6.416s] [ 51%] [32mBuilding CXX object CMakeFiles/mav_state_machine_msgs__rosidl_typesupport_fastrtps_cpp.dir/rosidl_typesupport_fastrtps_cpp/mav_state_machine_msgs/srv/detail/dds_fastrtps/run_task_service__type_support.cpp.o[0m
[6.423s] [ 58%] [32mBuilding CXX object CMakeFiles/mav_state_machine_msgs__rosidl_typesupport_introspection_cpp.dir/rosidl_typesupport_introspection_cpp/mav_state_machine_msgs/msg/detail/start_stop_task__type_support.cpp.o[0m
[6.423s] [ 58%] [32mBuilding CXX object CMakeFiles/mav_state_machine_msgs__rosidl_typesupport_introspection_cpp.dir/rosidl_typesupport_introspection_cpp/mav_state_machine_msgs/srv/detail/run_task_service__type_support.cpp.o[0m
[6.803s] [ 65%] [32mBuilding C object CMakeFiles/mav_state_machine_msgs__rosidl_typesupport_introspection_c.dir/rosidl_typesupport_introspection_c/mav_state_machine_msgs/msg/detail/start_stop_task__type_support.c.o[0m
[6.803s] [ 65%] [32mBuilding C object CMakeFiles/mav_state_machine_msgs__rosidl_typesupport_introspection_c.dir/rosidl_typesupport_introspection_c/mav_state_machine_msgs/srv/detail/run_task_service__type_support.c.o[0m
[6.805s] [ 68%] [32mBuilding CXX object CMakeFiles/mav_state_machine_msgs__rosidl_typesupport_fastrtps_c.dir/rosidl_typesupport_fastrtps_c/mav_state_machine_msgs/msg/detail/start_stop_task__type_support_c.cpp.o[0m
[6.808s] [ 72%] [32mBuilding CXX object CMakeFiles/mav_state_machine_msgs__rosidl_typesupport_fastrtps_c.dir/rosidl_typesupport_fastrtps_c/mav_state_machine_msgs/srv/detail/run_task_service__type_support_c.cpp.o[0m
[6.817s] [ 75%] [32mBuilding CXX object CMakeFiles/mav_state_machine_msgs__rosidl_typesupport_c.dir/rosidl_typesupport_c/mav_state_machine_msgs/msg/start_stop_task__type_support.cpp.o[0m
[6.818s] [ 79%] [32mBuilding CXX object CMakeFiles/mav_state_machine_msgs__rosidl_typesupport_c.dir/rosidl_typesupport_c/mav_state_machine_msgs/srv/run_task_service__type_support.cpp.o[0m
[6.842s] [ 82%] [32m[1mLinking CXX shared library libmav_state_machine_msgs__rosidl_typesupport_cpp.so[0m
[6.872s] [ 86%] [32m[1mLinking C shared library libmav_state_machine_msgs__rosidl_typesupport_introspection_c.so[0m
[6.886s] [ 89%] [32m[1mLinking CXX shared library libmav_state_machine_msgs__rosidl_typesupport_c.so[0m
[6.913s] [ 89%] Built target mav_state_machine_msgs__rosidl_typesupport_introspection_c
[6.973s] [ 93%] [32m[1mLinking CXX shared library libmav_state_machine_msgs__rosidl_typesupport_fastrtps_cpp.so[0m
[6.984s] [ 96%] [32m[1mLinking CXX shared library libmav_state_machine_msgs__rosidl_typesupport_introspection_cpp.so[0m
[6.995s] [ 96%] Built target mav_state_machine_msgs__rosidl_typesupport_c
[7.002s] [ 96%] Built target mav_state_machine_msgs__rosidl_typesupport_cpp
[7.127s] [ 96%] Built target mav_state_machine_msgs__rosidl_typesupport_fastrtps_cpp
[7.167s] [ 96%] Built target mav_state_machine_msgs__rosidl_typesupport_introspection_cpp
[7.182s] [100%] [32m[1mLinking CXX shared library libmav_state_machine_msgs__rosidl_typesupport_fastrtps_c.so[0m
[7.310s] [100%] Built target mav_state_machine_msgs__rosidl_typesupport_fastrtps_c
[7.334s] [100%] Built target mav_state_machine_msgs
[7.355s] Invoked command in '/home/zengine/vnav_ws/src/build/mav_state_machine_msgs' returned '0': CMAKE_PREFIX_PATH=/opt/ros/humble /usr/bin/cmake --build /home/zengine/vnav_ws/src/build/mav_state_machine_msgs -- -j20 -l20
[7.355s] Invoking command in '/home/zengine/vnav_ws/src/build/mav_state_machine_msgs': CMAKE_PREFIX_PATH=/opt/ros/humble /usr/bin/cmake --install /home/zengine/vnav_ws/src/build/mav_state_machine_msgs
[7.360s] -- Install configuration: ""
[7.360s] -- Installing: /home/zengine/vnav_ws/src/install/mav_state_machine_msgs/share/ament_index/resource_index/rosidl_interfaces/mav_state_machine_msgs
[7.360s] -- Installing: /home/zengine/vnav_ws/src/install/mav_state_machine_msgs/include/mav_state_machine_msgs/mav_state_machine_msgs
[7.360s] -- Installing: /home/zengine/vnav_ws/src/install/mav_state_machine_msgs/include/mav_state_machine_msgs/mav_state_machine_msgs/srv
[7.360s] -- Installing: /home/zengine/vnav_ws/src/install/mav_state_machine_msgs/include/mav_state_machine_msgs/mav_state_machine_msgs/srv/detail
[7.360s] -- Installing: /home/zengine/vnav_ws/src/install/mav_state_machine_msgs/include/mav_state_machine_msgs/mav_state_machine_msgs/srv/detail/run_task_service__type_support.h
[7.360s] -- Installing: /home/zengine/vnav_ws/src/install/mav_state_machine_msgs/include/mav_state_machine_msgs/mav_state_machine_msgs/srv/detail/run_task_service__functions.h
[7.360s] -- Installing: /home/zengine/vnav_ws/src/install/mav_state_machine_msgs/include/mav_state_machine_msgs/mav_state_machine_msgs/srv/detail/run_task_service__functions.c
[7.365s] -- Installing: /home/zengine/vnav_ws/src/install/mav_state_machine_msgs/include/mav_state_machine_msgs/mav_state_machine_msgs/srv/detail/run_task_service__struct.h
[7.365s] -- Installing: /home/zengine/vnav_ws/src/install/mav_state_machine_msgs/include/mav_state_machine_msgs/mav_state_machine_msgs/srv/run_task_service.h
[7.365s] -- Installing: /home/zengine/vnav_ws/src/install/mav_state_machine_msgs/include/mav_state_machine_msgs/mav_state_machine_msgs/msg
[7.365s] -- Installing: /home/zengine/vnav_ws/src/install/mav_state_machine_msgs/include/mav_state_machine_msgs/mav_state_machine_msgs/msg/detail
[7.365s] -- Installing: /home/zengine/vnav_ws/src/install/mav_state_machine_msgs/include/mav_state_machine_msgs/mav_state_machine_msgs/msg/detail/start_stop_task__struct.h
[7.365s] -- Installing: /home/zengine/vnav_ws/src/install/mav_state_machine_msgs/include/mav_state_machine_msgs/mav_state_machine_msgs/msg/detail/start_stop_task__type_support.h
[7.365s] -- Installing: /home/zengine/vnav_ws/src/install/mav_state_machine_msgs/include/mav_state_machine_msgs/mav_state_machine_msgs/msg/detail/start_stop_task__functions.h
[7.365s] -- Installing: /home/zengine/vnav_ws/src/install/mav_state_machine_msgs/include/mav_state_machine_msgs/mav_state_machine_msgs/msg/detail/start_stop_task__functions.c
[7.368s] -- Installing: /home/zengine/vnav_ws/src/install/mav_state_machine_msgs/include/mav_state_machine_msgs/mav_state_machine_msgs/msg/rosidl_generator_c__visibility_control.h
[7.368s] -- Installing: /home/zengine/vnav_ws/src/install/mav_state_machine_msgs/include/mav_state_machine_msgs/mav_state_machine_msgs/msg/start_stop_task.h
[7.368s] -- Installing: /home/zengine/vnav_ws/src/install/mav_state_machine_msgs/share/mav_state_machine_msgs/environment/library_path.sh
[7.368s] -- Installing: /home/zengine/vnav_ws/src/install/mav_state_machine_msgs/share/mav_state_machine_msgs/environment/library_path.dsv
[7.368s] -- Installing: /home/zengine/vnav_ws/src/install/mav_state_machine_msgs/lib/libmav_state_machine_msgs__rosidl_generator_c.so
[7.368s] -- Set runtime path of "/home/zengine/vnav_ws/src/install/mav_state_machine_msgs/lib/libmav_state_machine_msgs__rosidl_generator_c.so" to ""
[7.368s] -- Up-to-date: /home/zengine/vnav_ws/src/install/mav_state_machine_msgs/include/mav_state_machine_msgs/mav_state_machine_msgs
[7.368s] -- Up-to-date: /home/zengine/vnav_ws/src/install/mav_state_machine_msgs/include/mav_state_machine_msgs/mav_state_machine_msgs/srv
[7.368s] -- Up-to-date: /home/zengine/vnav_ws/src/install/mav_state_machine_msgs/include/mav_state_machine_msgs/mav_state_machine_msgs/srv/detail
[7.368s] -- Installing: /home/zengine/vnav_ws/src/install/mav_state_machine_msgs/include/mav_state_machine_msgs/mav_state_machine_msgs/srv/detail/run_task_service__rosidl_typesupport_fastrtps_c.h
[7.368s] -- Up-to-date: /home/zengine/vnav_ws/src/install/mav_state_machine_msgs/include/mav_state_machine_msgs/mav_state_machine_msgs/msg
[7.368s] -- Installing: /home/zengine/vnav_ws/src/install/mav_state_machine_msgs/include/mav_state_machine_msgs/mav_state_machine_msgs/msg/rosidl_typesupport_fastrtps_c__visibility_control.h
[7.368s] -- Up-to-date: /home/zengine/vnav_ws/src/install/mav_state_machine_msgs/include/mav_state_machine_msgs/mav_state_machine_msgs/msg/detail
[7.368s] -- Installing: /home/zengine/vnav_ws/src/install/mav_state_machine_msgs/include/mav_state_machine_msgs/mav_state_machine_msgs/msg/detail/start_stop_task__rosidl_typesupport_fastrtps_c.h
[7.368s] -- Installing: /home/zengine/vnav_ws/src/install/mav_state_machine_msgs/lib/libmav_state_machine_msgs__rosidl_typesupport_fastrtps_c.so
[7.368s] -- Set runtime path of "/home/zengine/vnav_ws/src/install/mav_state_machine_msgs/lib/libmav_state_machine_msgs__rosidl_typesupport_fastrtps_c.so" to ""
[7.368s] -- Up-to-date: /home/zengine/vnav_ws/src/install/mav_state_machine_msgs/include/mav_state_machine_msgs/mav_state_machine_msgs
[7.368s] -- Up-to-date: /home/zengine/vnav_ws/src/install/mav_state_machine_msgs/include/mav_state_machine_msgs/mav_state_machine_msgs/srv
[7.368s] -- Up-to-date: /home/zengine/vnav_ws/src/install/mav_state_machine_msgs/include/mav_state_machine_msgs/mav_state_machine_msgs/srv/detail
[7.368s] -- Installing: /home/zengine/vnav_ws/src/install/mav_state_machine_msgs/include/mav_state_machine_msgs/mav_state_machine_msgs/srv/detail/run_task_service__traits.hpp
[7.369s] -- Installing: /home/zengine/vnav_ws/src/install/mav_state_machine_msgs/include/mav_state_machine_msgs/mav_state_machine_msgs/srv/detail/run_task_service__builder.hpp
[7.370s] -- Installing: /home/zengine/vnav_ws/src/install/mav_state_machine_msgs/include/mav_state_machine_msgs/mav_state_machine_msgs/srv/detail/run_task_service__struct.hpp
[7.370s] -- Installing: /home/zengine/vnav_ws/src/install/mav_state_machine_msgs/include/mav_state_machine_msgs/mav_state_machine_msgs/srv/detail/run_task_service__type_support.hpp
[7.370s] -- Installing: /home/zengine/vnav_ws/src/install/mav_state_machine_msgs/include/mav_state_machine_msgs/mav_state_machine_msgs/srv/run_task_service.hpp
[7.370s] -- Up-to-date: /home/zengine/vnav_ws/src/install/mav_state_machine_msgs/include/mav_state_machine_msgs/mav_state_machine_msgs/msg
[7.370s] -- Up-to-date: /home/zengine/vnav_ws/src/install/mav_state_machine_msgs/include/mav_state_machine_msgs/mav_state_machine_msgs/msg/detail
[7.370s] -- Installing: /home/zengine/vnav_ws/src/install/mav_state_machine_msgs/include/mav_state_machine_msgs/mav_state_machine_msgs/msg/detail/start_stop_task__builder.hpp
[7.370s] -- Installing: /home/zengine/vnav_ws/src/install/mav_state_machine_msgs/include/mav_state_machine_msgs/mav_state_machine_msgs/msg/detail/start_stop_task__traits.hpp
[7.370s] -- Installing: /home/zengine/vnav_ws/src/install/mav_state_machine_msgs/include/mav_state_machine_msgs/mav_state_machine_msgs/msg/detail/start_stop_task__type_support.hpp
[7.370s] -- Installing: /home/zengine/vnav_ws/src/install/mav_state_machine_msgs/include/mav_state_machine_msgs/mav_state_machine_msgs/msg/detail/start_stop_task__struct.hpp
[7.370s] -- Installing: /home/zengine/vnav_ws/src/install/mav_state_machine_msgs/include/mav_state_machine_msgs/mav_state_machine_msgs/msg/rosidl_generator_cpp__visibility_control.hpp
[7.370s] -- Installing: /home/zengine/vnav_ws/src/install/mav_state_machine_msgs/include/mav_state_machine_msgs/mav_state_machine_msgs/msg/start_stop_task.hpp
[7.371s] -- Up-to-date: /home/zengine/vnav_ws/src/install/mav_state_machine_msgs/include/mav_state_machine_msgs/mav_state_machine_msgs
[7.371s] -- Up-to-date: /home/zengine/vnav_ws/src/install/mav_state_machine_msgs/include/mav_state_machine_msgs/mav_state_machine_msgs/srv
[7.371s] -- Up-to-date: /home/zengine/vnav_ws/src/install/mav_state_machine_msgs/include/mav_state_machine_msgs/mav_state_machine_msgs/srv/detail
[7.371s] -- Installing: /home/zengine/vnav_ws/src/install/mav_state_machine_msgs/include/mav_state_machine_msgs/mav_state_machine_msgs/srv/detail/run_task_service__rosidl_typesupport_fastrtps_cpp.hpp
[7.371s] -- Installing: /home/zengine/vnav_ws/src/install/mav_state_machine_msgs/include/mav_state_machine_msgs/mav_state_machine_msgs/srv/detail/dds_fastrtps
[7.371s] -- Up-to-date: /home/zengine/vnav_ws/src/install/mav_state_machine_msgs/include/mav_state_machine_msgs/mav_state_machine_msgs/msg
[7.371s] -- Up-to-date: /home/zengine/vnav_ws/src/install/mav_state_machine_msgs/include/mav_state_machine_msgs/mav_state_machine_msgs/msg/detail
[7.371s] -- Installing: /home/zengine/vnav_ws/src/install/mav_state_machine_msgs/include/mav_state_machine_msgs/mav_state_machine_msgs/msg/detail/start_stop_task__rosidl_typesupport_fastrtps_cpp.hpp
[7.371s] -- Installing: /home/zengine/vnav_ws/src/install/mav_state_machine_msgs/include/mav_state_machine_msgs/mav_state_machine_msgs/msg/detail/dds_fastrtps
[7.374s] -- Installing: /home/zengine/vnav_ws/src/install/mav_state_machine_msgs/include/mav_state_machine_msgs/mav_state_machine_msgs/msg/rosidl_typesupport_fastrtps_cpp__visibility_control.h
[7.374s] -- Installing: /home/zengine/vnav_ws/src/install/mav_state_machine_msgs/lib/libmav_state_machine_msgs__rosidl_typesupport_fastrtps_cpp.so
[7.374s] -- Set runtime path of "/home/zengine/vnav_ws/src/install/mav_state_machine_msgs/lib/libmav_state_machine_msgs__rosidl_typesupport_fastrtps_cpp.so" to ""
[7.374s] -- Up-to-date: /home/zengine/vnav_ws/src/install/mav_state_machine_msgs/include/mav_state_machine_msgs/mav_state_machine_msgs
[7.374s] -- Up-to-date: /home/zengine/vnav_ws/src/install/mav_state_machine_msgs/include/mav_state_machine_msgs/mav_state_machine_msgs/srv
[7.374s] -- Up-to-date: /home/zengine/vnav_ws/src/install/mav_state_machine_msgs/include/mav_state_machine_msgs/mav_state_machine_msgs/srv/detail
[7.374s] -- Installing: /home/zengine/vnav_ws/src/install/mav_state_machine_msgs/include/mav_state_machine_msgs/mav_state_machine_msgs/srv/detail/run_task_service__rosidl_typesupport_introspection_c.h
[7.374s] -- Installing: /home/zengine/vnav_ws/src/install/mav_state_machine_msgs/include/mav_state_machine_msgs/mav_state_machine_msgs/srv/detail/run_task_service__type_support.c
[7.374s] -- Up-to-date: /home/zengine/vnav_ws/src/install/mav_state_machine_msgs/include/mav_state_machine_msgs/mav_state_machine_msgs/msg
[7.374s] -- Up-to-date: /home/zengine/vnav_ws/src/install/mav_state_machine_msgs/include/mav_state_machine_msgs/mav_state_machine_msgs/msg/detail
[7.374s] -- Installing: /home/zengine/vnav_ws/src/install/mav_state_machine_msgs/include/mav_state_machine_msgs/mav_state_machine_msgs/msg/detail/start_stop_task__type_support.c
[7.374s] -- Installing: /home/zengine/vnav_ws/src/install/mav_state_machine_msgs/include/mav_state_machine_msgs/mav_state_machine_msgs/msg/detail/start_stop_task__rosidl_typesupport_introspection_c.h
[7.374s] -- Installing: /home/zengine/vnav_ws/src/install/mav_state_machine_msgs/include/mav_state_machine_msgs/mav_state_machine_msgs/msg/rosidl_typesupport_introspection_c__visibility_control.h
[7.374s] -- Installing: /home/zengine/vnav_ws/src/install/mav_state_machine_msgs/lib/libmav_state_machine_msgs__rosidl_typesupport_introspection_c.so
[7.374s] -- Set runtime path of "/home/zengine/vnav_ws/src/install/mav_state_machine_msgs/lib/libmav_state_machine_msgs__rosidl_typesupport_introspection_c.so" to ""
[7.374s] -- Installing: /home/zengine/vnav_ws/src/install/mav_state_machine_msgs/lib/libmav_state_machine_msgs__rosidl_typesupport_c.so
[7.374s] -- Set runtime path of "/home/zengine/vnav_ws/src/install/mav_state_machine_msgs/lib/libmav_state_machine_msgs__rosidl_typesupport_c.so" to ""
[7.374s] -- Up-to-date: /home/zengine/vnav_ws/src/install/mav_state_machine_msgs/include/mav_state_machine_msgs/mav_state_machine_msgs
[7.374s] -- Up-to-date: /home/zengine/vnav_ws/src/install/mav_state_machine_msgs/include/mav_state_machine_msgs/mav_state_machine_msgs/srv
[7.375s] -- Up-to-date: /home/zengine/vnav_ws/src/install/mav_state_machine_msgs/include/mav_state_machine_msgs/mav_state_machine_msgs/srv/detail
[7.375s] -- Installing: /home/zengine/vnav_ws/src/install/mav_state_machine_msgs/include/mav_state_machine_msgs/mav_state_machine_msgs/srv/detail/run_task_service__type_support.cpp
[7.375s] -- Installing: /home/zengine/vnav_ws/src/install/mav_state_machine_msgs/include/mav_state_machine_msgs/mav_state_machine_msgs/srv/detail/run_task_service__rosidl_typesupport_introspection_cpp.hpp
[7.375s] -- Up-to-date: /home/zengine/vnav_ws/src/install/mav_state_machine_msgs/include/mav_state_machine_msgs/mav_state_machine_msgs/msg
[7.375s] -- Up-to-date: /home/zengine/vnav_ws/src/install/mav_state_machine_msgs/include/mav_state_machine_msgs/mav_state_machine_msgs/msg/detail
[7.375s] -- Installing: /home/zengine/vnav_ws/src/install/mav_state_machine_msgs/include/mav_state_machine_msgs/mav_state_machine_msgs/msg/detail/start_stop_task__type_support.cpp
[7.375s] -- Installing: /home/zengine/vnav_ws/src/install/mav_state_machine_msgs/include/mav_state_machine_msgs/mav_state_machine_msgs/msg/detail/start_stop_task__rosidl_typesupport_introspection_cpp.hpp
[7.375s] -- Installing: /home/zengine/vnav_ws/src/install/mav_state_machine_msgs/lib/libmav_state_machine_msgs__rosidl_typesupport_introspection_cpp.so
[7.375s] -- Set runtime path of "/home/zengine/vnav_ws/src/install/mav_state_machine_msgs/lib/libmav_state_machine_msgs__rosidl_typesupport_introspection_cpp.so" to ""
[7.375s] -- Installing: /home/zengine/vnav_ws/src/install/mav_state_machine_msgs/lib/libmav_state_machine_msgs__rosidl_typesupport_cpp.so
[7.375s] -- Set runtime path of "/home/zengine/vnav_ws/src/install/mav_state_machine_msgs/lib/libmav_state_machine_msgs__rosidl_typesupport_cpp.so" to ""
[7.375s] -- Installing: /home/zengine/vnav_ws/src/install/mav_state_machine_msgs/share/mav_state_machine_msgs/msg/StartStopTask.idl
[7.375s] -- Installing: /home/zengine/vnav_ws/src/install/mav_state_machine_msgs/share/mav_state_machine_msgs/srv/RunTaskService.idl
[7.375s] -- Installing: /home/zengine/vnav_ws/src/install/mav_state_machine_msgs/share/mav_state_machine_msgs/msg/StartStopTask.msg
[7.375s] -- Installing: /home/zengine/vnav_ws/src/install/mav_state_machine_msgs/share/mav_state_machine_msgs/srv/RunTaskService.srv
[7.375s] -- Installing: /home/zengine/vnav_ws/src/install/mav_state_machine_msgs/share/mav_state_machine_msgs/srv/RunTaskService_Request.msg
[7.375s] -- Installing: /home/zengine/vnav_ws/src/install/mav_state_machine_msgs/share/mav_state_machine_msgs/srv/RunTaskService_Response.msg
[7.375s] -- Installing: /home/zengine/vnav_ws/src/install/mav_state_machine_msgs/share/ament_index/resource_index/package_run_dependencies/mav_state_machine_msgs
[7.375s] -- Installing: /home/zengine/vnav_ws/src/install/mav_state_machine_msgs/share/ament_index/resource_index/parent_prefix_path/mav_state_machine_msgs
[7.375s] -- Installing: /home/zengine/vnav_ws/src/install/mav_state_machine_msgs/share/mav_state_machine_msgs/environment/ament_prefix_path.sh
[7.377s] -- Installing: /home/zengine/vnav_ws/src/install/mav_state_machine_msgs/share/mav_state_machine_msgs/environment/ament_prefix_path.dsv
[7.377s] -- Installing: /home/zengine/vnav_ws/src/install/mav_state_machine_msgs/share/mav_state_machine_msgs/environment/path.sh
[7.377s] -- Installing: /home/zengine/vnav_ws/src/install/mav_state_machine_msgs/share/mav_state_machine_msgs/environment/path.dsv
[7.377s] -- Installing: /home/zengine/vnav_ws/src/install/mav_state_machine_msgs/share/mav_state_machine_msgs/local_setup.bash
[7.377s] -- Installing: /home/zengine/vnav_ws/src/install/mav_state_machine_msgs/share/mav_state_machine_msgs/local_setup.sh
[7.377s] -- Installing: /home/zengine/vnav_ws/src/install/mav_state_machine_msgs/share/mav_state_machine_msgs/local_setup.zsh
[7.377s] -- Installing: /home/zengine/vnav_ws/src/install/mav_state_machine_msgs/share/mav_state_machine_msgs/local_setup.dsv
[7.377s] -- Installing: /home/zengine/vnav_ws/src/install/mav_state_machine_msgs/share/mav_state_machine_msgs/package.dsv
[7.377s] -- Installing: /home/zengine/vnav_ws/src/install/mav_state_machine_msgs/share/ament_index/resource_index/packages/mav_state_machine_msgs
[7.380s] -- Installing: /home/zengine/vnav_ws/src/install/mav_state_machine_msgs/share/mav_state_machine_msgs/cmake/export_mav_state_machine_msgs__rosidl_generator_cExport.cmake
[7.380s] -- Installing: /home/zengine/vnav_ws/src/install/mav_state_machine_msgs/share/mav_state_machine_msgs/cmake/export_mav_state_machine_msgs__rosidl_generator_cExport-noconfig.cmake
[7.380s] -- Installing: /home/zengine/vnav_ws/src/install/mav_state_machine_msgs/share/mav_state_machine_msgs/cmake/export_mav_state_machine_msgs__rosidl_typesupport_fastrtps_cExport.cmake
[7.380s] -- Installing: /home/zengine/vnav_ws/src/install/mav_state_machine_msgs/share/mav_state_machine_msgs/cmake/export_mav_state_machine_msgs__rosidl_typesupport_fastrtps_cExport-noconfig.cmake
[7.380s] -- Installing: /home/zengine/vnav_ws/src/install/mav_state_machine_msgs/share/mav_state_machine_msgs/cmake/export_mav_state_machine_msgs__rosidl_generator_cppExport.cmake
[7.380s] -- Installing: /home/zengine/vnav_ws/src/install/mav_state_machine_msgs/share/mav_state_machine_msgs/cmake/export_mav_state_machine_msgs__rosidl_typesupport_fastrtps_cppExport.cmake
[7.380s] -- Installing: /home/zengine/vnav_ws/src/install/mav_state_machine_msgs/share/mav_state_machine_msgs/cmake/export_mav_state_machine_msgs__rosidl_typesupport_fastrtps_cppExport-noconfig.cmake
[7.380s] -- Installing: /home/zengine/vnav_ws/src/install/mav_state_machine_msgs/share/mav_state_machine_msgs/cmake/mav_state_machine_msgs__rosidl_typesupport_introspection_cExport.cmake
[7.380s] -- Installing: /home/zengine/vnav_ws/src/install/mav_state_machine_msgs/share/mav_state_machine_msgs/cmake/mav_state_machine_msgs__rosidl_typesupport_introspection_cExport-noconfig.cmake
[7.380s] -- Installing: /home/zengine/vnav_ws/src/install/mav_state_machine_msgs/share/mav_state_machine_msgs/cmake/mav_state_machine_msgs__rosidl_typesupport_cExport.cmake
[7.380s] -- Installing: /home/zengine/vnav_ws/src/install/mav_state_machine_msgs/share/mav_state_machine_msgs/cmake/mav_state_machine_msgs__rosidl_typesupport_cExport-noconfig.cmake
[7.380s] -- Installing: /home/zengine/vnav_ws/src/install/mav_state_machine_msgs/share/mav_state_machine_msgs/cmake/mav_state_machine_msgs__rosidl_typesupport_introspection_cppExport.cmake
[7.380s] -- Installing: /home/zengine/vnav_ws/src/install/mav_state_machine_msgs/share/mav_state_machine_msgs/cmake/mav_state_machine_msgs__rosidl_typesupport_introspection_cppExport-noconfig.cmake
[7.380s] -- Installing: /home/zengine/vnav_ws/src/install/mav_state_machine_msgs/share/mav_state_machine_msgs/cmake/mav_state_machine_msgs__rosidl_typesupport_cppExport.cmake
[7.380s] -- Installing: /home/zengine/vnav_ws/src/install/mav_state_machine_msgs/share/mav_state_machine_msgs/cmake/mav_state_machine_msgs__rosidl_typesupport_cppExport-noconfig.cmake
[7.380s] -- Installing: /home/zengine/vnav_ws/src/install/mav_state_machine_msgs/share/mav_state_machine_msgs/cmake/rosidl_cmake-extras.cmake
[7.380s] -- Installing: /home/zengine/vnav_ws/src/install/mav_state_machine_msgs/share/mav_state_machine_msgs/cmake/ament_cmake_export_dependencies-extras.cmake
[7.380s] -- Installing: /home/zengine/vnav_ws/src/install/mav_state_machine_msgs/share/mav_state_machine_msgs/cmake/ament_cmake_export_include_directories-extras.cmake
[7.381s] -- Installing: /home/zengine/vnav_ws/src/install/mav_state_machine_msgs/share/mav_state_machine_msgs/cmake/ament_cmake_export_libraries-extras.cmake
[7.381s] -- Installing: /home/zengine/vnav_ws/src/install/mav_state_machine_msgs/share/mav_state_machine_msgs/cmake/ament_cmake_export_targets-extras.cmake
[7.381s] -- Installing: /home/zengine/vnav_ws/src/install/mav_state_machine_msgs/share/mav_state_machine_msgs/cmake/rosidl_cmake_export_typesupport_targets-extras.cmake
[7.381s] -- Installing: /home/zengine/vnav_ws/src/install/mav_state_machine_msgs/share/mav_state_machine_msgs/cmake/rosidl_cmake_export_typesupport_libraries-extras.cmake
[7.381s] -- Installing: /home/zengine/vnav_ws/src/install/mav_state_machine_msgs/share/mav_state_machine_msgs/cmake/mav_state_machine_msgsConfig.cmake
[7.381s] -- Installing: /home/zengine/vnav_ws/src/install/mav_state_machine_msgs/share/mav_state_machine_msgs/cmake/mav_state_machine_msgsConfig-version.cmake
[7.385s] -- Installing: /home/zengine/vnav_ws/src/install/mav_state_machine_msgs/share/mav_state_machine_msgs/package.xml
[7.388s] Invoked command in '/home/zengine/vnav_ws/src/build/mav_state_machine_msgs' returned '0': CMAKE_PREFIX_PATH=/opt/ros/humble /usr/bin/cmake --install /home/zengine/vnav_ws/src/build/mav_state_machine_msgs
