[0.004s] Invoking command in '/home/zengine/vnav_ws/src/build/mav_planning_msgs': AMENT_PREFIX_PATH=/home/zengine/vnav_ws/src/install/mav_msgs:${AMENT_PREFIX_PATH} CMAKE_PREFIX_PATH=/home/zengine/vnav_ws/src/install/mav_msgs:/opt/ros/humble LD_LIBRARY_PATH=/home/zengine/vnav_ws/src/install/mav_msgs/lib:${LD_LIBRARY_PATH} PYTHONPATH=/home/zengine/vnav_ws/src/install/mav_msgs/local/lib/python3.10/dist-packages:${PYTHONPATH} /usr/bin/cmake /home/zengine/vnav_ws/src/mav_comm/mav_planning_msgs -DCMAKE_INSTALL_PREFIX=/home/zengine/vnav_ws/src/install/mav_planning_msgs
[0.054s] -- The C compiler identification is GNU 11.4.0
[0.099s] -- The CXX compiler identification is GNU 11.4.0
[0.107s] -- Detecting C compiler ABI info
[0.167s] -- Detecting C compiler ABI info - done
[0.176s] -- Check for working C compiler: /usr/bin/cc - skipped
[0.177s] -- Detecting C compile features
[0.177s] -- Detecting C compile features - done
[0.181s] -- Detecting CXX compiler ABI info
[0.253s] -- Detecting CXX compiler ABI info - done
[0.258s] -- Check for working CXX compiler: /usr/bin/c++ - skipped
[0.258s] -- Detecting CXX compile features
[0.258s] -- Detecting CXX compile features - done
[0.259s] -- Found ament_cmake: 1.3.11 (/opt/ros/humble/share/ament_cmake/cmake)
[0.354s] -- Found Python3: /usr/bin/python3 (found version "3.10.12") found components: Interpreter 
[0.403s] -- Found rosidl_default_generators: 1.2.0 (/opt/ros/humble/share/rosidl_default_generators/cmake)
[0.404s] -- Using all available rosidl_typesupport_c: rosidl_typesupport_fastrtps_c;rosidl_typesupport_introspection_c
[0.407s] -- Found rosidl_adapter: 3.1.6 (/opt/ros/humble/share/rosidl_adapter/cmake)
[0.425s] -- Using all available rosidl_typesupport_cpp: rosidl_typesupport_fastrtps_cpp;rosidl_typesupport_introspection_cpp
[0.443s] -- Found builtin_interfaces: 1.2.1 (/opt/ros/humble/share/builtin_interfaces/cmake)
[0.449s] -- Found geometry_msgs: 4.2.4 (/opt/ros/humble/share/geometry_msgs/cmake)
[0.463s] -- Found mav_msgs: 3.3.3 (/home/zengine/vnav_ws/src/install/mav_msgs/share/mav_msgs/cmake)
[0.484s] -- Found sensor_msgs: 4.2.4 (/opt/ros/humble/share/sensor_msgs/cmake)
[0.502s] -- Found trajectory_msgs: 4.2.4 (/opt/ros/humble/share/trajectory_msgs/cmake)
[0.737s] -- Found ament_cmake_ros: 0.10.0 (/opt/ros/humble/share/ament_cmake_ros/cmake)
[0.924s] -- Using all available rosidl_typesupport_c: rosidl_typesupport_fastrtps_c;rosidl_typesupport_introspection_c
[1.152s] -- Using all available rosidl_typesupport_cpp: rosidl_typesupport_fastrtps_cpp;rosidl_typesupport_introspection_cpp
[1.164s] -- Found PythonInterp: /usr/bin/python3 (found suitable version "3.10.12", minimum required is "3.6") 
[1.165s] -- Found python_cmake_module: 0.10.0 (/opt/ros/humble/share/python_cmake_module/cmake)
[1.179s] -- Found PythonLibs: /usr/lib/x86_64-linux-gnu/libpython3.10.so (found suitable version "3.10.12", minimum required is "3.5") 
[1.179s] -- Using PYTHON_EXECUTABLE: /usr/bin/python3
[1.179s] -- Using PYTHON_INCLUDE_DIRS: /usr/include/python3.10
[1.179s] -- Using PYTHON_LIBRARIES: /usr/lib/x86_64-linux-gnu/libpython3.10.so
[1.191s] -- Found PythonExtra: .so  
[1.242s] -- Configuring done
[1.271s] -- Generating done
[1.279s] -- Build files have been written to: /home/zengine/vnav_ws/src/build/mav_planning_msgs
[1.285s] Invoked command in '/home/zengine/vnav_ws/src/build/mav_planning_msgs' returned '0': AMENT_PREFIX_PATH=/home/zengine/vnav_ws/src/install/mav_msgs:${AMENT_PREFIX_PATH} CMAKE_PREFIX_PATH=/home/zengine/vnav_ws/src/install/mav_msgs:/opt/ros/humble LD_LIBRARY_PATH=/home/zengine/vnav_ws/src/install/mav_msgs/lib:${LD_LIBRARY_PATH} PYTHONPATH=/home/zengine/vnav_ws/src/install/mav_msgs/local/lib/python3.10/dist-packages:${PYTHONPATH} /usr/bin/cmake /home/zengine/vnav_ws/src/mav_comm/mav_planning_msgs -DCMAKE_INSTALL_PREFIX=/home/zengine/vnav_ws/src/install/mav_planning_msgs
[1.285s] Invoking command in '/home/zengine/vnav_ws/src/build/mav_planning_msgs': AMENT_PREFIX_PATH=/home/zengine/vnav_ws/src/install/mav_msgs:${AMENT_PREFIX_PATH} CMAKE_PREFIX_PATH=/home/zengine/vnav_ws/src/install/mav_msgs:/opt/ros/humble LD_LIBRARY_PATH=/home/zengine/vnav_ws/src/install/mav_msgs/lib:${LD_LIBRARY_PATH} PYTHONPATH=/home/zengine/vnav_ws/src/install/mav_msgs/local/lib/python3.10/dist-packages:${PYTHONPATH} /usr/bin/cmake --build /home/zengine/vnav_ws/src/build/mav_planning_msgs -- -j20 -l20
[1.356s] [  1%] [34m[1mGenerating C code for ROS interfaces[0m
[1.356s] [  1%] [34m[1mGenerating C++ code for ROS interfaces[0m
[1.368s] [  1%] Built target ament_cmake_python_copy_mav_planning_msgs
[1.491s] running egg_info
[1.491s] creating mav_planning_msgs.egg-info
[1.491s] writing mav_planning_msgs.egg-info/PKG-INFO
[1.491s] writing dependency_links to mav_planning_msgs.egg-info/dependency_links.txt
[1.491s] writing top-level names to mav_planning_msgs.egg-info/top_level.txt
[1.491s] writing manifest file 'mav_planning_msgs.egg-info/SOURCES.txt'
[1.492s] reading manifest file 'mav_planning_msgs.egg-info/SOURCES.txt'
[1.492s] writing manifest file 'mav_planning_msgs.egg-info/SOURCES.txt'
[1.507s] [  1%] Built target ament_cmake_python_build_mav_planning_msgs_egg
[1.871s] [  1%] Built target mav_planning_msgs__cpp
[1.878s] [  2%] [34m[1mGenerating C++ type support dispatch for ROS interfaces[0m
[1.878s] [  2%] [34m[1mGenerating C++ type support for eProsima Fast-RTPS[0m
[1.878s] [  3%] [34m[1mGenerating C++ introspection for ROS interfaces[0m
[1.891s] [  4%] [32mBuilding C object CMakeFiles/mav_planning_msgs__rosidl_generator_c.dir/rosidl_generator_c/mav_planning_msgs/msg/detail/polynomial_segment__functions.c.o[0m
[1.891s] [  4%] [32mBuilding C object CMakeFiles/mav_planning_msgs__rosidl_generator_c.dir/rosidl_generator_c/mav_planning_msgs/msg/detail/polygon_with_holes__functions.c.o[0m
[1.891s] [  6%] [32mBuilding C object CMakeFiles/mav_planning_msgs__rosidl_generator_c.dir/rosidl_generator_c/mav_planning_msgs/msg/detail/polygon_with_holes_stamped__functions.c.o[0m
[1.891s] [  6%] [32mBuilding C object CMakeFiles/mav_planning_msgs__rosidl_generator_c.dir/rosidl_generator_c/mav_planning_msgs/msg/detail/point2_d__functions.c.o[0m
[1.892s] [ 10%] [32mBuilding C object CMakeFiles/mav_planning_msgs__rosidl_generator_c.dir/rosidl_generator_c/mav_planning_msgs/msg/detail/polynomial_trajectory__functions.c.o[0m
[1.892s] [ 10%] [32mBuilding C object CMakeFiles/mav_planning_msgs__rosidl_generator_c.dir/rosidl_generator_c/mav_planning_msgs/msg/detail/polynomial_segment4_d__functions.c.o[0m
[1.892s] [ 10%] [32mBuilding C object CMakeFiles/mav_planning_msgs__rosidl_generator_c.dir/rosidl_generator_c/mav_planning_msgs/msg/detail/polygon2_d__functions.c.o[0m
[1.892s] [ 10%] [32mBuilding C object CMakeFiles/mav_planning_msgs__rosidl_generator_c.dir/rosidl_generator_c/mav_planning_msgs/msg/detail/point_cloud_with_pose__functions.c.o[0m
[1.893s] [ 11%] [32mBuilding C object CMakeFiles/mav_planning_msgs__rosidl_generator_c.dir/rosidl_generator_c/mav_planning_msgs/srv/detail/change_name_service__functions.c.o[0m
[1.893s] [ 12%] [32mBuilding C object CMakeFiles/mav_planning_msgs__rosidl_generator_c.dir/rosidl_generator_c/mav_planning_msgs/srv/detail/polygon_service__functions.c.o[0m
[1.893s] [ 13%] [32mBuilding C object CMakeFiles/mav_planning_msgs__rosidl_generator_c.dir/rosidl_generator_c/mav_planning_msgs/msg/detail/polynomial_trajectory4_d__functions.c.o[0m
[1.893s] [ 13%] [32mBuilding C object CMakeFiles/mav_planning_msgs__rosidl_generator_c.dir/rosidl_generator_c/mav_planning_msgs/srv/detail/planner_service__functions.c.o[0m
[2.016s] [ 14%] [32m[1mLinking C shared library libmav_planning_msgs__rosidl_generator_c.so[0m
[2.050s] [ 14%] Built target mav_planning_msgs__rosidl_generator_c
[2.056s] [ 15%] [34m[1mGenerating C type support dispatch for ROS interfaces[0m
[2.056s] [ 16%] [34m[1mGenerating C type support for eProsima Fast-RTPS[0m
[2.058s] [ 17%] [34m[1mGenerating C introspection for ROS interfaces[0m
[2.282s] [ 20%] [32mBuilding CXX object CMakeFiles/mav_planning_msgs__rosidl_typesupport_cpp.dir/rosidl_typesupport_cpp/mav_planning_msgs/msg/point_cloud_with_pose__type_support.cpp.o[0m
[2.283s] [ 20%] [32mBuilding CXX object CMakeFiles/mav_planning_msgs__rosidl_typesupport_cpp.dir/rosidl_typesupport_cpp/mav_planning_msgs/msg/polygon_with_holes_stamped__type_support.cpp.o[0m
[2.283s] [ 20%] [32mBuilding CXX object CMakeFiles/mav_planning_msgs__rosidl_typesupport_cpp.dir/rosidl_typesupport_cpp/mav_planning_msgs/msg/polygon_with_holes__type_support.cpp.o[0m
[2.283s] [ 20%] [32mBuilding CXX object CMakeFiles/mav_planning_msgs__rosidl_typesupport_cpp.dir/rosidl_typesupport_cpp/mav_planning_msgs/msg/polygon2_d__type_support.cpp.o[0m
[2.283s] [ 21%] [32mBuilding CXX object CMakeFiles/mav_planning_msgs__rosidl_typesupport_cpp.dir/rosidl_typesupport_cpp/mav_planning_msgs/msg/polynomial_segment4_d__type_support.cpp.o[0m
[2.283s] [ 23%] [32mBuilding CXX object CMakeFiles/mav_planning_msgs__rosidl_typesupport_cpp.dir/rosidl_typesupport_cpp/mav_planning_msgs/srv/planner_service__type_support.cpp.o[0m
[2.283s] [ 23%] [32mBuilding CXX object CMakeFiles/mav_planning_msgs__rosidl_typesupport_cpp.dir/rosidl_typesupport_cpp/mav_planning_msgs/msg/polynomial_trajectory__type_support.cpp.o[0m
[2.283s] [ 24%] [32mBuilding CXX object CMakeFiles/mav_planning_msgs__rosidl_typesupport_cpp.dir/rosidl_typesupport_cpp/mav_planning_msgs/msg/point2_d__type_support.cpp.o[0m
[2.283s] [ 24%] [32mBuilding CXX object CMakeFiles/mav_planning_msgs__rosidl_typesupport_cpp.dir/rosidl_typesupport_cpp/mav_planning_msgs/srv/polygon_service__type_support.cpp.o[0m
[2.283s] [ 25%] [32mBuilding CXX object CMakeFiles/mav_planning_msgs__rosidl_typesupport_cpp.dir/rosidl_typesupport_cpp/mav_planning_msgs/srv/change_name_service__type_support.cpp.o[0m
[2.283s] [ 26%] [32mBuilding CXX object CMakeFiles/mav_planning_msgs__rosidl_typesupport_cpp.dir/rosidl_typesupport_cpp/mav_planning_msgs/msg/polynomial_segment__type_support.cpp.o[0m
[2.285s] [ 27%] [32mBuilding CXX object CMakeFiles/mav_planning_msgs__rosidl_typesupport_cpp.dir/rosidl_typesupport_cpp/mav_planning_msgs/msg/polynomial_trajectory4_d__type_support.cpp.o[0m
[2.478s] [ 28%] [32mBuilding CXX object CMakeFiles/mav_planning_msgs__rosidl_typesupport_introspection_cpp.dir/rosidl_typesupport_introspection_cpp/mav_planning_msgs/msg/detail/polygon2_d__type_support.cpp.o[0m
[2.480s] [ 29%] [32mBuilding CXX object CMakeFiles/mav_planning_msgs__rosidl_typesupport_introspection_cpp.dir/rosidl_typesupport_introspection_cpp/mav_planning_msgs/msg/detail/point_cloud_with_pose__type_support.cpp.o[0m
[2.481s] [ 29%] [32mBuilding CXX object CMakeFiles/mav_planning_msgs__rosidl_typesupport_introspection_cpp.dir/rosidl_typesupport_introspection_cpp/mav_planning_msgs/msg/detail/point2_d__type_support.cpp.o[0m
[2.481s] [ 30%] [32mBuilding CXX object CMakeFiles/mav_planning_msgs__rosidl_typesupport_introspection_cpp.dir/rosidl_typesupport_introspection_cpp/mav_planning_msgs/msg/detail/polygon_with_holes__type_support.cpp.o[0m
[2.483s] [ 31%] [32mBuilding CXX object CMakeFiles/mav_planning_msgs__rosidl_typesupport_introspection_cpp.dir/rosidl_typesupport_introspection_cpp/mav_planning_msgs/msg/detail/polygon_with_holes_stamped__type_support.cpp.o[0m
[2.496s] [ 32%] [32mBuilding CXX object CMakeFiles/mav_planning_msgs__rosidl_typesupport_introspection_cpp.dir/rosidl_typesupport_introspection_cpp/mav_planning_msgs/msg/detail/polynomial_segment__type_support.cpp.o[0m
[2.499s] [ 32%] [32mBuilding CXX object CMakeFiles/mav_planning_msgs__rosidl_typesupport_introspection_cpp.dir/rosidl_typesupport_introspection_cpp/mav_planning_msgs/msg/detail/polynomial_segment4_d__type_support.cpp.o[0m
[2.501s] [ 33%] [32mBuilding CXX object CMakeFiles/mav_planning_msgs__rosidl_typesupport_introspection_cpp.dir/rosidl_typesupport_introspection_cpp/mav_planning_msgs/msg/detail/polynomial_trajectory__type_support.cpp.o[0m
[2.507s] [ 34%] [32mBuilding CXX object CMakeFiles/mav_planning_msgs__rosidl_typesupport_introspection_cpp.dir/rosidl_typesupport_introspection_cpp/mav_planning_msgs/msg/detail/polynomial_trajectory4_d__type_support.cpp.o[0m
[2.517s] [ 35%] [32mBuilding CXX object CMakeFiles/mav_planning_msgs__rosidl_typesupport_introspection_cpp.dir/rosidl_typesupport_introspection_cpp/mav_planning_msgs/srv/detail/change_name_service__type_support.cpp.o[0m
[2.518s] [ 36%] [32mBuilding CXX object CMakeFiles/mav_planning_msgs__rosidl_typesupport_introspection_cpp.dir/rosidl_typesupport_introspection_cpp/mav_planning_msgs/srv/detail/planner_service__type_support.cpp.o[0m
[2.519s] [ 37%] [32mBuilding CXX object CMakeFiles/mav_planning_msgs__rosidl_typesupport_introspection_cpp.dir/rosidl_typesupport_introspection_cpp/mav_planning_msgs/srv/detail/polygon_service__type_support.cpp.o[0m
[2.561s] [ 38%] [32m[1mLinking CXX shared library libmav_planning_msgs__rosidl_typesupport_cpp.so[0m
[2.590s] [ 39%] [32mBuilding CXX object CMakeFiles/mav_planning_msgs__rosidl_typesupport_fastrtps_cpp.dir/rosidl_typesupport_fastrtps_cpp/mav_planning_msgs/msg/detail/dds_fastrtps/point_cloud_with_pose__type_support.cpp.o[0m
[2.591s] [ 40%] [32mBuilding CXX object CMakeFiles/mav_planning_msgs__rosidl_typesupport_fastrtps_cpp.dir/rosidl_typesupport_fastrtps_cpp/mav_planning_msgs/msg/detail/dds_fastrtps/point2_d__type_support.cpp.o[0m
[2.599s] [ 41%] [32mBuilding CXX object CMakeFiles/mav_planning_msgs__rosidl_typesupport_fastrtps_cpp.dir/rosidl_typesupport_fastrtps_cpp/mav_planning_msgs/msg/detail/dds_fastrtps/polygon2_d__type_support.cpp.o[0m
[2.611s] [ 42%] [32mBuilding CXX object CMakeFiles/mav_planning_msgs__rosidl_typesupport_fastrtps_cpp.dir/rosidl_typesupport_fastrtps_cpp/mav_planning_msgs/msg/detail/dds_fastrtps/polygon_with_holes__type_support.cpp.o[0m
[2.612s] [ 42%] Built target mav_planning_msgs__rosidl_typesupport_cpp
[2.624s] [ 43%] [32mBuilding CXX object CMakeFiles/mav_planning_msgs__rosidl_typesupport_fastrtps_cpp.dir/rosidl_typesupport_fastrtps_cpp/mav_planning_msgs/msg/detail/dds_fastrtps/polygon_with_holes_stamped__type_support.cpp.o[0m
[2.655s] [ 44%] [32mBuilding CXX object CMakeFiles/mav_planning_msgs__rosidl_typesupport_c.dir/rosidl_typesupport_c/mav_planning_msgs/msg/point2_d__type_support.cpp.o[0m
[2.706s] [ 44%] [32mBuilding CXX object CMakeFiles/mav_planning_msgs__rosidl_typesupport_c.dir/rosidl_typesupport_c/mav_planning_msgs/msg/point_cloud_with_pose__type_support.cpp.o[0m
[2.761s] [ 45%] [32mBuilding CXX object CMakeFiles/mav_planning_msgs__rosidl_typesupport_c.dir/rosidl_typesupport_c/mav_planning_msgs/msg/polygon2_d__type_support.cpp.o[0m
[2.809s] [ 46%] [32mBuilding CXX object CMakeFiles/mav_planning_msgs__rosidl_typesupport_c.dir/rosidl_typesupport_c/mav_planning_msgs/msg/polygon_with_holes__type_support.cpp.o[0m
[2.821s] [ 47%] [32mBuilding CXX object CMakeFiles/mav_planning_msgs__rosidl_typesupport_c.dir/rosidl_typesupport_c/mav_planning_msgs/msg/polygon_with_holes_stamped__type_support.cpp.o[0m
[2.848s] [ 47%] [32mBuilding CXX object CMakeFiles/mav_planning_msgs__rosidl_typesupport_fastrtps_cpp.dir/rosidl_typesupport_fastrtps_cpp/mav_planning_msgs/msg/detail/dds_fastrtps/polynomial_segment__type_support.cpp.o[0m
[2.861s] [ 48%] [32mBuilding CXX object CMakeFiles/mav_planning_msgs__rosidl_typesupport_c.dir/rosidl_typesupport_c/mav_planning_msgs/msg/polynomial_segment__type_support.cpp.o[0m
[2.865s] [ 49%] [32mBuilding CXX object CMakeFiles/mav_planning_msgs__rosidl_typesupport_c.dir/rosidl_typesupport_c/mav_planning_msgs/msg/polynomial_segment4_d__type_support.cpp.o[0m
[2.878s] [ 50%] [32mBuilding CXX object CMakeFiles/mav_planning_msgs__rosidl_typesupport_fastrtps_cpp.dir/rosidl_typesupport_fastrtps_cpp/mav_planning_msgs/msg/detail/dds_fastrtps/polynomial_segment4_d__type_support.cpp.o[0m
[2.885s] [ 50%] [32mBuilding CXX object CMakeFiles/mav_planning_msgs__rosidl_typesupport_c.dir/rosidl_typesupport_c/mav_planning_msgs/msg/polynomial_trajectory__type_support.cpp.o[0m
[2.896s] [ 52%] [32mBuilding CXX object CMakeFiles/mav_planning_msgs__rosidl_typesupport_fastrtps_cpp.dir/rosidl_typesupport_fastrtps_cpp/mav_planning_msgs/msg/detail/dds_fastrtps/polynomial_trajectory__type_support.cpp.o[0m
[2.896s] [ 52%] [32mBuilding CXX object CMakeFiles/mav_planning_msgs__rosidl_typesupport_fastrtps_cpp.dir/rosidl_typesupport_fastrtps_cpp/mav_planning_msgs/msg/detail/dds_fastrtps/polynomial_trajectory4_d__type_support.cpp.o[0m
[2.900s] [ 53%] [32mBuilding CXX object CMakeFiles/mav_planning_msgs__rosidl_typesupport_c.dir/rosidl_typesupport_c/mav_planning_msgs/msg/polynomial_trajectory4_d__type_support.cpp.o[0m
[2.903s] [ 54%] [32mBuilding CXX object CMakeFiles/mav_planning_msgs__rosidl_typesupport_c.dir/rosidl_typesupport_c/mav_planning_msgs/srv/planner_service__type_support.cpp.o[0m
[2.910s] [ 55%] [32mBuilding CXX object CMakeFiles/mav_planning_msgs__rosidl_typesupport_fastrtps_cpp.dir/rosidl_typesupport_fastrtps_cpp/mav_planning_msgs/srv/detail/dds_fastrtps/planner_service__type_support.cpp.o[0m
[2.916s] [ 56%] [32mBuilding CXX object CMakeFiles/mav_planning_msgs__rosidl_typesupport_fastrtps_cpp.dir/rosidl_typesupport_fastrtps_cpp/mav_planning_msgs/srv/detail/dds_fastrtps/polygon_service__type_support.cpp.o[0m
[2.920s] [ 57%] [32mBuilding CXX object CMakeFiles/mav_planning_msgs__rosidl_typesupport_c.dir/rosidl_typesupport_c/mav_planning_msgs/srv/polygon_service__type_support.cpp.o[0m
[2.921s] [ 58%] [32mBuilding CXX object CMakeFiles/mav_planning_msgs__rosidl_typesupport_c.dir/rosidl_typesupport_c/mav_planning_msgs/srv/change_name_service__type_support.cpp.o[0m
[2.926s] [ 58%] [32mBuilding CXX object CMakeFiles/mav_planning_msgs__rosidl_typesupport_fastrtps_cpp.dir/rosidl_typesupport_fastrtps_cpp/mav_planning_msgs/srv/detail/dds_fastrtps/change_name_service__type_support.cpp.o[0m
[2.951s] [ 59%] [32m[1mLinking CXX shared library libmav_planning_msgs__rosidl_typesupport_c.so[0m
[2.973s] [ 60%] [32mBuilding C object CMakeFiles/mav_planning_msgs__rosidl_typesupport_introspection_c.dir/rosidl_typesupport_introspection_c/mav_planning_msgs/msg/detail/point2_d__type_support.c.o[0m
[2.977s] [ 61%] [32mBuilding C object CMakeFiles/mav_planning_msgs__rosidl_typesupport_introspection_c.dir/rosidl_typesupport_introspection_c/mav_planning_msgs/msg/detail/polygon2_d__type_support.c.o[0m
[2.977s] [ 62%] [32mBuilding C object CMakeFiles/mav_planning_msgs__rosidl_typesupport_introspection_c.dir/rosidl_typesupport_introspection_c/mav_planning_msgs/msg/detail/point_cloud_with_pose__type_support.c.o[0m
[2.984s] [ 62%] [32mBuilding C object CMakeFiles/mav_planning_msgs__rosidl_typesupport_introspection_c.dir/rosidl_typesupport_introspection_c/mav_planning_msgs/msg/detail/polygon_with_holes__type_support.c.o[0m
[2.987s] [ 63%] [32mBuilding C object CMakeFiles/mav_planning_msgs__rosidl_typesupport_introspection_c.dir/rosidl_typesupport_introspection_c/mav_planning_msgs/msg/detail/polynomial_segment__type_support.c.o[0m
[2.989s] [ 64%] [32mBuilding C object CMakeFiles/mav_planning_msgs__rosidl_typesupport_introspection_c.dir/rosidl_typesupport_introspection_c/mav_planning_msgs/msg/detail/polygon_with_holes_stamped__type_support.c.o[0m
[2.990s] [ 65%] [32mBuilding C object CMakeFiles/mav_planning_msgs__rosidl_typesupport_introspection_c.dir/rosidl_typesupport_introspection_c/mav_planning_msgs/msg/detail/polynomial_segment4_d__type_support.c.o[0m
[3.000s] [ 65%] Built target mav_planning_msgs__rosidl_typesupport_c
[3.003s] [ 66%] [32mBuilding CXX object CMakeFiles/mav_planning_msgs__rosidl_typesupport_fastrtps_c.dir/rosidl_typesupport_fastrtps_c/mav_planning_msgs/msg/detail/point2_d__type_support_c.cpp.o[0m
[3.005s] [ 67%] [32mBuilding C object CMakeFiles/mav_planning_msgs__rosidl_typesupport_introspection_c.dir/rosidl_typesupport_introspection_c/mav_planning_msgs/msg/detail/polynomial_trajectory__type_support.c.o[0m
[3.009s] [ 68%] [32m[1mLinking CXX shared library libmav_planning_msgs__rosidl_typesupport_introspection_cpp.so[0m
[3.010s] [ 69%] [32mBuilding C object CMakeFiles/mav_planning_msgs__rosidl_typesupport_introspection_c.dir/rosidl_typesupport_introspection_c/mav_planning_msgs/msg/detail/polynomial_trajectory4_d__type_support.c.o[0m
[3.011s] [ 70%] [32mBuilding C object CMakeFiles/mav_planning_msgs__rosidl_typesupport_introspection_c.dir/rosidl_typesupport_introspection_c/mav_planning_msgs/srv/detail/polygon_service__type_support.c.o[0m
[3.012s] [ 70%] [32mBuilding CXX object CMakeFiles/mav_planning_msgs__rosidl_typesupport_fastrtps_c.dir/rosidl_typesupport_fastrtps_c/mav_planning_msgs/msg/detail/point_cloud_with_pose__type_support_c.cpp.o[0m
[3.012s] [ 71%] [32mBuilding C object CMakeFiles/mav_planning_msgs__rosidl_typesupport_introspection_c.dir/rosidl_typesupport_introspection_c/mav_planning_msgs/srv/detail/planner_service__type_support.c.o[0m
[3.021s] [ 72%] [32mBuilding C object CMakeFiles/mav_planning_msgs__rosidl_typesupport_introspection_c.dir/rosidl_typesupport_introspection_c/mav_planning_msgs/srv/detail/change_name_service__type_support.c.o[0m
[3.022s] [ 72%] [32mBuilding CXX object CMakeFiles/mav_planning_msgs__rosidl_typesupport_fastrtps_c.dir/rosidl_typesupport_fastrtps_c/mav_planning_msgs/msg/detail/polygon2_d__type_support_c.cpp.o[0m
[3.044s] [ 73%] [32mBuilding CXX object CMakeFiles/mav_planning_msgs__rosidl_typesupport_fastrtps_c.dir/rosidl_typesupport_fastrtps_c/mav_planning_msgs/msg/detail/polygon_with_holes__type_support_c.cpp.o[0m
[3.050s] [ 74%] [32mBuilding CXX object CMakeFiles/mav_planning_msgs__rosidl_typesupport_fastrtps_c.dir/rosidl_typesupport_fastrtps_c/mav_planning_msgs/msg/detail/polygon_with_holes_stamped__type_support_c.cpp.o[0m
[3.050s] [ 75%] [32mBuilding CXX object CMakeFiles/mav_planning_msgs__rosidl_typesupport_fastrtps_c.dir/rosidl_typesupport_fastrtps_c/mav_planning_msgs/msg/detail/polynomial_segment__type_support_c.cpp.o[0m
[3.055s] [ 76%] [32mBuilding CXX object CMakeFiles/mav_planning_msgs__rosidl_typesupport_fastrtps_c.dir/rosidl_typesupport_fastrtps_c/mav_planning_msgs/msg/detail/polynomial_segment4_d__type_support_c.cpp.o[0m
[3.056s] [ 77%] [32mBuilding CXX object CMakeFiles/mav_planning_msgs__rosidl_typesupport_fastrtps_c.dir/rosidl_typesupport_fastrtps_c/mav_planning_msgs/msg/detail/polynomial_trajectory__type_support_c.cpp.o[0m
[3.058s] [ 78%] [32mBuilding CXX object CMakeFiles/mav_planning_msgs__rosidl_typesupport_fastrtps_c.dir/rosidl_typesupport_fastrtps_c/mav_planning_msgs/srv/detail/planner_service__type_support_c.cpp.o[0m
[3.067s] [ 78%] [32mBuilding CXX object CMakeFiles/mav_planning_msgs__rosidl_typesupport_fastrtps_c.dir/rosidl_typesupport_fastrtps_c/mav_planning_msgs/msg/detail/polynomial_trajectory4_d__type_support_c.cpp.o[0m
[3.074s] [ 79%] [32mBuilding CXX object CMakeFiles/mav_planning_msgs__rosidl_typesupport_fastrtps_c.dir/rosidl_typesupport_fastrtps_c/mav_planning_msgs/srv/detail/polygon_service__type_support_c.cpp.o[0m
[3.083s] [ 80%] [32m[1mLinking C shared library libmav_planning_msgs__rosidl_typesupport_introspection_c.so[0m
[3.142s] [ 80%] Built target mav_planning_msgs__rosidl_typesupport_introspection_cpp
[3.152s] [ 80%] Built target mav_planning_msgs__rosidl_typesupport_introspection_c
[3.162s] [ 81%] [32mBuilding CXX object CMakeFiles/mav_planning_msgs__rosidl_typesupport_fastrtps_c.dir/rosidl_typesupport_fastrtps_c/mav_planning_msgs/srv/detail/change_name_service__type_support_c.cpp.o[0m
[3.351s] [ 82%] [32m[1mLinking CXX shared library libmav_planning_msgs__rosidl_typesupport_fastrtps_cpp.so[0m
[3.404s] [ 82%] Built target mav_planning_msgs__rosidl_typesupport_fastrtps_cpp
[3.412s] [ 83%] [32m[1mLinking CXX shared library libmav_planning_msgs__rosidl_typesupport_fastrtps_c.so[0m
[3.461s] [ 83%] Built target mav_planning_msgs__rosidl_typesupport_fastrtps_c
[3.474s] [ 83%] Built target mav_planning_msgs
[3.487s] [ 84%] [34m[1mGenerating Python code for ROS interfaces[0m
[4.416s] [ 84%] Built target mav_planning_msgs__py
[4.427s] [ 85%] [32mBuilding C object CMakeFiles/mav_planning_msgs__rosidl_generator_py.dir/rosidl_generator_py/mav_planning_msgs/msg/_polygon2_d_s.c.o[0m
[4.428s] [ 85%] [32mBuilding C object CMakeFiles/mav_planning_msgs__rosidl_generator_py.dir/rosidl_generator_py/mav_planning_msgs/msg/_polygon_with_holes_s.c.o[0m
[4.428s] [ 86%] [32mBuilding C object CMakeFiles/mav_planning_msgs__rosidl_generator_py.dir/rosidl_generator_py/mav_planning_msgs/srv/_planner_service_s.c.o[0m
[4.428s] [ 86%] [32mBuilding C object CMakeFiles/mav_planning_msgs__rosidl_generator_py.dir/rosidl_generator_py/mav_planning_msgs/msg/_point2_d_s.c.o[0m
[4.428s] [ 87%] [32mBuilding C object CMakeFiles/mav_planning_msgs__rosidl_generator_py.dir/rosidl_generator_py/mav_planning_msgs/srv/_polygon_service_s.c.o[0m
[4.428s] [ 88%] [32mBuilding C object CMakeFiles/mav_planning_msgs__rosidl_generator_py.dir/rosidl_generator_py/mav_planning_msgs/msg/_polynomial_segment4_d_s.c.o[0m
[4.429s] [ 90%] [32mBuilding C object CMakeFiles/mav_planning_msgs__rosidl_generator_py.dir/rosidl_generator_py/mav_planning_msgs/msg/_polynomial_segment_s.c.o[0m
[4.429s] [ 90%] [32mBuilding C object CMakeFiles/mav_planning_msgs__rosidl_generator_py.dir/rosidl_generator_py/mav_planning_msgs/msg/_point_cloud_with_pose_s.c.o[0m
[4.429s] [ 91%] [32mBuilding C object CMakeFiles/mav_planning_msgs__rosidl_generator_py.dir/rosidl_generator_py/mav_planning_msgs/msg/_polynomial_trajectory4_d_s.c.o[0m
[4.429s] [ 92%] [32mBuilding C object CMakeFiles/mav_planning_msgs__rosidl_generator_py.dir/rosidl_generator_py/mav_planning_msgs/msg/_polygon_with_holes_stamped_s.c.o[0m
[4.429s] [ 93%] [32mBuilding C object CMakeFiles/mav_planning_msgs__rosidl_generator_py.dir/rosidl_generator_py/mav_planning_msgs/srv/_change_name_service_s.c.o[0m
[4.430s] [ 94%] [32mBuilding C object CMakeFiles/mav_planning_msgs__rosidl_generator_py.dir/rosidl_generator_py/mav_planning_msgs/msg/_polynomial_trajectory_s.c.o[0m
[4.529s] [ 95%] [32m[1mLinking C shared library rosidl_generator_py/mav_planning_msgs/libmav_planning_msgs__rosidl_generator_py.so[0m
[4.562s] [ 95%] Built target mav_planning_msgs__rosidl_generator_py
[4.573s] [ 96%] [32mBuilding C object CMakeFiles/mav_planning_msgs__rosidl_typesupport_introspection_c__pyext.dir/rosidl_generator_py/mav_planning_msgs/_mav_planning_msgs_s.ep.rosidl_typesupport_introspection_c.c.o[0m
[4.573s] [ 97%] [32mBuilding C object CMakeFiles/mav_planning_msgs__rosidl_typesupport_fastrtps_c__pyext.dir/rosidl_generator_py/mav_planning_msgs/_mav_planning_msgs_s.ep.rosidl_typesupport_fastrtps_c.c.o[0m
[4.574s] [ 97%] [32mBuilding C object CMakeFiles/mav_planning_msgs__rosidl_typesupport_c__pyext.dir/rosidl_generator_py/mav_planning_msgs/_mav_planning_msgs_s.ep.rosidl_typesupport_c.c.o[0m
[4.651s] [ 99%] [32m[1mLinking C shared library rosidl_generator_py/mav_planning_msgs/mav_planning_msgs_s__rosidl_typesupport_c.cpython-310-x86_64-linux-gnu.so[0m
[4.651s] [ 99%] [32m[1mLinking C shared library rosidl_generator_py/mav_planning_msgs/mav_planning_msgs_s__rosidl_typesupport_fastrtps_c.cpython-310-x86_64-linux-gnu.so[0m
[4.651s] [100%] [32m[1mLinking C shared library rosidl_generator_py/mav_planning_msgs/mav_planning_msgs_s__rosidl_typesupport_introspection_c.cpython-310-x86_64-linux-gnu.so[0m
[4.678s] [100%] Built target mav_planning_msgs__rosidl_typesupport_introspection_c__pyext
[4.679s] [100%] Built target mav_planning_msgs__rosidl_typesupport_c__pyext
[4.684s] [100%] Built target mav_planning_msgs__rosidl_typesupport_fastrtps_c__pyext
[4.691s] Invoked command in '/home/zengine/vnav_ws/src/build/mav_planning_msgs' returned '0': AMENT_PREFIX_PATH=/home/zengine/vnav_ws/src/install/mav_msgs:${AMENT_PREFIX_PATH} CMAKE_PREFIX_PATH=/home/zengine/vnav_ws/src/install/mav_msgs:/opt/ros/humble LD_LIBRARY_PATH=/home/zengine/vnav_ws/src/install/mav_msgs/lib:${LD_LIBRARY_PATH} PYTHONPATH=/home/zengine/vnav_ws/src/install/mav_msgs/local/lib/python3.10/dist-packages:${PYTHONPATH} /usr/bin/cmake --build /home/zengine/vnav_ws/src/build/mav_planning_msgs -- -j20 -l20
[4.692s] Invoking command in '/home/zengine/vnav_ws/src/build/mav_planning_msgs': AMENT_PREFIX_PATH=/home/zengine/vnav_ws/src/install/mav_msgs:${AMENT_PREFIX_PATH} CMAKE_PREFIX_PATH=/home/zengine/vnav_ws/src/install/mav_msgs:/opt/ros/humble LD_LIBRARY_PATH=/home/zengine/vnav_ws/src/install/mav_msgs/lib:${LD_LIBRARY_PATH} PYTHONPATH=/home/zengine/vnav_ws/src/install/mav_msgs/local/lib/python3.10/dist-packages:${PYTHONPATH} /usr/bin/cmake --install /home/zengine/vnav_ws/src/build/mav_planning_msgs
[4.697s] -- Install configuration: ""
[4.697s] -- Installing: /home/zengine/vnav_ws/src/install/mav_planning_msgs/share/ament_index/resource_index/rosidl_interfaces/mav_planning_msgs
[4.697s] -- Installing: /home/zengine/vnav_ws/src/install/mav_planning_msgs/include/mav_planning_msgs/mav_planning_msgs
[4.697s] -- Installing: /home/zengine/vnav_ws/src/install/mav_planning_msgs/include/mav_planning_msgs/mav_planning_msgs/srv
[4.697s] -- Installing: /home/zengine/vnav_ws/src/install/mav_planning_msgs/include/mav_planning_msgs/mav_planning_msgs/srv/planner_service.h
[4.697s] -- Installing: /home/zengine/vnav_ws/src/install/mav_planning_msgs/include/mav_planning_msgs/mav_planning_msgs/srv/detail
[4.697s] -- Installing: /home/zengine/vnav_ws/src/install/mav_planning_msgs/include/mav_planning_msgs/mav_planning_msgs/srv/detail/polygon_service__struct.h
[4.697s] -- Installing: /home/zengine/vnav_ws/src/install/mav_planning_msgs/include/mav_planning_msgs/mav_planning_msgs/srv/detail/planner_service__type_support.h
[4.697s] -- Installing: /home/zengine/vnav_ws/src/install/mav_planning_msgs/include/mav_planning_msgs/mav_planning_msgs/srv/detail/change_name_service__functions.c
[4.697s] -- Installing: /home/zengine/vnav_ws/src/install/mav_planning_msgs/include/mav_planning_msgs/mav_planning_msgs/srv/detail/planner_service__functions.c
[4.697s] -- Installing: /home/zengine/vnav_ws/src/install/mav_planning_msgs/include/mav_planning_msgs/mav_planning_msgs/srv/detail/polygon_service__functions.h
[4.697s] -- Installing: /home/zengine/vnav_ws/src/install/mav_planning_msgs/include/mav_planning_msgs/mav_planning_msgs/srv/detail/planner_service__struct.h
[4.697s] -- Installing: /home/zengine/vnav_ws/src/install/mav_planning_msgs/include/mav_planning_msgs/mav_planning_msgs/srv/detail/planner_service__functions.h
[4.697s] -- Installing: /home/zengine/vnav_ws/src/install/mav_planning_msgs/include/mav_planning_msgs/mav_planning_msgs/srv/detail/change_name_service__struct.h
[4.697s] -- Installing: /home/zengine/vnav_ws/src/install/mav_planning_msgs/include/mav_planning_msgs/mav_planning_msgs/srv/detail/polygon_service__functions.c
[4.697s] -- Installing: /home/zengine/vnav_ws/src/install/mav_planning_msgs/include/mav_planning_msgs/mav_planning_msgs/srv/detail/polygon_service__type_support.h
[4.697s] -- Installing: /home/zengine/vnav_ws/src/install/mav_planning_msgs/include/mav_planning_msgs/mav_planning_msgs/srv/detail/change_name_service__functions.h
[4.697s] -- Installing: /home/zengine/vnav_ws/src/install/mav_planning_msgs/include/mav_planning_msgs/mav_planning_msgs/srv/detail/change_name_service__type_support.h
[4.697s] -- Installing: /home/zengine/vnav_ws/src/install/mav_planning_msgs/include/mav_planning_msgs/mav_planning_msgs/srv/polygon_service.h
[4.697s] -- Installing: /home/zengine/vnav_ws/src/install/mav_planning_msgs/include/mav_planning_msgs/mav_planning_msgs/srv/change_name_service.h
[4.697s] -- Installing: /home/zengine/vnav_ws/src/install/mav_planning_msgs/include/mav_planning_msgs/mav_planning_msgs/msg
[4.697s] -- Installing: /home/zengine/vnav_ws/src/install/mav_planning_msgs/include/mav_planning_msgs/mav_planning_msgs/msg/point_cloud_with_pose.h
[4.697s] -- Installing: /home/zengine/vnav_ws/src/install/mav_planning_msgs/include/mav_planning_msgs/mav_planning_msgs/msg/detail
[4.698s] -- Installing: /home/zengine/vnav_ws/src/install/mav_planning_msgs/include/mav_planning_msgs/mav_planning_msgs/msg/detail/point_cloud_with_pose__type_support.h
[4.698s] -- Installing: /home/zengine/vnav_ws/src/install/mav_planning_msgs/include/mav_planning_msgs/mav_planning_msgs/msg/detail/polynomial_segment__type_support.h
[4.698s] -- Installing: /home/zengine/vnav_ws/src/install/mav_planning_msgs/include/mav_planning_msgs/mav_planning_msgs/msg/detail/polynomial_trajectory__functions.c
[4.698s] -- Installing: /home/zengine/vnav_ws/src/install/mav_planning_msgs/include/mav_planning_msgs/mav_planning_msgs/msg/detail/polynomial_segment__struct.h
[4.698s] -- Installing: /home/zengine/vnav_ws/src/install/mav_planning_msgs/include/mav_planning_msgs/mav_planning_msgs/msg/detail/polygon_with_holes_stamped__functions.c
[4.698s] -- Installing: /home/zengine/vnav_ws/src/install/mav_planning_msgs/include/mav_planning_msgs/mav_planning_msgs/msg/detail/point_cloud_with_pose__functions.h
[4.698s] -- Installing: /home/zengine/vnav_ws/src/install/mav_planning_msgs/include/mav_planning_msgs/mav_planning_msgs/msg/detail/polygon2_d__type_support.h
[4.698s] -- Installing: /home/zengine/vnav_ws/src/install/mav_planning_msgs/include/mav_planning_msgs/mav_planning_msgs/msg/detail/polygon_with_holes_stamped__functions.h
[4.698s] -- Installing: /home/zengine/vnav_ws/src/install/mav_planning_msgs/include/mav_planning_msgs/mav_planning_msgs/msg/detail/point2_d__struct.h
[4.698s] -- Installing: /home/zengine/vnav_ws/src/install/mav_planning_msgs/include/mav_planning_msgs/mav_planning_msgs/msg/detail/polynomial_segment4_d__struct.h
[4.698s] -- Installing: /home/zengine/vnav_ws/src/install/mav_planning_msgs/include/mav_planning_msgs/mav_planning_msgs/msg/detail/polynomial_segment4_d__functions.c
[4.698s] -- Installing: /home/zengine/vnav_ws/src/install/mav_planning_msgs/include/mav_planning_msgs/mav_planning_msgs/msg/detail/point2_d__type_support.h
[4.698s] -- Installing: /home/zengine/vnav_ws/src/install/mav_planning_msgs/include/mav_planning_msgs/mav_planning_msgs/msg/detail/polygon_with_holes__type_support.h
[4.698s] -- Installing: /home/zengine/vnav_ws/src/install/mav_planning_msgs/include/mav_planning_msgs/mav_planning_msgs/msg/detail/polynomial_segment4_d__type_support.h
[4.698s] -- Installing: /home/zengine/vnav_ws/src/install/mav_planning_msgs/include/mav_planning_msgs/mav_planning_msgs/msg/detail/polygon_with_holes_stamped__type_support.h
[4.698s] -- Installing: /home/zengine/vnav_ws/src/install/mav_planning_msgs/include/mav_planning_msgs/mav_planning_msgs/msg/detail/point_cloud_with_pose__functions.c
[4.698s] -- Installing: /home/zengine/vnav_ws/src/install/mav_planning_msgs/include/mav_planning_msgs/mav_planning_msgs/msg/detail/polynomial_segment4_d__functions.h
[4.698s] -- Installing: /home/zengine/vnav_ws/src/install/mav_planning_msgs/include/mav_planning_msgs/mav_planning_msgs/msg/detail/polynomial_trajectory4_d__struct.h
[4.698s] -- Installing: /home/zengine/vnav_ws/src/install/mav_planning_msgs/include/mav_planning_msgs/mav_planning_msgs/msg/detail/polygon_with_holes__functions.c
[4.699s] -- Installing: /home/zengine/vnav_ws/src/install/mav_planning_msgs/include/mav_planning_msgs/mav_planning_msgs/msg/detail/polygon_with_holes__struct.h
[4.699s] -- Installing: /home/zengine/vnav_ws/src/install/mav_planning_msgs/include/mav_planning_msgs/mav_planning_msgs/msg/detail/polynomial_segment__functions.c
[4.699s] -- Installing: /home/zengine/vnav_ws/src/install/mav_planning_msgs/include/mav_planning_msgs/mav_planning_msgs/msg/detail/point_cloud_with_pose__struct.h
[4.699s] -- Installing: /home/zengine/vnav_ws/src/install/mav_planning_msgs/include/mav_planning_msgs/mav_planning_msgs/msg/detail/polynomial_trajectory4_d__functions.h
[4.699s] -- Installing: /home/zengine/vnav_ws/src/install/mav_planning_msgs/include/mav_planning_msgs/mav_planning_msgs/msg/detail/point2_d__functions.c
[4.699s] -- Installing: /home/zengine/vnav_ws/src/install/mav_planning_msgs/include/mav_planning_msgs/mav_planning_msgs/msg/detail/polynomial_segment__functions.h
[4.699s] -- Installing: /home/zengine/vnav_ws/src/install/mav_planning_msgs/include/mav_planning_msgs/mav_planning_msgs/msg/detail/polynomial_trajectory__type_support.h
[4.699s] -- Installing: /home/zengine/vnav_ws/src/install/mav_planning_msgs/include/mav_planning_msgs/mav_planning_msgs/msg/detail/polygon_with_holes__functions.h
[4.699s] -- Installing: /home/zengine/vnav_ws/src/install/mav_planning_msgs/include/mav_planning_msgs/mav_planning_msgs/msg/detail/polygon2_d__functions.c
[4.699s] -- Installing: /home/zengine/vnav_ws/src/install/mav_planning_msgs/include/mav_planning_msgs/mav_planning_msgs/msg/detail/point2_d__functions.h
[4.699s] -- Installing: /home/zengine/vnav_ws/src/install/mav_planning_msgs/include/mav_planning_msgs/mav_planning_msgs/msg/detail/polynomial_trajectory4_d__type_support.h
[4.699s] -- Installing: /home/zengine/vnav_ws/src/install/mav_planning_msgs/include/mav_planning_msgs/mav_planning_msgs/msg/detail/polynomial_trajectory4_d__functions.c
[4.699s] -- Installing: /home/zengine/vnav_ws/src/install/mav_planning_msgs/include/mav_planning_msgs/mav_planning_msgs/msg/detail/polygon2_d__struct.h
[4.699s] -- Installing: /home/zengine/vnav_ws/src/install/mav_planning_msgs/include/mav_planning_msgs/mav_planning_msgs/msg/detail/polynomial_trajectory__struct.h
[4.699s] -- Installing: /home/zengine/vnav_ws/src/install/mav_planning_msgs/include/mav_planning_msgs/mav_planning_msgs/msg/detail/polygon_with_holes_stamped__struct.h
[4.699s] -- Installing: /home/zengine/vnav_ws/src/install/mav_planning_msgs/include/mav_planning_msgs/mav_planning_msgs/msg/detail/polygon2_d__functions.h
[4.699s] -- Installing: /home/zengine/vnav_ws/src/install/mav_planning_msgs/include/mav_planning_msgs/mav_planning_msgs/msg/detail/polynomial_trajectory__functions.h
[4.699s] -- Installing: /home/zengine/vnav_ws/src/install/mav_planning_msgs/include/mav_planning_msgs/mav_planning_msgs/msg/polynomial_trajectory4_d.h
[4.699s] -- Installing: /home/zengine/vnav_ws/src/install/mav_planning_msgs/include/mav_planning_msgs/mav_planning_msgs/msg/polynomial_segment.h
[4.699s] -- Installing: /home/zengine/vnav_ws/src/install/mav_planning_msgs/include/mav_planning_msgs/mav_planning_msgs/msg/polygon_with_holes_stamped.h
[4.699s] -- Installing: /home/zengine/vnav_ws/src/install/mav_planning_msgs/include/mav_planning_msgs/mav_planning_msgs/msg/rosidl_generator_c__visibility_control.h
[4.699s] -- Installing: /home/zengine/vnav_ws/src/install/mav_planning_msgs/include/mav_planning_msgs/mav_planning_msgs/msg/polygon2_d.h
[4.699s] -- Installing: /home/zengine/vnav_ws/src/install/mav_planning_msgs/include/mav_planning_msgs/mav_planning_msgs/msg/polynomial_segment4_d.h
[4.699s] -- Installing: /home/zengine/vnav_ws/src/install/mav_planning_msgs/include/mav_planning_msgs/mav_planning_msgs/msg/polynomial_trajectory.h
[4.699s] -- Installing: /home/zengine/vnav_ws/src/install/mav_planning_msgs/include/mav_planning_msgs/mav_planning_msgs/msg/polygon_with_holes.h
[4.699s] -- Installing: /home/zengine/vnav_ws/src/install/mav_planning_msgs/include/mav_planning_msgs/mav_planning_msgs/msg/point2_d.h
[4.699s] -- Installing: /home/zengine/vnav_ws/src/install/mav_planning_msgs/share/mav_planning_msgs/environment/library_path.sh
[4.699s] -- Installing: /home/zengine/vnav_ws/src/install/mav_planning_msgs/share/mav_planning_msgs/environment/library_path.dsv
[4.699s] -- Installing: /home/zengine/vnav_ws/src/install/mav_planning_msgs/lib/libmav_planning_msgs__rosidl_generator_c.so
[4.699s] -- Set runtime path of "/home/zengine/vnav_ws/src/install/mav_planning_msgs/lib/libmav_planning_msgs__rosidl_generator_c.so" to ""
[4.699s] -- Up-to-date: /home/zengine/vnav_ws/src/install/mav_planning_msgs/include/mav_planning_msgs/mav_planning_msgs
[4.699s] -- Up-to-date: /home/zengine/vnav_ws/src/install/mav_planning_msgs/include/mav_planning_msgs/mav_planning_msgs/srv
[4.700s] -- Up-to-date: /home/zengine/vnav_ws/src/install/mav_planning_msgs/include/mav_planning_msgs/mav_planning_msgs/srv/detail
[4.700s] -- Installing: /home/zengine/vnav_ws/src/install/mav_planning_msgs/include/mav_planning_msgs/mav_planning_msgs/srv/detail/change_name_service__rosidl_typesupport_fastrtps_c.h
[4.700s] -- Installing: /home/zengine/vnav_ws/src/install/mav_planning_msgs/include/mav_planning_msgs/mav_planning_msgs/srv/detail/polygon_service__rosidl_typesupport_fastrtps_c.h
[4.700s] -- Installing: /home/zengine/vnav_ws/src/install/mav_planning_msgs/include/mav_planning_msgs/mav_planning_msgs/srv/detail/planner_service__rosidl_typesupport_fastrtps_c.h
[4.700s] -- Up-to-date: /home/zengine/vnav_ws/src/install/mav_planning_msgs/include/mav_planning_msgs/mav_planning_msgs/msg
[4.700s] -- Installing: /home/zengine/vnav_ws/src/install/mav_planning_msgs/include/mav_planning_msgs/mav_planning_msgs/msg/rosidl_typesupport_fastrtps_c__visibility_control.h
[4.700s] -- Up-to-date: /home/zengine/vnav_ws/src/install/mav_planning_msgs/include/mav_planning_msgs/mav_planning_msgs/msg/detail
[4.700s] -- Installing: /home/zengine/vnav_ws/src/install/mav_planning_msgs/include/mav_planning_msgs/mav_planning_msgs/msg/detail/polynomial_segment__rosidl_typesupport_fastrtps_c.h
[4.700s] -- Installing: /home/zengine/vnav_ws/src/install/mav_planning_msgs/include/mav_planning_msgs/mav_planning_msgs/msg/detail/polygon_with_holes__rosidl_typesupport_fastrtps_c.h
[4.700s] -- Installing: /home/zengine/vnav_ws/src/install/mav_planning_msgs/include/mav_planning_msgs/mav_planning_msgs/msg/detail/polynomial_trajectory__rosidl_typesupport_fastrtps_c.h
[4.700s] -- Installing: /home/zengine/vnav_ws/src/install/mav_planning_msgs/include/mav_planning_msgs/mav_planning_msgs/msg/detail/polynomial_trajectory4_d__rosidl_typesupport_fastrtps_c.h
[4.700s] -- Installing: /home/zengine/vnav_ws/src/install/mav_planning_msgs/include/mav_planning_msgs/mav_planning_msgs/msg/detail/polygon2_d__rosidl_typesupport_fastrtps_c.h
[4.700s] -- Installing: /home/zengine/vnav_ws/src/install/mav_planning_msgs/include/mav_planning_msgs/mav_planning_msgs/msg/detail/point2_d__rosidl_typesupport_fastrtps_c.h
[4.701s] -- Installing: /home/zengine/vnav_ws/src/install/mav_planning_msgs/include/mav_planning_msgs/mav_planning_msgs/msg/detail/point_cloud_with_pose__rosidl_typesupport_fastrtps_c.h
[4.701s] -- Installing: /home/zengine/vnav_ws/src/install/mav_planning_msgs/include/mav_planning_msgs/mav_planning_msgs/msg/detail/polynomial_segment4_d__rosidl_typesupport_fastrtps_c.h
[4.701s] -- Installing: /home/zengine/vnav_ws/src/install/mav_planning_msgs/include/mav_planning_msgs/mav_planning_msgs/msg/detail/polygon_with_holes_stamped__rosidl_typesupport_fastrtps_c.h
[4.701s] -- Installing: /home/zengine/vnav_ws/src/install/mav_planning_msgs/lib/libmav_planning_msgs__rosidl_typesupport_fastrtps_c.so
[4.701s] -- Set runtime path of "/home/zengine/vnav_ws/src/install/mav_planning_msgs/lib/libmav_planning_msgs__rosidl_typesupport_fastrtps_c.so" to ""
[4.701s] -- Up-to-date: /home/zengine/vnav_ws/src/install/mav_planning_msgs/include/mav_planning_msgs/mav_planning_msgs
[4.701s] -- Up-to-date: /home/zengine/vnav_ws/src/install/mav_planning_msgs/include/mav_planning_msgs/mav_planning_msgs/srv
[4.701s] -- Up-to-date: /home/zengine/vnav_ws/src/install/mav_planning_msgs/include/mav_planning_msgs/mav_planning_msgs/srv/detail
[4.701s] -- Installing: /home/zengine/vnav_ws/src/install/mav_planning_msgs/include/mav_planning_msgs/mav_planning_msgs/srv/detail/planner_service__rosidl_typesupport_introspection_c.h
[4.701s] -- Installing: /home/zengine/vnav_ws/src/install/mav_planning_msgs/include/mav_planning_msgs/mav_planning_msgs/srv/detail/change_name_service__rosidl_typesupport_introspection_c.h
[4.701s] -- Installing: /home/zengine/vnav_ws/src/install/mav_planning_msgs/include/mav_planning_msgs/mav_planning_msgs/srv/detail/polygon_service__rosidl_typesupport_introspection_c.h
[4.701s] -- Installing: /home/zengine/vnav_ws/src/install/mav_planning_msgs/include/mav_planning_msgs/mav_planning_msgs/srv/detail/planner_service__type_support.c
[4.701s] -- Installing: /home/zengine/vnav_ws/src/install/mav_planning_msgs/include/mav_planning_msgs/mav_planning_msgs/srv/detail/polygon_service__type_support.c
[4.701s] -- Installing: /home/zengine/vnav_ws/src/install/mav_planning_msgs/include/mav_planning_msgs/mav_planning_msgs/srv/detail/change_name_service__type_support.c
[4.701s] -- Up-to-date: /home/zengine/vnav_ws/src/install/mav_planning_msgs/include/mav_planning_msgs/mav_planning_msgs/msg
[4.701s] -- Up-to-date: /home/zengine/vnav_ws/src/install/mav_planning_msgs/include/mav_planning_msgs/mav_planning_msgs/msg/detail
[4.701s] -- Installing: /home/zengine/vnav_ws/src/install/mav_planning_msgs/include/mav_planning_msgs/mav_planning_msgs/msg/detail/polynomial_segment4_d__type_support.c
[4.701s] -- Installing: /home/zengine/vnav_ws/src/install/mav_planning_msgs/include/mav_planning_msgs/mav_planning_msgs/msg/detail/point_cloud_with_pose__type_support.c
[4.701s] -- Installing: /home/zengine/vnav_ws/src/install/mav_planning_msgs/include/mav_planning_msgs/mav_planning_msgs/msg/detail/polygon_with_holes_stamped__type_support.c
[4.701s] -- Installing: /home/zengine/vnav_ws/src/install/mav_planning_msgs/include/mav_planning_msgs/mav_planning_msgs/msg/detail/polynomial_segment4_d__rosidl_typesupport_introspection_c.h
[4.702s] -- Installing: /home/zengine/vnav_ws/src/install/mav_planning_msgs/include/mav_planning_msgs/mav_planning_msgs/msg/detail/point_cloud_with_pose__rosidl_typesupport_introspection_c.h
[4.702s] -- Installing: /home/zengine/vnav_ws/src/install/mav_planning_msgs/include/mav_planning_msgs/mav_planning_msgs/msg/detail/polygon_with_holes__type_support.c
[4.702s] -- Installing: /home/zengine/vnav_ws/src/install/mav_planning_msgs/include/mav_planning_msgs/mav_planning_msgs/msg/detail/point2_d__type_support.c
[4.702s] -- Installing: /home/zengine/vnav_ws/src/install/mav_planning_msgs/include/mav_planning_msgs/mav_planning_msgs/msg/detail/polygon_with_holes__rosidl_typesupport_introspection_c.h
[4.702s] -- Installing: /home/zengine/vnav_ws/src/install/mav_planning_msgs/include/mav_planning_msgs/mav_planning_msgs/msg/detail/polynomial_trajectory__rosidl_typesupport_introspection_c.h
[4.702s] -- Installing: /home/zengine/vnav_ws/src/install/mav_planning_msgs/include/mav_planning_msgs/mav_planning_msgs/msg/detail/polynomial_trajectory4_d__type_support.c
[4.702s] -- Installing: /home/zengine/vnav_ws/src/install/mav_planning_msgs/include/mav_planning_msgs/mav_planning_msgs/msg/detail/polynomial_trajectory__type_support.c
[4.702s] -- Installing: /home/zengine/vnav_ws/src/install/mav_planning_msgs/include/mav_planning_msgs/mav_planning_msgs/msg/detail/polygon2_d__rosidl_typesupport_introspection_c.h
[4.702s] -- Installing: /home/zengine/vnav_ws/src/install/mav_planning_msgs/include/mav_planning_msgs/mav_planning_msgs/msg/detail/polynomial_segment__type_support.c
[4.702s] -- Installing: /home/zengine/vnav_ws/src/install/mav_planning_msgs/include/mav_planning_msgs/mav_planning_msgs/msg/detail/polygon2_d__type_support.c
[4.702s] -- Installing: /home/zengine/vnav_ws/src/install/mav_planning_msgs/include/mav_planning_msgs/mav_planning_msgs/msg/detail/polynomial_trajectory4_d__rosidl_typesupport_introspection_c.h
[4.702s] -- Installing: /home/zengine/vnav_ws/src/install/mav_planning_msgs/include/mav_planning_msgs/mav_planning_msgs/msg/detail/polygon_with_holes_stamped__rosidl_typesupport_introspection_c.h
[4.702s] -- Installing: /home/zengine/vnav_ws/src/install/mav_planning_msgs/include/mav_planning_msgs/mav_planning_msgs/msg/detail/polynomial_segment__rosidl_typesupport_introspection_c.h
[4.702s] -- Installing: /home/zengine/vnav_ws/src/install/mav_planning_msgs/include/mav_planning_msgs/mav_planning_msgs/msg/detail/point2_d__rosidl_typesupport_introspection_c.h
[4.702s] -- Installing: /home/zengine/vnav_ws/src/install/mav_planning_msgs/include/mav_planning_msgs/mav_planning_msgs/msg/rosidl_typesupport_introspection_c__visibility_control.h
[4.702s] -- Installing: /home/zengine/vnav_ws/src/install/mav_planning_msgs/lib/libmav_planning_msgs__rosidl_typesupport_introspection_c.so
[4.702s] -- Set runtime path of "/home/zengine/vnav_ws/src/install/mav_planning_msgs/lib/libmav_planning_msgs__rosidl_typesupport_introspection_c.so" to ""
[4.702s] -- Installing: /home/zengine/vnav_ws/src/install/mav_planning_msgs/lib/libmav_planning_msgs__rosidl_typesupport_c.so
[4.702s] -- Set runtime path of "/home/zengine/vnav_ws/src/install/mav_planning_msgs/lib/libmav_planning_msgs__rosidl_typesupport_c.so" to ""
[4.702s] -- Up-to-date: /home/zengine/vnav_ws/src/install/mav_planning_msgs/include/mav_planning_msgs/mav_planning_msgs
[4.702s] -- Up-to-date: /home/zengine/vnav_ws/src/install/mav_planning_msgs/include/mav_planning_msgs/mav_planning_msgs/srv
[4.702s] -- Up-to-date: /home/zengine/vnav_ws/src/install/mav_planning_msgs/include/mav_planning_msgs/mav_planning_msgs/srv/detail
[4.702s] -- Installing: /home/zengine/vnav_ws/src/install/mav_planning_msgs/include/mav_planning_msgs/mav_planning_msgs/srv/detail/polygon_service__type_support.hpp
[4.702s] -- Installing: /home/zengine/vnav_ws/src/install/mav_planning_msgs/include/mav_planning_msgs/mav_planning_msgs/srv/detail/planner_service__traits.hpp
[4.702s] -- Installing: /home/zengine/vnav_ws/src/install/mav_planning_msgs/include/mav_planning_msgs/mav_planning_msgs/srv/detail/change_name_service__struct.hpp
[4.702s] -- Installing: /home/zengine/vnav_ws/src/install/mav_planning_msgs/include/mav_planning_msgs/mav_planning_msgs/srv/detail/polygon_service__traits.hpp
[4.702s] -- Installing: /home/zengine/vnav_ws/src/install/mav_planning_msgs/include/mav_planning_msgs/mav_planning_msgs/srv/detail/planner_service__type_support.hpp
[4.702s] -- Installing: /home/zengine/vnav_ws/src/install/mav_planning_msgs/include/mav_planning_msgs/mav_planning_msgs/srv/detail/planner_service__builder.hpp
[4.702s] -- Installing: /home/zengine/vnav_ws/src/install/mav_planning_msgs/include/mav_planning_msgs/mav_planning_msgs/srv/detail/polygon_service__struct.hpp
[4.702s] -- Installing: /home/zengine/vnav_ws/src/install/mav_planning_msgs/include/mav_planning_msgs/mav_planning_msgs/srv/detail/change_name_service__traits.hpp
[4.702s] -- Installing: /home/zengine/vnav_ws/src/install/mav_planning_msgs/include/mav_planning_msgs/mav_planning_msgs/srv/detail/change_name_service__builder.hpp
[4.702s] -- Installing: /home/zengine/vnav_ws/src/install/mav_planning_msgs/include/mav_planning_msgs/mav_planning_msgs/srv/detail/planner_service__struct.hpp
[4.702s] -- Installing: /home/zengine/vnav_ws/src/install/mav_planning_msgs/include/mav_planning_msgs/mav_planning_msgs/srv/detail/change_name_service__type_support.hpp
[4.702s] -- Installing: /home/zengine/vnav_ws/src/install/mav_planning_msgs/include/mav_planning_msgs/mav_planning_msgs/srv/detail/polygon_service__builder.hpp
[4.702s] -- Installing: /home/zengine/vnav_ws/src/install/mav_planning_msgs/include/mav_planning_msgs/mav_planning_msgs/srv/planner_service.hpp
[4.702s] -- Installing: /home/zengine/vnav_ws/src/install/mav_planning_msgs/include/mav_planning_msgs/mav_planning_msgs/srv/polygon_service.hpp
[4.702s] -- Installing: /home/zengine/vnav_ws/src/install/mav_planning_msgs/include/mav_planning_msgs/mav_planning_msgs/srv/change_name_service.hpp
[4.702s] -- Up-to-date: /home/zengine/vnav_ws/src/install/mav_planning_msgs/include/mav_planning_msgs/mav_planning_msgs/msg
[4.702s] -- Installing: /home/zengine/vnav_ws/src/install/mav_planning_msgs/include/mav_planning_msgs/mav_planning_msgs/msg/polynomial_segment.hpp
[4.702s] -- Installing: /home/zengine/vnav_ws/src/install/mav_planning_msgs/include/mav_planning_msgs/mav_planning_msgs/msg/polynomial_trajectory4_d.hpp
[4.702s] -- Up-to-date: /home/zengine/vnav_ws/src/install/mav_planning_msgs/include/mav_planning_msgs/mav_planning_msgs/msg/detail
[4.702s] -- Installing: /home/zengine/vnav_ws/src/install/mav_planning_msgs/include/mav_planning_msgs/mav_planning_msgs/msg/detail/polygon_with_holes_stamped__traits.hpp
[4.702s] -- Installing: /home/zengine/vnav_ws/src/install/mav_planning_msgs/include/mav_planning_msgs/mav_planning_msgs/msg/detail/polynomial_segment__builder.hpp
[4.703s] -- Installing: /home/zengine/vnav_ws/src/install/mav_planning_msgs/include/mav_planning_msgs/mav_planning_msgs/msg/detail/polynomial_trajectory__traits.hpp
[4.703s] -- Installing: /home/zengine/vnav_ws/src/install/mav_planning_msgs/include/mav_planning_msgs/mav_planning_msgs/msg/detail/point_cloud_with_pose__builder.hpp
[4.703s] -- Installing: /home/zengine/vnav_ws/src/install/mav_planning_msgs/include/mav_planning_msgs/mav_planning_msgs/msg/detail/point2_d__type_support.hpp
[4.703s] -- Installing: /home/zengine/vnav_ws/src/install/mav_planning_msgs/include/mav_planning_msgs/mav_planning_msgs/msg/detail/polynomial_segment4_d__builder.hpp
[4.703s] -- Installing: /home/zengine/vnav_ws/src/install/mav_planning_msgs/include/mav_planning_msgs/mav_planning_msgs/msg/detail/polygon_with_holes__builder.hpp
[4.703s] -- Installing: /home/zengine/vnav_ws/src/install/mav_planning_msgs/include/mav_planning_msgs/mav_planning_msgs/msg/detail/polygon_with_holes__struct.hpp
[4.703s] -- Installing: /home/zengine/vnav_ws/src/install/mav_planning_msgs/include/mav_planning_msgs/mav_planning_msgs/msg/detail/polygon2_d__traits.hpp
[4.703s] -- Installing: /home/zengine/vnav_ws/src/install/mav_planning_msgs/include/mav_planning_msgs/mav_planning_msgs/msg/detail/polynomial_segment4_d__struct.hpp
[4.703s] -- Installing: /home/zengine/vnav_ws/src/install/mav_planning_msgs/include/mav_planning_msgs/mav_planning_msgs/msg/detail/polynomial_segment__type_support.hpp
[4.703s] -- Installing: /home/zengine/vnav_ws/src/install/mav_planning_msgs/include/mav_planning_msgs/mav_planning_msgs/msg/detail/polynomial_trajectory__builder.hpp
[4.703s] -- Installing: /home/zengine/vnav_ws/src/install/mav_planning_msgs/include/mav_planning_msgs/mav_planning_msgs/msg/detail/polynomial_segment__struct.hpp
[4.703s] -- Installing: /home/zengine/vnav_ws/src/install/mav_planning_msgs/include/mav_planning_msgs/mav_planning_msgs/msg/detail/point_cloud_with_pose__struct.hpp
[4.703s] -- Installing: /home/zengine/vnav_ws/src/install/mav_planning_msgs/include/mav_planning_msgs/mav_planning_msgs/msg/detail/polynomial_trajectory4_d__builder.hpp
[4.703s] -- Installing: /home/zengine/vnav_ws/src/install/mav_planning_msgs/include/mav_planning_msgs/mav_planning_msgs/msg/detail/polynomial_segment__traits.hpp
[4.703s] -- Installing: /home/zengine/vnav_ws/src/install/mav_planning_msgs/include/mav_planning_msgs/mav_planning_msgs/msg/detail/polynomial_trajectory4_d__traits.hpp
[4.703s] -- Installing: /home/zengine/vnav_ws/src/install/mav_planning_msgs/include/mav_planning_msgs/mav_planning_msgs/msg/detail/point2_d__builder.hpp
[4.703s] -- Installing: /home/zengine/vnav_ws/src/install/mav_planning_msgs/include/mav_planning_msgs/mav_planning_msgs/msg/detail/polygon2_d__struct.hpp
[4.703s] -- Installing: /home/zengine/vnav_ws/src/install/mav_planning_msgs/include/mav_planning_msgs/mav_planning_msgs/msg/detail/point2_d__traits.hpp
[4.703s] -- Installing: /home/zengine/vnav_ws/src/install/mav_planning_msgs/include/mav_planning_msgs/mav_planning_msgs/msg/detail/point_cloud_with_pose__traits.hpp
[4.703s] -- Installing: /home/zengine/vnav_ws/src/install/mav_planning_msgs/include/mav_planning_msgs/mav_planning_msgs/msg/detail/polynomial_trajectory__struct.hpp
[4.703s] -- Installing: /home/zengine/vnav_ws/src/install/mav_planning_msgs/include/mav_planning_msgs/mav_planning_msgs/msg/detail/polygon2_d__builder.hpp
[4.703s] -- Installing: /home/zengine/vnav_ws/src/install/mav_planning_msgs/include/mav_planning_msgs/mav_planning_msgs/msg/detail/polynomial_trajectory4_d__type_support.hpp
[4.703s] -- Installing: /home/zengine/vnav_ws/src/install/mav_planning_msgs/include/mav_planning_msgs/mav_planning_msgs/msg/detail/point_cloud_with_pose__type_support.hpp
[4.703s] -- Installing: /home/zengine/vnav_ws/src/install/mav_planning_msgs/include/mav_planning_msgs/mav_planning_msgs/msg/detail/polygon_with_holes__type_support.hpp
[4.703s] -- Installing: /home/zengine/vnav_ws/src/install/mav_planning_msgs/include/mav_planning_msgs/mav_planning_msgs/msg/detail/polynomial_segment4_d__traits.hpp
[4.703s] -- Installing: /home/zengine/vnav_ws/src/install/mav_planning_msgs/include/mav_planning_msgs/mav_planning_msgs/msg/detail/polygon_with_holes_stamped__type_support.hpp
[4.703s] -- Installing: /home/zengine/vnav_ws/src/install/mav_planning_msgs/include/mav_planning_msgs/mav_planning_msgs/msg/detail/polygon2_d__type_support.hpp
[4.703s] -- Installing: /home/zengine/vnav_ws/src/install/mav_planning_msgs/include/mav_planning_msgs/mav_planning_msgs/msg/detail/polynomial_trajectory__type_support.hpp
[4.703s] -- Installing: /home/zengine/vnav_ws/src/install/mav_planning_msgs/include/mav_planning_msgs/mav_planning_msgs/msg/detail/polygon_with_holes_stamped__builder.hpp
[4.703s] -- Installing: /home/zengine/vnav_ws/src/install/mav_planning_msgs/include/mav_planning_msgs/mav_planning_msgs/msg/detail/polynomial_segment4_d__type_support.hpp
[4.703s] -- Installing: /home/zengine/vnav_ws/src/install/mav_planning_msgs/include/mav_planning_msgs/mav_planning_msgs/msg/detail/point2_d__struct.hpp
[4.703s] -- Installing: /home/zengine/vnav_ws/src/install/mav_planning_msgs/include/mav_planning_msgs/mav_planning_msgs/msg/detail/polygon_with_holes_stamped__struct.hpp
[4.703s] -- Installing: /home/zengine/vnav_ws/src/install/mav_planning_msgs/include/mav_planning_msgs/mav_planning_msgs/msg/detail/polynomial_trajectory4_d__struct.hpp
[4.703s] -- Installing: /home/zengine/vnav_ws/src/install/mav_planning_msgs/include/mav_planning_msgs/mav_planning_msgs/msg/detail/polygon_with_holes__traits.hpp
[4.703s] -- Installing: /home/zengine/vnav_ws/src/install/mav_planning_msgs/include/mav_planning_msgs/mav_planning_msgs/msg/polynomial_trajectory.hpp
[4.703s] -- Installing: /home/zengine/vnav_ws/src/install/mav_planning_msgs/include/mav_planning_msgs/mav_planning_msgs/msg/point2_d.hpp
[4.704s] -- Installing: /home/zengine/vnav_ws/src/install/mav_planning_msgs/include/mav_planning_msgs/mav_planning_msgs/msg/point_cloud_with_pose.hpp
[4.704s] -- Installing: /home/zengine/vnav_ws/src/install/mav_planning_msgs/include/mav_planning_msgs/mav_planning_msgs/msg/polygon_with_holes.hpp
[4.704s] -- Installing: /home/zengine/vnav_ws/src/install/mav_planning_msgs/include/mav_planning_msgs/mav_planning_msgs/msg/polygon_with_holes_stamped.hpp
[4.704s] -- Installing: /home/zengine/vnav_ws/src/install/mav_planning_msgs/include/mav_planning_msgs/mav_planning_msgs/msg/polygon2_d.hpp
[4.704s] -- Installing: /home/zengine/vnav_ws/src/install/mav_planning_msgs/include/mav_planning_msgs/mav_planning_msgs/msg/rosidl_generator_cpp__visibility_control.hpp
[4.704s] -- Installing: /home/zengine/vnav_ws/src/install/mav_planning_msgs/include/mav_planning_msgs/mav_planning_msgs/msg/polynomial_segment4_d.hpp
[4.704s] -- Up-to-date: /home/zengine/vnav_ws/src/install/mav_planning_msgs/include/mav_planning_msgs/mav_planning_msgs
[4.704s] -- Up-to-date: /home/zengine/vnav_ws/src/install/mav_planning_msgs/include/mav_planning_msgs/mav_planning_msgs/srv
[4.704s] -- Up-to-date: /home/zengine/vnav_ws/src/install/mav_planning_msgs/include/mav_planning_msgs/mav_planning_msgs/srv/detail
[4.704s] -- Installing: /home/zengine/vnav_ws/src/install/mav_planning_msgs/include/mav_planning_msgs/mav_planning_msgs/srv/detail/polygon_service__rosidl_typesupport_fastrtps_cpp.hpp
[4.704s] -- Installing: /home/zengine/vnav_ws/src/install/mav_planning_msgs/include/mav_planning_msgs/mav_planning_msgs/srv/detail/dds_fastrtps
[4.704s] -- Installing: /home/zengine/vnav_ws/src/install/mav_planning_msgs/include/mav_planning_msgs/mav_planning_msgs/srv/detail/change_name_service__rosidl_typesupport_fastrtps_cpp.hpp
[4.704s] -- Installing: /home/zengine/vnav_ws/src/install/mav_planning_msgs/include/mav_planning_msgs/mav_planning_msgs/srv/detail/planner_service__rosidl_typesupport_fastrtps_cpp.hpp
[4.704s] -- Up-to-date: /home/zengine/vnav_ws/src/install/mav_planning_msgs/include/mav_planning_msgs/mav_planning_msgs/msg
[4.704s] -- Up-to-date: /home/zengine/vnav_ws/src/install/mav_planning_msgs/include/mav_planning_msgs/mav_planning_msgs/msg/detail
[4.704s] -- Installing: /home/zengine/vnav_ws/src/install/mav_planning_msgs/include/mav_planning_msgs/mav_planning_msgs/msg/detail/polynomial_segment4_d__rosidl_typesupport_fastrtps_cpp.hpp
[4.704s] -- Installing: /home/zengine/vnav_ws/src/install/mav_planning_msgs/include/mav_planning_msgs/mav_planning_msgs/msg/detail/polygon_with_holes_stamped__rosidl_typesupport_fastrtps_cpp.hpp
[4.704s] -- Installing: /home/zengine/vnav_ws/src/install/mav_planning_msgs/include/mav_planning_msgs/mav_planning_msgs/msg/detail/point2_d__rosidl_typesupport_fastrtps_cpp.hpp
[4.704s] -- Installing: /home/zengine/vnav_ws/src/install/mav_planning_msgs/include/mav_planning_msgs/mav_planning_msgs/msg/detail/polynomial_segment__rosidl_typesupport_fastrtps_cpp.hpp
[4.704s] -- Installing: /home/zengine/vnav_ws/src/install/mav_planning_msgs/include/mav_planning_msgs/mav_planning_msgs/msg/detail/polygon2_d__rosidl_typesupport_fastrtps_cpp.hpp
[4.704s] -- Installing: /home/zengine/vnav_ws/src/install/mav_planning_msgs/include/mav_planning_msgs/mav_planning_msgs/msg/detail/polynomial_trajectory__rosidl_typesupport_fastrtps_cpp.hpp
[4.704s] -- Installing: /home/zengine/vnav_ws/src/install/mav_planning_msgs/include/mav_planning_msgs/mav_planning_msgs/msg/detail/point_cloud_with_pose__rosidl_typesupport_fastrtps_cpp.hpp
[4.704s] -- Installing: /home/zengine/vnav_ws/src/install/mav_planning_msgs/include/mav_planning_msgs/mav_planning_msgs/msg/detail/dds_fastrtps
[4.704s] -- Installing: /home/zengine/vnav_ws/src/install/mav_planning_msgs/include/mav_planning_msgs/mav_planning_msgs/msg/detail/polynomial_trajectory4_d__rosidl_typesupport_fastrtps_cpp.hpp
[4.704s] -- Installing: /home/zengine/vnav_ws/src/install/mav_planning_msgs/include/mav_planning_msgs/mav_planning_msgs/msg/detail/polygon_with_holes__rosidl_typesupport_fastrtps_cpp.hpp
[4.704s] -- Installing: /home/zengine/vnav_ws/src/install/mav_planning_msgs/include/mav_planning_msgs/mav_planning_msgs/msg/rosidl_typesupport_fastrtps_cpp__visibility_control.h
[4.704s] -- Installing: /home/zengine/vnav_ws/src/install/mav_planning_msgs/lib/libmav_planning_msgs__rosidl_typesupport_fastrtps_cpp.so
[4.705s] -- Set runtime path of "/home/zengine/vnav_ws/src/install/mav_planning_msgs/lib/libmav_planning_msgs__rosidl_typesupport_fastrtps_cpp.so" to ""
[4.705s] -- Up-to-date: /home/zengine/vnav_ws/src/install/mav_planning_msgs/include/mav_planning_msgs/mav_planning_msgs
[4.705s] -- Up-to-date: /home/zengine/vnav_ws/src/install/mav_planning_msgs/include/mav_planning_msgs/mav_planning_msgs/srv
[4.705s] -- Up-to-date: /home/zengine/vnav_ws/src/install/mav_planning_msgs/include/mav_planning_msgs/mav_planning_msgs/srv/detail
[4.705s] -- Installing: /home/zengine/vnav_ws/src/install/mav_planning_msgs/include/mav_planning_msgs/mav_planning_msgs/srv/detail/polygon_service__type_support.cpp
[4.705s] -- Installing: /home/zengine/vnav_ws/src/install/mav_planning_msgs/include/mav_planning_msgs/mav_planning_msgs/srv/detail/polygon_service__rosidl_typesupport_introspection_cpp.hpp
[4.705s] -- Installing: /home/zengine/vnav_ws/src/install/mav_planning_msgs/include/mav_planning_msgs/mav_planning_msgs/srv/detail/change_name_service__type_support.cpp
[4.705s] -- Installing: /home/zengine/vnav_ws/src/install/mav_planning_msgs/include/mav_planning_msgs/mav_planning_msgs/srv/detail/planner_service__type_support.cpp
[4.705s] -- Installing: /home/zengine/vnav_ws/src/install/mav_planning_msgs/include/mav_planning_msgs/mav_planning_msgs/srv/detail/planner_service__rosidl_typesupport_introspection_cpp.hpp
[4.705s] -- Installing: /home/zengine/vnav_ws/src/install/mav_planning_msgs/include/mav_planning_msgs/mav_planning_msgs/srv/detail/change_name_service__rosidl_typesupport_introspection_cpp.hpp
[4.705s] -- Up-to-date: /home/zengine/vnav_ws/src/install/mav_planning_msgs/include/mav_planning_msgs/mav_planning_msgs/msg
[4.705s] -- Up-to-date: /home/zengine/vnav_ws/src/install/mav_planning_msgs/include/mav_planning_msgs/mav_planning_msgs/msg/detail
[4.705s] -- Installing: /home/zengine/vnav_ws/src/install/mav_planning_msgs/include/mav_planning_msgs/mav_planning_msgs/msg/detail/point_cloud_with_pose__rosidl_typesupport_introspection_cpp.hpp
[4.705s] -- Installing: /home/zengine/vnav_ws/src/install/mav_planning_msgs/include/mav_planning_msgs/mav_planning_msgs/msg/detail/polygon_with_holes_stamped__type_support.cpp
[4.705s] -- Installing: /home/zengine/vnav_ws/src/install/mav_planning_msgs/include/mav_planning_msgs/mav_planning_msgs/msg/detail/polygon_with_holes__rosidl_typesupport_introspection_cpp.hpp
[4.705s] -- Installing: /home/zengine/vnav_ws/src/install/mav_planning_msgs/include/mav_planning_msgs/mav_planning_msgs/msg/detail/polygon2_d__rosidl_typesupport_introspection_cpp.hpp
[4.705s] -- Installing: /home/zengine/vnav_ws/src/install/mav_planning_msgs/include/mav_planning_msgs/mav_planning_msgs/msg/detail/polynomial_segment__type_support.cpp
[4.705s] -- Installing: /home/zengine/vnav_ws/src/install/mav_planning_msgs/include/mav_planning_msgs/mav_planning_msgs/msg/detail/polygon_with_holes_stamped__rosidl_typesupport_introspection_cpp.hpp
[4.705s] -- Installing: /home/zengine/vnav_ws/src/install/mav_planning_msgs/include/mav_planning_msgs/mav_planning_msgs/msg/detail/polynomial_trajectory4_d__type_support.cpp
[4.705s] -- Installing: /home/zengine/vnav_ws/src/install/mav_planning_msgs/include/mav_planning_msgs/mav_planning_msgs/msg/detail/polygon_with_holes__type_support.cpp
[4.705s] -- Installing: /home/zengine/vnav_ws/src/install/mav_planning_msgs/include/mav_planning_msgs/mav_planning_msgs/msg/detail/point2_d__type_support.cpp
[4.705s] -- Installing: /home/zengine/vnav_ws/src/install/mav_planning_msgs/include/mav_planning_msgs/mav_planning_msgs/msg/detail/polygon2_d__type_support.cpp
[4.705s] -- Installing: /home/zengine/vnav_ws/src/install/mav_planning_msgs/include/mav_planning_msgs/mav_planning_msgs/msg/detail/polynomial_segment4_d__type_support.cpp
[4.705s] -- Installing: /home/zengine/vnav_ws/src/install/mav_planning_msgs/include/mav_planning_msgs/mav_planning_msgs/msg/detail/polynomial_trajectory4_d__rosidl_typesupport_introspection_cpp.hpp
[4.705s] -- Installing: /home/zengine/vnav_ws/src/install/mav_planning_msgs/include/mav_planning_msgs/mav_planning_msgs/msg/detail/polynomial_segment__rosidl_typesupport_introspection_cpp.hpp
[4.705s] -- Installing: /home/zengine/vnav_ws/src/install/mav_planning_msgs/include/mav_planning_msgs/mav_planning_msgs/msg/detail/point_cloud_with_pose__type_support.cpp
[4.705s] -- Installing: /home/zengine/vnav_ws/src/install/mav_planning_msgs/include/mav_planning_msgs/mav_planning_msgs/msg/detail/polynomial_trajectory__type_support.cpp
[4.705s] -- Installing: /home/zengine/vnav_ws/src/install/mav_planning_msgs/include/mav_planning_msgs/mav_planning_msgs/msg/detail/polynomial_segment4_d__rosidl_typesupport_introspection_cpp.hpp
[4.706s] -- Installing: /home/zengine/vnav_ws/src/install/mav_planning_msgs/include/mav_planning_msgs/mav_planning_msgs/msg/detail/point2_d__rosidl_typesupport_introspection_cpp.hpp
[4.706s] -- Installing: /home/zengine/vnav_ws/src/install/mav_planning_msgs/include/mav_planning_msgs/mav_planning_msgs/msg/detail/polynomial_trajectory__rosidl_typesupport_introspection_cpp.hpp
[4.706s] -- Installing: /home/zengine/vnav_ws/src/install/mav_planning_msgs/lib/libmav_planning_msgs__rosidl_typesupport_introspection_cpp.so
[4.706s] -- Set runtime path of "/home/zengine/vnav_ws/src/install/mav_planning_msgs/lib/libmav_planning_msgs__rosidl_typesupport_introspection_cpp.so" to ""
[4.706s] -- Installing: /home/zengine/vnav_ws/src/install/mav_planning_msgs/lib/libmav_planning_msgs__rosidl_typesupport_cpp.so
[4.706s] -- Set runtime path of "/home/zengine/vnav_ws/src/install/mav_planning_msgs/lib/libmav_planning_msgs__rosidl_typesupport_cpp.so" to ""
[4.706s] -- Installing: /home/zengine/vnav_ws/src/install/mav_planning_msgs/share/mav_planning_msgs/environment/pythonpath.sh
[4.706s] -- Installing: /home/zengine/vnav_ws/src/install/mav_planning_msgs/share/mav_planning_msgs/environment/pythonpath.dsv
[4.706s] -- Installing: /home/zengine/vnav_ws/src/install/mav_planning_msgs/local/lib/python3.10/dist-packages/mav_planning_msgs-3.3.3-py3.10.egg-info
[4.706s] -- Installing: /home/zengine/vnav_ws/src/install/mav_planning_msgs/local/lib/python3.10/dist-packages/mav_planning_msgs-3.3.3-py3.10.egg-info/SOURCES.txt
[4.706s] -- Installing: /home/zengine/vnav_ws/src/install/mav_planning_msgs/local/lib/python3.10/dist-packages/mav_planning_msgs-3.3.3-py3.10.egg-info/PKG-INFO
[4.706s] -- Installing: /home/zengine/vnav_ws/src/install/mav_planning_msgs/local/lib/python3.10/dist-packages/mav_planning_msgs-3.3.3-py3.10.egg-info/top_level.txt
[4.706s] -- Installing: /home/zengine/vnav_ws/src/install/mav_planning_msgs/local/lib/python3.10/dist-packages/mav_planning_msgs-3.3.3-py3.10.egg-info/dependency_links.txt
[4.706s] -- Installing: /home/zengine/vnav_ws/src/install/mav_planning_msgs/local/lib/python3.10/dist-packages/mav_planning_msgs
[4.706s] -- Installing: /home/zengine/vnav_ws/src/install/mav_planning_msgs/local/lib/python3.10/dist-packages/mav_planning_msgs/__init__.py
[4.706s] -- Installing: /home/zengine/vnav_ws/src/install/mav_planning_msgs/local/lib/python3.10/dist-packages/mav_planning_msgs/_mav_planning_msgs_s.ep.rosidl_typesupport_introspection_c.c
[4.706s] -- Installing: /home/zengine/vnav_ws/src/install/mav_planning_msgs/local/lib/python3.10/dist-packages/mav_planning_msgs/_mav_planning_msgs_s.ep.rosidl_typesupport_c.c
[4.707s] -- Installing: /home/zengine/vnav_ws/src/install/mav_planning_msgs/local/lib/python3.10/dist-packages/mav_planning_msgs/_mav_planning_msgs_s.ep.rosidl_typesupport_fastrtps_c.c
[4.707s] -- Installing: /home/zengine/vnav_ws/src/install/mav_planning_msgs/local/lib/python3.10/dist-packages/mav_planning_msgs/mav_planning_msgs_s__rosidl_typesupport_introspection_c.cpython-310-x86_64-linux-gnu.so
[4.707s] -- Installing: /home/zengine/vnav_ws/src/install/mav_planning_msgs/local/lib/python3.10/dist-packages/mav_planning_msgs/mav_planning_msgs_s__rosidl_typesupport_c.cpython-310-x86_64-linux-gnu.so
[4.707s] -- Installing: /home/zengine/vnav_ws/src/install/mav_planning_msgs/local/lib/python3.10/dist-packages/mav_planning_msgs/mav_planning_msgs_s__rosidl_typesupport_fastrtps_c.cpython-310-x86_64-linux-gnu.so
[4.707s] -- Installing: /home/zengine/vnav_ws/src/install/mav_planning_msgs/local/lib/python3.10/dist-packages/mav_planning_msgs/srv
[4.707s] -- Installing: /home/zengine/vnav_ws/src/install/mav_planning_msgs/local/lib/python3.10/dist-packages/mav_planning_msgs/srv/_planner_service_s.c
[4.707s] -- Installing: /home/zengine/vnav_ws/src/install/mav_planning_msgs/local/lib/python3.10/dist-packages/mav_planning_msgs/srv/__init__.py
[4.707s] -- Installing: /home/zengine/vnav_ws/src/install/mav_planning_msgs/local/lib/python3.10/dist-packages/mav_planning_msgs/srv/_change_name_service_s.c
[4.707s] -- Installing: /home/zengine/vnav_ws/src/install/mav_planning_msgs/local/lib/python3.10/dist-packages/mav_planning_msgs/srv/_planner_service.py
[4.707s] -- Installing: /home/zengine/vnav_ws/src/install/mav_planning_msgs/local/lib/python3.10/dist-packages/mav_planning_msgs/srv/_polygon_service_s.c
[4.707s] -- Installing: /home/zengine/vnav_ws/src/install/mav_planning_msgs/local/lib/python3.10/dist-packages/mav_planning_msgs/srv/_polygon_service.py
[4.707s] -- Installing: /home/zengine/vnav_ws/src/install/mav_planning_msgs/local/lib/python3.10/dist-packages/mav_planning_msgs/srv/_change_name_service.py
[4.707s] -- Installing: /home/zengine/vnav_ws/src/install/mav_planning_msgs/local/lib/python3.10/dist-packages/mav_planning_msgs/msg
[4.707s] -- Installing: /home/zengine/vnav_ws/src/install/mav_planning_msgs/local/lib/python3.10/dist-packages/mav_planning_msgs/msg/_polygon_with_holes_s.c
[4.707s] -- Installing: /home/zengine/vnav_ws/src/install/mav_planning_msgs/local/lib/python3.10/dist-packages/mav_planning_msgs/msg/__init__.py
[4.707s] -- Installing: /home/zengine/vnav_ws/src/install/mav_planning_msgs/local/lib/python3.10/dist-packages/mav_planning_msgs/msg/_polygon2_d_s.c
[4.707s] -- Installing: /home/zengine/vnav_ws/src/install/mav_planning_msgs/local/lib/python3.10/dist-packages/mav_planning_msgs/msg/_polygon_with_holes_stamped.py
[4.707s] -- Installing: /home/zengine/vnav_ws/src/install/mav_planning_msgs/local/lib/python3.10/dist-packages/mav_planning_msgs/msg/_polygon_with_holes_stamped_s.c
[4.707s] -- Installing: /home/zengine/vnav_ws/src/install/mav_planning_msgs/local/lib/python3.10/dist-packages/mav_planning_msgs/msg/_polynomial_segment4_d_s.c
[4.707s] -- Installing: /home/zengine/vnav_ws/src/install/mav_planning_msgs/local/lib/python3.10/dist-packages/mav_planning_msgs/msg/_polynomial_trajectory4_d_s.c
[4.707s] -- Installing: /home/zengine/vnav_ws/src/install/mav_planning_msgs/local/lib/python3.10/dist-packages/mav_planning_msgs/msg/_polygon2_d.py
[4.707s] -- Installing: /home/zengine/vnav_ws/src/install/mav_planning_msgs/local/lib/python3.10/dist-packages/mav_planning_msgs/msg/_polynomial_segment_s.c
[4.707s] -- Installing: /home/zengine/vnav_ws/src/install/mav_planning_msgs/local/lib/python3.10/dist-packages/mav_planning_msgs/msg/_point_cloud_with_pose_s.c
[4.707s] -- Installing: /home/zengine/vnav_ws/src/install/mav_planning_msgs/local/lib/python3.10/dist-packages/mav_planning_msgs/msg/_polynomial_segment.py
[4.707s] -- Installing: /home/zengine/vnav_ws/src/install/mav_planning_msgs/local/lib/python3.10/dist-packages/mav_planning_msgs/msg/_polynomial_trajectory4_d.py
[4.707s] -- Installing: /home/zengine/vnav_ws/src/install/mav_planning_msgs/local/lib/python3.10/dist-packages/mav_planning_msgs/msg/_polynomial_trajectory_s.c
[4.708s] -- Installing: /home/zengine/vnav_ws/src/install/mav_planning_msgs/local/lib/python3.10/dist-packages/mav_planning_msgs/msg/_polygon_with_holes.py
[4.708s] -- Installing: /home/zengine/vnav_ws/src/install/mav_planning_msgs/local/lib/python3.10/dist-packages/mav_planning_msgs/msg/_point2_d.py
[4.708s] -- Installing: /home/zengine/vnav_ws/src/install/mav_planning_msgs/local/lib/python3.10/dist-packages/mav_planning_msgs/msg/_point_cloud_with_pose.py
[4.708s] -- Installing: /home/zengine/vnav_ws/src/install/mav_planning_msgs/local/lib/python3.10/dist-packages/mav_planning_msgs/msg/_polynomial_segment4_d.py
[4.708s] -- Installing: /home/zengine/vnav_ws/src/install/mav_planning_msgs/local/lib/python3.10/dist-packages/mav_planning_msgs/msg/_polynomial_trajectory.py
[4.708s] -- Installing: /home/zengine/vnav_ws/src/install/mav_planning_msgs/local/lib/python3.10/dist-packages/mav_planning_msgs/msg/_point2_d_s.c
[4.708s] -- Installing: /home/zengine/vnav_ws/src/install/mav_planning_msgs/local/lib/python3.10/dist-packages/mav_planning_msgs/libmav_planning_msgs__rosidl_generator_py.so
[4.736s] Listing '/home/zengine/vnav_ws/src/install/mav_planning_msgs/local/lib/python3.10/dist-packages/mav_planning_msgs'...
[4.736s] Compiling '/home/zengine/vnav_ws/src/install/mav_planning_msgs/local/lib/python3.10/dist-packages/mav_planning_msgs/__init__.py'...
[4.736s] Listing '/home/zengine/vnav_ws/src/install/mav_planning_msgs/local/lib/python3.10/dist-packages/mav_planning_msgs/msg'...
[4.736s] Compiling '/home/zengine/vnav_ws/src/install/mav_planning_msgs/local/lib/python3.10/dist-packages/mav_planning_msgs/msg/__init__.py'...
[4.736s] Compiling '/home/zengine/vnav_ws/src/install/mav_planning_msgs/local/lib/python3.10/dist-packages/mav_planning_msgs/msg/_point2_d.py'...
[4.736s] Compiling '/home/zengine/vnav_ws/src/install/mav_planning_msgs/local/lib/python3.10/dist-packages/mav_planning_msgs/msg/_point_cloud_with_pose.py'...
[4.736s] Compiling '/home/zengine/vnav_ws/src/install/mav_planning_msgs/local/lib/python3.10/dist-packages/mav_planning_msgs/msg/_polygon2_d.py'...
[4.736s] Compiling '/home/zengine/vnav_ws/src/install/mav_planning_msgs/local/lib/python3.10/dist-packages/mav_planning_msgs/msg/_polygon_with_holes.py'...
[4.736s] Compiling '/home/zengine/vnav_ws/src/install/mav_planning_msgs/local/lib/python3.10/dist-packages/mav_planning_msgs/msg/_polygon_with_holes_stamped.py'...
[4.736s] Compiling '/home/zengine/vnav_ws/src/install/mav_planning_msgs/local/lib/python3.10/dist-packages/mav_planning_msgs/msg/_polynomial_segment.py'...
[4.736s] Compiling '/home/zengine/vnav_ws/src/install/mav_planning_msgs/local/lib/python3.10/dist-packages/mav_planning_msgs/msg/_polynomial_segment4_d.py'...
[4.736s] Compiling '/home/zengine/vnav_ws/src/install/mav_planning_msgs/local/lib/python3.10/dist-packages/mav_planning_msgs/msg/_polynomial_trajectory.py'...
[4.736s] Compiling '/home/zengine/vnav_ws/src/install/mav_planning_msgs/local/lib/python3.10/dist-packages/mav_planning_msgs/msg/_polynomial_trajectory4_d.py'...
[4.736s] Listing '/home/zengine/vnav_ws/src/install/mav_planning_msgs/local/lib/python3.10/dist-packages/mav_planning_msgs/srv'...
[4.736s] Compiling '/home/zengine/vnav_ws/src/install/mav_planning_msgs/local/lib/python3.10/dist-packages/mav_planning_msgs/srv/__init__.py'...
[4.736s] Compiling '/home/zengine/vnav_ws/src/install/mav_planning_msgs/local/lib/python3.10/dist-packages/mav_planning_msgs/srv/_change_name_service.py'...
[4.736s] Compiling '/home/zengine/vnav_ws/src/install/mav_planning_msgs/local/lib/python3.10/dist-packages/mav_planning_msgs/srv/_planner_service.py'...
[4.736s] Compiling '/home/zengine/vnav_ws/src/install/mav_planning_msgs/local/lib/python3.10/dist-packages/mav_planning_msgs/srv/_polygon_service.py'...
[4.739s] -- Installing: /home/zengine/vnav_ws/src/install/mav_planning_msgs/local/lib/python3.10/dist-packages/mav_planning_msgs/mav_planning_msgs_s__rosidl_typesupport_fastrtps_c.cpython-310-x86_64-linux-gnu.so
[4.739s] -- Set runtime path of "/home/zengine/vnav_ws/src/install/mav_planning_msgs/local/lib/python3.10/dist-packages/mav_planning_msgs/mav_planning_msgs_s__rosidl_typesupport_fastrtps_c.cpython-310-x86_64-linux-gnu.so" to ""
[4.739s] -- Installing: /home/zengine/vnav_ws/src/install/mav_planning_msgs/local/lib/python3.10/dist-packages/mav_planning_msgs/mav_planning_msgs_s__rosidl_typesupport_introspection_c.cpython-310-x86_64-linux-gnu.so
[4.739s] -- Set runtime path of "/home/zengine/vnav_ws/src/install/mav_planning_msgs/local/lib/python3.10/dist-packages/mav_planning_msgs/mav_planning_msgs_s__rosidl_typesupport_introspection_c.cpython-310-x86_64-linux-gnu.so" to ""
[4.739s] -- Installing: /home/zengine/vnav_ws/src/install/mav_planning_msgs/local/lib/python3.10/dist-packages/mav_planning_msgs/mav_planning_msgs_s__rosidl_typesupport_c.cpython-310-x86_64-linux-gnu.so
[4.739s] -- Set runtime path of "/home/zengine/vnav_ws/src/install/mav_planning_msgs/local/lib/python3.10/dist-packages/mav_planning_msgs/mav_planning_msgs_s__rosidl_typesupport_c.cpython-310-x86_64-linux-gnu.so" to ""
[4.739s] -- Installing: /home/zengine/vnav_ws/src/install/mav_planning_msgs/lib/libmav_planning_msgs__rosidl_generator_py.so
[4.739s] -- Set runtime path of "/home/zengine/vnav_ws/src/install/mav_planning_msgs/lib/libmav_planning_msgs__rosidl_generator_py.so" to ""
[4.739s] -- Installing: /home/zengine/vnav_ws/src/install/mav_planning_msgs/share/mav_planning_msgs/msg/Point2D.idl
[4.739s] -- Installing: /home/zengine/vnav_ws/src/install/mav_planning_msgs/share/mav_planning_msgs/msg/PointCloudWithPose.idl
[4.739s] -- Installing: /home/zengine/vnav_ws/src/install/mav_planning_msgs/share/mav_planning_msgs/msg/Polygon2D.idl
[4.739s] -- Installing: /home/zengine/vnav_ws/src/install/mav_planning_msgs/share/mav_planning_msgs/msg/PolygonWithHoles.idl
[4.740s] -- Installing: /home/zengine/vnav_ws/src/install/mav_planning_msgs/share/mav_planning_msgs/msg/PolygonWithHolesStamped.idl
[4.740s] -- Installing: /home/zengine/vnav_ws/src/install/mav_planning_msgs/share/mav_planning_msgs/msg/PolynomialSegment.idl
[4.740s] -- Installing: /home/zengine/vnav_ws/src/install/mav_planning_msgs/share/mav_planning_msgs/msg/PolynomialSegment4D.idl
[4.740s] -- Installing: /home/zengine/vnav_ws/src/install/mav_planning_msgs/share/mav_planning_msgs/msg/PolynomialTrajectory.idl
[4.740s] -- Installing: /home/zengine/vnav_ws/src/install/mav_planning_msgs/share/mav_planning_msgs/msg/PolynomialTrajectory4D.idl
[4.740s] -- Installing: /home/zengine/vnav_ws/src/install/mav_planning_msgs/share/mav_planning_msgs/srv/PlannerService.idl
[4.740s] -- Installing: /home/zengine/vnav_ws/src/install/mav_planning_msgs/share/mav_planning_msgs/srv/PolygonService.idl
[4.740s] -- Installing: /home/zengine/vnav_ws/src/install/mav_planning_msgs/share/mav_planning_msgs/srv/ChangeNameService.idl
[4.740s] -- Installing: /home/zengine/vnav_ws/src/install/mav_planning_msgs/share/mav_planning_msgs/msg/Point2D.msg
[4.740s] -- Installing: /home/zengine/vnav_ws/src/install/mav_planning_msgs/share/mav_planning_msgs/msg/PointCloudWithPose.msg
[4.740s] -- Installing: /home/zengine/vnav_ws/src/install/mav_planning_msgs/share/mav_planning_msgs/msg/Polygon2D.msg
[4.740s] -- Installing: /home/zengine/vnav_ws/src/install/mav_planning_msgs/share/mav_planning_msgs/msg/PolygonWithHoles.msg
[4.740s] -- Installing: /home/zengine/vnav_ws/src/install/mav_planning_msgs/share/mav_planning_msgs/msg/PolygonWithHolesStamped.msg
[4.740s] -- Installing: /home/zengine/vnav_ws/src/install/mav_planning_msgs/share/mav_planning_msgs/msg/PolynomialSegment.msg
[4.740s] -- Installing: /home/zengine/vnav_ws/src/install/mav_planning_msgs/share/mav_planning_msgs/msg/PolynomialSegment4D.msg
[4.740s] -- Installing: /home/zengine/vnav_ws/src/install/mav_planning_msgs/share/mav_planning_msgs/msg/PolynomialTrajectory.msg
[4.740s] -- Installing: /home/zengine/vnav_ws/src/install/mav_planning_msgs/share/mav_planning_msgs/msg/PolynomialTrajectory4D.msg
[4.740s] -- Installing: /home/zengine/vnav_ws/src/install/mav_planning_msgs/share/mav_planning_msgs/srv/PlannerService.srv
[4.740s] -- Installing: /home/zengine/vnav_ws/src/install/mav_planning_msgs/share/mav_planning_msgs/srv/PlannerService_Request.msg
[4.740s] -- Installing: /home/zengine/vnav_ws/src/install/mav_planning_msgs/share/mav_planning_msgs/srv/PlannerService_Response.msg
[4.740s] -- Installing: /home/zengine/vnav_ws/src/install/mav_planning_msgs/share/mav_planning_msgs/srv/PolygonService.srv
[4.740s] -- Installing: /home/zengine/vnav_ws/src/install/mav_planning_msgs/share/mav_planning_msgs/srv/PolygonService_Request.msg
[4.741s] -- Installing: /home/zengine/vnav_ws/src/install/mav_planning_msgs/share/mav_planning_msgs/srv/PolygonService_Response.msg
[4.741s] -- Installing: /home/zengine/vnav_ws/src/install/mav_planning_msgs/share/mav_planning_msgs/srv/ChangeNameService.srv
[4.741s] -- Installing: /home/zengine/vnav_ws/src/install/mav_planning_msgs/share/mav_planning_msgs/srv/ChangeNameService_Request.msg
[4.741s] -- Installing: /home/zengine/vnav_ws/src/install/mav_planning_msgs/share/mav_planning_msgs/srv/ChangeNameService_Response.msg
[4.741s] -- Up-to-date: /home/zengine/vnav_ws/src/install/mav_planning_msgs/include/mav_planning_msgs
[4.741s] -- Installing: /home/zengine/vnav_ws/src/install/mav_planning_msgs/include/mav_planning_msgs/conversions.hpp
[4.741s] -- Installing: /home/zengine/vnav_ws/src/install/mav_planning_msgs/include/mav_planning_msgs/eigen_planning_msgs.hpp
[4.741s] -- Installing: /home/zengine/vnav_ws/src/install/mav_planning_msgs/include/mav_planning_msgs/conversions_deprecated.hpp
[4.741s] -- Installing: /home/zengine/vnav_ws/src/install/mav_planning_msgs/share/ament_index/resource_index/package_run_dependencies/mav_planning_msgs
[4.741s] -- Installing: /home/zengine/vnav_ws/src/install/mav_planning_msgs/share/ament_index/resource_index/parent_prefix_path/mav_planning_msgs
[4.741s] -- Installing: /home/zengine/vnav_ws/src/install/mav_planning_msgs/share/mav_planning_msgs/environment/ament_prefix_path.sh
[4.741s] -- Installing: /home/zengine/vnav_ws/src/install/mav_planning_msgs/share/mav_planning_msgs/environment/ament_prefix_path.dsv
[4.741s] -- Installing: /home/zengine/vnav_ws/src/install/mav_planning_msgs/share/mav_planning_msgs/environment/path.sh
[4.741s] -- Installing: /home/zengine/vnav_ws/src/install/mav_planning_msgs/share/mav_planning_msgs/environment/path.dsv
[4.741s] -- Installing: /home/zengine/vnav_ws/src/install/mav_planning_msgs/share/mav_planning_msgs/local_setup.bash
[4.741s] -- Installing: /home/zengine/vnav_ws/src/install/mav_planning_msgs/share/mav_planning_msgs/local_setup.sh
[4.741s] -- Installing: /home/zengine/vnav_ws/src/install/mav_planning_msgs/share/mav_planning_msgs/local_setup.zsh
[4.741s] -- Installing: /home/zengine/vnav_ws/src/install/mav_planning_msgs/share/mav_planning_msgs/local_setup.dsv
[4.741s] -- Installing: /home/zengine/vnav_ws/src/install/mav_planning_msgs/share/mav_planning_msgs/package.dsv
[4.741s] -- Installing: /home/zengine/vnav_ws/src/install/mav_planning_msgs/share/ament_index/resource_index/packages/mav_planning_msgs
[4.741s] -- Installing: /home/zengine/vnav_ws/src/install/mav_planning_msgs/share/mav_planning_msgs/cmake/export_mav_planning_msgs__rosidl_generator_cExport.cmake
[4.742s] -- Installing: /home/zengine/vnav_ws/src/install/mav_planning_msgs/share/mav_planning_msgs/cmake/export_mav_planning_msgs__rosidl_generator_cExport-noconfig.cmake
[4.742s] -- Installing: /home/zengine/vnav_ws/src/install/mav_planning_msgs/share/mav_planning_msgs/cmake/export_mav_planning_msgs__rosidl_typesupport_fastrtps_cExport.cmake
[4.742s] -- Installing: /home/zengine/vnav_ws/src/install/mav_planning_msgs/share/mav_planning_msgs/cmake/export_mav_planning_msgs__rosidl_typesupport_fastrtps_cExport-noconfig.cmake
[4.742s] -- Installing: /home/zengine/vnav_ws/src/install/mav_planning_msgs/share/mav_planning_msgs/cmake/mav_planning_msgs__rosidl_typesupport_introspection_cExport.cmake
[4.742s] -- Installing: /home/zengine/vnav_ws/src/install/mav_planning_msgs/share/mav_planning_msgs/cmake/mav_planning_msgs__rosidl_typesupport_introspection_cExport-noconfig.cmake
[4.742s] -- Installing: /home/zengine/vnav_ws/src/install/mav_planning_msgs/share/mav_planning_msgs/cmake/mav_planning_msgs__rosidl_typesupport_cExport.cmake
[4.742s] -- Installing: /home/zengine/vnav_ws/src/install/mav_planning_msgs/share/mav_planning_msgs/cmake/mav_planning_msgs__rosidl_typesupport_cExport-noconfig.cmake
[4.742s] -- Installing: /home/zengine/vnav_ws/src/install/mav_planning_msgs/share/mav_planning_msgs/cmake/export_mav_planning_msgs__rosidl_generator_cppExport.cmake
[4.742s] -- Installing: /home/zengine/vnav_ws/src/install/mav_planning_msgs/share/mav_planning_msgs/cmake/export_mav_planning_msgs__rosidl_typesupport_fastrtps_cppExport.cmake
[4.742s] -- Installing: /home/zengine/vnav_ws/src/install/mav_planning_msgs/share/mav_planning_msgs/cmake/export_mav_planning_msgs__rosidl_typesupport_fastrtps_cppExport-noconfig.cmake
[4.742s] -- Installing: /home/zengine/vnav_ws/src/install/mav_planning_msgs/share/mav_planning_msgs/cmake/mav_planning_msgs__rosidl_typesupport_introspection_cppExport.cmake
[4.742s] -- Installing: /home/zengine/vnav_ws/src/install/mav_planning_msgs/share/mav_planning_msgs/cmake/mav_planning_msgs__rosidl_typesupport_introspection_cppExport-noconfig.cmake
[4.742s] -- Installing: /home/zengine/vnav_ws/src/install/mav_planning_msgs/share/mav_planning_msgs/cmake/mav_planning_msgs__rosidl_typesupport_cppExport.cmake
[4.742s] -- Installing: /home/zengine/vnav_ws/src/install/mav_planning_msgs/share/mav_planning_msgs/cmake/mav_planning_msgs__rosidl_typesupport_cppExport-noconfig.cmake
[4.742s] -- Installing: /home/zengine/vnav_ws/src/install/mav_planning_msgs/share/mav_planning_msgs/cmake/export_mav_planning_msgs__rosidl_generator_pyExport.cmake
[4.742s] -- Installing: /home/zengine/vnav_ws/src/install/mav_planning_msgs/share/mav_planning_msgs/cmake/export_mav_planning_msgs__rosidl_generator_pyExport-noconfig.cmake
[4.742s] -- Installing: /home/zengine/vnav_ws/src/install/mav_planning_msgs/share/mav_planning_msgs/cmake/rosidl_cmake-extras.cmake
[4.742s] -- Installing: /home/zengine/vnav_ws/src/install/mav_planning_msgs/share/mav_planning_msgs/cmake/ament_cmake_export_dependencies-extras.cmake
[4.742s] -- Installing: /home/zengine/vnav_ws/src/install/mav_planning_msgs/share/mav_planning_msgs/cmake/ament_cmake_export_include_directories-extras.cmake
[4.743s] -- Installing: /home/zengine/vnav_ws/src/install/mav_planning_msgs/share/mav_planning_msgs/cmake/ament_cmake_export_libraries-extras.cmake
[4.743s] -- Installing: /home/zengine/vnav_ws/src/install/mav_planning_msgs/share/mav_planning_msgs/cmake/ament_cmake_export_targets-extras.cmake
[4.743s] -- Installing: /home/zengine/vnav_ws/src/install/mav_planning_msgs/share/mav_planning_msgs/cmake/rosidl_cmake_export_typesupport_targets-extras.cmake
[4.743s] -- Installing: /home/zengine/vnav_ws/src/install/mav_planning_msgs/share/mav_planning_msgs/cmake/rosidl_cmake_export_typesupport_libraries-extras.cmake
[4.743s] -- Installing: /home/zengine/vnav_ws/src/install/mav_planning_msgs/share/mav_planning_msgs/cmake/mav_planning_msgsConfig.cmake
[4.743s] -- Installing: /home/zengine/vnav_ws/src/install/mav_planning_msgs/share/mav_planning_msgs/cmake/mav_planning_msgsConfig-version.cmake
[4.743s] -- Installing: /home/zengine/vnav_ws/src/install/mav_planning_msgs/share/mav_planning_msgs/package.xml
[4.744s] Invoked command in '/home/zengine/vnav_ws/src/build/mav_planning_msgs' returned '0': AMENT_PREFIX_PATH=/home/zengine/vnav_ws/src/install/mav_msgs:${AMENT_PREFIX_PATH} CMAKE_PREFIX_PATH=/home/zengine/vnav_ws/src/install/mav_msgs:/opt/ros/humble LD_LIBRARY_PATH=/home/zengine/vnav_ws/src/install/mav_msgs/lib:${LD_LIBRARY_PATH} PYTHONPATH=/home/zengine/vnav_ws/src/install/mav_msgs/local/lib/python3.10/dist-packages:${PYTHONPATH} /usr/bin/cmake --install /home/zengine/vnav_ws/src/build/mav_planning_msgs
