[1.149s] Invoking command in '/home/zengine/vnav_ws/src/lab3/lab3/tesse_ros_bridge': PYTHONPATH=/home/zengine/vnav_ws/src/build/tesse_ros_bridge/prefix_override:/usr/lib/python3/dist-packages/colcon_core/task/python/colcon_distutils_commands:/home/zengine/vnav_ws/src/install/tesse_ros_bridge/lib/python3.10/site-packages:${PYTHONPATH} /usr/bin/python3 -W ignore:setup.py install is deprecated -W ignore:easy_install command is deprecated setup.py egg_info --egg-base ../../../vnav_ws/src/build/tesse_ros_bridge build --build-base /home/zengine/vnav_ws/src/build/tesse_ros_bridge/build install --record /home/zengine/vnav_ws/src/build/tesse_ros_bridge/install.log --single-version-externally-managed install_data
[1.261s] running egg_info
[1.261s] creating ../../../vnav_ws/src/build/tesse_ros_bridge/tesse_ros_bridge.egg-info
[1.261s] writing ../../../vnav_ws/src/build/tesse_ros_bridge/tesse_ros_bridge.egg-info/PKG-INFO
[1.261s] writing dependency_links to ../../../vnav_ws/src/build/tesse_ros_bridge/tesse_ros_bridge.egg-info/dependency_links.txt
[1.261s] writing entry points to ../../../vnav_ws/src/build/tesse_ros_bridge/tesse_ros_bridge.egg-info/entry_points.txt
[1.261s] writing requirements to ../../../vnav_ws/src/build/tesse_ros_bridge/tesse_ros_bridge.egg-info/requires.txt
[1.261s] writing top-level names to ../../../vnav_ws/src/build/tesse_ros_bridge/tesse_ros_bridge.egg-info/top_level.txt
[1.261s] writing manifest file '../../../vnav_ws/src/build/tesse_ros_bridge/tesse_ros_bridge.egg-info/SOURCES.txt'
[1.262s] reading manifest file '../../../vnav_ws/src/build/tesse_ros_bridge/tesse_ros_bridge.egg-info/SOURCES.txt'
[1.262s] writing manifest file '../../../vnav_ws/src/build/tesse_ros_bridge/tesse_ros_bridge.egg-info/SOURCES.txt'
[1.262s] running build
[1.263s] running build_py
[1.263s] creating /home/zengine/vnav_ws/src/build/tesse_ros_bridge/build
[1.263s] creating /home/zengine/vnav_ws/src/build/tesse_ros_bridge/build/lib
[1.263s] creating /home/zengine/vnav_ws/src/build/tesse_ros_bridge/build/lib/tesse_ros_bridge
[1.263s] copying tesse_ros_bridge/__init__.py -> /home/zengine/vnav_ws/src/build/tesse_ros_bridge/build/lib/tesse_ros_bridge
[1.272s] copying tesse_ros_bridge/utils.py -> /home/zengine/vnav_ws/src/build/tesse_ros_bridge/build/lib/tesse_ros_bridge
[1.288s] copying tesse_ros_bridge/noise_simulator.py -> /home/zengine/vnav_ws/src/build/tesse_ros_bridge/build/lib/tesse_ros_bridge
[1.294s] copying tesse_ros_bridge/quadrotor_control_interface.py -> /home/zengine/vnav_ws/src/build/tesse_ros_bridge/build/lib/tesse_ros_bridge
[1.295s] copying tesse_ros_bridge/consts.py -> /home/zengine/vnav_ws/src/build/tesse_ros_bridge/build/lib/tesse_ros_bridge
[1.295s] copying tesse_ros_bridge/tesse_ros_node.py -> /home/zengine/vnav_ws/src/build/tesse_ros_bridge/build/lib/tesse_ros_bridge
[1.295s] creating /home/zengine/vnav_ws/src/build/tesse_ros_bridge/build/lib/key_teleop
[1.295s] copying key_teleop/__init__.py -> /home/zengine/vnav_ws/src/build/tesse_ros_bridge/build/lib/key_teleop
[1.318s] copying key_teleop/key_teleop.py -> /home/zengine/vnav_ws/src/build/tesse_ros_bridge/build/lib/key_teleop
[1.319s] copying key_teleop/alternative_key_teleop.py -> /home/zengine/vnav_ws/src/build/tesse_ros_bridge/build/lib/key_teleop
[1.319s] running install
[1.320s] running install_lib
[1.322s] creating /home/zengine/vnav_ws/src/install/tesse_ros_bridge/lib/python3.10/site-packages/tesse_ros_bridge
[1.322s] copying /home/zengine/vnav_ws/src/build/tesse_ros_bridge/build/lib/tesse_ros_bridge/__init__.py -> /home/zengine/vnav_ws/src/install/tesse_ros_bridge/lib/python3.10/site-packages/tesse_ros_bridge
[1.322s] copying /home/zengine/vnav_ws/src/build/tesse_ros_bridge/build/lib/tesse_ros_bridge/utils.py -> /home/zengine/vnav_ws/src/install/tesse_ros_bridge/lib/python3.10/site-packages/tesse_ros_bridge
[1.322s] copying /home/zengine/vnav_ws/src/build/tesse_ros_bridge/build/lib/tesse_ros_bridge/noise_simulator.py -> /home/zengine/vnav_ws/src/install/tesse_ros_bridge/lib/python3.10/site-packages/tesse_ros_bridge
[1.322s] copying /home/zengine/vnav_ws/src/build/tesse_ros_bridge/build/lib/tesse_ros_bridge/quadrotor_control_interface.py -> /home/zengine/vnav_ws/src/install/tesse_ros_bridge/lib/python3.10/site-packages/tesse_ros_bridge
[1.322s] copying /home/zengine/vnav_ws/src/build/tesse_ros_bridge/build/lib/tesse_ros_bridge/consts.py -> /home/zengine/vnav_ws/src/install/tesse_ros_bridge/lib/python3.10/site-packages/tesse_ros_bridge
[1.323s] copying /home/zengine/vnav_ws/src/build/tesse_ros_bridge/build/lib/tesse_ros_bridge/tesse_ros_node.py -> /home/zengine/vnav_ws/src/install/tesse_ros_bridge/lib/python3.10/site-packages/tesse_ros_bridge
[1.323s] creating /home/zengine/vnav_ws/src/install/tesse_ros_bridge/lib/python3.10/site-packages/key_teleop
[1.323s] copying /home/zengine/vnav_ws/src/build/tesse_ros_bridge/build/lib/key_teleop/__init__.py -> /home/zengine/vnav_ws/src/install/tesse_ros_bridge/lib/python3.10/site-packages/key_teleop
[1.323s] copying /home/zengine/vnav_ws/src/build/tesse_ros_bridge/build/lib/key_teleop/key_teleop.py -> /home/zengine/vnav_ws/src/install/tesse_ros_bridge/lib/python3.10/site-packages/key_teleop
[1.323s] copying /home/zengine/vnav_ws/src/build/tesse_ros_bridge/build/lib/key_teleop/alternative_key_teleop.py -> /home/zengine/vnav_ws/src/install/tesse_ros_bridge/lib/python3.10/site-packages/key_teleop
[1.323s] byte-compiling /home/zengine/vnav_ws/src/install/tesse_ros_bridge/lib/python3.10/site-packages/tesse_ros_bridge/__init__.py to __init__.cpython-310.pyc
[1.324s] byte-compiling /home/zengine/vnav_ws/src/install/tesse_ros_bridge/lib/python3.10/site-packages/tesse_ros_bridge/utils.py to utils.cpython-310.pyc
[1.328s] byte-compiling /home/zengine/vnav_ws/src/install/tesse_ros_bridge/lib/python3.10/site-packages/tesse_ros_bridge/noise_simulator.py to noise_simulator.cpython-310.pyc
[1.329s] byte-compiling /home/zengine/vnav_ws/src/install/tesse_ros_bridge/lib/python3.10/site-packages/tesse_ros_bridge/quadrotor_control_interface.py to quadrotor_control_interface.cpython-310.pyc
[1.330s] byte-compiling /home/zengine/vnav_ws/src/install/tesse_ros_bridge/lib/python3.10/site-packages/tesse_ros_bridge/consts.py to consts.cpython-310.pyc
[1.330s] byte-compiling /home/zengine/vnav_ws/src/install/tesse_ros_bridge/lib/python3.10/site-packages/tesse_ros_bridge/tesse_ros_node.py to tesse_ros_node.cpython-310.pyc
[1.333s] byte-compiling /home/zengine/vnav_ws/src/install/tesse_ros_bridge/lib/python3.10/site-packages/key_teleop/__init__.py to __init__.cpython-310.pyc
[1.333s] byte-compiling /home/zengine/vnav_ws/src/install/tesse_ros_bridge/lib/python3.10/site-packages/key_teleop/key_teleop.py to key_teleop.cpython-310.pyc
[1.334s] byte-compiling /home/zengine/vnav_ws/src/install/tesse_ros_bridge/lib/python3.10/site-packages/key_teleop/alternative_key_teleop.py to alternative_key_teleop.cpython-310.pyc
[1.334s] running install_data
[1.334s] creating /home/zengine/vnav_ws/src/install/tesse_ros_bridge/share/ament_index
[1.334s] creating /home/zengine/vnav_ws/src/install/tesse_ros_bridge/share/ament_index/resource_index
[1.334s] creating /home/zengine/vnav_ws/src/install/tesse_ros_bridge/share/ament_index/resource_index/packages
[1.335s] copying resource/tesse_ros_bridge -> /home/zengine/vnav_ws/src/install/tesse_ros_bridge/share/ament_index/resource_index/packages
[1.335s] copying package.xml -> /home/zengine/vnav_ws/src/install/tesse_ros_bridge/share/tesse_ros_bridge
[1.335s] creating /home/zengine/vnav_ws/src/install/tesse_ros_bridge/share/tesse_ros_bridge/launch
[1.335s] copying launch/tesse_quadrotor_bridge.launch.yaml -> /home/zengine/vnav_ws/src/install/tesse_ros_bridge/share/tesse_ros_bridge/launch
[1.342s] creating /home/zengine/vnav_ws/src/install/tesse_ros_bridge/share/tesse_ros_bridge/config
[1.342s] copying config/lidar_params.yaml -> /home/zengine/vnav_ws/src/install/tesse_ros_bridge/share/tesse_ros_bridge/config
[1.343s] copying config/noise_model.yaml -> /home/zengine/vnav_ws/src/install/tesse_ros_bridge/share/tesse_ros_bridge/config
[1.343s] copying config/camera_params.yaml -> /home/zengine/vnav_ws/src/install/tesse_ros_bridge/share/tesse_ros_bridge/config
[1.344s] copying config/params.yaml -> /home/zengine/vnav_ws/src/install/tesse_ros_bridge/share/tesse_ros_bridge/config
[1.344s] copying config/object_spawn_params.yaml -> /home/zengine/vnav_ws/src/install/tesse_ros_bridge/share/tesse_ros_bridge/config
[1.344s] copying config/map_tfs.yaml -> /home/zengine/vnav_ws/src/install/tesse_ros_bridge/share/tesse_ros_bridge/config
[1.344s] copying config/tesse_agent_params.yaml -> /home/zengine/vnav_ws/src/install/tesse_ros_bridge/share/tesse_ros_bridge/config
[1.359s] running install_egg_info
[1.360s] Copying ../../../vnav_ws/src/build/tesse_ros_bridge/tesse_ros_bridge.egg-info to /home/zengine/vnav_ws/src/install/tesse_ros_bridge/lib/python3.10/site-packages/tesse_ros_bridge-0.0.0-py3.10.egg-info
[1.360s] running install_scripts
[1.371s] Installing key_teleop script to /home/zengine/vnav_ws/src/install/tesse_ros_bridge/lib/tesse_ros_bridge
[1.371s] Installing quadrotor_control_interface script to /home/zengine/vnav_ws/src/install/tesse_ros_bridge/lib/tesse_ros_bridge
[1.371s] Installing tesse_ros_node script to /home/zengine/vnav_ws/src/install/tesse_ros_bridge/lib/tesse_ros_bridge
[1.372s] writing list of installed files to '/home/zengine/vnav_ws/src/build/tesse_ros_bridge/install.log'
[1.661s] Invoked command in '/home/zengine/vnav_ws/src/lab3/lab3/tesse_ros_bridge' returned '0': PYTHONPATH=/home/zengine/vnav_ws/src/build/tesse_ros_bridge/prefix_override:/usr/lib/python3/dist-packages/colcon_core/task/python/colcon_distutils_commands:/home/zengine/vnav_ws/src/install/tesse_ros_bridge/lib/python3.10/site-packages:${PYTHONPATH} /usr/bin/python3 -W ignore:setup.py install is deprecated -W ignore:easy_install command is deprecated setup.py egg_info --egg-base ../../../vnav_ws/src/build/tesse_ros_bridge build --build-base /home/zengine/vnav_ws/src/build/tesse_ros_bridge/build install --record /home/zengine/vnav_ws/src/build/tesse_ros_bridge/install.log --single-version-externally-managed install_data
