/home/zengine/vnav_ws/src/install/tesse_ros_bridge/lib/python3.10/site-packages/tesse_ros_bridge/__init__.py
/home/zengine/vnav_ws/src/install/tesse_ros_bridge/lib/python3.10/site-packages/tesse_ros_bridge/utils.py
/home/zengine/vnav_ws/src/install/tesse_ros_bridge/lib/python3.10/site-packages/tesse_ros_bridge/noise_simulator.py
/home/zengine/vnav_ws/src/install/tesse_ros_bridge/lib/python3.10/site-packages/tesse_ros_bridge/quadrotor_control_interface.py
/home/zengine/vnav_ws/src/install/tesse_ros_bridge/lib/python3.10/site-packages/tesse_ros_bridge/consts.py
/home/zengine/vnav_ws/src/install/tesse_ros_bridge/lib/python3.10/site-packages/tesse_ros_bridge/tesse_ros_node.py
/home/zengine/vnav_ws/src/install/tesse_ros_bridge/lib/python3.10/site-packages/key_teleop/__init__.py
/home/zengine/vnav_ws/src/install/tesse_ros_bridge/lib/python3.10/site-packages/key_teleop/key_teleop.py
/home/zengine/vnav_ws/src/install/tesse_ros_bridge/lib/python3.10/site-packages/key_teleop/alternative_key_teleop.py
/home/zengine/vnav_ws/src/install/tesse_ros_bridge/lib/python3.10/site-packages/tesse_ros_bridge/__pycache__/__init__.cpython-310.pyc
/home/zengine/vnav_ws/src/install/tesse_ros_bridge/lib/python3.10/site-packages/tesse_ros_bridge/__pycache__/utils.cpython-310.pyc
/home/zengine/vnav_ws/src/install/tesse_ros_bridge/lib/python3.10/site-packages/tesse_ros_bridge/__pycache__/noise_simulator.cpython-310.pyc
/home/zengine/vnav_ws/src/install/tesse_ros_bridge/lib/python3.10/site-packages/tesse_ros_bridge/__pycache__/quadrotor_control_interface.cpython-310.pyc
/home/zengine/vnav_ws/src/install/tesse_ros_bridge/lib/python3.10/site-packages/tesse_ros_bridge/__pycache__/consts.cpython-310.pyc
/home/zengine/vnav_ws/src/install/tesse_ros_bridge/lib/python3.10/site-packages/tesse_ros_bridge/__pycache__/tesse_ros_node.cpython-310.pyc
/home/zengine/vnav_ws/src/install/tesse_ros_bridge/lib/python3.10/site-packages/key_teleop/__pycache__/__init__.cpython-310.pyc
/home/zengine/vnav_ws/src/install/tesse_ros_bridge/lib/python3.10/site-packages/key_teleop/__pycache__/key_teleop.cpython-310.pyc
/home/zengine/vnav_ws/src/install/tesse_ros_bridge/lib/python3.10/site-packages/key_teleop/__pycache__/alternative_key_teleop.cpython-310.pyc
/home/zengine/vnav_ws/src/install/tesse_ros_bridge/share/ament_index/resource_index/packages/tesse_ros_bridge
/home/zengine/vnav_ws/src/install/tesse_ros_bridge/share/tesse_ros_bridge/package.xml
/home/zengine/vnav_ws/src/install/tesse_ros_bridge/share/tesse_ros_bridge/launch/tesse_quadrotor_bridge.launch.yaml
/home/zengine/vnav_ws/src/install/tesse_ros_bridge/share/tesse_ros_bridge/config/lidar_params.yaml
/home/zengine/vnav_ws/src/install/tesse_ros_bridge/share/tesse_ros_bridge/config/noise_model.yaml
/home/zengine/vnav_ws/src/install/tesse_ros_bridge/share/tesse_ros_bridge/config/camera_params.yaml
/home/zengine/vnav_ws/src/install/tesse_ros_bridge/share/tesse_ros_bridge/config/params.yaml
/home/zengine/vnav_ws/src/install/tesse_ros_bridge/share/tesse_ros_bridge/config/object_spawn_params.yaml
/home/zengine/vnav_ws/src/install/tesse_ros_bridge/share/tesse_ros_bridge/config/map_tfs.yaml
/home/zengine/vnav_ws/src/install/tesse_ros_bridge/share/tesse_ros_bridge/config/tesse_agent_params.yaml
/home/zengine/vnav_ws/src/install/tesse_ros_bridge/lib/python3.10/site-packages/tesse_ros_bridge-0.0.0-py3.10.egg-info/SOURCES.txt
/home/zengine/vnav_ws/src/install/tesse_ros_bridge/lib/python3.10/site-packages/tesse_ros_bridge-0.0.0-py3.10.egg-info/PKG-INFO
/home/zengine/vnav_ws/src/install/tesse_ros_bridge/lib/python3.10/site-packages/tesse_ros_bridge-0.0.0-py3.10.egg-info/zip-safe
/home/zengine/vnav_ws/src/install/tesse_ros_bridge/lib/python3.10/site-packages/tesse_ros_bridge-0.0.0-py3.10.egg-info/top_level.txt
/home/zengine/vnav_ws/src/install/tesse_ros_bridge/lib/python3.10/site-packages/tesse_ros_bridge-0.0.0-py3.10.egg-info/requires.txt
/home/zengine/vnav_ws/src/install/tesse_ros_bridge/lib/python3.10/site-packages/tesse_ros_bridge-0.0.0-py3.10.egg-info/dependency_links.txt
/home/zengine/vnav_ws/src/install/tesse_ros_bridge/lib/python3.10/site-packages/tesse_ros_bridge-0.0.0-py3.10.egg-info/entry_points.txt
/home/zengine/vnav_ws/src/install/tesse_ros_bridge/lib/tesse_ros_bridge/key_teleop
/home/zengine/vnav_ws/src/install/tesse_ros_bridge/lib/tesse_ros_bridge/quadrotor_control_interface
/home/zengine/vnav_ws/src/install/tesse_ros_bridge/lib/tesse_ros_bridge/tesse_ros_node
