[0.034s] Invoking command in '/home/zengine/vnav_ws/src/build/mav_msgs': CMAKE_PREFIX_PATH=/opt/ros/humble /usr/bin/cmake /home/zengine/vnav_ws/src/mav_comm/mav_msgs -DCMAKE_INSTALL_PREFIX=/home/zengine/vnav_ws/src/install/mav_msgs
[2.434s] -- The C compiler identification is GNU 11.4.0
[3.075s] -- The CXX compiler identification is GNU 11.4.0
[3.136s] -- Detecting C compiler ABI info
[3.340s] -- Detecting C compiler ABI info - done
[3.346s] -- Check for working C compiler: /usr/bin/cc - skipped
[3.354s] -- Detecting C compile features
[3.366s] -- Detecting C compile features - done
[3.378s] -- Detecting CXX compiler ABI info
[3.478s] -- Detecting CXX compiler ABI info - done
[3.483s] -- Check for working CXX compiler: /usr/bin/c++ - skipped
[3.484s] -- Detecting CXX compile features
[3.484s] -- Detecting CXX compile features - done
[3.600s] -- Found ament_cmake: 1.3.11 (/opt/ros/humble/share/ament_cmake/cmake)
[3.894s] -- Found Python3: /usr/bin/python3 (found version "3.10.12") found components: Interpreter 
[4.632s] -- Found rosidl_default_generators: 1.2.0 (/opt/ros/humble/share/rosidl_default_generators/cmake)
[4.690s] -- Using all available rosidl_typesupport_c: rosidl_typesupport_fastrtps_c;rosidl_typesupport_introspection_c
[4.696s] -- Found rosidl_adapter: 3.1.6 (/opt/ros/humble/share/rosidl_adapter/cmake)
[4.867s] -- Using all available rosidl_typesupport_cpp: rosidl_typesupport_fastrtps_cpp;rosidl_typesupport_introspection_cpp
[4.900s] -- Found geometry_msgs: 4.2.4 (/opt/ros/humble/share/geometry_msgs/cmake)
[4.949s] -- Found nav_msgs: 4.2.4 (/opt/ros/humble/share/nav_msgs/cmake)
[5.025s] -- Found trajectory_msgs: 4.2.4 (/opt/ros/humble/share/trajectory_msgs/cmake)
[5.257s] -- Found ament_cmake_ros: 0.10.0 (/opt/ros/humble/share/ament_cmake_ros/cmake)
[5.427s] -- Using all available rosidl_typesupport_c: rosidl_typesupport_fastrtps_c;rosidl_typesupport_introspection_c
[5.619s] -- Using all available rosidl_typesupport_cpp: rosidl_typesupport_fastrtps_cpp;rosidl_typesupport_introspection_cpp
[5.632s] -- Found PythonInterp: /usr/bin/python3 (found suitable version "3.10.12", minimum required is "3.6") 
[5.633s] -- Found python_cmake_module: 0.10.0 (/opt/ros/humble/share/python_cmake_module/cmake)
[5.742s] -- Found PythonLibs: /usr/lib/x86_64-linux-gnu/libpython3.10.so (found suitable version "3.10.12", minimum required is "3.5") 
[5.742s] -- Using PYTHON_EXECUTABLE: /usr/bin/python3
[5.743s] -- Using PYTHON_INCLUDE_DIRS: /usr/include/python3.10
[5.743s] -- Using PYTHON_LIBRARIES: /usr/lib/x86_64-linux-gnu/libpython3.10.so
[5.755s] -- Found PythonExtra: .so  
[5.832s] -- Configuring done
[5.964s] -- Generating done
[5.971s] -- Build files have been written to: /home/zengine/vnav_ws/src/build/mav_msgs
[5.977s] Invoked command in '/home/zengine/vnav_ws/src/build/mav_msgs' returned '0': CMAKE_PREFIX_PATH=/opt/ros/humble /usr/bin/cmake /home/zengine/vnav_ws/src/mav_comm/mav_msgs -DCMAKE_INSTALL_PREFIX=/home/zengine/vnav_ws/src/install/mav_msgs
[5.978s] Invoking command in '/home/zengine/vnav_ws/src/build/mav_msgs': CMAKE_PREFIX_PATH=/opt/ros/humble /usr/bin/cmake --build /home/zengine/vnav_ws/src/build/mav_msgs -- -j20 -l20
[6.011s] [  1%] [34m[1mGenerating C code for ROS interfaces[0m
[6.019s] [  2%] [34m[1mGenerating C++ code for ROS interfaces[0m
[6.024s] [  2%] Built target ament_cmake_python_copy_mav_msgs
[6.190s] running egg_info
[6.190s] creating mav_msgs.egg-info
[6.190s] writing mav_msgs.egg-info/PKG-INFO
[6.190s] writing dependency_links to mav_msgs.egg-info/dependency_links.txt
[6.190s] writing top-level names to mav_msgs.egg-info/top_level.txt
[6.190s] writing manifest file 'mav_msgs.egg-info/SOURCES.txt'
[6.191s] reading manifest file 'mav_msgs.egg-info/SOURCES.txt'
[6.192s] writing manifest file 'mav_msgs.egg-info/SOURCES.txt'
[6.208s] [  2%] Built target ament_cmake_python_build_mav_msgs_egg
[6.945s] [  2%] Built target mav_msgs__cpp
[6.955s] [  3%] [34m[1mGenerating C++ type support dispatch for ROS interfaces[0m
[6.955s] [  4%] [34m[1mGenerating C++ introspection for ROS interfaces[0m
[6.956s] [  5%] [34m[1mGenerating C++ type support for eProsima Fast-RTPS[0m
[6.978s] [  6%] [32mBuilding C object CMakeFiles/mav_msgs__rosidl_generator_c.dir/rosidl_generator_c/mav_msgs/msg/detail/attitude_thrust__functions.c.o[0m
[6.979s] [  8%] [32mBuilding C object CMakeFiles/mav_msgs__rosidl_generator_c.dir/rosidl_generator_c/mav_msgs/msg/detail/actuators__functions.c.o[0m
[6.979s] [  9%] [32mBuilding C object CMakeFiles/mav_msgs__rosidl_generator_c.dir/rosidl_generator_c/mav_msgs/msg/detail/roll_pitch_yawrate_thrust__functions.c.o[0m
[6.981s] [ 10%] [32mBuilding C object CMakeFiles/mav_msgs__rosidl_generator_c.dir/rosidl_generator_c/mav_msgs/msg/detail/gps_waypoint__functions.c.o[0m
[6.983s] [ 11%] [32mBuilding C object CMakeFiles/mav_msgs__rosidl_generator_c.dir/rosidl_generator_c/mav_msgs/msg/detail/filtered_sensor_data__functions.c.o[0m
[6.990s] [ 12%] [32mBuilding C object CMakeFiles/mav_msgs__rosidl_generator_c.dir/rosidl_generator_c/mav_msgs/msg/detail/rate_thrust__functions.c.o[0m
[6.990s] [ 13%] [32mBuilding C object CMakeFiles/mav_msgs__rosidl_generator_c.dir/rosidl_generator_c/mav_msgs/msg/detail/torque_thrust__functions.c.o[0m
[6.990s] [ 14%] [32mBuilding C object CMakeFiles/mav_msgs__rosidl_generator_c.dir/rosidl_generator_c/mav_msgs/msg/detail/status__functions.c.o[0m
[7.094s] [ 16%] [32m[1mLinking C shared library libmav_msgs__rosidl_generator_c.so[0m
[7.197s] [ 16%] Built target mav_msgs__rosidl_generator_c
[7.212s] [ 17%] [34m[1mGenerating C type support for eProsima Fast-RTPS[0m
[7.217s] [ 18%] [34m[1mGenerating C introspection for ROS interfaces[0m
[7.219s] [ 19%] [34m[1mGenerating C type support dispatch for ROS interfaces[0m
[7.742s] [ 20%] [32mBuilding CXX object CMakeFiles/mav_msgs__rosidl_typesupport_cpp.dir/rosidl_typesupport_cpp/mav_msgs/msg/torque_thrust__type_support.cpp.o[0m
[7.742s] [ 21%] [32mBuilding CXX object CMakeFiles/mav_msgs__rosidl_typesupport_cpp.dir/rosidl_typesupport_cpp/mav_msgs/msg/status__type_support.cpp.o[0m
[7.742s] [ 22%] [32mBuilding CXX object CMakeFiles/mav_msgs__rosidl_typesupport_cpp.dir/rosidl_typesupport_cpp/mav_msgs/msg/gps_waypoint__type_support.cpp.o[0m
[7.742s] [ 24%] [32mBuilding CXX object CMakeFiles/mav_msgs__rosidl_typesupport_cpp.dir/rosidl_typesupport_cpp/mav_msgs/msg/rate_thrust__type_support.cpp.o[0m
[7.742s] [ 25%] [32mBuilding CXX object CMakeFiles/mav_msgs__rosidl_typesupport_cpp.dir/rosidl_typesupport_cpp/mav_msgs/msg/roll_pitch_yawrate_thrust__type_support.cpp.o[0m
[7.743s] [ 26%] [32mBuilding CXX object CMakeFiles/mav_msgs__rosidl_typesupport_cpp.dir/rosidl_typesupport_cpp/mav_msgs/msg/filtered_sensor_data__type_support.cpp.o[0m
[7.743s] [ 28%] [32mBuilding CXX object CMakeFiles/mav_msgs__rosidl_typesupport_cpp.dir/rosidl_typesupport_cpp/mav_msgs/msg/actuators__type_support.cpp.o[0m
[7.743s] [ 28%] [32mBuilding CXX object CMakeFiles/mav_msgs__rosidl_typesupport_cpp.dir/rosidl_typesupport_cpp/mav_msgs/msg/attitude_thrust__type_support.cpp.o[0m
[7.783s] [ 31%] [32mBuilding CXX object CMakeFiles/mav_msgs__rosidl_typesupport_introspection_cpp.dir/rosidl_typesupport_introspection_cpp/mav_msgs/msg/detail/rate_thrust__type_support.cpp.o[0m
[7.783s] [ 31%] [32mBuilding CXX object CMakeFiles/mav_msgs__rosidl_typesupport_introspection_cpp.dir/rosidl_typesupport_introspection_cpp/mav_msgs/msg/detail/filtered_sensor_data__type_support.cpp.o[0m
[7.783s] [ 32%] [32mBuilding CXX object CMakeFiles/mav_msgs__rosidl_typesupport_introspection_cpp.dir/rosidl_typesupport_introspection_cpp/mav_msgs/msg/detail/roll_pitch_yawrate_thrust__type_support.cpp.o[0m
[7.783s] [ 33%] [32mBuilding CXX object CMakeFiles/mav_msgs__rosidl_typesupport_introspection_cpp.dir/rosidl_typesupport_introspection_cpp/mav_msgs/msg/detail/actuators__type_support.cpp.o[0m
[7.783s] [ 34%] [32mBuilding CXX object CMakeFiles/mav_msgs__rosidl_typesupport_introspection_cpp.dir/rosidl_typesupport_introspection_cpp/mav_msgs/msg/detail/attitude_thrust__type_support.cpp.o[0m
[7.783s] [ 35%] [32mBuilding CXX object CMakeFiles/mav_msgs__rosidl_typesupport_introspection_cpp.dir/rosidl_typesupport_introspection_cpp/mav_msgs/msg/detail/gps_waypoint__type_support.cpp.o[0m
[7.783s] [ 36%] [32mBuilding CXX object CMakeFiles/mav_msgs__rosidl_typesupport_introspection_cpp.dir/rosidl_typesupport_introspection_cpp/mav_msgs/msg/detail/torque_thrust__type_support.cpp.o[0m
[7.783s] [ 37%] [32mBuilding CXX object CMakeFiles/mav_msgs__rosidl_typesupport_introspection_cpp.dir/rosidl_typesupport_introspection_cpp/mav_msgs/msg/detail/status__type_support.cpp.o[0m
[7.965s] [ 39%] [32mBuilding CXX object CMakeFiles/mav_msgs__rosidl_typesupport_fastrtps_cpp.dir/rosidl_typesupport_fastrtps_cpp/mav_msgs/msg/detail/dds_fastrtps/actuators__type_support.cpp.o[0m
[7.981s] [ 40%] [32mBuilding CXX object CMakeFiles/mav_msgs__rosidl_typesupport_c.dir/rosidl_typesupport_c/mav_msgs/msg/actuators__type_support.cpp.o[0m
[7.989s] [ 41%] [32mBuilding CXX object CMakeFiles/mav_msgs__rosidl_typesupport_c.dir/rosidl_typesupport_c/mav_msgs/msg/attitude_thrust__type_support.cpp.o[0m
[7.996s] [ 42%] [32mBuilding CXX object CMakeFiles/mav_msgs__rosidl_typesupport_c.dir/rosidl_typesupport_c/mav_msgs/msg/filtered_sensor_data__type_support.cpp.o[0m
[8.000s] [ 43%] [32mBuilding CXX object CMakeFiles/mav_msgs__rosidl_typesupport_fastrtps_cpp.dir/rosidl_typesupport_fastrtps_cpp/mav_msgs/msg/detail/dds_fastrtps/attitude_thrust__type_support.cpp.o[0m
[8.004s] [ 44%] [32mBuilding CXX object CMakeFiles/mav_msgs__rosidl_typesupport_fastrtps_cpp.dir/rosidl_typesupport_fastrtps_cpp/mav_msgs/msg/detail/dds_fastrtps/filtered_sensor_data__type_support.cpp.o[0m
[8.014s] [ 45%] [32mBuilding CXX object CMakeFiles/mav_msgs__rosidl_typesupport_c.dir/rosidl_typesupport_c/mav_msgs/msg/gps_waypoint__type_support.cpp.o[0m
[8.017s] [ 47%] [32mBuilding CXX object CMakeFiles/mav_msgs__rosidl_typesupport_c.dir/rosidl_typesupport_c/mav_msgs/msg/roll_pitch_yawrate_thrust__type_support.cpp.o[0m
[8.017s] [ 48%] [32mBuilding CXX object CMakeFiles/mav_msgs__rosidl_typesupport_c.dir/rosidl_typesupport_c/mav_msgs/msg/rate_thrust__type_support.cpp.o[0m
[8.022s] [ 49%] [32mBuilding CXX object CMakeFiles/mav_msgs__rosidl_typesupport_fastrtps_cpp.dir/rosidl_typesupport_fastrtps_cpp/mav_msgs/msg/detail/dds_fastrtps/gps_waypoint__type_support.cpp.o[0m
[8.027s] [ 50%] [32mBuilding CXX object CMakeFiles/mav_msgs__rosidl_typesupport_fastrtps_cpp.dir/rosidl_typesupport_fastrtps_cpp/mav_msgs/msg/detail/dds_fastrtps/rate_thrust__type_support.cpp.o[0m
[8.031s] [ 51%] [32mBuilding CXX object CMakeFiles/mav_msgs__rosidl_typesupport_fastrtps_cpp.dir/rosidl_typesupport_fastrtps_cpp/mav_msgs/msg/detail/dds_fastrtps/roll_pitch_yawrate_thrust__type_support.cpp.o[0m
[8.038s] [ 52%] [32m[1mLinking CXX shared library libmav_msgs__rosidl_typesupport_cpp.so[0m
[8.043s] [ 54%] [32mBuilding CXX object CMakeFiles/mav_msgs__rosidl_typesupport_c.dir/rosidl_typesupport_c/mav_msgs/msg/status__type_support.cpp.o[0m
[8.046s] [ 55%] [32mBuilding CXX object CMakeFiles/mav_msgs__rosidl_typesupport_fastrtps_cpp.dir/rosidl_typesupport_fastrtps_cpp/mav_msgs/msg/detail/dds_fastrtps/status__type_support.cpp.o[0m
[8.058s] [ 56%] [32mBuilding CXX object CMakeFiles/mav_msgs__rosidl_typesupport_fastrtps_cpp.dir/rosidl_typesupport_fastrtps_cpp/mav_msgs/msg/detail/dds_fastrtps/torque_thrust__type_support.cpp.o[0m
[8.077s] [ 57%] [32mBuilding CXX object CMakeFiles/mav_msgs__rosidl_typesupport_c.dir/rosidl_typesupport_c/mav_msgs/msg/torque_thrust__type_support.cpp.o[0m
[8.099s] [ 57%] Built target mav_msgs__rosidl_typesupport_cpp
[8.113s] [ 58%] [32m[1mLinking CXX shared library libmav_msgs__rosidl_typesupport_c.so[0m
[8.142s] [ 59%] [32m[1mLinking CXX shared library libmav_msgs__rosidl_typesupport_introspection_cpp.so[0m
[8.143s] [ 60%] [32mBuilding CXX object CMakeFiles/mav_msgs__rosidl_typesupport_fastrtps_c.dir/rosidl_typesupport_fastrtps_c/mav_msgs/msg/detail/attitude_thrust__type_support_c.cpp.o[0m
[8.143s] [ 62%] [32mBuilding CXX object CMakeFiles/mav_msgs__rosidl_typesupport_fastrtps_c.dir/rosidl_typesupport_fastrtps_c/mav_msgs/msg/detail/filtered_sensor_data__type_support_c.cpp.o[0m
[8.143s] [ 63%] [32mBuilding CXX object CMakeFiles/mav_msgs__rosidl_typesupport_fastrtps_c.dir/rosidl_typesupport_fastrtps_c/mav_msgs/msg/detail/actuators__type_support_c.cpp.o[0m
[8.143s] [ 64%] [32mBuilding CXX object CMakeFiles/mav_msgs__rosidl_typesupport_fastrtps_c.dir/rosidl_typesupport_fastrtps_c/mav_msgs/msg/detail/rate_thrust__type_support_c.cpp.o[0m
[8.144s] [ 65%] [32mBuilding CXX object CMakeFiles/mav_msgs__rosidl_typesupport_fastrtps_c.dir/rosidl_typesupport_fastrtps_c/mav_msgs/msg/detail/gps_waypoint__type_support_c.cpp.o[0m
[8.145s] [ 66%] [32mBuilding CXX object CMakeFiles/mav_msgs__rosidl_typesupport_fastrtps_c.dir/rosidl_typesupport_fastrtps_c/mav_msgs/msg/detail/roll_pitch_yawrate_thrust__type_support_c.cpp.o[0m
[8.145s] [ 67%] [32mBuilding CXX object CMakeFiles/mav_msgs__rosidl_typesupport_fastrtps_c.dir/rosidl_typesupport_fastrtps_c/mav_msgs/msg/detail/status__type_support_c.cpp.o[0m
[8.154s] [ 67%] Built target mav_msgs__rosidl_typesupport_c
[8.155s] [ 68%] [32mBuilding CXX object CMakeFiles/mav_msgs__rosidl_typesupport_fastrtps_c.dir/rosidl_typesupport_fastrtps_c/mav_msgs/msg/detail/torque_thrust__type_support_c.cpp.o[0m
[8.286s] [ 68%] Built target mav_msgs__rosidl_typesupport_introspection_cpp
[8.294s] [ 70%] [32mBuilding C object CMakeFiles/mav_msgs__rosidl_typesupport_introspection_c.dir/rosidl_typesupport_introspection_c/mav_msgs/msg/detail/filtered_sensor_data__type_support.c.o[0m
[8.296s] [ 71%] [32mBuilding C object CMakeFiles/mav_msgs__rosidl_typesupport_introspection_c.dir/rosidl_typesupport_introspection_c/mav_msgs/msg/detail/gps_waypoint__type_support.c.o[0m
[8.296s] [ 72%] [32mBuilding C object CMakeFiles/mav_msgs__rosidl_typesupport_introspection_c.dir/rosidl_typesupport_introspection_c/mav_msgs/msg/detail/attitude_thrust__type_support.c.o[0m
[8.297s] [ 73%] [32mBuilding C object CMakeFiles/mav_msgs__rosidl_typesupport_introspection_c.dir/rosidl_typesupport_introspection_c/mav_msgs/msg/detail/actuators__type_support.c.o[0m
[8.338s] [ 75%] [32mBuilding C object CMakeFiles/mav_msgs__rosidl_typesupport_introspection_c.dir/rosidl_typesupport_introspection_c/mav_msgs/msg/detail/rate_thrust__type_support.c.o[0m
[8.338s] [ 75%] [32mBuilding C object CMakeFiles/mav_msgs__rosidl_typesupport_introspection_c.dir/rosidl_typesupport_introspection_c/mav_msgs/msg/detail/roll_pitch_yawrate_thrust__type_support.c.o[0m
[8.342s] [ 77%] [32mBuilding C object CMakeFiles/mav_msgs__rosidl_typesupport_introspection_c.dir/rosidl_typesupport_introspection_c/mav_msgs/msg/detail/status__type_support.c.o[0m
[8.350s] [ 78%] [32mBuilding C object CMakeFiles/mav_msgs__rosidl_typesupport_introspection_c.dir/rosidl_typesupport_introspection_c/mav_msgs/msg/detail/torque_thrust__type_support.c.o[0m
[8.381s] [ 79%] [32m[1mLinking C shared library libmav_msgs__rosidl_typesupport_introspection_c.so[0m
[8.411s] [ 79%] Built target mav_msgs__rosidl_typesupport_introspection_c
[8.437s] [ 80%] [32m[1mLinking CXX shared library libmav_msgs__rosidl_typesupport_fastrtps_cpp.so[0m
[8.453s] [ 81%] [32m[1mLinking CXX shared library libmav_msgs__rosidl_typesupport_fastrtps_c.so[0m
[8.488s] [ 81%] Built target mav_msgs__rosidl_typesupport_fastrtps_cpp
[8.499s] [ 81%] Built target mav_msgs__rosidl_typesupport_fastrtps_c
[8.513s] [ 81%] Built target mav_msgs
[8.528s] [ 82%] [34m[1mGenerating Python code for ROS interfaces[0m
[9.425s] [ 82%] Built target mav_msgs__py
[9.438s] [ 83%] [32mBuilding C object CMakeFiles/mav_msgs__rosidl_generator_py.dir/rosidl_generator_py/mav_msgs/msg/_actuators_s.c.o[0m
[9.439s] [ 85%] [32mBuilding C object CMakeFiles/mav_msgs__rosidl_generator_py.dir/rosidl_generator_py/mav_msgs/msg/_filtered_sensor_data_s.c.o[0m
[9.439s] [ 86%] [32mBuilding C object CMakeFiles/mav_msgs__rosidl_generator_py.dir/rosidl_generator_py/mav_msgs/msg/_roll_pitch_yawrate_thrust_s.c.o[0m
[9.439s] [ 87%] [32mBuilding C object CMakeFiles/mav_msgs__rosidl_generator_py.dir/rosidl_generator_py/mav_msgs/msg/_attitude_thrust_s.c.o[0m
[9.440s] [ 88%] [32mBuilding C object CMakeFiles/mav_msgs__rosidl_generator_py.dir/rosidl_generator_py/mav_msgs/msg/_gps_waypoint_s.c.o[0m
[9.440s] [ 89%] [32mBuilding C object CMakeFiles/mav_msgs__rosidl_generator_py.dir/rosidl_generator_py/mav_msgs/msg/_status_s.c.o[0m
[9.444s] [ 90%] [32mBuilding C object CMakeFiles/mav_msgs__rosidl_generator_py.dir/rosidl_generator_py/mav_msgs/msg/_rate_thrust_s.c.o[0m
[9.445s] [ 91%] [32mBuilding C object CMakeFiles/mav_msgs__rosidl_generator_py.dir/rosidl_generator_py/mav_msgs/msg/_torque_thrust_s.c.o[0m
[9.523s] [ 93%] [32m[1mLinking C shared library rosidl_generator_py/mav_msgs/libmav_msgs__rosidl_generator_py.so[0m
[9.556s] [ 93%] Built target mav_msgs__rosidl_generator_py
[9.568s] [ 94%] [32mBuilding C object CMakeFiles/mav_msgs__rosidl_typesupport_c__pyext.dir/rosidl_generator_py/mav_msgs/_mav_msgs_s.ep.rosidl_typesupport_c.c.o[0m
[9.568s] [ 95%] [32mBuilding C object CMakeFiles/mav_msgs__rosidl_typesupport_introspection_c__pyext.dir/rosidl_generator_py/mav_msgs/_mav_msgs_s.ep.rosidl_typesupport_introspection_c.c.o[0m
[9.569s] [ 96%] [32mBuilding C object CMakeFiles/mav_msgs__rosidl_typesupport_fastrtps_c__pyext.dir/rosidl_generator_py/mav_msgs/_mav_msgs_s.ep.rosidl_typesupport_fastrtps_c.c.o[0m
[9.627s] [ 97%] [32m[1mLinking C shared library rosidl_generator_py/mav_msgs/mav_msgs_s__rosidl_typesupport_fastrtps_c.cpython-310-x86_64-linux-gnu.so[0m
[9.629s] [ 98%] [32m[1mLinking C shared library rosidl_generator_py/mav_msgs/mav_msgs_s__rosidl_typesupport_c.cpython-310-x86_64-linux-gnu.so[0m
[9.629s] [100%] [32m[1mLinking C shared library rosidl_generator_py/mav_msgs/mav_msgs_s__rosidl_typesupport_introspection_c.cpython-310-x86_64-linux-gnu.so[0m
[9.652s] [100%] Built target mav_msgs__rosidl_typesupport_fastrtps_c__pyext
[9.652s] [100%] Built target mav_msgs__rosidl_typesupport_introspection_c__pyext
[9.655s] [100%] Built target mav_msgs__rosidl_typesupport_c__pyext
[9.664s] Invoked command in '/home/zengine/vnav_ws/src/build/mav_msgs' returned '0': CMAKE_PREFIX_PATH=/opt/ros/humble /usr/bin/cmake --build /home/zengine/vnav_ws/src/build/mav_msgs -- -j20 -l20
[9.665s] Invoking command in '/home/zengine/vnav_ws/src/build/mav_msgs': CMAKE_PREFIX_PATH=/opt/ros/humble /usr/bin/cmake --install /home/zengine/vnav_ws/src/build/mav_msgs
[9.672s] -- Install configuration: ""
[9.672s] -- Installing: /home/zengine/vnav_ws/src/install/mav_msgs/share/ament_index/resource_index/rosidl_interfaces/mav_msgs
[9.672s] -- Installing: /home/zengine/vnav_ws/src/install/mav_msgs/include/mav_msgs/mav_msgs
[9.672s] -- Installing: /home/zengine/vnav_ws/src/install/mav_msgs/include/mav_msgs/mav_msgs/msg
[9.672s] -- Installing: /home/zengine/vnav_ws/src/install/mav_msgs/include/mav_msgs/mav_msgs/msg/filtered_sensor_data.h
[9.672s] -- Installing: /home/zengine/vnav_ws/src/install/mav_msgs/include/mav_msgs/mav_msgs/msg/detail
[9.672s] -- Installing: /home/zengine/vnav_ws/src/install/mav_msgs/include/mav_msgs/mav_msgs/msg/detail/actuators__type_support.h
[9.672s] -- Installing: /home/zengine/vnav_ws/src/install/mav_msgs/include/mav_msgs/mav_msgs/msg/detail/status__type_support.h
[9.672s] -- Installing: /home/zengine/vnav_ws/src/install/mav_msgs/include/mav_msgs/mav_msgs/msg/detail/rate_thrust__functions.h
[9.672s] -- Installing: /home/zengine/vnav_ws/src/install/mav_msgs/include/mav_msgs/mav_msgs/msg/detail/gps_waypoint__type_support.h
[9.672s] -- Installing: /home/zengine/vnav_ws/src/install/mav_msgs/include/mav_msgs/mav_msgs/msg/detail/torque_thrust__functions.h
[9.672s] -- Installing: /home/zengine/vnav_ws/src/install/mav_msgs/include/mav_msgs/mav_msgs/msg/detail/rate_thrust__functions.c
[9.672s] -- Installing: /home/zengine/vnav_ws/src/install/mav_msgs/include/mav_msgs/mav_msgs/msg/detail/torque_thrust__type_support.h
[9.672s] -- Installing: /home/zengine/vnav_ws/src/install/mav_msgs/include/mav_msgs/mav_msgs/msg/detail/status__functions.h
[9.672s] -- Installing: /home/zengine/vnav_ws/src/install/mav_msgs/include/mav_msgs/mav_msgs/msg/detail/gps_waypoint__functions.h
[9.672s] -- Installing: /home/zengine/vnav_ws/src/install/mav_msgs/include/mav_msgs/mav_msgs/msg/detail/roll_pitch_yawrate_thrust__functions.h
[9.672s] -- Installing: /home/zengine/vnav_ws/src/install/mav_msgs/include/mav_msgs/mav_msgs/msg/detail/rate_thrust__struct.h
[9.672s] -- Installing: /home/zengine/vnav_ws/src/install/mav_msgs/include/mav_msgs/mav_msgs/msg/detail/actuators__functions.h
[9.672s] -- Installing: /home/zengine/vnav_ws/src/install/mav_msgs/include/mav_msgs/mav_msgs/msg/detail/rate_thrust__type_support.h
[9.672s] -- Installing: /home/zengine/vnav_ws/src/install/mav_msgs/include/mav_msgs/mav_msgs/msg/detail/actuators__struct.h
[9.672s] -- Installing: /home/zengine/vnav_ws/src/install/mav_msgs/include/mav_msgs/mav_msgs/msg/detail/torque_thrust__struct.h
[9.672s] -- Installing: /home/zengine/vnav_ws/src/install/mav_msgs/include/mav_msgs/mav_msgs/msg/detail/attitude_thrust__type_support.h
[9.672s] -- Installing: /home/zengine/vnav_ws/src/install/mav_msgs/include/mav_msgs/mav_msgs/msg/detail/filtered_sensor_data__functions.c
[9.672s] -- Installing: /home/zengine/vnav_ws/src/install/mav_msgs/include/mav_msgs/mav_msgs/msg/detail/attitude_thrust__functions.h
[9.672s] -- Installing: /home/zengine/vnav_ws/src/install/mav_msgs/include/mav_msgs/mav_msgs/msg/detail/roll_pitch_yawrate_thrust__type_support.h
[9.672s] -- Installing: /home/zengine/vnav_ws/src/install/mav_msgs/include/mav_msgs/mav_msgs/msg/detail/roll_pitch_yawrate_thrust__functions.c
[9.672s] -- Installing: /home/zengine/vnav_ws/src/install/mav_msgs/include/mav_msgs/mav_msgs/msg/detail/gps_waypoint__struct.h
[9.673s] -- Installing: /home/zengine/vnav_ws/src/install/mav_msgs/include/mav_msgs/mav_msgs/msg/detail/filtered_sensor_data__type_support.h
[9.673s] -- Installing: /home/zengine/vnav_ws/src/install/mav_msgs/include/mav_msgs/mav_msgs/msg/detail/attitude_thrust__functions.c
[9.673s] -- Installing: /home/zengine/vnav_ws/src/install/mav_msgs/include/mav_msgs/mav_msgs/msg/detail/status__functions.c
[9.673s] -- Installing: /home/zengine/vnav_ws/src/install/mav_msgs/include/mav_msgs/mav_msgs/msg/detail/filtered_sensor_data__struct.h
[9.673s] -- Installing: /home/zengine/vnav_ws/src/install/mav_msgs/include/mav_msgs/mav_msgs/msg/detail/filtered_sensor_data__functions.h
[9.673s] -- Installing: /home/zengine/vnav_ws/src/install/mav_msgs/include/mav_msgs/mav_msgs/msg/detail/status__struct.h
[9.673s] -- Installing: /home/zengine/vnav_ws/src/install/mav_msgs/include/mav_msgs/mav_msgs/msg/detail/torque_thrust__functions.c
[9.673s] -- Installing: /home/zengine/vnav_ws/src/install/mav_msgs/include/mav_msgs/mav_msgs/msg/detail/attitude_thrust__struct.h
[9.673s] -- Installing: /home/zengine/vnav_ws/src/install/mav_msgs/include/mav_msgs/mav_msgs/msg/detail/actuators__functions.c
[9.673s] -- Installing: /home/zengine/vnav_ws/src/install/mav_msgs/include/mav_msgs/mav_msgs/msg/detail/gps_waypoint__functions.c
[9.673s] -- Installing: /home/zengine/vnav_ws/src/install/mav_msgs/include/mav_msgs/mav_msgs/msg/detail/roll_pitch_yawrate_thrust__struct.h
[9.673s] -- Installing: /home/zengine/vnav_ws/src/install/mav_msgs/include/mav_msgs/mav_msgs/msg/attitude_thrust.h
[9.673s] -- Installing: /home/zengine/vnav_ws/src/install/mav_msgs/include/mav_msgs/mav_msgs/msg/rosidl_generator_c__visibility_control.h
[9.673s] -- Installing: /home/zengine/vnav_ws/src/install/mav_msgs/include/mav_msgs/mav_msgs/msg/actuators.h
[9.673s] -- Installing: /home/zengine/vnav_ws/src/install/mav_msgs/include/mav_msgs/mav_msgs/msg/status.h
[9.673s] -- Installing: /home/zengine/vnav_ws/src/install/mav_msgs/include/mav_msgs/mav_msgs/msg/torque_thrust.h
[9.673s] -- Installing: /home/zengine/vnav_ws/src/install/mav_msgs/include/mav_msgs/mav_msgs/msg/rate_thrust.h
[9.673s] -- Installing: /home/zengine/vnav_ws/src/install/mav_msgs/include/mav_msgs/mav_msgs/msg/gps_waypoint.h
[9.673s] -- Installing: /home/zengine/vnav_ws/src/install/mav_msgs/include/mav_msgs/mav_msgs/msg/roll_pitch_yawrate_thrust.h
[9.673s] -- Installing: /home/zengine/vnav_ws/src/install/mav_msgs/share/mav_msgs/environment/library_path.sh
[9.673s] -- Installing: /home/zengine/vnav_ws/src/install/mav_msgs/share/mav_msgs/environment/library_path.dsv
[9.673s] -- Installing: /home/zengine/vnav_ws/src/install/mav_msgs/lib/libmav_msgs__rosidl_generator_c.so
[9.674s] -- Set runtime path of "/home/zengine/vnav_ws/src/install/mav_msgs/lib/libmav_msgs__rosidl_generator_c.so" to ""
[9.674s] -- Up-to-date: /home/zengine/vnav_ws/src/install/mav_msgs/include/mav_msgs/mav_msgs
[9.674s] -- Up-to-date: /home/zengine/vnav_ws/src/install/mav_msgs/include/mav_msgs/mav_msgs/msg
[9.674s] -- Installing: /home/zengine/vnav_ws/src/install/mav_msgs/include/mav_msgs/mav_msgs/msg/rosidl_typesupport_fastrtps_c__visibility_control.h
[9.674s] -- Up-to-date: /home/zengine/vnav_ws/src/install/mav_msgs/include/mav_msgs/mav_msgs/msg/detail
[9.674s] -- Installing: /home/zengine/vnav_ws/src/install/mav_msgs/include/mav_msgs/mav_msgs/msg/detail/rate_thrust__rosidl_typesupport_fastrtps_c.h
[9.674s] -- Installing: /home/zengine/vnav_ws/src/install/mav_msgs/include/mav_msgs/mav_msgs/msg/detail/torque_thrust__rosidl_typesupport_fastrtps_c.h
[9.674s] -- Installing: /home/zengine/vnav_ws/src/install/mav_msgs/include/mav_msgs/mav_msgs/msg/detail/status__rosidl_typesupport_fastrtps_c.h
[9.674s] -- Installing: /home/zengine/vnav_ws/src/install/mav_msgs/include/mav_msgs/mav_msgs/msg/detail/filtered_sensor_data__rosidl_typesupport_fastrtps_c.h
[9.674s] -- Installing: /home/zengine/vnav_ws/src/install/mav_msgs/include/mav_msgs/mav_msgs/msg/detail/roll_pitch_yawrate_thrust__rosidl_typesupport_fastrtps_c.h
[9.674s] -- Installing: /home/zengine/vnav_ws/src/install/mav_msgs/include/mav_msgs/mav_msgs/msg/detail/actuators__rosidl_typesupport_fastrtps_c.h
[9.674s] -- Installing: /home/zengine/vnav_ws/src/install/mav_msgs/include/mav_msgs/mav_msgs/msg/detail/gps_waypoint__rosidl_typesupport_fastrtps_c.h
[9.674s] -- Installing: /home/zengine/vnav_ws/src/install/mav_msgs/include/mav_msgs/mav_msgs/msg/detail/attitude_thrust__rosidl_typesupport_fastrtps_c.h
[9.674s] -- Installing: /home/zengine/vnav_ws/src/install/mav_msgs/lib/libmav_msgs__rosidl_typesupport_fastrtps_c.so
[9.674s] -- Set runtime path of "/home/zengine/vnav_ws/src/install/mav_msgs/lib/libmav_msgs__rosidl_typesupport_fastrtps_c.so" to ""
[9.674s] -- Up-to-date: /home/zengine/vnav_ws/src/install/mav_msgs/include/mav_msgs/mav_msgs
[9.674s] -- Up-to-date: /home/zengine/vnav_ws/src/install/mav_msgs/include/mav_msgs/mav_msgs/msg
[9.674s] -- Up-to-date: /home/zengine/vnav_ws/src/install/mav_msgs/include/mav_msgs/mav_msgs/msg/detail
[9.674s] -- Installing: /home/zengine/vnav_ws/src/install/mav_msgs/include/mav_msgs/mav_msgs/msg/detail/attitude_thrust__rosidl_typesupport_introspection_c.h
[9.675s] -- Installing: /home/zengine/vnav_ws/src/install/mav_msgs/include/mav_msgs/mav_msgs/msg/detail/status__type_support.c
[9.675s] -- Installing: /home/zengine/vnav_ws/src/install/mav_msgs/include/mav_msgs/mav_msgs/msg/detail/status__rosidl_typesupport_introspection_c.h
[9.675s] -- Installing: /home/zengine/vnav_ws/src/install/mav_msgs/include/mav_msgs/mav_msgs/msg/detail/torque_thrust__rosidl_typesupport_introspection_c.h
[9.675s] -- Installing: /home/zengine/vnav_ws/src/install/mav_msgs/include/mav_msgs/mav_msgs/msg/detail/actuators__rosidl_typesupport_introspection_c.h
[9.675s] -- Installing: /home/zengine/vnav_ws/src/install/mav_msgs/include/mav_msgs/mav_msgs/msg/detail/attitude_thrust__type_support.c
[9.675s] -- Installing: /home/zengine/vnav_ws/src/install/mav_msgs/include/mav_msgs/mav_msgs/msg/detail/roll_pitch_yawrate_thrust__rosidl_typesupport_introspection_c.h
[9.675s] -- Installing: /home/zengine/vnav_ws/src/install/mav_msgs/include/mav_msgs/mav_msgs/msg/detail/filtered_sensor_data__rosidl_typesupport_introspection_c.h
[9.675s] -- Installing: /home/zengine/vnav_ws/src/install/mav_msgs/include/mav_msgs/mav_msgs/msg/detail/gps_waypoint__rosidl_typesupport_introspection_c.h
[9.675s] -- Installing: /home/zengine/vnav_ws/src/install/mav_msgs/include/mav_msgs/mav_msgs/msg/detail/filtered_sensor_data__type_support.c
[9.675s] -- Installing: /home/zengine/vnav_ws/src/install/mav_msgs/include/mav_msgs/mav_msgs/msg/detail/rate_thrust__rosidl_typesupport_introspection_c.h
[9.675s] -- Installing: /home/zengine/vnav_ws/src/install/mav_msgs/include/mav_msgs/mav_msgs/msg/detail/rate_thrust__type_support.c
[9.675s] -- Installing: /home/zengine/vnav_ws/src/install/mav_msgs/include/mav_msgs/mav_msgs/msg/detail/torque_thrust__type_support.c
[9.675s] -- Installing: /home/zengine/vnav_ws/src/install/mav_msgs/include/mav_msgs/mav_msgs/msg/detail/gps_waypoint__type_support.c
[9.675s] -- Installing: /home/zengine/vnav_ws/src/install/mav_msgs/include/mav_msgs/mav_msgs/msg/detail/actuators__type_support.c
[9.675s] -- Installing: /home/zengine/vnav_ws/src/install/mav_msgs/include/mav_msgs/mav_msgs/msg/detail/roll_pitch_yawrate_thrust__type_support.c
[9.675s] -- Installing: /home/zengine/vnav_ws/src/install/mav_msgs/include/mav_msgs/mav_msgs/msg/rosidl_typesupport_introspection_c__visibility_control.h
[9.675s] -- Installing: /home/zengine/vnav_ws/src/install/mav_msgs/lib/libmav_msgs__rosidl_typesupport_introspection_c.so
[9.675s] -- Set runtime path of "/home/zengine/vnav_ws/src/install/mav_msgs/lib/libmav_msgs__rosidl_typesupport_introspection_c.so" to ""
[9.675s] -- Installing: /home/zengine/vnav_ws/src/install/mav_msgs/lib/libmav_msgs__rosidl_typesupport_c.so
[9.676s] -- Set runtime path of "/home/zengine/vnav_ws/src/install/mav_msgs/lib/libmav_msgs__rosidl_typesupport_c.so" to ""
[9.676s] -- Up-to-date: /home/zengine/vnav_ws/src/install/mav_msgs/include/mav_msgs/mav_msgs
[9.676s] -- Up-to-date: /home/zengine/vnav_ws/src/install/mav_msgs/include/mav_msgs/mav_msgs/msg
[9.676s] -- Installing: /home/zengine/vnav_ws/src/install/mav_msgs/include/mav_msgs/mav_msgs/msg/torque_thrust.hpp
[9.676s] -- Up-to-date: /home/zengine/vnav_ws/src/install/mav_msgs/include/mav_msgs/mav_msgs/msg/detail
[9.676s] -- Installing: /home/zengine/vnav_ws/src/install/mav_msgs/include/mav_msgs/mav_msgs/msg/detail/rate_thrust__type_support.hpp
[9.676s] -- Installing: /home/zengine/vnav_ws/src/install/mav_msgs/include/mav_msgs/mav_msgs/msg/detail/filtered_sensor_data__builder.hpp
[9.676s] -- Installing: /home/zengine/vnav_ws/src/install/mav_msgs/include/mav_msgs/mav_msgs/msg/detail/actuators__traits.hpp
[9.676s] -- Installing: /home/zengine/vnav_ws/src/install/mav_msgs/include/mav_msgs/mav_msgs/msg/detail/filtered_sensor_data__traits.hpp
[9.676s] -- Installing: /home/zengine/vnav_ws/src/install/mav_msgs/include/mav_msgs/mav_msgs/msg/detail/gps_waypoint__struct.hpp
[9.676s] -- Installing: /home/zengine/vnav_ws/src/install/mav_msgs/include/mav_msgs/mav_msgs/msg/detail/filtered_sensor_data__struct.hpp
[9.676s] -- Installing: /home/zengine/vnav_ws/src/install/mav_msgs/include/mav_msgs/mav_msgs/msg/detail/attitude_thrust__type_support.hpp
[9.676s] -- Installing: /home/zengine/vnav_ws/src/install/mav_msgs/include/mav_msgs/mav_msgs/msg/detail/status__builder.hpp
[9.676s] -- Installing: /home/zengine/vnav_ws/src/install/mav_msgs/include/mav_msgs/mav_msgs/msg/detail/rate_thrust__traits.hpp
[9.676s] -- Installing: /home/zengine/vnav_ws/src/install/mav_msgs/include/mav_msgs/mav_msgs/msg/detail/gps_waypoint__builder.hpp
[9.676s] -- Installing: /home/zengine/vnav_ws/src/install/mav_msgs/include/mav_msgs/mav_msgs/msg/detail/status__traits.hpp
[9.676s] -- Installing: /home/zengine/vnav_ws/src/install/mav_msgs/include/mav_msgs/mav_msgs/msg/detail/status__type_support.hpp
[9.676s] -- Installing: /home/zengine/vnav_ws/src/install/mav_msgs/include/mav_msgs/mav_msgs/msg/detail/gps_waypoint__traits.hpp
[9.676s] -- Installing: /home/zengine/vnav_ws/src/install/mav_msgs/include/mav_msgs/mav_msgs/msg/detail/torque_thrust__struct.hpp
[9.676s] -- Installing: /home/zengine/vnav_ws/src/install/mav_msgs/include/mav_msgs/mav_msgs/msg/detail/roll_pitch_yawrate_thrust__struct.hpp
[9.676s] -- Installing: /home/zengine/vnav_ws/src/install/mav_msgs/include/mav_msgs/mav_msgs/msg/detail/roll_pitch_yawrate_thrust__type_support.hpp
[9.676s] -- Installing: /home/zengine/vnav_ws/src/install/mav_msgs/include/mav_msgs/mav_msgs/msg/detail/filtered_sensor_data__type_support.hpp
[9.676s] -- Installing: /home/zengine/vnav_ws/src/install/mav_msgs/include/mav_msgs/mav_msgs/msg/detail/rate_thrust__builder.hpp
[9.676s] -- Installing: /home/zengine/vnav_ws/src/install/mav_msgs/include/mav_msgs/mav_msgs/msg/detail/roll_pitch_yawrate_thrust__builder.hpp
[9.676s] -- Installing: /home/zengine/vnav_ws/src/install/mav_msgs/include/mav_msgs/mav_msgs/msg/detail/attitude_thrust__traits.hpp
[9.676s] -- Installing: /home/zengine/vnav_ws/src/install/mav_msgs/include/mav_msgs/mav_msgs/msg/detail/attitude_thrust__builder.hpp
[9.677s] -- Installing: /home/zengine/vnav_ws/src/install/mav_msgs/include/mav_msgs/mav_msgs/msg/detail/status__struct.hpp
[9.677s] -- Installing: /home/zengine/vnav_ws/src/install/mav_msgs/include/mav_msgs/mav_msgs/msg/detail/roll_pitch_yawrate_thrust__traits.hpp
[9.677s] -- Installing: /home/zengine/vnav_ws/src/install/mav_msgs/include/mav_msgs/mav_msgs/msg/detail/torque_thrust__type_support.hpp
[9.677s] -- Installing: /home/zengine/vnav_ws/src/install/mav_msgs/include/mav_msgs/mav_msgs/msg/detail/rate_thrust__struct.hpp
[9.677s] -- Installing: /home/zengine/vnav_ws/src/install/mav_msgs/include/mav_msgs/mav_msgs/msg/detail/gps_waypoint__type_support.hpp
[9.677s] -- Installing: /home/zengine/vnav_ws/src/install/mav_msgs/include/mav_msgs/mav_msgs/msg/detail/actuators__type_support.hpp
[9.677s] -- Installing: /home/zengine/vnav_ws/src/install/mav_msgs/include/mav_msgs/mav_msgs/msg/detail/actuators__builder.hpp
[9.677s] -- Installing: /home/zengine/vnav_ws/src/install/mav_msgs/include/mav_msgs/mav_msgs/msg/detail/actuators__struct.hpp
[9.677s] -- Installing: /home/zengine/vnav_ws/src/install/mav_msgs/include/mav_msgs/mav_msgs/msg/detail/attitude_thrust__struct.hpp
[9.677s] -- Installing: /home/zengine/vnav_ws/src/install/mav_msgs/include/mav_msgs/mav_msgs/msg/detail/torque_thrust__builder.hpp
[9.677s] -- Installing: /home/zengine/vnav_ws/src/install/mav_msgs/include/mav_msgs/mav_msgs/msg/detail/torque_thrust__traits.hpp
[9.677s] -- Installing: /home/zengine/vnav_ws/src/install/mav_msgs/include/mav_msgs/mav_msgs/msg/attitude_thrust.hpp
[9.677s] -- Installing: /home/zengine/vnav_ws/src/install/mav_msgs/include/mav_msgs/mav_msgs/msg/gps_waypoint.hpp
[9.677s] -- Installing: /home/zengine/vnav_ws/src/install/mav_msgs/include/mav_msgs/mav_msgs/msg/status.hpp
[9.677s] -- Installing: /home/zengine/vnav_ws/src/install/mav_msgs/include/mav_msgs/mav_msgs/msg/actuators.hpp
[9.677s] -- Installing: /home/zengine/vnav_ws/src/install/mav_msgs/include/mav_msgs/mav_msgs/msg/rosidl_generator_cpp__visibility_control.hpp
[9.677s] -- Installing: /home/zengine/vnav_ws/src/install/mav_msgs/include/mav_msgs/mav_msgs/msg/roll_pitch_yawrate_thrust.hpp
[9.677s] -- Installing: /home/zengine/vnav_ws/src/install/mav_msgs/include/mav_msgs/mav_msgs/msg/filtered_sensor_data.hpp
[9.677s] -- Installing: /home/zengine/vnav_ws/src/install/mav_msgs/include/mav_msgs/mav_msgs/msg/rate_thrust.hpp
[9.677s] -- Up-to-date: /home/zengine/vnav_ws/src/install/mav_msgs/include/mav_msgs/mav_msgs
[9.677s] -- Up-to-date: /home/zengine/vnav_ws/src/install/mav_msgs/include/mav_msgs/mav_msgs/msg
[9.677s] -- Up-to-date: /home/zengine/vnav_ws/src/install/mav_msgs/include/mav_msgs/mav_msgs/msg/detail
[9.677s] -- Installing: /home/zengine/vnav_ws/src/install/mav_msgs/include/mav_msgs/mav_msgs/msg/detail/torque_thrust__rosidl_typesupport_fastrtps_cpp.hpp
[9.677s] -- Installing: /home/zengine/vnav_ws/src/install/mav_msgs/include/mav_msgs/mav_msgs/msg/detail/roll_pitch_yawrate_thrust__rosidl_typesupport_fastrtps_cpp.hpp
[9.677s] -- Installing: /home/zengine/vnav_ws/src/install/mav_msgs/include/mav_msgs/mav_msgs/msg/detail/gps_waypoint__rosidl_typesupport_fastrtps_cpp.hpp
[9.677s] -- Installing: /home/zengine/vnav_ws/src/install/mav_msgs/include/mav_msgs/mav_msgs/msg/detail/attitude_thrust__rosidl_typesupport_fastrtps_cpp.hpp
[9.677s] -- Installing: /home/zengine/vnav_ws/src/install/mav_msgs/include/mav_msgs/mav_msgs/msg/detail/actuators__rosidl_typesupport_fastrtps_cpp.hpp
[9.678s] -- Installing: /home/zengine/vnav_ws/src/install/mav_msgs/include/mav_msgs/mav_msgs/msg/detail/dds_fastrtps
[9.678s] -- Installing: /home/zengine/vnav_ws/src/install/mav_msgs/include/mav_msgs/mav_msgs/msg/detail/status__rosidl_typesupport_fastrtps_cpp.hpp
[9.678s] -- Installing: /home/zengine/vnav_ws/src/install/mav_msgs/include/mav_msgs/mav_msgs/msg/detail/rate_thrust__rosidl_typesupport_fastrtps_cpp.hpp
[9.678s] -- Installing: /home/zengine/vnav_ws/src/install/mav_msgs/include/mav_msgs/mav_msgs/msg/detail/filtered_sensor_data__rosidl_typesupport_fastrtps_cpp.hpp
[9.678s] -- Installing: /home/zengine/vnav_ws/src/install/mav_msgs/include/mav_msgs/mav_msgs/msg/rosidl_typesupport_fastrtps_cpp__visibility_control.h
[9.678s] -- Installing: /home/zengine/vnav_ws/src/install/mav_msgs/lib/libmav_msgs__rosidl_typesupport_fastrtps_cpp.so
[9.678s] -- Set runtime path of "/home/zengine/vnav_ws/src/install/mav_msgs/lib/libmav_msgs__rosidl_typesupport_fastrtps_cpp.so" to ""
[9.678s] -- Up-to-date: /home/zengine/vnav_ws/src/install/mav_msgs/include/mav_msgs/mav_msgs
[9.678s] -- Up-to-date: /home/zengine/vnav_ws/src/install/mav_msgs/include/mav_msgs/mav_msgs/msg
[9.678s] -- Up-to-date: /home/zengine/vnav_ws/src/install/mav_msgs/include/mav_msgs/mav_msgs/msg/detail
[9.678s] -- Installing: /home/zengine/vnav_ws/src/install/mav_msgs/include/mav_msgs/mav_msgs/msg/detail/filtered_sensor_data__rosidl_typesupport_introspection_cpp.hpp
[9.678s] -- Installing: /home/zengine/vnav_ws/src/install/mav_msgs/include/mav_msgs/mav_msgs/msg/detail/filtered_sensor_data__type_support.cpp
[9.678s] -- Installing: /home/zengine/vnav_ws/src/install/mav_msgs/include/mav_msgs/mav_msgs/msg/detail/attitude_thrust__rosidl_typesupport_introspection_cpp.hpp
[9.678s] -- Installing: /home/zengine/vnav_ws/src/install/mav_msgs/include/mav_msgs/mav_msgs/msg/detail/actuators__rosidl_typesupport_introspection_cpp.hpp
[9.678s] -- Installing: /home/zengine/vnav_ws/src/install/mav_msgs/include/mav_msgs/mav_msgs/msg/detail/status__rosidl_typesupport_introspection_cpp.hpp
[9.678s] -- Installing: /home/zengine/vnav_ws/src/install/mav_msgs/include/mav_msgs/mav_msgs/msg/detail/roll_pitch_yawrate_thrust__type_support.cpp
[9.678s] -- Installing: /home/zengine/vnav_ws/src/install/mav_msgs/include/mav_msgs/mav_msgs/msg/detail/gps_waypoint__rosidl_typesupport_introspection_cpp.hpp
[9.678s] -- Installing: /home/zengine/vnav_ws/src/install/mav_msgs/include/mav_msgs/mav_msgs/msg/detail/rate_thrust__rosidl_typesupport_introspection_cpp.hpp
[9.678s] -- Installing: /home/zengine/vnav_ws/src/install/mav_msgs/include/mav_msgs/mav_msgs/msg/detail/gps_waypoint__type_support.cpp
[9.678s] -- Installing: /home/zengine/vnav_ws/src/install/mav_msgs/include/mav_msgs/mav_msgs/msg/detail/rate_thrust__type_support.cpp
[9.678s] -- Installing: /home/zengine/vnav_ws/src/install/mav_msgs/include/mav_msgs/mav_msgs/msg/detail/actuators__type_support.cpp
[9.678s] -- Installing: /home/zengine/vnav_ws/src/install/mav_msgs/include/mav_msgs/mav_msgs/msg/detail/roll_pitch_yawrate_thrust__rosidl_typesupport_introspection_cpp.hpp
[9.678s] -- Installing: /home/zengine/vnav_ws/src/install/mav_msgs/include/mav_msgs/mav_msgs/msg/detail/status__type_support.cpp
[9.679s] -- Installing: /home/zengine/vnav_ws/src/install/mav_msgs/include/mav_msgs/mav_msgs/msg/detail/torque_thrust__rosidl_typesupport_introspection_cpp.hpp
[9.679s] -- Installing: /home/zengine/vnav_ws/src/install/mav_msgs/include/mav_msgs/mav_msgs/msg/detail/torque_thrust__type_support.cpp
[9.679s] -- Installing: /home/zengine/vnav_ws/src/install/mav_msgs/include/mav_msgs/mav_msgs/msg/detail/attitude_thrust__type_support.cpp
[9.679s] -- Installing: /home/zengine/vnav_ws/src/install/mav_msgs/lib/libmav_msgs__rosidl_typesupport_introspection_cpp.so
[9.679s] -- Set runtime path of "/home/zengine/vnav_ws/src/install/mav_msgs/lib/libmav_msgs__rosidl_typesupport_introspection_cpp.so" to ""
[9.679s] -- Installing: /home/zengine/vnav_ws/src/install/mav_msgs/lib/libmav_msgs__rosidl_typesupport_cpp.so
[9.679s] -- Set runtime path of "/home/zengine/vnav_ws/src/install/mav_msgs/lib/libmav_msgs__rosidl_typesupport_cpp.so" to ""
[9.679s] -- Installing: /home/zengine/vnav_ws/src/install/mav_msgs/share/mav_msgs/environment/pythonpath.sh
[9.679s] -- Installing: /home/zengine/vnav_ws/src/install/mav_msgs/share/mav_msgs/environment/pythonpath.dsv
[9.679s] -- Installing: /home/zengine/vnav_ws/src/install/mav_msgs/local/lib/python3.10/dist-packages/mav_msgs-3.3.3-py3.10.egg-info
[9.679s] -- Installing: /home/zengine/vnav_ws/src/install/mav_msgs/local/lib/python3.10/dist-packages/mav_msgs-3.3.3-py3.10.egg-info/SOURCES.txt
[9.679s] -- Installing: /home/zengine/vnav_ws/src/install/mav_msgs/local/lib/python3.10/dist-packages/mav_msgs-3.3.3-py3.10.egg-info/PKG-INFO
[9.679s] -- Installing: /home/zengine/vnav_ws/src/install/mav_msgs/local/lib/python3.10/dist-packages/mav_msgs-3.3.3-py3.10.egg-info/top_level.txt
[9.679s] -- Installing: /home/zengine/vnav_ws/src/install/mav_msgs/local/lib/python3.10/dist-packages/mav_msgs-3.3.3-py3.10.egg-info/dependency_links.txt
[9.679s] -- Installing: /home/zengine/vnav_ws/src/install/mav_msgs/local/lib/python3.10/dist-packages/mav_msgs
[9.679s] -- Installing: /home/zengine/vnav_ws/src/install/mav_msgs/local/lib/python3.10/dist-packages/mav_msgs/libmav_msgs__rosidl_generator_py.so
[9.679s] -- Installing: /home/zengine/vnav_ws/src/install/mav_msgs/local/lib/python3.10/dist-packages/mav_msgs/__init__.py
[9.679s] -- Installing: /home/zengine/vnav_ws/src/install/mav_msgs/local/lib/python3.10/dist-packages/mav_msgs/_mav_msgs_s.ep.rosidl_typesupport_introspection_c.c
[9.679s] -- Installing: /home/zengine/vnav_ws/src/install/mav_msgs/local/lib/python3.10/dist-packages/mav_msgs/mav_msgs_s__rosidl_typesupport_fastrtps_c.cpython-310-x86_64-linux-gnu.so
[9.679s] -- Installing: /home/zengine/vnav_ws/src/install/mav_msgs/local/lib/python3.10/dist-packages/mav_msgs/msg
[9.679s] -- Installing: /home/zengine/vnav_ws/src/install/mav_msgs/local/lib/python3.10/dist-packages/mav_msgs/msg/_filtered_sensor_data_s.c
[9.679s] -- Installing: /home/zengine/vnav_ws/src/install/mav_msgs/local/lib/python3.10/dist-packages/mav_msgs/msg/_filtered_sensor_data.py
[9.680s] -- Installing: /home/zengine/vnav_ws/src/install/mav_msgs/local/lib/python3.10/dist-packages/mav_msgs/msg/__init__.py
[9.680s] -- Installing: /home/zengine/vnav_ws/src/install/mav_msgs/local/lib/python3.10/dist-packages/mav_msgs/msg/_torque_thrust_s.c
[9.680s] -- Installing: /home/zengine/vnav_ws/src/install/mav_msgs/local/lib/python3.10/dist-packages/mav_msgs/msg/_attitude_thrust.py
[9.680s] -- Installing: /home/zengine/vnav_ws/src/install/mav_msgs/local/lib/python3.10/dist-packages/mav_msgs/msg/_status_s.c
[9.680s] -- Installing: /home/zengine/vnav_ws/src/install/mav_msgs/local/lib/python3.10/dist-packages/mav_msgs/msg/_actuators_s.c
[9.680s] -- Installing: /home/zengine/vnav_ws/src/install/mav_msgs/local/lib/python3.10/dist-packages/mav_msgs/msg/_roll_pitch_yawrate_thrust.py
[9.680s] -- Installing: /home/zengine/vnav_ws/src/install/mav_msgs/local/lib/python3.10/dist-packages/mav_msgs/msg/_actuators.py
[9.680s] -- Installing: /home/zengine/vnav_ws/src/install/mav_msgs/local/lib/python3.10/dist-packages/mav_msgs/msg/_gps_waypoint_s.c
[9.680s] -- Installing: /home/zengine/vnav_ws/src/install/mav_msgs/local/lib/python3.10/dist-packages/mav_msgs/msg/_status.py
[9.680s] -- Installing: /home/zengine/vnav_ws/src/install/mav_msgs/local/lib/python3.10/dist-packages/mav_msgs/msg/_roll_pitch_yawrate_thrust_s.c
[9.680s] -- Installing: /home/zengine/vnav_ws/src/install/mav_msgs/local/lib/python3.10/dist-packages/mav_msgs/msg/_attitude_thrust_s.c
[9.680s] -- Installing: /home/zengine/vnav_ws/src/install/mav_msgs/local/lib/python3.10/dist-packages/mav_msgs/msg/_gps_waypoint.py
[9.680s] -- Installing: /home/zengine/vnav_ws/src/install/mav_msgs/local/lib/python3.10/dist-packages/mav_msgs/msg/_rate_thrust.py
[9.680s] -- Installing: /home/zengine/vnav_ws/src/install/mav_msgs/local/lib/python3.10/dist-packages/mav_msgs/msg/_torque_thrust.py
[9.680s] -- Installing: /home/zengine/vnav_ws/src/install/mav_msgs/local/lib/python3.10/dist-packages/mav_msgs/msg/_rate_thrust_s.c
[9.680s] -- Installing: /home/zengine/vnav_ws/src/install/mav_msgs/local/lib/python3.10/dist-packages/mav_msgs/mav_msgs_s__rosidl_typesupport_introspection_c.cpython-310-x86_64-linux-gnu.so
[9.680s] -- Installing: /home/zengine/vnav_ws/src/install/mav_msgs/local/lib/python3.10/dist-packages/mav_msgs/mav_msgs_s__rosidl_typesupport_c.cpython-310-x86_64-linux-gnu.so
[9.680s] -- Installing: /home/zengine/vnav_ws/src/install/mav_msgs/local/lib/python3.10/dist-packages/mav_msgs/_mav_msgs_s.ep.rosidl_typesupport_c.c
[9.680s] -- Installing: /home/zengine/vnav_ws/src/install/mav_msgs/local/lib/python3.10/dist-packages/mav_msgs/_mav_msgs_s.ep.rosidl_typesupport_fastrtps_c.c
[9.705s] Listing '/home/zengine/vnav_ws/src/install/mav_msgs/local/lib/python3.10/dist-packages/mav_msgs'...
[9.705s] Compiling '/home/zengine/vnav_ws/src/install/mav_msgs/local/lib/python3.10/dist-packages/mav_msgs/__init__.py'...
[9.705s] Listing '/home/zengine/vnav_ws/src/install/mav_msgs/local/lib/python3.10/dist-packages/mav_msgs/msg'...
[9.705s] Compiling '/home/zengine/vnav_ws/src/install/mav_msgs/local/lib/python3.10/dist-packages/mav_msgs/msg/__init__.py'...
[9.705s] Compiling '/home/zengine/vnav_ws/src/install/mav_msgs/local/lib/python3.10/dist-packages/mav_msgs/msg/_actuators.py'...
[9.705s] Compiling '/home/zengine/vnav_ws/src/install/mav_msgs/local/lib/python3.10/dist-packages/mav_msgs/msg/_attitude_thrust.py'...
[9.705s] Compiling '/home/zengine/vnav_ws/src/install/mav_msgs/local/lib/python3.10/dist-packages/mav_msgs/msg/_filtered_sensor_data.py'...
[9.705s] Compiling '/home/zengine/vnav_ws/src/install/mav_msgs/local/lib/python3.10/dist-packages/mav_msgs/msg/_gps_waypoint.py'...
[9.705s] Compiling '/home/zengine/vnav_ws/src/install/mav_msgs/local/lib/python3.10/dist-packages/mav_msgs/msg/_rate_thrust.py'...
[9.705s] Compiling '/home/zengine/vnav_ws/src/install/mav_msgs/local/lib/python3.10/dist-packages/mav_msgs/msg/_roll_pitch_yawrate_thrust.py'...
[9.706s] Compiling '/home/zengine/vnav_ws/src/install/mav_msgs/local/lib/python3.10/dist-packages/mav_msgs/msg/_status.py'...
[9.706s] Compiling '/home/zengine/vnav_ws/src/install/mav_msgs/local/lib/python3.10/dist-packages/mav_msgs/msg/_torque_thrust.py'...
[9.708s] -- Installing: /home/zengine/vnav_ws/src/install/mav_msgs/local/lib/python3.10/dist-packages/mav_msgs/mav_msgs_s__rosidl_typesupport_fastrtps_c.cpython-310-x86_64-linux-gnu.so
[9.708s] -- Set runtime path of "/home/zengine/vnav_ws/src/install/mav_msgs/local/lib/python3.10/dist-packages/mav_msgs/mav_msgs_s__rosidl_typesupport_fastrtps_c.cpython-310-x86_64-linux-gnu.so" to ""
[9.708s] -- Installing: /home/zengine/vnav_ws/src/install/mav_msgs/local/lib/python3.10/dist-packages/mav_msgs/mav_msgs_s__rosidl_typesupport_introspection_c.cpython-310-x86_64-linux-gnu.so
[9.708s] -- Set runtime path of "/home/zengine/vnav_ws/src/install/mav_msgs/local/lib/python3.10/dist-packages/mav_msgs/mav_msgs_s__rosidl_typesupport_introspection_c.cpython-310-x86_64-linux-gnu.so" to ""
[9.708s] -- Installing: /home/zengine/vnav_ws/src/install/mav_msgs/local/lib/python3.10/dist-packages/mav_msgs/mav_msgs_s__rosidl_typesupport_c.cpython-310-x86_64-linux-gnu.so
[9.708s] -- Set runtime path of "/home/zengine/vnav_ws/src/install/mav_msgs/local/lib/python3.10/dist-packages/mav_msgs/mav_msgs_s__rosidl_typesupport_c.cpython-310-x86_64-linux-gnu.so" to ""
[9.708s] -- Installing: /home/zengine/vnav_ws/src/install/mav_msgs/lib/libmav_msgs__rosidl_generator_py.so
[9.708s] -- Set runtime path of "/home/zengine/vnav_ws/src/install/mav_msgs/lib/libmav_msgs__rosidl_generator_py.so" to ""
[9.708s] -- Installing: /home/zengine/vnav_ws/src/install/mav_msgs/share/mav_msgs/msg/Actuators.idl
[9.709s] -- Installing: /home/zengine/vnav_ws/src/install/mav_msgs/share/mav_msgs/msg/AttitudeThrust.idl
[9.709s] -- Installing: /home/zengine/vnav_ws/src/install/mav_msgs/share/mav_msgs/msg/FilteredSensorData.idl
[9.709s] -- Installing: /home/zengine/vnav_ws/src/install/mav_msgs/share/mav_msgs/msg/GpsWaypoint.idl
[9.709s] -- Installing: /home/zengine/vnav_ws/src/install/mav_msgs/share/mav_msgs/msg/RateThrust.idl
[9.709s] -- Installing: /home/zengine/vnav_ws/src/install/mav_msgs/share/mav_msgs/msg/RollPitchYawrateThrust.idl
[9.709s] -- Installing: /home/zengine/vnav_ws/src/install/mav_msgs/share/mav_msgs/msg/Status.idl
[9.709s] -- Installing: /home/zengine/vnav_ws/src/install/mav_msgs/share/mav_msgs/msg/TorqueThrust.idl
[9.709s] -- Installing: /home/zengine/vnav_ws/src/install/mav_msgs/share/mav_msgs/msg/Actuators.msg
[9.709s] -- Installing: /home/zengine/vnav_ws/src/install/mav_msgs/share/mav_msgs/msg/AttitudeThrust.msg
[9.709s] -- Installing: /home/zengine/vnav_ws/src/install/mav_msgs/share/mav_msgs/msg/FilteredSensorData.msg
[9.709s] -- Installing: /home/zengine/vnav_ws/src/install/mav_msgs/share/mav_msgs/msg/GpsWaypoint.msg
[9.709s] -- Installing: /home/zengine/vnav_ws/src/install/mav_msgs/share/mav_msgs/msg/RateThrust.msg
[9.709s] -- Installing: /home/zengine/vnav_ws/src/install/mav_msgs/share/mav_msgs/msg/RollPitchYawrateThrust.msg
[9.709s] -- Installing: /home/zengine/vnav_ws/src/install/mav_msgs/share/mav_msgs/msg/Status.msg
[9.709s] -- Installing: /home/zengine/vnav_ws/src/install/mav_msgs/share/mav_msgs/msg/TorqueThrust.msg
[9.709s] -- Up-to-date: /home/zengine/vnav_ws/src/install/mav_msgs/include/mav_msgs
[9.709s] -- Installing: /home/zengine/vnav_ws/src/install/mav_msgs/include/mav_msgs/conversions.hpp
[9.709s] -- Installing: /home/zengine/vnav_ws/src/install/mav_msgs/include/mav_msgs/default_topics.hpp
[9.709s] -- Installing: /home/zengine/vnav_ws/src/install/mav_msgs/include/mav_msgs/default_values.hpp
[9.709s] -- Installing: /home/zengine/vnav_ws/src/install/mav_msgs/include/mav_msgs/eigen_mav_msgs.hpp
[9.709s] -- Installing: /home/zengine/vnav_ws/src/install/mav_msgs/include/mav_msgs/common.hpp
[9.709s] -- Installing: /home/zengine/vnav_ws/src/install/mav_msgs/share/ament_index/resource_index/package_run_dependencies/mav_msgs
[9.709s] -- Installing: /home/zengine/vnav_ws/src/install/mav_msgs/share/ament_index/resource_index/parent_prefix_path/mav_msgs
[9.709s] -- Installing: /home/zengine/vnav_ws/src/install/mav_msgs/share/mav_msgs/environment/ament_prefix_path.sh
[9.709s] -- Installing: /home/zengine/vnav_ws/src/install/mav_msgs/share/mav_msgs/environment/ament_prefix_path.dsv
[9.710s] -- Installing: /home/zengine/vnav_ws/src/install/mav_msgs/share/mav_msgs/environment/path.sh
[9.710s] -- Installing: /home/zengine/vnav_ws/src/install/mav_msgs/share/mav_msgs/environment/path.dsv
[9.710s] -- Installing: /home/zengine/vnav_ws/src/install/mav_msgs/share/mav_msgs/local_setup.bash
[9.710s] -- Installing: /home/zengine/vnav_ws/src/install/mav_msgs/share/mav_msgs/local_setup.sh
[9.710s] -- Installing: /home/zengine/vnav_ws/src/install/mav_msgs/share/mav_msgs/local_setup.zsh
[9.710s] -- Installing: /home/zengine/vnav_ws/src/install/mav_msgs/share/mav_msgs/local_setup.dsv
[9.710s] -- Installing: /home/zengine/vnav_ws/src/install/mav_msgs/share/mav_msgs/package.dsv
[9.710s] -- Installing: /home/zengine/vnav_ws/src/install/mav_msgs/share/ament_index/resource_index/packages/mav_msgs
[9.710s] -- Installing: /home/zengine/vnav_ws/src/install/mav_msgs/share/mav_msgs/cmake/export_mav_msgs__rosidl_generator_cExport.cmake
[9.710s] -- Installing: /home/zengine/vnav_ws/src/install/mav_msgs/share/mav_msgs/cmake/export_mav_msgs__rosidl_generator_cExport-noconfig.cmake
[9.710s] -- Installing: /home/zengine/vnav_ws/src/install/mav_msgs/share/mav_msgs/cmake/export_mav_msgs__rosidl_typesupport_fastrtps_cExport.cmake
[9.710s] -- Installing: /home/zengine/vnav_ws/src/install/mav_msgs/share/mav_msgs/cmake/export_mav_msgs__rosidl_typesupport_fastrtps_cExport-noconfig.cmake
[9.710s] -- Installing: /home/zengine/vnav_ws/src/install/mav_msgs/share/mav_msgs/cmake/mav_msgs__rosidl_typesupport_introspection_cExport.cmake
[9.710s] -- Installing: /home/zengine/vnav_ws/src/install/mav_msgs/share/mav_msgs/cmake/mav_msgs__rosidl_typesupport_introspection_cExport-noconfig.cmake
[9.710s] -- Installing: /home/zengine/vnav_ws/src/install/mav_msgs/share/mav_msgs/cmake/mav_msgs__rosidl_typesupport_cExport.cmake
[9.710s] -- Installing: /home/zengine/vnav_ws/src/install/mav_msgs/share/mav_msgs/cmake/mav_msgs__rosidl_typesupport_cExport-noconfig.cmake
[9.710s] -- Installing: /home/zengine/vnav_ws/src/install/mav_msgs/share/mav_msgs/cmake/export_mav_msgs__rosidl_generator_cppExport.cmake
[9.710s] -- Installing: /home/zengine/vnav_ws/src/install/mav_msgs/share/mav_msgs/cmake/export_mav_msgs__rosidl_typesupport_fastrtps_cppExport.cmake
[9.710s] -- Installing: /home/zengine/vnav_ws/src/install/mav_msgs/share/mav_msgs/cmake/export_mav_msgs__rosidl_typesupport_fastrtps_cppExport-noconfig.cmake
[9.710s] -- Installing: /home/zengine/vnav_ws/src/install/mav_msgs/share/mav_msgs/cmake/mav_msgs__rosidl_typesupport_introspection_cppExport.cmake
[9.710s] -- Installing: /home/zengine/vnav_ws/src/install/mav_msgs/share/mav_msgs/cmake/mav_msgs__rosidl_typesupport_introspection_cppExport-noconfig.cmake
[9.710s] -- Installing: /home/zengine/vnav_ws/src/install/mav_msgs/share/mav_msgs/cmake/mav_msgs__rosidl_typesupport_cppExport.cmake
[9.710s] -- Installing: /home/zengine/vnav_ws/src/install/mav_msgs/share/mav_msgs/cmake/mav_msgs__rosidl_typesupport_cppExport-noconfig.cmake
[9.710s] -- Installing: /home/zengine/vnav_ws/src/install/mav_msgs/share/mav_msgs/cmake/export_mav_msgs__rosidl_generator_pyExport.cmake
[9.711s] -- Installing: /home/zengine/vnav_ws/src/install/mav_msgs/share/mav_msgs/cmake/export_mav_msgs__rosidl_generator_pyExport-noconfig.cmake
[9.711s] -- Installing: /home/zengine/vnav_ws/src/install/mav_msgs/share/mav_msgs/cmake/rosidl_cmake-extras.cmake
[9.711s] -- Installing: /home/zengine/vnav_ws/src/install/mav_msgs/share/mav_msgs/cmake/ament_cmake_export_dependencies-extras.cmake
[9.711s] -- Installing: /home/zengine/vnav_ws/src/install/mav_msgs/share/mav_msgs/cmake/ament_cmake_export_include_directories-extras.cmake
[9.711s] -- Installing: /home/zengine/vnav_ws/src/install/mav_msgs/share/mav_msgs/cmake/ament_cmake_export_libraries-extras.cmake
[9.711s] -- Installing: /home/zengine/vnav_ws/src/install/mav_msgs/share/mav_msgs/cmake/ament_cmake_export_targets-extras.cmake
[9.711s] -- Installing: /home/zengine/vnav_ws/src/install/mav_msgs/share/mav_msgs/cmake/rosidl_cmake_export_typesupport_targets-extras.cmake
[9.711s] -- Installing: /home/zengine/vnav_ws/src/install/mav_msgs/share/mav_msgs/cmake/rosidl_cmake_export_typesupport_libraries-extras.cmake
[9.711s] -- Installing: /home/zengine/vnav_ws/src/install/mav_msgs/share/mav_msgs/cmake/mav_msgsConfig.cmake
[9.711s] -- Installing: /home/zengine/vnav_ws/src/install/mav_msgs/share/mav_msgs/cmake/mav_msgsConfig-version.cmake
[9.711s] -- Installing: /home/zengine/vnav_ws/src/install/mav_msgs/share/mav_msgs/package.xml
[9.712s] Invoked command in '/home/zengine/vnav_ws/src/build/mav_msgs' returned '0': CMAKE_PREFIX_PATH=/opt/ros/humble /usr/bin/cmake --install /home/zengine/vnav_ws/src/build/mav_msgs
